[0.442s] DEBUG:colcon:Command line arguments: ['/usr/bin/colcon', 'build', '--packages-select', 'map_to_jpeg']
[0.442s] DEBUG:colcon:Parsed command line arguments: Namespace(allow_overriding=[], ament_cmake_args=None, base_paths=['.'], build_base='build', catkin_cmake_args=None, catkin_skip_building_tests=False, cmake_args=None, cmake_clean_cache=False, cmake_clean_first=False, cmake_force_configure=False, cmake_target=None, cmake_target_skip_unavailable=False, continue_on_error=False, event_handlers=None, executor='parallel', ignore_user_meta=False, install_base='install', log_base=None, log_level=None, main=<bound method BuildVerb.main of <colcon_core.verb.build.BuildVerb object at 0x7f701c77fa60>>, merge_install=False, metas=['./colcon.meta'], packages_above=None, packages_above_and_dependencies=None, packages_above_depth=None, packages_end=None, packages_ignore=None, packages_ignore_regex=None, packages_select=['map_to_jpeg'], packages_select_build_failed=False, packages_select_by_dep=None, packages_select_regex=None, packages_select_test_failures=False, packages_skip=None, packages_skip_build_finished=False, packages_skip_by_dep=None, packages_skip_regex=None, packages_skip_test_passed=False, packages_skip_up_to=None, packages_start=None, packages_up_to=None, packages_up_to_regex=None, parallel_workers=4, paths=None, symlink_install=False, test_result_base=None, verb_extension=<colcon_core.verb.build.BuildVerb object at 0x7f701c77fa60>, verb_name='build', verb_parser=<colcon_defaults.argument_parser.defaults.DefaultArgumentsDecorator object at 0x7f701c708040>)
[0.505s] Level 1:colcon.colcon_core.package_discovery:discover_packages(colcon_meta) check parameters
[0.505s] Level 1:colcon.colcon_core.package_discovery:discover_packages(recursive) check parameters
[0.505s] Level 1:colcon.colcon_core.package_discovery:discover_packages(ignore) check parameters
[0.505s] Level 1:colcon.colcon_core.package_discovery:discover_packages(path) check parameters
[0.505s] Level 1:colcon.colcon_core.package_discovery:discover_packages(colcon_meta) discover
[0.505s] Level 1:colcon.colcon_core.package_discovery:discover_packages(recursive) discover
[0.505s] INFO:colcon.colcon_core.package_discovery:Crawling recursively for packages in '/home/jcbynum2/dev-workspace/src/corobot/map_to_jpeg'
[0.506s] Level 1:colcon.colcon_core.package_identification:_identify(.) by extensions ['ignore', 'ignore_ament_install']
[0.506s] Level 1:colcon.colcon_core.package_identification:_identify(.) by extension 'ignore'
[0.506s] Level 1:colcon.colcon_core.package_identification:_identify(.) by extension 'ignore_ament_install'
[0.506s] Level 1:colcon.colcon_core.package_identification:_identify(.) by extensions ['colcon_pkg']
[0.506s] Level 1:colcon.colcon_core.package_identification:_identify(.) by extension 'colcon_pkg'
[0.506s] Level 1:colcon.colcon_core.package_identification:_identify(.) by extensions ['colcon_meta']
[0.506s] Level 1:colcon.colcon_core.package_identification:_identify(.) by extension 'colcon_meta'
[0.506s] Level 1:colcon.colcon_core.package_identification:_identify(.) by extensions ['ros']
[0.507s] Level 1:colcon.colcon_core.package_identification:_identify(.) by extension 'ros'
[0.543s] DEBUG:colcon.colcon_core.package_identification:Package '.' with type 'ros.catkin' and name 'map_to_jpeg'
[0.543s] Level 1:colcon.colcon_core.package_discovery:discover_packages(recursive) using defaults
[0.543s] Level 1:colcon.colcon_core.package_discovery:discover_packages(ignore) discover
[0.543s] Level 1:colcon.colcon_core.package_discovery:discover_packages(ignore) using defaults
[0.543s] Level 1:colcon.colcon_core.package_discovery:discover_packages(path) discover
[0.543s] Level 1:colcon.colcon_core.package_discovery:discover_packages(path) using defaults
[0.614s] Level 1:colcon.colcon_core.package_discovery:discover_packages(prefix_path) check parameters
[0.614s] Level 1:colcon.colcon_core.package_discovery:discover_packages(prefix_path) discover
[0.624s] DEBUG:colcon.colcon_installed_package_information.package_discovery:Found 299 installed packages in /opt/ros/foxy
[0.630s] Level 1:colcon.colcon_core.package_discovery:discover_packages(prefix_path) using defaults
[0.871s] Level 5:colcon.colcon_core.verb:set package 'map_to_jpeg' build argument 'cmake_args' from command line to 'None'
[0.871s] Level 5:colcon.colcon_core.verb:set package 'map_to_jpeg' build argument 'cmake_target' from command line to 'None'
[0.871s] Level 5:colcon.colcon_core.verb:set package 'map_to_jpeg' build argument 'cmake_target_skip_unavailable' from command line to 'False'
[0.871s] Level 5:colcon.colcon_core.verb:set package 'map_to_jpeg' build argument 'cmake_clean_cache' from command line to 'False'
[0.871s] Level 5:colcon.colcon_core.verb:set package 'map_to_jpeg' build argument 'cmake_clean_first' from command line to 'False'
[0.871s] Level 5:colcon.colcon_core.verb:set package 'map_to_jpeg' build argument 'cmake_force_configure' from command line to 'False'
[0.871s] Level 5:colcon.colcon_core.verb:set package 'map_to_jpeg' build argument 'ament_cmake_args' from command line to 'None'
[0.871s] Level 5:colcon.colcon_core.verb:set package 'map_to_jpeg' build argument 'catkin_cmake_args' from command line to 'None'
[0.871s] Level 5:colcon.colcon_core.verb:set package 'map_to_jpeg' build argument 'catkin_skip_building_tests' from command line to 'False'
[0.872s] DEBUG:colcon.colcon_core.verb:Building package 'map_to_jpeg' with the following arguments: {'ament_cmake_args': None, 'build_base': '/home/jcbynum2/dev-workspace/src/corobot/map_to_jpeg/build/map_to_jpeg', 'catkin_cmake_args': None, 'catkin_skip_building_tests': False, 'cmake_args': None, 'cmake_clean_cache': False, 'cmake_clean_first': False, 'cmake_force_configure': False, 'cmake_target': None, 'cmake_target_skip_unavailable': False, 'install_base': '/home/jcbynum2/dev-workspace/src/corobot/map_to_jpeg/install/map_to_jpeg', 'merge_install': False, 'path': '/home/jcbynum2/dev-workspace/src/corobot/map_to_jpeg', 'symlink_install': False, 'test_result_base': None}
[0.873s] INFO:colcon.colcon_core.executor:Executing jobs using 'parallel' executor
[0.885s] DEBUG:colcon.colcon_parallel_executor.executor.parallel:run_until_complete
[0.886s] INFO:colcon.colcon_ros.task.catkin.build:Building ROS package in '/home/jcbynum2/dev-workspace/src/corobot/map_to_jpeg' with build type 'catkin'
[0.886s] INFO:colcon.colcon_cmake.task.cmake.build:Building CMake package in '/home/jcbynum2/dev-workspace/src/corobot/map_to_jpeg'
[0.898s] INFO:colcon.colcon_core.plugin_system:Skipping extension 'colcon_core.shell.bat': Not used on non-Windows systems
[0.899s] INFO:colcon.colcon_core.shell:Skip shell extension 'powershell' for command environment: Not usable outside of PowerShell
[0.899s] DEBUG:colcon.colcon_core.shell:Skip shell extension 'dsv' for command environment
[0.946s] DEBUG:colcon.colcon_core.event_handler.log_command:Invoking command in '/home/jcbynum2/dev-workspace/src/corobot/map_to_jpeg/build/map_to_jpeg': /usr/bin/cmake --build /home/jcbynum2/dev-workspace/src/corobot/map_to_jpeg/build/map_to_jpeg -- -j4 -l4
[13.276s] DEBUG:colcon.colcon_core.event_handler.log_command:Invoked command in '/home/jcbynum2/dev-workspace/src/corobot/map_to_jpeg/build/map_to_jpeg' returned '2': /usr/bin/cmake --build /home/jcbynum2/dev-workspace/src/corobot/map_to_jpeg/build/map_to_jpeg -- -j4 -l4
[13.351s] Level 1:colcon.colcon_core.environment:create_environment_scripts_only(map_to_jpeg)
[13.385s] Level 1:colcon.colcon_core.environment:checking '/home/jcbynum2/dev-workspace/src/corobot/map_to_jpeg/install/map_to_jpeg' for CMake module files
[13.388s] Level 1:colcon.colcon_core.environment:checking '/home/jcbynum2/dev-workspace/src/corobot/map_to_jpeg/install/map_to_jpeg' for CMake config files
[13.390s] Level 1:colcon.colcon_core.environment:checking '/home/jcbynum2/dev-workspace/src/corobot/map_to_jpeg/install/map_to_jpeg/bin'
[13.390s] Level 1:colcon.colcon_core.environment:checking '/home/jcbynum2/dev-workspace/src/corobot/map_to_jpeg/install/map_to_jpeg/lib/pkgconfig/map_to_jpeg.pc'
[13.392s] Level 1:colcon.colcon_core.environment:checking '/home/jcbynum2/dev-workspace/src/corobot/map_to_jpeg/install/map_to_jpeg/lib/python3.8/site-packages'
[13.393s] Level 1:colcon.colcon_core.environment:checking '/home/jcbynum2/dev-workspace/src/corobot/map_to_jpeg/install/map_to_jpeg/bin'
[13.402s] INFO:colcon.colcon_core.shell:Creating package script '/home/jcbynum2/dev-workspace/src/corobot/map_to_jpeg/install/map_to_jpeg/share/map_to_jpeg/package.ps1'
[13.407s] INFO:colcon.colcon_core.shell:Creating package descriptor '/home/jcbynum2/dev-workspace/src/corobot/map_to_jpeg/install/map_to_jpeg/share/map_to_jpeg/package.dsv'
[13.409s] INFO:colcon.colcon_core.shell:Creating package script '/home/jcbynum2/dev-workspace/src/corobot/map_to_jpeg/install/map_to_jpeg/share/map_to_jpeg/package.sh'
[13.413s] INFO:colcon.colcon_core.shell:Creating package script '/home/jcbynum2/dev-workspace/src/corobot/map_to_jpeg/install/map_to_jpeg/share/map_to_jpeg/package.bash'
[13.417s] INFO:colcon.colcon_core.shell:Creating package script '/home/jcbynum2/dev-workspace/src/corobot/map_to_jpeg/install/map_to_jpeg/share/map_to_jpeg/package.zsh'
[13.421s] Level 1:colcon.colcon_core.environment:create_file_with_runtime_dependencies(/home/jcbynum2/dev-workspace/src/corobot/map_to_jpeg/install/map_to_jpeg/share/colcon-core/packages/map_to_jpeg)
[13.434s] DEBUG:colcon.colcon_parallel_executor.executor.parallel:closing loop
[13.434s] DEBUG:colcon.colcon_parallel_executor.executor.parallel:loop closed
[13.435s] DEBUG:colcon.colcon_parallel_executor.executor.parallel:run_until_complete finished with '2'
[13.435s] DEBUG:colcon.colcon_core.event_reactor:joining thread
[13.481s] INFO:colcon.colcon_core.plugin_system:Skipping extension 'colcon_notification.desktop_notification.terminal_notifier': Not used on non-Darwin systems
[13.481s] INFO:colcon.colcon_core.plugin_system:Skipping extension 'colcon_notification.desktop_notification.win32': Not used on non-Windows systems
[13.482s] INFO:colcon.colcon_notification.desktop_notification:Sending desktop notification using 'notify2'
[13.547s] DEBUG:colcon.colcon_core.event_reactor:joined thread
[13.555s] INFO:colcon.colcon_core.shell:Creating prefix script '/home/jcbynum2/dev-workspace/src/corobot/map_to_jpeg/install/local_setup.ps1'
[13.568s] INFO:colcon.colcon_core.shell:Creating prefix util module '/home/jcbynum2/dev-workspace/src/corobot/map_to_jpeg/install/_local_setup_util_ps1.py'
[13.577s] INFO:colcon.colcon_core.shell:Creating prefix chain script '/home/jcbynum2/dev-workspace/src/corobot/map_to_jpeg/install/setup.ps1'
[13.584s] INFO:colcon.colcon_core.shell:Creating prefix script '/home/jcbynum2/dev-workspace/src/corobot/map_to_jpeg/install/local_setup.sh'
[13.587s] INFO:colcon.colcon_core.shell:Creating prefix util module '/home/jcbynum2/dev-workspace/src/corobot/map_to_jpeg/install/_local_setup_util_sh.py'
[13.589s] INFO:colcon.colcon_core.shell:Creating prefix chain script '/home/jcbynum2/dev-workspace/src/corobot/map_to_jpeg/install/setup.sh'
[13.608s] INFO:colcon.colcon_core.shell:Creating prefix script '/home/jcbynum2/dev-workspace/src/corobot/map_to_jpeg/install/local_setup.bash'
[13.611s] INFO:colcon.colcon_core.shell:Creating prefix chain script '/home/jcbynum2/dev-workspace/src/corobot/map_to_jpeg/install/setup.bash'
[13.618s] INFO:colcon.colcon_core.shell:Creating prefix script '/home/jcbynum2/dev-workspace/src/corobot/map_to_jpeg/install/local_setup.zsh'
[13.622s] INFO:colcon.colcon_core.shell:Creating prefix chain script '/home/jcbynum2/dev-workspace/src/corobot/map_to_jpeg/install/setup.zsh'
