[0.041s] Invoking command in '/home/jcbynum2/dev-workspace/src/corobot/map_to_jpeg/build/map_to_jpeg': /usr/bin/cmake --build /home/jcbynum2/dev-workspace/src/corobot/map_to_jpeg/build/map_to_jpeg -- -j4 -l4
[0.231s] [ 25%] [32mBuilding CXX object CMakeFiles/image_to_map_node.dir/src/image_to_map_node.cpp.o[0m
[0.239s] [ 50%] [32mBuilding CXX object CMakeFiles/map_to_image_node.dir/src/map_to_image_node.cpp.o[0m
[0.622s] In file included from [01m[K/home/jcbynum2/dev-workspace/src/corobot/map_to_jpeg/src/image_to_map_node.cpp:38[m[K:
[0.623s] [01m[K/home/jcbynum2/dev-workspace/src/corobot/map_to_jpeg/include/HectorMapTools.h:37:9:[m[K [01;35m[Kwarning: [m[KISO C++11 requires whitespace after the macro name
[0.623s]    37 | #define [01;35m[Knav_msgs[m[K::OccupancyGridConstrPtr nav_msgs::msg:OccupancyGrid*
[0.623s]       |         [01;35m[K^~~~~~~~[m[K
[0.712s] In file included from [01m[K/home/jcbynum2/dev-workspace/src/corobot/map_to_jpeg/src/map_to_image_node.cpp:42[m[K:
[0.712s] [01m[K/home/jcbynum2/dev-workspace/src/corobot/map_to_jpeg/include/HectorMapTools.h:37:9:[m[K [01;35m[Kwarning: [m[KISO C++11 requires whitespace after the macro name
[0.712s]    37 | #define [01;35m[Knav_msgs[m[K::OccupancyGridConstrPtr nav_msgs::msg:OccupancyGrid*
[0.713s]       |         [01;35m[K^~~~~~~~[m[K
[3.832s] In file included from [01m[K/home/jcbynum2/dev-workspace/src/corobot/map_to_jpeg/src/map_to_image_node.cpp:39[m[K:
[3.832s] [01m[K/opt/ros/foxy/include/image_transport/image_transport.h:41:89:[m[K [01;36m[Knote: [m[K#pragma message: Warning: This header is deprecated. Use 'image_transport.hpp' instead
[3.833s]    41 | #pragma message ("Warning: This header is deprecated. Use 'image_transport.hpp' instead"[01;36m[K)[m[K
[3.833s]       |                                                                                         [01;36m[K^[m[K
[4.194s] [01m[K/home/jcbynum2/dev-workspace/src/corobot/map_to_jpeg/include/HectorMapTools.h:37:19:[m[K [01;31m[Kerror: [m[K‘[01m[KOccupancyGridConstrPtr[m[K’ in namespace ‘[01m[K::[m[K’ does not name a type
[4.194s]    37 | #define nav_msgs::[01;31m[KOccupancyGridConstrPtr[m[K nav_msgs::msg:OccupancyGrid*
[4.194s]       |                   [01;31m[K^~~~~~~~~~~~~~~~~~~~~~[m[K
[4.195s] [01m[K/home/jcbynum2/dev-workspace/src/corobot/map_to_jpeg/include/HectorMapTools.h:51:33:[m[K [01;36m[Knote: [m[Kin expansion of macro ‘[01m[Knav_msgs[m[K’
[4.195s]    51 |     CoordinateTransformer(const [01;36m[Knav_msgs[m[K::OccupancyGridConstPtr map)
[4.195s]       |                                 [01;36m[K^~~~~~~~[m[K
[4.195s] [01m[K/home/jcbynum2/dev-workspace/src/corobot/map_to_jpeg/include/HectorMapTools.h:37:55:[m[K [01;31m[Kerror: [m[Kexpected unqualified-id before ‘[01m[K:[m[K’ token
[4.196s]    37 | #define nav_msgs::OccupancyGridConstrPtr nav_msgs::msg[01;31m[K:[m[KOccupancyGrid*
[4.196s]       |                                                       [01;31m[K^[m[K
[4.196s] [01m[K/home/jcbynum2/dev-workspace/src/corobot/map_to_jpeg/include/HectorMapTools.h:51:33:[m[K [01;36m[Knote: [m[Kin expansion of macro ‘[01m[Knav_msgs[m[K’
[4.196s]    51 |     CoordinateTransformer(const [01;36m[Knav_msgs[m[K::OccupancyGridConstPtr map)
[4.196s]       |                                 [01;36m[K^~~~~~~~[m[K
[4.197s] [01m[K/home/jcbynum2/dev-workspace/src/corobot/map_to_jpeg/include/HectorMapTools.h:37:55:[m[K [01;31m[Kerror: [m[Kexpected ‘[01m[K)[m[K’ before ‘[01m[K:[m[K’ token
[4.197s]    37 | #define nav_msgs::OccupancyGridConstrPtr nav_msgs::msg[01;31m[K:[m[KOccupancyGrid*
[4.197s]       |                                                       [01;31m[K^[m[K
[4.197s] [01m[K/home/jcbynum2/dev-workspace/src/corobot/map_to_jpeg/include/HectorMapTools.h:51:33:[m[K [01;36m[Knote: [m[Kin expansion of macro ‘[01m[Knav_msgs[m[K’
[4.198s]    51 |     CoordinateTransformer(const [01;36m[Knav_msgs[m[K::OccupancyGridConstPtr map)
[4.198s]       |                                 [01;36m[K^~~~~~~~[m[K
[4.198s] [01m[K/home/jcbynum2/dev-workspace/src/corobot/map_to_jpeg/include/HectorMapTools.h:51:26:[m[K [01;36m[Knote: [m[Kto match this ‘[01m[K([m[K’
[4.198s]    51 |     CoordinateTransformer[01;36m[K([m[Kconst nav_msgs::OccupancyGridConstPtr map)
[4.199s]       |                          [01;36m[K^[m[K
[4.202s] [01m[K/home/jcbynum2/dev-workspace/src/corobot/map_to_jpeg/include/HectorMapTools.h:37:19:[m[K [01;31m[Kerror: [m[K‘[01m[KOccupancyGridConstrPtr[m[K’ in namespace ‘[01m[K::[m[K’ does not name a type
[4.203s]    37 | #define nav_msgs::[01;31m[KOccupancyGridConstrPtr[m[K nav_msgs::msg:OccupancyGrid*
[4.203s]       |                   [01;31m[K^~~~~~~~~~~~~~~~~~~~~~[m[K
[4.203s] [01m[K/home/jcbynum2/dev-workspace/src/corobot/map_to_jpeg/include/HectorMapTools.h:57:30:[m[K [01;36m[Knote: [m[Kin expansion of macro ‘[01m[Knav_msgs[m[K’
[4.203s]    57 |     void setTransforms(const [01;36m[Knav_msgs[m[K::OccupancyGrid& map)
[4.203s]       |                              [01;36m[K^~~~~~~~[m[K
[4.204s] [01m[K/home/jcbynum2/dev-workspace/src/corobot/map_to_jpeg/include/HectorMapTools.h:37:55:[m[K [01;31m[Kerror: [m[Kexpected unqualified-id before ‘[01m[K:[m[K’ token
[4.204s]    37 | #define nav_msgs::OccupancyGridConstrPtr nav_msgs::msg[01;31m[K:[m[KOccupancyGrid*
[4.205s]       |                                                       [01;31m[K^[m[K
[4.205s] [01m[K/home/jcbynum2/dev-workspace/src/corobot/map_to_jpeg/include/HectorMapTools.h:57:30:[m[K [01;36m[Knote: [m[Kin expansion of macro ‘[01m[Knav_msgs[m[K’
[4.205s]    57 |     void setTransforms(const [01;36m[Knav_msgs[m[K::OccupancyGrid& map)
[4.206s]       |                              [01;36m[K^~~~~~~~[m[K
[4.206s] [01m[K/home/jcbynum2/dev-workspace/src/corobot/map_to_jpeg/include/HectorMapTools.h:37:55:[m[K [01;31m[Kerror: [m[Kexpected ‘[01m[K)[m[K’ before ‘[01m[K:[m[K’ token
[4.206s]    37 | #define nav_msgs::OccupancyGridConstrPtr nav_msgs::msg[01;31m[K:[m[KOccupancyGrid*
[4.207s]       |                                                       [01;31m[K^[m[K
[4.208s] [01m[K/home/jcbynum2/dev-workspace/src/corobot/map_to_jpeg/include/HectorMapTools.h:57:30:[m[K [01;36m[Knote: [m[Kin expansion of macro ‘[01m[Knav_msgs[m[K’
[4.208s]    57 |     void setTransforms(const [01;36m[Knav_msgs[m[K::OccupancyGrid& map)
[4.208s]       |                              [01;36m[K^~~~~~~~[m[K
[4.209s] [01m[K/home/jcbynum2/dev-workspace/src/corobot/map_to_jpeg/include/HectorMapTools.h:57:23:[m[K [01;36m[Knote: [m[Kto match this ‘[01m[K([m[K’
[4.209s]    57 |     void setTransforms[01;36m[K([m[Kconst nav_msgs::OccupancyGrid& map)
[4.209s]       |                       [01;36m[K^[m[K
[4.210s] [01m[K/home/jcbynum2/dev-workspace/src/corobot/map_to_jpeg/include/HectorMapTools.h:37:19:[m[K [01;31m[Kerror: [m[K‘[01m[KOccupancyGridConstrPtr[m[K’ in namespace ‘[01m[K::[m[K’ does not name a type
[4.210s]    37 | #define nav_msgs::[01;31m[KOccupancyGridConstrPtr[m[K nav_msgs::msg:OccupancyGrid*
[4.211s]       |                   [01;31m[K^~~~~~~~~~~~~~~~~~~~~~[m[K
[4.211s] [01m[K/home/jcbynum2/dev-workspace/src/corobot/map_to_jpeg/include/HectorMapTools.h:62:30:[m[K [01;36m[Knote: [m[Kin expansion of macro ‘[01m[Knav_msgs[m[K’
[4.212s]    62 |     void setTransforms(const [01;36m[Knav_msgs[m[K::MapMetaData& meta)
[4.212s]       |                              [01;36m[K^~~~~~~~[m[K
[4.213s] [01m[K/home/jcbynum2/dev-workspace/src/corobot/map_to_jpeg/include/HectorMapTools.h:37:55:[m[K [01;31m[Kerror: [m[Kexpected unqualified-id before ‘[01m[K:[m[K’ token
[4.213s]    37 | #define nav_msgs::OccupancyGridConstrPtr nav_msgs::msg[01;31m[K:[m[KOccupancyGrid*
[4.213s]       |                                                       [01;31m[K^[m[K
[4.217s] [01m[K/home/jcbynum2/dev-workspace/src/corobot/map_to_jpeg/include/HectorMapTools.h:62:30:[m[K [01;36m[Knote: [m[Kin expansion of macro ‘[01m[Knav_msgs[m[K’
[4.218s]    62 |     void setTransforms(const [01;36m[Knav_msgs[m[K::MapMetaData& meta)
[4.218s]       |                              [01;36m[K^~~~~~~~[m[K
[4.219s] [01m[K/home/jcbynum2/dev-workspace/src/corobot/map_to_jpeg/include/HectorMapTools.h:37:55:[m[K [01;31m[Kerror: [m[Kexpected ‘[01m[K)[m[K’ before ‘[01m[K:[m[K’ token
[4.219s]    37 | #define nav_msgs::OccupancyGridConstrPtr nav_msgs::msg[01;31m[K:[m[KOccupancyGrid*
[4.220s]       |                                                       [01;31m[K^[m[K
[4.220s] [01m[K/home/jcbynum2/dev-workspace/src/corobot/map_to_jpeg/include/HectorMapTools.h:62:30:[m[K [01;36m[Knote: [m[Kin expansion of macro ‘[01m[Knav_msgs[m[K’
[4.220s]    62 |     void setTransforms(const [01;36m[Knav_msgs[m[K::MapMetaData& meta)
[4.221s]       |                              [01;36m[K^~~~~~~~[m[K
[4.221s] [01m[K/home/jcbynum2/dev-workspace/src/corobot/map_to_jpeg/include/HectorMapTools.h:62:23:[m[K [01;36m[Knote: [m[Kto match this ‘[01m[K([m[K’
[4.221s]    62 |     void setTransforms[01;36m[K([m[Kconst nav_msgs::MapMetaData& meta)
[4.222s]       |                       [01;36m[K^[m[K
[4.222s] [01m[K/home/jcbynum2/dev-workspace/src/corobot/map_to_jpeg/include/HectorMapTools.h:62:10:[m[K [01;31m[Kerror: [m[K‘[01m[Kvoid HectorMapTools::CoordinateTransformer<ConcreteScalar>::setTransforms(...)[m[K’ cannot be overloaded with ‘[01m[Kvoid HectorMapTools::CoordinateTransformer<ConcreteScalar>::setTransforms(...)[m[K’
[4.223s]    62 |     void [01;31m[KsetTransforms[m[K(const nav_msgs::MapMetaData& meta)
[4.223s]       |          [01;31m[K^~~~~~~~~~~~~[m[K
[4.223s] [01m[K/home/jcbynum2/dev-workspace/src/corobot/map_to_jpeg/include/HectorMapTools.h:57:10:[m[K [01;36m[Knote: [m[Kprevious declaration ‘[01m[Kvoid HectorMapTools::CoordinateTransformer<ConcreteScalar>::setTransforms(...)[m[K’
[4.224s]    57 |     void [01;36m[KsetTransforms[m[K(const nav_msgs::OccupancyGrid& map)
[4.224s]       |          [01;36m[K^~~~~~~~~~~~~[m[K
[4.224s] [01m[K/home/jcbynum2/dev-workspace/src/corobot/map_to_jpeg/include/HectorMapTools.h:37:19:[m[K [01;31m[Kerror: [m[K‘[01m[KOccupancyGridConstrPtr[m[K’ in namespace ‘[01m[K::[m[K’ does not name a type
[4.225s]    37 | #define nav_msgs::[01;31m[KOccupancyGridConstrPtr[m[K nav_msgs::msg:OccupancyGrid*
[4.225s]       |                   [01;31m[K^~~~~~~~~~~~~~~~~~~~~~[m[K
[4.225s] [01m[K/home/jcbynum2/dev-workspace/src/corobot/map_to_jpeg/include/HectorMapTools.h:128:23:[m[K [01;36m[Knote: [m[Kin expansion of macro ‘[01m[Knav_msgs[m[K’
[4.226s]   128 |     void setMap(const [01;36m[Knav_msgs[m[K::OccupancyGridConstPtr map)
[4.226s]       |                       [01;36m[K^~~~~~~~[m[K
[4.227s] [01m[K/home/jcbynum2/dev-workspace/src/corobot/map_to_jpeg/include/HectorMapTools.h:37:55:[m[K [01;31m[Kerror: [m[Kexpected unqualified-id before ‘[01m[K:[m[K’ token
[4.227s]    37 | #define nav_msgs::OccupancyGridConstrPtr nav_msgs::msg[01;31m[K:[m[KOccupancyGrid*
[4.228s]       |                                                       [01;31m[K^[m[K
[4.228s] [01m[K/home/jcbynum2/dev-workspace/src/corobot/map_to_jpeg/include/HectorMapTools.h:128:23:[m[K [01;36m[Knote: [m[Kin expansion of macro ‘[01m[Knav_msgs[m[K’
[4.229s]   128 |     void setMap(const [01;36m[Knav_msgs[m[K::OccupancyGridConstPtr map)
[4.229s]       |                       [01;36m[K^~~~~~~~[m[K
[4.230s] [01m[K/home/jcbynum2/dev-workspace/src/corobot/map_to_jpeg/include/HectorMapTools.h:37:55:[m[K [01;31m[Kerror: [m[Kexpected ‘[01m[K)[m[K’ before ‘[01m[K:[m[K’ token
[4.230s]    37 | #define nav_msgs::OccupancyGridConstrPtr nav_msgs::msg[01;31m[K:[m[KOccupancyGrid*
[4.230s]       |                                                       [01;31m[K^[m[K
[4.231s] [01m[K/home/jcbynum2/dev-workspace/src/corobot/map_to_jpeg/include/HectorMapTools.h:128:23:[m[K [01;36m[Knote: [m[Kin expansion of macro ‘[01m[Knav_msgs[m[K’
[4.231s]   128 |     void setMap(const [01;36m[Knav_msgs[m[K::OccupancyGridConstPtr map)
[4.231s]       |                       [01;36m[K^~~~~~~~[m[K
[4.232s] In file included from [01m[K/home/jcbynum2/dev-workspace/src/corobot/map_to_jpeg/src/image_to_map_node.cpp:38[m[K:
[4.232s] [01m[K/home/jcbynum2/dev-workspace/src/corobot/map_to_jpeg/include/HectorMapTools.h:128:16:[m[K [01;36m[Knote: [m[Kto match this ‘[01m[K([m[K’
[4.232s]   128 |     void setMap[01;36m[K([m[Kconst nav_msgs::OccupancyGridConstPtr map)
[4.233s]       |                [01;36m[K^[m[K
[4.242s] In file included from [01m[K/home/jcbynum2/dev-workspace/src/corobot/map_to_jpeg/src/image_to_map_node.cpp:38[m[K:
[4.242s] [01m[K/home/jcbynum2/dev-workspace/src/corobot/map_to_jpeg/include/HectorMapTools.h:37:19:[m[K [01;31m[Kerror: [m[K‘[01m[KOccupancyGridConstrPtr[m[K’ in namespace ‘[01m[K::[m[K’ does not name a type
[4.243s]    37 | #define nav_msgs::[01;31m[KOccupancyGridConstrPtr[m[K nav_msgs::msg:OccupancyGrid*
[4.243s]       |                   [01;31m[K^~~~~~~~~~~~~~~~~~~~~~[m[K
[4.244s] [01m[K/home/jcbynum2/dev-workspace/src/corobot/map_to_jpeg/include/HectorMapTools.h:238:5:[m[K [01;36m[Knote: [m[Kin expansion of macro ‘[01m[Knav_msgs[m[K’
[4.244s]   238 |     [01;36m[Knav_msgs[m[K::OccupancyGridConstPtr map_ptr_;
[4.244s]       |     [01;36m[K^~~~~~~~[m[K
[4.246s] [01m[K/home/jcbynum2/dev-workspace/src/corobot/map_to_jpeg/include/HectorMapTools.h:37:19:[m[K [01;31m[Kerror: [m[K‘[01m[KOccupancyGridConstrPtr[m[K’ in namespace ‘[01m[K::[m[K’ does not name a type
[4.247s]    37 | #define nav_msgs::[01;31m[KOccupancyGridConstrPtr[m[K nav_msgs::msg:OccupancyGrid*
[4.247s]       |                   [01;31m[K^~~~~~~~~~~~~~~~~~~~~~[m[K
[4.248s] [01m[K/home/jcbynum2/dev-workspace/src/corobot/map_to_jpeg/include/HectorMapTools.h:243:35:[m[K [01;36m[Knote: [m[Kin expansion of macro ‘[01m[Knav_msgs[m[K’
[4.249s]   243 |   static bool getMapExtends(const [01;36m[Knav_msgs[m[K::OccupancyGrid& map, Eigen::Vector2i& topLeft, Eigen::Vector2i& bottomRight)
[4.250s]       |                                   [01;36m[K^~~~~~~~[m[K
[4.250s] [01m[K/home/jcbynum2/dev-workspace/src/corobot/map_to_jpeg/include/HectorMapTools.h:37:55:[m[K [01;31m[Kerror: [m[Kexpected unqualified-id before ‘[01m[K:[m[K’ token
[4.251s]    37 | #define nav_msgs::OccupancyGridConstrPtr nav_msgs::msg[01;31m[K:[m[KOccupancyGrid*
[4.251s]       |                                                       [01;31m[K^[m[K
[4.251s] [01m[K/home/jcbynum2/dev-workspace/src/corobot/map_to_jpeg/include/HectorMapTools.h:243:35:[m[K [01;36m[Knote: [m[Kin expansion of macro ‘[01m[Knav_msgs[m[K’
[4.252s]   243 |   static bool getMapExtends(const [01;36m[Knav_msgs[m[K::OccupancyGrid& map, Eigen::Vector2i& topLeft, Eigen::Vector2i& bottomRight)
[4.252s]       |                                   [01;36m[K^~~~~~~~[m[K
[4.252s] [01m[K/home/jcbynum2/dev-workspace/src/corobot/map_to_jpeg/include/HectorMapTools.h:37:55:[m[K [01;31m[Kerror: [m[Kexpected ‘[01m[K)[m[K’ before ‘[01m[K:[m[K’ token
[4.253s]    37 | #define nav_msgs::OccupancyGridConstrPtr nav_msgs::msg[01;31m[K:[m[KOccupancyGrid*
[4.253s]       |                                                       [01;31m[K^[m[K
[4.253s] [01m[K/home/jcbynum2/dev-workspace/src/corobot/map_to_jpeg/include/HectorMapTools.h:243:35:[m[K [01;36m[Knote: [m[Kin expansion of macro ‘[01m[Knav_msgs[m[K’
[4.254s]   243 |   static bool getMapExtends(const [01;36m[Knav_msgs[m[K::OccupancyGrid& map, Eigen::Vector2i& topLeft, Eigen::Vector2i& bottomRight)
[4.254s]       |                                   [01;36m[K^~~~~~~~[m[K
[4.255s] In file included from [01m[K/home/jcbynum2/dev-workspace/src/corobot/map_to_jpeg/src/image_to_map_node.cpp:38[m[K:
[4.255s] [01m[K/home/jcbynum2/dev-workspace/src/corobot/map_to_jpeg/include/HectorMapTools.h:243:28:[m[K [01;36m[Knote: [m[Kto match this ‘[01m[K([m[K’
[4.255s]   243 |   static bool getMapExtends[01;36m[K([m[Kconst nav_msgs::OccupancyGrid& map, Eigen::Vector2i& topLeft, Eigen::Vector2i& bottomRight)
[4.256s]       |                            [01;36m[K^[m[K
[4.256s] In file included from [01m[K/home/jcbynum2/dev-workspace/src/corobot/map_to_jpeg/src/image_to_map_node.cpp:38[m[K:
[4.256s] [01m[K/home/jcbynum2/dev-workspace/src/corobot/map_to_jpeg/include/HectorMapTools.h:[m[K In constructor ‘[01m[KHectorMapTools::CoordinateTransformer<ConcreteScalar>::CoordinateTransformer(...)[m[K’:
[4.257s] [01m[K/home/jcbynum2/dev-workspace/src/corobot/map_to_jpeg/include/HectorMapTools.h:37:56:[m[K [01;31m[Kerror: [m[Kclass ‘[01m[KHectorMapTools::CoordinateTransformer<ConcreteScalar>[m[K’ does not have any field named ‘[01m[KOccupancyGrid[m[K’
[4.257s]    37 | #define nav_msgs::OccupancyGridConstrPtr nav_msgs::msg:[01;31m[KOccupancyGrid[m[K*
[4.257s]       |                                                        [01;31m[K^~~~~~~~~~~~~[m[K
[4.258s] [01m[K/home/jcbynum2/dev-workspace/src/corobot/map_to_jpeg/include/HectorMapTools.h:51:33:[m[K [01;36m[Knote: [m[Kin expansion of macro ‘[01m[Knav_msgs[m[K’
[4.258s]    51 |     CoordinateTransformer(const [01;36m[Knav_msgs[m[K::OccupancyGridConstPtr map)
[4.259s]       |                                 [01;36m[K^~~~~~~~[m[K
[4.259s] [01m[K/home/jcbynum2/dev-workspace/src/corobot/map_to_jpeg/include/HectorMapTools.h:37:69:[m[K [01;31m[Kerror: [m[Kexpected ‘[01m[K([m[K’ before ‘[01m[K*[m[K’ token
[4.259s]    37 | #define nav_msgs::OccupancyGridConstrPtr nav_msgs::msg:OccupancyGrid[01;31m[K*[m[K
[4.260s]       |                                                                     [01;31m[K^[m[K
[4.260s] [01m[K/home/jcbynum2/dev-workspace/src/corobot/map_to_jpeg/include/HectorMapTools.h:51:33:[m[K [01;36m[Knote: [m[Kin expansion of macro ‘[01m[Knav_msgs[m[K’
[4.260s]    51 |     CoordinateTransformer(const [01;36m[Knav_msgs[m[K::OccupancyGridConstPtr map)
[4.261s]       |                                 [01;36m[K^~~~~~~~[m[K
[4.261s] [01m[K/home/jcbynum2/dev-workspace/src/corobot/map_to_jpeg/include/HectorMapTools.h:37:69:[m[K [01;31m[Kerror: [m[Kexpected ‘[01m[K{[m[K’ before ‘[01m[K*[m[K’ token
[4.261s]    37 | #define nav_msgs::OccupancyGridConstrPtr nav_msgs::msg:OccupancyGrid[01;31m[K*[m[K
[4.262s]       |                                                                     [01;31m[K^[m[K
[4.262s] [01m[K/home/jcbynum2/dev-workspace/src/corobot/map_to_jpeg/include/HectorMapTools.h:51:33:[m[K [01;36m[Knote: [m[Kin expansion of macro ‘[01m[Knav_msgs[m[K’
[4.263s]    51 |     CoordinateTransformer(const [01;36m[Knav_msgs[m[K::OccupancyGridConstPtr map)
[4.263s]       |                                 [01;36m[K^~~~~~~~[m[K
[4.263s] [01m[K/home/jcbynum2/dev-workspace/src/corobot/map_to_jpeg/include/HectorMapTools.h:[m[K In member function ‘[01m[Kvoid HectorMapTools::CoordinateTransformer<ConcreteScalar>::setTransforms(...)[m[K’:
[4.264s] [01m[K/home/jcbynum2/dev-workspace/src/corobot/map_to_jpeg/include/HectorMapTools.h:37:56:[m[K [01;31m[Kerror: [m[Konly constructors take member initializers
[4.264s]    37 | #define nav_msgs::OccupancyGridConstrPtr nav_msgs::msg:[01;31m[KOccupancyGrid[m[K*
[4.264s]       |                                                        [01;31m[K^~~~~~~~~~~~~[m[K
[4.265s] [01m[K/home/jcbynum2/dev-workspace/src/corobot/map_to_jpeg/include/HectorMapTools.h:57:30:[m[K [01;36m[Knote: [m[Kin expansion of macro ‘[01m[Knav_msgs[m[K’
[4.265s]    57 |     void setTransforms(const [01;36m[Knav_msgs[m[K::OccupancyGrid& map)
[4.266s]       |                              [01;36m[K^~~~~~~~[m[K
[4.266s] [01m[K/home/jcbynum2/dev-workspace/src/corobot/map_to_jpeg/include/HectorMapTools.h:37:56:[m[K [01;31m[Kerror: [m[Kclass ‘[01m[KHectorMapTools::CoordinateTransformer<ConcreteScalar>[m[K’ does not have any field named ‘[01m[KOccupancyGrid[m[K’
[4.266s]    37 | #define nav_msgs::OccupancyGridConstrPtr nav_msgs::msg:[01;31m[KOccupancyGrid[m[K*
[4.267s]       |                                                        [01;31m[K^~~~~~~~~~~~~[m[K
[4.267s] [01m[K/home/jcbynum2/dev-workspace/src/corobot/map_to_jpeg/include/HectorMapTools.h:57:30:[m[K [01;36m[Knote: [m[Kin expansion of macro ‘[01m[Knav_msgs[m[K’
[4.267s]    57 |     void setTransforms(const [01;36m[Knav_msgs[m[K::OccupancyGrid& map)
[4.268s]       |                              [01;36m[K^~~~~~~~[m[K
[4.268s] [01m[K/home/jcbynum2/dev-workspace/src/corobot/map_to_jpeg/include/HectorMapTools.h:37:69:[m[K [01;31m[Kerror: [m[Kexpected ‘[01m[K([m[K’ before ‘[01m[K*[m[K’ token
[4.269s]    37 | #define nav_msgs::OccupancyGridConstrPtr nav_msgs::msg:OccupancyGrid[01;31m[K*[m[K
[4.269s]       |                                                                     [01;31m[K^[m[K
[4.269s] [01m[K/home/jcbynum2/dev-workspace/src/corobot/map_to_jpeg/include/HectorMapTools.h:57:30:[m[K [01;36m[Knote: [m[Kin expansion of macro ‘[01m[Knav_msgs[m[K’
[4.270s]    57 |     void setTransforms(const [01;36m[Knav_msgs[m[K::OccupancyGrid& map)
[4.270s]       |                              [01;36m[K^~~~~~~~[m[K
[4.271s] [01m[K/home/jcbynum2/dev-workspace/src/corobot/map_to_jpeg/include/HectorMapTools.h:37:69:[m[K [01;31m[Kerror: [m[Kexpected ‘[01m[K{[m[K’ before ‘[01m[K*[m[K’ token
[4.271s]    37 | #define nav_msgs::OccupancyGridConstrPtr nav_msgs::msg:OccupancyGrid[01;31m[K*[m[K
[4.271s]       |                                                                     [01;31m[K^[m[K
[4.272s] [01m[K/home/jcbynum2/dev-workspace/src/corobot/map_to_jpeg/include/HectorMapTools.h:57:30:[m[K [01;36m[Knote: [m[Kin expansion of macro ‘[01m[Knav_msgs[m[K’
[4.272s]    57 |     void setTransforms(const [01;36m[Knav_msgs[m[K::OccupancyGrid& map)
[4.272s]       |                              [01;36m[K^~~~~~~~[m[K
[4.273s] [01m[K/home/jcbynum2/dev-workspace/src/corobot/map_to_jpeg/include/HectorMapTools.h:[m[K In member function ‘[01m[Kvoid HectorMapTools::CoordinateTransformer<ConcreteScalar>::setTransforms(...)[m[K’:
[4.273s] [01m[K/home/jcbynum2/dev-workspace/src/corobot/map_to_jpeg/include/HectorMapTools.h:37:56:[m[K [01;31m[Kerror: [m[Konly constructors take member initializers
[4.273s]    37 | #define nav_msgs::OccupancyGridConstrPtr nav_msgs::msg:[01;31m[KOccupancyGrid[m[K*
[4.274s]       |                                                        [01;31m[K^~~~~~~~~~~~~[m[K
[4.274s] [01m[K/home/jcbynum2/dev-workspace/src/corobot/map_to_jpeg/include/HectorMapTools.h:62:30:[m[K [01;36m[Knote: [m[Kin expansion of macro ‘[01m[Knav_msgs[m[K’
[4.275s]    62 |     void setTransforms(const [01;36m[Knav_msgs[m[K::MapMetaData& meta)
[4.275s]       |                              [01;36m[K^~~~~~~~[m[K
[4.275s] [01m[K/home/jcbynum2/dev-workspace/src/corobot/map_to_jpeg/include/HectorMapTools.h:37:56:[m[K [01;31m[Kerror: [m[Kclass ‘[01m[KHectorMapTools::CoordinateTransformer<ConcreteScalar>[m[K’ does not have any field named ‘[01m[KOccupancyGrid[m[K’
[4.276s]    37 | #define nav_msgs::OccupancyGridConstrPtr nav_msgs::msg:[01;31m[KOccupancyGrid[m[K*
[4.276s]       |                                                        [01;31m[K^~~~~~~~~~~~~[m[K
[4.277s] [01m[K/home/jcbynum2/dev-workspace/src/corobot/map_to_jpeg/include/HectorMapTools.h:62:30:[m[K [01;36m[Knote: [m[Kin expansion of macro ‘[01m[Knav_msgs[m[K’
[4.277s]    62 |     void setTransforms(const [01;36m[Knav_msgs[m[K::MapMetaData& meta)
[4.277s]       |                              [01;36m[K^~~~~~~~[m[K
[4.278s] [01m[K/home/jcbynum2/dev-workspace/src/corobot/map_to_jpeg/include/HectorMapTools.h:37:69:[m[K [01;31m[Kerror: [m[Kexpected ‘[01m[K([m[K’ before ‘[01m[K*[m[K’ token
[4.278s]    37 | #define nav_msgs::OccupancyGridConstrPtr nav_msgs::msg:OccupancyGrid[01;31m[K*[m[K
[4.279s]       |                                                                     [01;31m[K^[m[K
[4.279s] [01m[K/home/jcbynum2/dev-workspace/src/corobot/map_to_jpeg/include/HectorMapTools.h:62:30:[m[K [01;36m[Knote: [m[Kin expansion of macro ‘[01m[Knav_msgs[m[K’
[4.279s]    62 |     void setTransforms(const [01;36m[Knav_msgs[m[K::MapMetaData& meta)
[4.280s]       |                              [01;36m[K^~~~~~~~[m[K
[4.280s] [01m[K/home/jcbynum2/dev-workspace/src/corobot/map_to_jpeg/include/HectorMapTools.h:37:69:[m[K [01;31m[Kerror: [m[Kexpected ‘[01m[K{[m[K’ before ‘[01m[K*[m[K’ token
[4.280s]    37 | #define nav_msgs::OccupancyGridConstrPtr nav_msgs::msg:OccupancyGrid[01;31m[K*[m[K
[4.281s]       |                                                                     [01;31m[K^[m[K
[4.281s] [01m[K/home/jcbynum2/dev-workspace/src/corobot/map_to_jpeg/include/HectorMapTools.h:62:30:[m[K [01;36m[Knote: [m[Kin expansion of macro ‘[01m[Knav_msgs[m[K’
[4.281s]    62 |     void setTransforms(const [01;36m[Knav_msgs[m[K::MapMetaData& meta)
[4.282s]       |                              [01;36m[K^~~~~~~~[m[K
[4.282s] In file included from [01m[K/home/jcbynum2/dev-workspace/src/corobot/map_to_jpeg/src/image_to_map_node.cpp:38[m[K:
[4.283s] [01m[K/home/jcbynum2/dev-workspace/src/corobot/map_to_jpeg/include/HectorMapTools.h:[m[K In constructor ‘[01m[KHectorMapTools::DistanceMeasurementProvider::DistanceMeasurementProvider()[m[K’:
[4.283s] [01m[K/home/jcbynum2/dev-workspace/src/corobot/map_to_jpeg/include/HectorMapTools.h:124:5:[m[K [01;31m[Kerror: [m[Kcall of overloaded ‘[01m[KCoordinateTransformer()[m[K’ is ambiguous
[4.283s]   124 |     [01;31m[K{[m[K
[4.284s]       |     [01;31m[K^[m[K
[4.284s] In file included from [01m[K/home/jcbynum2/dev-workspace/src/corobot/map_to_jpeg/src/image_to_map_node.cpp:38[m[K:
[4.285s] [01m[K/home/jcbynum2/dev-workspace/src/corobot/map_to_jpeg/include/HectorMapTools.h:51:5:[m[K [01;36m[Knote: [m[Kcandidate: ‘[01m[KHectorMapTools::CoordinateTransformer<ConcreteScalar>::CoordinateTransformer(...) [with ConcreteScalar = float][m[K’
[4.285s]    51 |     [01;36m[KCoordinateTransformer[m[K(const nav_msgs::OccupancyGridConstPtr map)
[4.285s]       |     [01;36m[K^~~~~~~~~~~~~~~~~~~~~[m[K
[4.286s] [01m[K/home/jcbynum2/dev-workspace/src/corobot/map_to_jpeg/include/HectorMapTools.h:46:5:[m[K [01;36m[Knote: [m[Kcandidate: ‘[01m[KHectorMapTools::CoordinateTransformer<ConcreteScalar>::CoordinateTransformer() [with ConcreteScalar = float][m[K’
[4.286s]    46 |     [01;36m[KCoordinateTransformer[m[K()
[4.287s]       |     [01;36m[K^~~~~~~~~~~~~~~~~~~~~[m[K
[4.287s] [01m[K/home/jcbynum2/dev-workspace/src/corobot/map_to_jpeg/include/HectorMapTools.h:[m[K In member function ‘[01m[Kvoid HectorMapTools::DistanceMeasurementProvider::setMap(...)[m[K’:
[4.287s] [01m[K/home/jcbynum2/dev-workspace/src/corobot/map_to_jpeg/include/HectorMapTools.h:37:56:[m[K [01;31m[Kerror: [m[Konly constructors take member initializers
[4.288s]    37 | #define nav_msgs::OccupancyGridConstrPtr nav_msgs::msg:[01;31m[KOccupancyGrid[m[K*
[4.288s]       |                                                        [01;31m[K^~~~~~~~~~~~~[m[K
[4.288s] [01m[K/home/jcbynum2/dev-workspace/src/corobot/map_to_jpeg/include/HectorMapTools.h:128:23:[m[K [01;36m[Knote: [m[Kin expansion of macro ‘[01m[Knav_msgs[m[K’
[4.289s]   128 |     void setMap(const [01;36m[Knav_msgs[m[K::OccupancyGridConstPtr map)
[4.289s]       |                       [01;36m[K^~~~~~~~[m[K
[4.289s] [01m[K/home/jcbynum2/dev-workspace/src/corobot/map_to_jpeg/include/HectorMapTools.h:37:56:[m[K [01;31m[Kerror: [m[Kclass ‘[01m[KHectorMapTools::DistanceMeasurementProvider[m[K’ does not have any field named ‘[01m[KOccupancyGrid[m[K’
[4.290s]    37 | #define nav_msgs::OccupancyGridConstrPtr nav_msgs::msg:[01;31m[KOccupancyGrid[m[K*
[4.290s]       |                                                        [01;31m[K^~~~~~~~~~~~~[m[K
[4.291s] [01m[K/home/jcbynum2/dev-workspace/src/corobot/map_to_jpeg/include/HectorMapTools.h:128:23:[m[K [01;36m[Knote: [m[Kin expansion of macro ‘[01m[Knav_msgs[m[K’
[4.291s]   128 |     void setMap(const [01;36m[Knav_msgs[m[K::OccupancyGridConstPtr map)
[4.291s]       |                       [01;36m[K^~~~~~~~[m[K
[4.292s] [01m[K/home/jcbynum2/dev-workspace/src/corobot/map_to_jpeg/include/HectorMapTools.h:37:69:[m[K [01;31m[Kerror: [m[Kexpected ‘[01m[K([m[K’ before ‘[01m[K*[m[K’ token
[4.292s]    37 | #define nav_msgs::OccupancyGridConstrPtr nav_msgs::msg:OccupancyGrid[01;31m[K*[m[K
[4.292s]       |                                                                     [01;31m[K^[m[K
[4.293s] [01m[K/home/jcbynum2/dev-workspace/src/corobot/map_to_jpeg/include/HectorMapTools.h:128:23:[m[K [01;36m[Knote: [m[Kin expansion of macro ‘[01m[Knav_msgs[m[K’
[4.293s]   128 |     void setMap(const [01;36m[Knav_msgs[m[K::OccupancyGridConstPtr map)
[4.293s]       |                       [01;36m[K^~~~~~~~[m[K
[4.294s] [01m[K/home/jcbynum2/dev-workspace/src/corobot/map_to_jpeg/include/HectorMapTools.h:37:69:[m[K [01;31m[Kerror: [m[Kexpected ‘[01m[K{[m[K’ before ‘[01m[K*[m[K’ token
[4.294s]    37 | #define nav_msgs::OccupancyGridConstrPtr nav_msgs::msg:OccupancyGrid[01;31m[K*[m[K
[4.295s]       |                                                                     [01;31m[K^[m[K
[4.295s] [01m[K/home/jcbynum2/dev-workspace/src/corobot/map_to_jpeg/include/HectorMapTools.h:128:23:[m[K [01;36m[Knote: [m[Kin expansion of macro ‘[01m[Knav_msgs[m[K’
[4.295s]   128 |     void setMap(const [01;36m[Knav_msgs[m[K::OccupancyGridConstPtr map)
[4.296s]       |                       [01;36m[K^~~~~~~~[m[K
[4.316s] In file included from [01m[K/home/jcbynum2/dev-workspace/src/corobot/map_to_jpeg/src/image_to_map_node.cpp:38[m[K:
[4.316s] [01m[K/home/jcbynum2/dev-workspace/src/corobot/map_to_jpeg/include/HectorMapTools.h:[m[K In member function ‘[01m[Kfloat HectorMapTools::DistanceMeasurementProvider::checkOccupancyBresenhami(const Vector2i&, const Vector2i&, Eigen::Vector2i*, unsigned int)[m[K’:
[4.317s] [01m[K/home/jcbynum2/dev-workspace/src/corobot/map_to_jpeg/include/HectorMapTools.h:155:19:[m[K [01;31m[Kerror: [m[K‘[01m[Kmap_ptr_[m[K’ was not declared in this scope
[4.317s]   155 |       int sizeX = [01;31m[Kmap_ptr_[m[K->info.width;
[4.317s]       |                   [01;31m[K^~~~~~~~[m[K
[4.820s] [01m[K/home/jcbynum2/dev-workspace/src/corobot/map_to_jpeg/include/HectorMapTools.h:[m[K In member function ‘[01m[Kint HectorMapTools::DistanceMeasurementProvider::bresenham2D(unsigned int, unsigned int, int, int, int, unsigned int, unsigned int)[m[K’:
[4.820s] [01m[K/home/jcbynum2/dev-workspace/src/corobot/map_to_jpeg/include/HectorMapTools.h:218:41:[m[K [01;31m[Kerror: [m[K‘[01m[Kmap_ptr_[m[K’ was not declared in this scope
[4.821s]   218 |       const std::vector<int8_t>& data = [01;31m[Kmap_ptr_[m[K->data;
[4.821s]       |                                         [01;31m[K^~~~~~~~[m[K
[4.822s] In file included from [01m[K/home/jcbynum2/dev-workspace/src/corobot/map_to_jpeg/src/image_to_map_node.cpp:38[m[K:
[4.823s] [01m[K/home/jcbynum2/dev-workspace/src/corobot/map_to_jpeg/include/HectorMapTools.h:[m[K In static member function ‘[01m[Kstatic bool HectorMapTools::getMapExtends(...)[m[K’:
[4.823s] [01m[K/home/jcbynum2/dev-workspace/src/corobot/map_to_jpeg/include/HectorMapTools.h:37:56:[m[K [01;31m[Kerror: [m[Konly constructors take member initializers
[4.824s]    37 | #define nav_msgs::OccupancyGridConstrPtr nav_msgs::msg:[01;31m[KOccupancyGrid[m[K*
[4.824s]       |                                                        [01;31m[K^~~~~~~~~~~~~[m[K
[4.824s] [01m[K/home/jcbynum2/dev-workspace/src/corobot/map_to_jpeg/include/HectorMapTools.h:243:35:[m[K [01;36m[Knote: [m[Kin expansion of macro ‘[01m[Knav_msgs[m[K’
[4.825s]   243 |   static bool getMapExtends(const [01;36m[Knav_msgs[m[K::OccupancyGrid& map, Eigen::Vector2i& topLeft, Eigen::Vector2i& bottomRight)
[4.825s]       |                                   [01;36m[K^~~~~~~~[m[K
[4.826s] [01m[K/home/jcbynum2/dev-workspace/src/corobot/map_to_jpeg/include/HectorMapTools.h:37:69:[m[K [01;31m[Kerror: [m[Kexpected ‘[01m[K([m[K’ before ‘[01m[K*[m[K’ token
[4.826s]    37 | #define nav_msgs::OccupancyGridConstrPtr nav_msgs::msg:OccupancyGrid[01;31m[K*[m[K
[4.827s]       |                                                                     [01;31m[K^[m[K
[4.827s] [01m[K/home/jcbynum2/dev-workspace/src/corobot/map_to_jpeg/include/HectorMapTools.h:243:35:[m[K [01;36m[Knote: [m[Kin expansion of macro ‘[01m[Knav_msgs[m[K’
[4.827s]   243 |   static bool getMapExtends(const [01;36m[Knav_msgs[m[K::OccupancyGrid& map, Eigen::Vector2i& topLeft, Eigen::Vector2i& bottomRight)
[4.828s]       |                                   [01;36m[K^~~~~~~~[m[K
[4.828s] [01m[K/home/jcbynum2/dev-workspace/src/corobot/map_to_jpeg/include/HectorMapTools.h:37:69:[m[K [01;31m[Kerror: [m[Kexpected ‘[01m[K{[m[K’ before ‘[01m[K*[m[K’ token
[4.829s]    37 | #define nav_msgs::OccupancyGridConstrPtr nav_msgs::msg:OccupancyGrid[01;31m[K*[m[K
[4.829s]       |                                                                     [01;31m[K^[m[K
[4.829s] [01m[K/home/jcbynum2/dev-workspace/src/corobot/map_to_jpeg/include/HectorMapTools.h:243:35:[m[K [01;36m[Knote: [m[Kin expansion of macro ‘[01m[Knav_msgs[m[K’
[4.830s]   243 |   static bool getMapExtends(const [01;36m[Knav_msgs[m[K::OccupancyGrid& map, Eigen::Vector2i& topLeft, Eigen::Vector2i& bottomRight)
[4.830s]       |                                   [01;36m[K^~~~~~~~[m[K
[4.831s] [01m[K/home/jcbynum2/dev-workspace/src/corobot/map_to_jpeg/include/HectorMapTools.h:37:69:[m[K [01;35m[Kwarning: [m[Kno return statement in function returning non-void [[01;35m[K-Wreturn-type[m[K]
[4.831s]    37 | #define nav_msgs::OccupancyGridConstrPtr nav_msgs::msg:OccupancyGrid[01;35m[K*[m[K
[4.832s]       |                                                                     [01;35m[K^[m[K
[4.832s] [01m[K/home/jcbynum2/dev-workspace/src/corobot/map_to_jpeg/include/HectorMapTools.h:243:35:[m[K [01;36m[Knote: [m[Kin expansion of macro ‘[01m[Knav_msgs[m[K’
[4.832s]   243 |   static bool getMapExtends(const [01;36m[Knav_msgs[m[K::OccupancyGrid& map, Eigen::Vector2i& topLeft, Eigen::Vector2i& bottomRight)
[4.833s]       |                                   [01;36m[K^~~~~~~~[m[K
[4.842s] [01m[K/home/jcbynum2/dev-workspace/src/corobot/map_to_jpeg/src/image_to_map_node.cpp:[m[K At global scope:
[4.842s] [01m[K/home/jcbynum2/dev-workspace/src/corobot/map_to_jpeg/src/image_to_map_node.cpp:56:3:[m[K [01;31m[Kerror: [m[K‘[01m[Kros[m[K’ does not name a type; did you mean ‘[01m[Kcos[m[K’?
[4.843s]    56 |   [01;31m[Kros[m[K::Publisher map_publisher;
[4.843s]       |   [01;31m[K^~~[m[K
[4.844s]       |   [32m[Kcos[m[K
[4.844s] [01m[K/home/jcbynum2/dev-workspace/src/corobot/map_to_jpeg/src/image_to_map_node.cpp:63:3:[m[K [01;31m[Kerror: [m[K‘[01m[Kros[m[K’ does not name a type; did you mean ‘[01m[Kcos[m[K’?
[4.844s]    63 |   [01;31m[Kros[m[K::NodeHandle n_;
[4.845s]       |   [01;31m[K^~~[m[K
[4.845s]       |   [32m[Kcos[m[K
[4.846s] [01m[K/home/jcbynum2/dev-workspace/src/corobot/map_to_jpeg/src/image_to_map_node.cpp:64:3:[m[K [01;31m[Kerror: [m[K‘[01m[Kros[m[K’ does not name a type; did you mean ‘[01m[Kcos[m[K’?
[4.846s]    64 |   [01;31m[Kros[m[K::NodeHandle pn_;
[4.847s]       |   [01;31m[K^~~[m[K
[4.847s]       |   [32m[Kcos[m[K
[4.848s] [01m[K/home/jcbynum2/dev-workspace/src/corobot/map_to_jpeg/src/image_to_map_node.cpp:88:39:[m[K [01;31m[Kerror: [m[K‘[01m[KImageConstPtr[m[K’ in namespace ‘[01m[Ksensor_msgs[m[K’ does not name a type
[4.848s]    88 |   void mapCallback(const sensor_msgs::[01;31m[KImageConstPtr[m[K& image)
[4.848s]       |                                       [01;31m[K^~~~~~~~~~~~~[m[K
[4.849s] [01m[K/home/jcbynum2/dev-workspace/src/corobot/map_to_jpeg/src/image_to_map_node.cpp:[m[K In constructor ‘[01m[KMapAsImageProvider::MapAsImageProvider()[m[K’:
[4.849s] [01m[K/home/jcbynum2/dev-workspace/src/corobot/map_to_jpeg/src/image_to_map_node.cpp:68:7:[m[K [01;31m[Kerror: [m[Kclass ‘[01m[KMapAsImageProvider[m[K’ does not have any field named ‘[01m[Kpn_[m[K’
[4.850s]    68 |     : [01;31m[Kpn_[m[K("~")
[4.850s]       |       [01;31m[K^~~[m[K
[4.853s] [01m[K/home/jcbynum2/dev-workspace/src/corobot/map_to_jpeg/src/image_to_map_node.cpp:71:60:[m[K [01;31m[Kerror: [m[K‘[01m[Kn_[m[K’ was not declared in this scope
[4.854s]    71 |     image_transport_ = new image_transport::ImageTransport([01;31m[Kn_[m[K);
[4.854s]       |                                                            [01;31m[K^~[m[K
[4.861s] [01m[K/home/jcbynum2/dev-workspace/src/corobot/map_to_jpeg/src/image_to_map_node.cpp:73:123:[m[K [01;31m[Kerror: [m[Kno matching function for call to ‘[01m[Kimage_transport::ImageTransport::subscribe(const char [14], int, void (MapAsImageProvider::*)(const int&), MapAsImageProvider*)[m[K’
[4.861s]    73 |     image_transport_subscriber_map = image_transport_->subscribe("map_image_raw", 1, &MapAsImageProvider::mapCallback,this[01;31m[K)[m[K;
[4.862s]       |                                                                                                                           [01;31m[K^[m[K
[4.862s] In file included from [01m[K/home/jcbynum2/dev-workspace/src/corobot/map_to_jpeg/src/image_to_map_node.cpp:36[m[K:
[4.862s] [01m[K/opt/ros/foxy/include/image_transport/image_transport.hpp:141:14:[m[K [01;36m[Knote: [m[Kcandidate: ‘[01m[Kimage_transport::Subscriber image_transport::ImageTransport::subscribe(const string&, uint32_t, const Callback&, const VoidPtr&, const image_transport::TransportHints*)[m[K’
[4.863s]   141 |   Subscriber [01;36m[Ksubscribe[m[K(
[4.863s]       |              [01;36m[K^~~~~~~~~[m[K
[4.864s] [01m[K/opt/ros/foxy/include/image_transport/image_transport.hpp:143:34:[m[K [01;36m[Knote: [m[K  no known conversion for argument 3 from ‘[01m[Kvoid (MapAsImageProvider::*)(const int&)[m[K’ to ‘[01m[Kconst Callback&[m[K’ {aka ‘[01m[Kconst std::function<void(const std::shared_ptr<const sensor_msgs::msg::Image_<std::allocator<void> > >&)>&[m[K’}
[4.864s]   143 |     [01;36m[Kconst Subscriber::Callback & callback[m[K,
[4.864s]       |     [01;36m[K~~~~~~~~~~~~~~~~~~~~~~~~~~~~~^~~~~~~~[m[K
[4.865s] [01m[K/opt/ros/foxy/include/image_transport/image_transport.hpp:151:14:[m[K [01;36m[Knote: [m[Kcandidate: ‘[01m[Kimage_transport::Subscriber image_transport::ImageTransport::subscribe(const string&, uint32_t, void (*)(const ImageConstPtr&), const image_transport::TransportHints*)[m[K’
[4.865s]   151 |   Subscriber [01;36m[Ksubscribe[m[K(
[4.866s]       |              [01;36m[K^~~~~~~~~[m[K
[4.866s] [01m[K/opt/ros/foxy/include/image_transport/image_transport.hpp:153:12:[m[K [01;36m[Knote: [m[K  no known conversion for argument 3 from ‘[01m[Kvoid (MapAsImageProvider::*)(const int&)[m[K’ to ‘[01m[Kvoid (*)(const ImageConstPtr&)[m[K’ {aka ‘[01m[Kvoid (*)(const std::shared_ptr<const sensor_msgs::msg::Image_<std::allocator<void> > >&)[m[K’}
[4.867s]   153 |     [01;36m[Kvoid (*fp)(const ImageConstPtr &)[m[K,
[4.867s]       |     [01;36m[K~~~~~~~^~~~~~~~~~~~~~~~~~~~~~~~~~[m[K
[4.867s] [01m[K/opt/ros/foxy/include/image_transport/image_transport.hpp:165:14:[m[K [01;36m[Knote: [m[Kcandidate: ‘[01m[Ktemplate<class T> image_transport::Subscriber image_transport::ImageTransport::subscribe(const string&, uint32_t, void (T::*)(const ImageConstPtr&), T*, const image_transport::TransportHints*)[m[K’
[4.868s]   165 |   Subscriber [01;36m[Ksubscribe[m[K(
[4.868s]       |              [01;36m[K^~~~~~~~~[m[K
[4.869s] [01m[K/opt/ros/foxy/include/image_transport/image_transport.hpp:165:14:[m[K [01;36m[Knote: [m[K  template argument deduction/substitution failed:
[4.869s] [01m[K/home/jcbynum2/dev-workspace/src/corobot/map_to_jpeg/src/image_to_map_node.cpp:73:123:[m[K [01;36m[Knote: [m[K  mismatched types ‘[01m[Kconst ImageConstPtr[m[K’ {aka ‘[01m[Kconst std::shared_ptr<const sensor_msgs::msg::Image_<std::allocator<void> > >[m[K’} and ‘[01m[Kconst int[m[K’
[4.869s]    73 |     image_transport_subscriber_map = image_transport_->subscribe("map_image_raw", 1, &MapAsImageProvider::mapCallback,this[01;36m[K)[m[K;
[4.870s]       |                                                                                                                           [01;36m[K^[m[K
[4.870s] In file included from [01m[K/home/jcbynum2/dev-workspace/src/corobot/map_to_jpeg/src/image_to_map_node.cpp:36[m[K:
[4.871s] [01m[K/opt/ros/foxy/include/image_transport/image_transport.hpp:178:14:[m[K [01;36m[Knote: [m[Kcandidate: ‘[01m[Ktemplate<class T> image_transport::Subscriber image_transport::ImageTransport::subscribe(const string&, uint32_t, void (T::*)(const ImageConstPtr&), const std::shared_ptr<_Tp>&, const image_transport::TransportHints*)[m[K’
[4.871s]   178 |   Subscriber [01;36m[Ksubscribe[m[K(
[4.871s]       |              [01;36m[K^~~~~~~~~[m[K
[4.872s] [01m[K/opt/ros/foxy/include/image_transport/image_transport.hpp:178:14:[m[K [01;36m[Knote: [m[K  template argument deduction/substitution failed:
[4.872s] [01m[K/home/jcbynum2/dev-workspace/src/corobot/map_to_jpeg/src/image_to_map_node.cpp:73:123:[m[K [01;36m[Knote: [m[K  mismatched types ‘[01m[Kconst ImageConstPtr[m[K’ {aka ‘[01m[Kconst std::shared_ptr<const sensor_msgs::msg::Image_<std::allocator<void> > >[m[K’} and ‘[01m[Kconst int[m[K’
[4.873s]    73 |     image_transport_subscriber_map = image_transport_->subscribe("map_image_raw", 1, &MapAsImageProvider::mapCallback,this[01;36m[K)[m[K;
[4.873s]       |                                                                                                                           [01;36m[K^[m[K
[4.873s] [01m[K/home/jcbynum2/dev-workspace/src/corobot/map_to_jpeg/src/image_to_map_node.cpp:75:5:[m[K [01;31m[Kerror: [m[K‘[01m[Kmap_publisher[m[K’ was not declared in this scope; did you mean ‘[01m[Krcl_publish[m[K’?
[4.874s]    75 |     [01;31m[Kmap_publisher[m[K = n_.advertise<nav_msgs::OccupancyGrid>("/map_from_jpeg", 50);
[4.874s]       |     [01;31m[K^~~~~~~~~~~~~[m[K
[4.875s]       |     [32m[Krcl_publish[m[K
[4.878s] In file included from [01m[K/home/jcbynum2/dev-workspace/src/corobot/map_to_jpeg/src/image_to_map_node.cpp:38[m[K:
[4.879s] [01m[K/home/jcbynum2/dev-workspace/src/corobot/map_to_jpeg/include/HectorMapTools.h:37:19:[m[K [01;31m[Kerror: [m[K‘[01m[K::OccupancyGridConstrPtr[m[K’ has not been declared
[4.879s]    37 | #define nav_msgs::[01;31m[KOccupancyGridConstrPtr[m[K nav_msgs::msg:OccupancyGrid*
[4.879s]       |                   [01;31m[K^~~~~~~~~~~~~~~~~~~~~~[m[K
[4.880s] [01m[K/home/jcbynum2/dev-workspace/src/corobot/map_to_jpeg/src/image_to_map_node.cpp:75:34:[m[K [01;36m[Knote: [m[Kin expansion of macro ‘[01m[Knav_msgs[m[K’
[4.880s]    75 |     map_publisher = n_.advertise<[01;36m[Knav_msgs[m[K::OccupancyGrid>("/map_from_jpeg", 50);
[4.881s]       |                                  [01;36m[K^~~~~~~~[m[K
[4.884s] [01m[K/home/jcbynum2/dev-workspace/src/corobot/map_to_jpeg/src/image_to_map_node.cpp:78:5:[m[K [01;31m[Kerror: [m[K‘[01m[KROS_INFO[m[K’ was not declared in this scope
[4.884s]    78 |     [01;31m[KROS_INFO[m[K("Image to Map node started.");
[4.885s]       |     [01;31m[K^~~~~~~~[m[K
[4.896s] In file included from [01m[K/home/jcbynum2/dev-workspace/src/corobot/map_to_jpeg/src/image_to_map_node.cpp:38[m[K:
[4.896s] [01m[K/home/jcbynum2/dev-workspace/src/corobot/map_to_jpeg/src/image_to_map_node.cpp:[m[K In member function ‘[01m[Kvoid MapAsImageProvider::mapCallback(const int&)[m[K’:
[4.896s] [01m[K/home/jcbynum2/dev-workspace/src/corobot/map_to_jpeg/include/HectorMapTools.h:37:19:[m[K [01;31m[Kerror: [m[K‘[01m[K::OccupancyGridConstrPtr[m[K’ has not been declared
[4.897s]    37 | #define nav_msgs::[01;31m[KOccupancyGridConstrPtr[m[K nav_msgs::msg:OccupancyGrid*
[4.897s]       |                   [01;31m[K^~~~~~~~~~~~~~~~~~~~~~[m[K
[4.898s] [01m[K/home/jcbynum2/dev-workspace/src/corobot/map_to_jpeg/src/image_to_map_node.cpp:91:5:[m[K [01;36m[Knote: [m[Kin expansion of macro ‘[01m[Knav_msgs[m[K’
[4.898s]    91 |     [01;36m[Knav_msgs[m[K::OccupancyGrid map;
[4.899s]       |     [01;36m[K^~~~~~~~[m[K
[4.899s] [01m[K/home/jcbynum2/dev-workspace/src/corobot/map_to_jpeg/src/image_to_map_node.cpp:93:8:[m[K [01;31m[Kerror: [m[Kmissing template arguments before ‘[01m[K.[m[K’ token
[4.899s]    93 |     map[01;31m[K.[m[Kheader.stamp = image->header.stamp;
[4.900s]       |        [01;31m[K^[m[K
[4.900s] [01m[K/home/jcbynum2/dev-workspace/src/corobot/map_to_jpeg/src/image_to_map_node.cpp:93:29:[m[K [01;31m[Kerror: [m[Kbase operand of ‘[01m[K->[m[K’ is not a pointer
[4.901s]    93 |     map.header.stamp = image[01;31m[K->[m[Kheader.stamp;
[4.901s]       |                             [01;31m[K^~[m[K
[4.901s] [01m[K/home/jcbynum2/dev-workspace/src/corobot/map_to_jpeg/src/image_to_map_node.cpp:94:8:[m[K [01;31m[Kerror: [m[Kmissing template arguments before ‘[01m[K.[m[K’ token
[4.902s]    94 |     map[01;31m[K.[m[Kheader.frame_id = "map";
[4.902s]       |        [01;31m[K^[m[K
[4.903s] [01m[K/home/jcbynum2/dev-workspace/src/corobot/map_to_jpeg/src/image_to_map_node.cpp:95:8:[m[K [01;31m[Kerror: [m[Kmissing template arguments before ‘[01m[K.[m[K’ token
[4.903s]    95 |     map[01;31m[K.[m[Kinfo.width = image->width;
[4.904s]       |        [01;31m[K^[m[K
[4.904s] [01m[K/home/jcbynum2/dev-workspace/src/corobot/map_to_jpeg/src/image_to_map_node.cpp:95:27:[m[K [01;31m[Kerror: [m[Kbase operand of ‘[01m[K->[m[K’ is not a pointer
[4.904s]    95 |     map.info.width = image[01;31m[K->[m[Kwidth;
[4.905s]       |                           [01;31m[K^~[m[K
[4.905s] [01m[K/home/jcbynum2/dev-workspace/src/corobot/map_to_jpeg/src/image_to_map_node.cpp:96:8:[m[K [01;31m[Kerror: [m[Kmissing template arguments before ‘[01m[K.[m[K’ token
[4.906s]    96 |     map[01;31m[K.[m[Kinfo.height = image->height;
[4.906s]       |        [01;31m[K^[m[K
[4.907s] [01m[K/home/jcbynum2/dev-workspace/src/corobot/map_to_jpeg/src/image_to_map_node.cpp:96:28:[m[K [01;31m[Kerror: [m[Kbase operand of ‘[01m[K->[m[K’ is not a pointer
[4.907s]    96 |     map.info.height = image[01;31m[K->[m[Kheight;
[4.907s]       |                            [01;31m[K^~[m[K
[4.908s] [01m[K/home/jcbynum2/dev-workspace/src/corobot/map_to_jpeg/src/image_to_map_node.cpp:97:8:[m[K [01;31m[Kerror: [m[Kmissing template arguments before ‘[01m[K.[m[K’ token
[4.908s]    97 |     map[01;31m[K.[m[Kinfo.origin.orientation.w = 1;
[4.908s]       |        [01;31m[K^[m[K
[4.909s] [01m[K/home/jcbynum2/dev-workspace/src/corobot/map_to_jpeg/src/image_to_map_node.cpp:98:8:[m[K [01;31m[Kerror: [m[Kmissing template arguments before ‘[01m[K.[m[K’ token
[4.909s]    98 |     map[01;31m[K.[m[Kinfo.resolution = resolution;
[4.909s]       |        [01;31m[K^[m[K
[4.910s] [01m[K/home/jcbynum2/dev-workspace/src/corobot/map_to_jpeg/src/image_to_map_node.cpp:99:8:[m[K [01;31m[Kerror: [m[Kmissing template arguments before ‘[01m[K.[m[K’ token
[4.910s]    99 |     map[01;31m[K.[m[Kinfo.origin.position.x = -((image->width + 1) * map.info.resolution * 0.5f);
[4.911s]       |        [01;31m[K^[m[K
[4.911s] [01m[K/home/jcbynum2/dev-workspace/src/corobot/map_to_jpeg/src/image_to_map_node.cpp:99:42:[m[K [01;31m[Kerror: [m[Kbase operand of ‘[01m[K->[m[K’ is not a pointer
[4.911s]    99 |     map.info.origin.position.x = -((image[01;31m[K->[m[Kwidth + 1) * map.info.resolution * 0.5f);
[4.912s]       |                                          [01;31m[K^~[m[K
[4.912s] [01m[K/home/jcbynum2/dev-workspace/src/corobot/map_to_jpeg/src/image_to_map_node.cpp:99:60:[m[K [01;31m[Kerror: [m[Kmissing template arguments before ‘[01m[K.[m[K’ token
[4.912s]    99 |     map.info.origin.position.x = -((image->width + 1) * map[01;31m[K.[m[Kinfo.resolution * 0.5f);
[4.913s]       |                                                            [01;31m[K^[m[K
[4.913s] [01m[K/home/jcbynum2/dev-workspace/src/corobot/map_to_jpeg/src/image_to_map_node.cpp:100:8:[m[K [01;31m[Kerror: [m[Kmissing template arguments before ‘[01m[K.[m[K’ token
[4.913s]   100 |     map[01;31m[K.[m[Kinfo.origin.position.y = -((image->height + 1) * map.info.resolution * 0.5f);
[4.914s]       |        [01;31m[K^[m[K
[4.914s] [01m[K/home/jcbynum2/dev-workspace/src/corobot/map_to_jpeg/src/image_to_map_node.cpp:100:42:[m[K [01;31m[Kerror: [m[Kbase operand of ‘[01m[K->[m[K’ is not a pointer
[4.915s]   100 |     map.info.origin.position.y = -((image[01;31m[K->[m[Kheight + 1) * map.info.resolution * 0.5f);
[4.915s]       |                                          [01;31m[K^~[m[K
[4.915s] [01m[K/home/jcbynum2/dev-workspace/src/corobot/map_to_jpeg/src/image_to_map_node.cpp:100:61:[m[K [01;31m[Kerror: [m[Kmissing template arguments before ‘[01m[K.[m[K’ token
[4.916s]   100 |     map.info.origin.position.y = -((image->height + 1) * map[01;31m[K.[m[Kinfo.resolution * 0.5f);
[4.916s]       |                                                             [01;31m[K^[m[K
[4.916s] [01m[K/home/jcbynum2/dev-workspace/src/corobot/map_to_jpeg/src/image_to_map_node.cpp:104:20:[m[K [01;31m[Kerror: [m[Kbase operand of ‘[01m[K->[m[K’ is not a pointer
[4.917s]   104 |     for(int i=image[01;31m[K->[m[Kheight -1; i>=0; i--)
[4.917s]       |                    [01;31m[K^~[m[K
[4.918s] [01m[K/home/jcbynum2/dev-workspace/src/corobot/map_to_jpeg/src/image_to_map_node.cpp:106:32:[m[K [01;31m[Kerror: [m[Kbase operand of ‘[01m[K->[m[K’ is not a pointer
[4.918s]   106 |  for (unsigned int j=0; j<image[01;31m[K->[m[Kwidth;j++)
[4.918s]       |                                [01;31m[K^~[m[K
[4.919s] [01m[K/home/jcbynum2/dev-workspace/src/corobot/map_to_jpeg/src/image_to_map_node.cpp:108:18:[m[K [01;31m[Kerror: [m[Kbase operand of ‘[01m[K->[m[K’ is not a pointer
[4.919s]   108 |      data = image[01;31m[K->[m[Kdata[i*image->width + j];
[4.920s]       |                  [01;31m[K^~[m[K
[4.920s] [01m[K/home/jcbynum2/dev-workspace/src/corobot/map_to_jpeg/src/image_to_map_node.cpp:108:32:[m[K [01;31m[Kerror: [m[Kbase operand of ‘[01m[K->[m[K’ is not a pointer
[4.920s]   108 |      data = image->data[i*image[01;31m[K->[m[Kwidth + j];
[4.921s]       |                                [01;31m[K^~[m[K
[4.921s] [01m[K/home/jcbynum2/dev-workspace/src/corobot/map_to_jpeg/src/image_to_map_node.cpp:110:10:[m[K [01;31m[Kerror: [m[Kmissing template arguments before ‘[01m[K.[m[K’ token
[4.922s]   110 |       map[01;31m[K.[m[Kdata.push_back(-1);
[4.922s]       |          [01;31m[K^[m[K
[4.922s] [01m[K/home/jcbynum2/dev-workspace/src/corobot/map_to_jpeg/src/image_to_map_node.cpp:113:6:[m[K [01;31m[Kerror: [m[Kmissing template arguments before ‘[01m[K.[m[K’ token
[4.923s]   113 |   map[01;31m[K.[m[Kdata.push_back(0);
[4.923s]       |      [01;31m[K^[m[K
[4.924s] [01m[K/home/jcbynum2/dev-workspace/src/corobot/map_to_jpeg/src/image_to_map_node.cpp:116:6:[m[K [01;31m[Kerror: [m[Kmissing template arguments before ‘[01m[K.[m[K’ token
[4.924s]   116 |   map[01;31m[K.[m[Kdata.push_back(100);
[4.924s]       |      [01;31m[K^[m[K
[4.925s] [01m[K/home/jcbynum2/dev-workspace/src/corobot/map_to_jpeg/src/image_to_map_node.cpp:120:5:[m[K [01;31m[Kerror: [m[K‘[01m[Kmap_publisher[m[K’ was not declared in this scope; did you mean ‘[01m[Krcl_publish[m[K’?
[4.925s]   120 |     [01;31m[Kmap_publisher[m[K.publish(map);
[4.925s]       |     [01;31m[K^~~~~~~~~~~~~[m[K
[4.926s]       |     [32m[Krcl_publish[m[K
[4.926s] [01m[K/home/jcbynum2/dev-workspace/src/corobot/map_to_jpeg/src/image_to_map_node.cpp:120:30:[m[K [01;31m[Kerror: [m[Kmissing template arguments before ‘[01m[K)[m[K’ token
[4.927s]   120 |     map_publisher.publish(map[01;31m[K)[m[K;
[4.927s]       |                              [01;31m[K^[m[K
[4.927s] [01m[K/home/jcbynum2/dev-workspace/src/corobot/map_to_jpeg/src/image_to_map_node.cpp:[m[K In function ‘[01m[Kint main(int, char**)[m[K’:
[4.928s] [01m[K/home/jcbynum2/dev-workspace/src/corobot/map_to_jpeg/src/image_to_map_node.cpp:127:3:[m[K [01;31m[Kerror: [m[K‘[01m[Kros[m[K’ has not been declared
[4.928s]   127 |   [01;31m[Kros[m[K::init(argc, argv, "image_to_map_node");
[4.928s]       |   [01;31m[K^~~[m[K
[4.929s] [01m[K/home/jcbynum2/dev-workspace/src/corobot/map_to_jpeg/src/image_to_map_node.cpp:129:3:[m[K [01;31m[Kerror: [m[K‘[01m[Kros[m[K’ has not been declared
[4.929s]   129 |   [01;31m[Kros[m[K::NodeHandle nh("~");
[4.929s]       |   [01;31m[K^~~[m[K
[4.930s] [01m[K/home/jcbynum2/dev-workspace/src/corobot/map_to_jpeg/src/image_to_map_node.cpp:130:3:[m[K [01;31m[Kerror: [m[K‘[01m[Knh[m[K’ was not declared in this scope
[4.930s]   130 |   [01;31m[Knh[m[K.param("resolution", resolution, 0.05);
[4.931s]       |   [01;31m[K^~[m[K
[4.931s] [01m[K/home/jcbynum2/dev-workspace/src/corobot/map_to_jpeg/src/image_to_map_node.cpp:135:3:[m[K [01;31m[Kerror: [m[K‘[01m[Kros[m[K’ has not been declared
[4.931s]   135 |   [01;31m[Kros[m[K::spin();
[4.932s]       |   [01;31m[K^~~[m[K
[5.183s] In file included from [01m[K/home/jcbynum2/dev-workspace/src/corobot/map_to_jpeg/src/map_to_image_node.cpp:42[m[K:
[5.183s] [01m[K/home/jcbynum2/dev-workspace/src/corobot/map_to_jpeg/include/HectorMapTools.h:37:19:[m[K [01;31m[Kerror: [m[K‘[01m[KOccupancyGridConstrPtr[m[K’ in namespace ‘[01m[K::[m[K’ does not name a type
[5.184s]    37 | #define nav_msgs::[01;31m[KOccupancyGridConstrPtr[m[K nav_msgs::msg:OccupancyGrid*
[5.184s]       |                   [01;31m[K^~~~~~~~~~~~~~~~~~~~~~[m[K
[5.184s] [01m[K/home/jcbynum2/dev-workspace/src/corobot/map_to_jpeg/include/HectorMapTools.h:37:19:[m[K [01;36m[Knote: [m[Kin definition of macro ‘[01m[Knav_msgs[m[K’
[5.185s]    37 | #define nav_msgs::[01;36m[KOccupancyGridConstrPtr[m[K nav_msgs::msg:OccupancyGrid*
[5.185s]       |                   [01;36m[K^~~~~~~~~~~~~~~~~~~~~~[m[K
[5.186s] [01m[K/home/jcbynum2/dev-workspace/src/corobot/map_to_jpeg/include/HectorMapTools.h:37:50:[m[K [01;31m[Kerror: [m[Kexpected ‘[01m[K,[m[K’ or ‘[01m[K...[m[K’ before ‘[01m[K::[m[K’ token
[5.186s]    37 | #define nav_msgs::OccupancyGridConstrPtr nav_msgs[01;31m[K::[m[Kmsg:OccupancyGrid*
[5.186s]       |                                                  [01;31m[K^~[m[K
[5.187s] [01m[K/home/jcbynum2/dev-workspace/src/corobot/map_to_jpeg/include/HectorMapTools.h:37:50:[m[K [01;36m[Knote: [m[Kin definition of macro ‘[01m[Knav_msgs[m[K’
[5.188s]    37 | #define nav_msgs::OccupancyGridConstrPtr nav_msgs[01;36m[K::[m[Kmsg:OccupancyGrid*
[5.188s]       |                                                  [01;36m[K^~[m[K
[5.189s] [01m[K/home/jcbynum2/dev-workspace/src/corobot/map_to_jpeg/include/HectorMapTools.h:37:19:[m[K [01;31m[Kerror: [m[K‘[01m[KOccupancyGridConstrPtr[m[K’ in namespace ‘[01m[K::[m[K’ does not name a type
[5.189s]    37 | #define nav_msgs::[01;31m[KOccupancyGridConstrPtr[m[K nav_msgs::msg:OccupancyGrid*
[5.189s]       |                   [01;31m[K^~~~~~~~~~~~~~~~~~~~~~[m[K
[5.190s] [01m[K/home/jcbynum2/dev-workspace/src/corobot/map_to_jpeg/include/HectorMapTools.h:37:19:[m[K [01;36m[Knote: [m[Kin definition of macro ‘[01m[Knav_msgs[m[K’
[5.190s]    37 | #define nav_msgs::[01;36m[KOccupancyGridConstrPtr[m[K nav_msgs::msg:OccupancyGrid*
[5.191s]       |                   [01;36m[K^~~~~~~~~~~~~~~~~~~~~~[m[K
[5.191s] [01m[K/home/jcbynum2/dev-workspace/src/corobot/map_to_jpeg/include/HectorMapTools.h:37:50:[m[K [01;31m[Kerror: [m[Kexpected ‘[01m[K,[m[K’ or ‘[01m[K...[m[K’ before ‘[01m[K::[m[K’ token
[5.192s]    37 | #define nav_msgs::OccupancyGridConstrPtr nav_msgs[01;31m[K::[m[Kmsg:OccupancyGrid*
[5.192s]       |                                                  [01;31m[K^~[m[K
[5.192s] [01m[K/home/jcbynum2/dev-workspace/src/corobot/map_to_jpeg/include/HectorMapTools.h:37:50:[m[K [01;36m[Knote: [m[Kin definition of macro ‘[01m[Knav_msgs[m[K’
[5.193s]    37 | #define nav_msgs::OccupancyGridConstrPtr nav_msgs[01;36m[K::[m[Kmsg:OccupancyGrid*
[5.193s]       |                                                  [01;36m[K^~[m[K
[5.193s] [01m[K/home/jcbynum2/dev-workspace/src/corobot/map_to_jpeg/include/HectorMapTools.h:37:19:[m[K [01;31m[Kerror: [m[K‘[01m[KOccupancyGridConstrPtr[m[K’ in namespace ‘[01m[K::[m[K’ does not name a type
[5.194s]    37 | #define nav_msgs::[01;31m[KOccupancyGridConstrPtr[m[K nav_msgs::msg:OccupancyGrid*
[5.194s]       |                   [01;31m[K^~~~~~~~~~~~~~~~~~~~~~[m[K
[5.195s] [01m[K/home/jcbynum2/dev-workspace/src/corobot/map_to_jpeg/include/HectorMapTools.h:37:19:[m[K [01;36m[Knote: [m[Kin definition of macro ‘[01m[Knav_msgs[m[K’
[5.195s]    37 | #define nav_msgs::[01;36m[KOccupancyGridConstrPtr[m[K nav_msgs::msg:OccupancyGrid*
[5.195s]       |                   [01;36m[K^~~~~~~~~~~~~~~~~~~~~~[m[K
[5.196s] [01m[K/home/jcbynum2/dev-workspace/src/corobot/map_to_jpeg/include/HectorMapTools.h:37:50:[m[K [01;31m[Kerror: [m[Kexpected ‘[01m[K,[m[K’ or ‘[01m[K...[m[K’ before ‘[01m[K::[m[K’ token
[5.196s]    37 | #define nav_msgs::OccupancyGridConstrPtr nav_msgs[01;31m[K::[m[Kmsg:OccupancyGrid*
[5.197s]       |                                                  [01;31m[K^~[m[K
[5.197s] [01m[K/home/jcbynum2/dev-workspace/src/corobot/map_to_jpeg/include/HectorMapTools.h:37:50:[m[K [01;36m[Knote: [m[Kin definition of macro ‘[01m[Knav_msgs[m[K’
[5.197s]    37 | #define nav_msgs::OccupancyGridConstrPtr nav_msgs[01;36m[K::[m[Kmsg:OccupancyGrid*
[5.198s]       |                                                  [01;36m[K^~[m[K
[5.198s] [01m[K/home/jcbynum2/dev-workspace/src/corobot/map_to_jpeg/include/HectorMapTools.h:62:10:[m[K [01;31m[Kerror: [m[K‘[01m[Kvoid HectorMapTools::CoordinateTransformer<ConcreteScalar>::setTransforms(int)[m[K’ cannot be overloaded with ‘[01m[Kvoid HectorMapTools::CoordinateTransformer<ConcreteScalar>::setTransforms(int)[m[K’
[5.199s]    62 |     void [01;31m[KsetTransforms[m[K(const nav_msgs::MapMetaData& meta)
[5.199s]       |          [01;31m[K^~~~~~~~~~~~~[m[K
[5.200s] [01m[K/home/jcbynum2/dev-workspace/src/corobot/map_to_jpeg/include/HectorMapTools.h:57:10:[m[K [01;36m[Knote: [m[Kprevious declaration ‘[01m[Kvoid HectorMapTools::CoordinateTransformer<ConcreteScalar>::setTransforms(int)[m[K’
[5.200s]    57 |     void [01;36m[KsetTransforms[m[K(const nav_msgs::OccupancyGrid& map)
[5.200s]       |          [01;36m[K^~~~~~~~~~~~~[m[K
[5.201s] [01m[K/home/jcbynum2/dev-workspace/src/corobot/map_to_jpeg/include/HectorMapTools.h:37:19:[m[K [01;31m[Kerror: [m[K‘[01m[KOccupancyGridConstrPtr[m[K’ in namespace ‘[01m[K::[m[K’ does not name a type
[5.201s]    37 | #define nav_msgs::[01;31m[KOccupancyGridConstrPtr[m[K nav_msgs::msg:OccupancyGrid*
[5.201s]       |                   [01;31m[K^~~~~~~~~~~~~~~~~~~~~~[m[K
[5.202s] [01m[K/home/jcbynum2/dev-workspace/src/corobot/map_to_jpeg/include/HectorMapTools.h:37:19:[m[K [01;36m[Knote: [m[Kin definition of macro ‘[01m[Knav_msgs[m[K’
[5.202s]    37 | #define nav_msgs::[01;36m[KOccupancyGridConstrPtr[m[K nav_msgs::msg:OccupancyGrid*
[5.203s]       |                   [01;36m[K^~~~~~~~~~~~~~~~~~~~~~[m[K
[5.203s] [01m[K/home/jcbynum2/dev-workspace/src/corobot/map_to_jpeg/include/HectorMapTools.h:37:50:[m[K [01;31m[Kerror: [m[Kexpected ‘[01m[K,[m[K’ or ‘[01m[K...[m[K’ before ‘[01m[K::[m[K’ token
[5.204s]    37 | #define nav_msgs::OccupancyGridConstrPtr nav_msgs[01;31m[K::[m[Kmsg:OccupancyGrid*
[5.204s]       |                                                  [01;31m[K^~[m[K
[5.204s] [01m[K/home/jcbynum2/dev-workspace/src/corobot/map_to_jpeg/include/HectorMapTools.h:37:50:[m[K [01;36m[Knote: [m[Kin definition of macro ‘[01m[Knav_msgs[m[K’
[5.205s]    37 | #define nav_msgs::OccupancyGridConstrPtr nav_msgs[01;36m[K::[m[Kmsg:OccupancyGrid*
[5.205s]       |                                                  [01;36m[K^~[m[K
[5.247s] [01m[K/home/jcbynum2/dev-workspace/src/corobot/map_to_jpeg/include/HectorMapTools.h:37:19:[m[K [01;31m[Kerror: [m[K‘[01m[KOccupancyGridConstrPtr[m[K’ in namespace ‘[01m[K::[m[K’ does not name a type
[5.247s]    37 | #define nav_msgs::[01;31m[KOccupancyGridConstrPtr[m[K nav_msgs::msg:OccupancyGrid*
[5.247s]       |                   [01;31m[K^~~~~~~~~~~~~~~~~~~~~~[m[K
[5.248s] [01m[K/home/jcbynum2/dev-workspace/src/corobot/map_to_jpeg/include/HectorMapTools.h:37:19:[m[K [01;36m[Knote: [m[Kin definition of macro ‘[01m[Knav_msgs[m[K’
[5.249s]    37 | #define nav_msgs::[01;36m[KOccupancyGridConstrPtr[m[K nav_msgs::msg:OccupancyGrid*
[5.251s]       |                   [01;36m[K^~~~~~~~~~~~~~~~~~~~~~[m[K
[5.251s] [01m[K/home/jcbynum2/dev-workspace/src/corobot/map_to_jpeg/include/HectorMapTools.h:37:19:[m[K [01;31m[Kerror: [m[K‘[01m[KOccupancyGridConstrPtr[m[K’ in namespace ‘[01m[K::[m[K’ does not name a type
[5.252s]    37 | #define nav_msgs::[01;31m[KOccupancyGridConstrPtr[m[K nav_msgs::msg:OccupancyGrid*
[5.252s]       |                   [01;31m[K^~~~~~~~~~~~~~~~~~~~~~[m[K
[5.256s] [01m[K/home/jcbynum2/dev-workspace/src/corobot/map_to_jpeg/include/HectorMapTools.h:37:19:[m[K [01;36m[Knote: [m[Kin definition of macro ‘[01m[Knav_msgs[m[K’
[5.256s]    37 | #define nav_msgs::[01;36m[KOccupancyGridConstrPtr[m[K nav_msgs::msg:OccupancyGrid*
[5.257s]       |                   [01;36m[K^~~~~~~~~~~~~~~~~~~~~~[m[K
[5.257s] [01m[K/home/jcbynum2/dev-workspace/src/corobot/map_to_jpeg/include/HectorMapTools.h:37:50:[m[K [01;31m[Kerror: [m[Kexpected ‘[01m[K,[m[K’ or ‘[01m[K...[m[K’ before ‘[01m[K::[m[K’ token
[5.258s]    37 | #define nav_msgs::OccupancyGridConstrPtr nav_msgs[01;31m[K::[m[Kmsg:OccupancyGrid*
[5.258s]       |                                                  [01;31m[K^~[m[K
[5.258s] [01m[K/home/jcbynum2/dev-workspace/src/corobot/map_to_jpeg/include/HectorMapTools.h:37:50:[m[K [01;36m[Knote: [m[Kin definition of macro ‘[01m[Knav_msgs[m[K’
[5.259s]    37 | #define nav_msgs::OccupancyGridConstrPtr nav_msgs[01;36m[K::[m[Kmsg:OccupancyGrid*
[5.259s]       |                                                  [01;36m[K^~[m[K
[5.260s] [01m[K/home/jcbynum2/dev-workspace/src/corobot/map_to_jpeg/include/HectorMapTools.h:[m[K In constructor ‘[01m[KHectorMapTools::CoordinateTransformer<ConcreteScalar>::CoordinateTransformer(int)[m[K’:
[5.260s] [01m[K/home/jcbynum2/dev-workspace/src/corobot/map_to_jpeg/include/HectorMapTools.h:53:28:[m[K [01;31m[Kerror: [m[K‘[01m[Kmap[m[K’ was not declared in this scope; did you mean ‘[01m[Kstd::map[m[K’?
[5.261s]    53 |       this->setTransforms(*[01;31m[Kmap[m[K);
[5.261s]       |                            [01;31m[K^~~[m[K
[5.261s]       |                            [32m[Kstd::map[m[K
[5.262s] In file included from [01m[K/usr/include/c++/9/map:61[m[K,
[5.262s]                  from [01m[K/opt/ros/foxy/include/rclcpp/client.hpp:20[m[K,
[5.263s]                  from [01m[K/opt/ros/foxy/include/rclcpp/callback_group.hpp:23[m[K,
[5.263s]                  from [01m[K/opt/ros/foxy/include/rclcpp/any_executable.hpp:20[m[K,
[5.263s]                  from [01m[K/opt/ros/foxy/include/rclcpp/memory_strategy.hpp:24[m[K,
[5.264s]                  from [01m[K/opt/ros/foxy/include/rclcpp/memory_strategies.hpp:18[m[K,
[5.264s]                  from [01m[K/opt/ros/foxy/include/rclcpp/executor_options.hpp:20[m[K,
[5.264s]                  from [01m[K/opt/ros/foxy/include/rclcpp/executor.hpp:33[m[K,
[5.265s]                  from [01m[K/opt/ros/foxy/include/rclcpp/executors/multi_threaded_executor.hpp:26[m[K,
[5.265s]                  from [01m[K/opt/ros/foxy/include/rclcpp/executors.hpp:21[m[K,
[5.266s]                  from [01m[K/opt/ros/foxy/include/rclcpp/rclcpp.hpp:146[m[K,
[5.266s]                  from [01m[K/home/jcbynum2/dev-workspace/src/corobot/map_to_jpeg/src/map_to_image_node.cpp:29[m[K:
[5.266s] [01m[K/usr/include/c++/9/bits/stl_map.h:100:11:[m[K [01;36m[Knote: [m[K‘[01m[Kstd::map[m[K’ declared here
[5.267s]   100 |     class [01;36m[Kmap[m[K
[5.267s]       |           [01;36m[K^~~[m[K
[5.268s] In file included from [01m[K/home/jcbynum2/dev-workspace/src/corobot/map_to_jpeg/src/map_to_image_node.cpp:42[m[K:
[5.268s] [01m[K/home/jcbynum2/dev-workspace/src/corobot/map_to_jpeg/include/HectorMapTools.h:[m[K In member function ‘[01m[Kvoid HectorMapTools::CoordinateTransformer<ConcreteScalar>::setTransforms(int)[m[K’:
[5.269s] [01m[K/home/jcbynum2/dev-workspace/src/corobot/map_to_jpeg/include/HectorMapTools.h:59:27:[m[K [01;31m[Kerror: [m[K‘[01m[Kmap[m[K’ was not declared in this scope; did you mean ‘[01m[Kstd::map[m[K’?
[5.269s]    59 |       this->setTransforms([01;31m[Kmap[m[K.info);
[5.270s]       |                           [01;31m[K^~~[m[K
[5.270s]       |                           [32m[Kstd::map[m[K
[5.271s] In file included from [01m[K/usr/include/c++/9/map:61[m[K,
[5.271s]                  from [01m[K/opt/ros/foxy/include/rclcpp/client.hpp:20[m[K,
[5.271s]                  from [01m[K/opt/ros/foxy/include/rclcpp/callback_group.hpp:23[m[K,
[5.272s]                  from [01m[K/opt/ros/foxy/include/rclcpp/any_executable.hpp:20[m[K,
[5.272s]                  from [01m[K/opt/ros/foxy/include/rclcpp/memory_strategy.hpp:24[m[K,
[5.272s]                  from [01m[K/opt/ros/foxy/include/rclcpp/memory_strategies.hpp:18[m[K,
[5.273s]                  from [01m[K/opt/ros/foxy/include/rclcpp/executor_options.hpp:20[m[K,
[5.273s]                  from [01m[K/opt/ros/foxy/include/rclcpp/executor.hpp:33[m[K,
[5.274s]                  from [01m[K/opt/ros/foxy/include/rclcpp/executors/multi_threaded_executor.hpp:26[m[K,
[5.274s]                  from [01m[K/opt/ros/foxy/include/rclcpp/executors.hpp:21[m[K,
[5.274s]                  from [01m[K/opt/ros/foxy/include/rclcpp/rclcpp.hpp:146[m[K,
[5.275s]                  from [01m[K/home/jcbynum2/dev-workspace/src/corobot/map_to_jpeg/src/map_to_image_node.cpp:29[m[K:
[5.275s] [01m[K/usr/include/c++/9/bits/stl_map.h:100:11:[m[K [01;36m[Knote: [m[K‘[01m[Kstd::map[m[K’ declared here
[5.276s]   100 |     class [01;36m[Kmap[m[K
[5.276s]       |           [01;36m[K^~~[m[K
[5.276s] In file included from [01m[K/home/jcbynum2/dev-workspace/src/corobot/map_to_jpeg/src/map_to_image_node.cpp:42[m[K:
[5.277s] [01m[K/home/jcbynum2/dev-workspace/src/corobot/map_to_jpeg/include/HectorMapTools.h:[m[K In member function ‘[01m[Kvoid HectorMapTools::CoordinateTransformer<ConcreteScalar>::setTransforms(int)[m[K’:
[5.277s] [01m[K/home/jcbynum2/dev-workspace/src/corobot/map_to_jpeg/include/HectorMapTools.h:64:81:[m[K [01;31m[Kerror: [m[K‘[01m[Kmeta[m[K’ was not declared in this scope
[5.277s]    64 |       origo_ = (Eigen::Matrix<ConcreteScalar, 2, 1>(static_cast<ConcreteScalar>([01;31m[Kmeta[m[K.origin.position.x),static_cast<ConcreteScalar>(meta.origin.position.y)));
[5.278s]       |                                                                                 [01;31m[K^~~~[m[K
[5.278s] In file included from [01m[K/home/jcbynum2/dev-workspace/src/corobot/map_to_jpeg/src/map_to_image_node.cpp:42[m[K:
[5.279s] [01m[K/home/jcbynum2/dev-workspace/src/corobot/map_to_jpeg/include/HectorMapTools.h:[m[K In member function ‘[01m[Kvoid HectorMapTools::DistanceMeasurementProvider::setMap(int)[m[K’:
[5.279s] [01m[K/home/jcbynum2/dev-workspace/src/corobot/map_to_jpeg/include/HectorMapTools.h:130:7:[m[K [01;31m[Kerror: [m[K‘[01m[Kmap_ptr_[m[K’ was not declared in this scope
[5.280s]   130 |       [01;31m[Kmap_ptr_[m[K = map;
[5.280s]       |       [01;31m[K^~~~~~~~[m[K
[5.280s] [01m[K/home/jcbynum2/dev-workspace/src/corobot/map_to_jpeg/include/HectorMapTools.h:130:18:[m[K [01;31m[Kerror: [m[K‘[01m[Kmap[m[K’ was not declared in this scope; did you mean ‘[01m[Kstd::map[m[K’?
[5.281s]   130 |       map_ptr_ = [01;31m[Kmap[m[K;
[5.281s]       |                  [01;31m[K^~~[m[K
[5.281s]       |                  [32m[Kstd::map[m[K
[5.282s] In file included from [01m[K/usr/include/c++/9/map:61[m[K,
[5.282s]                  from [01m[K/opt/ros/foxy/include/rclcpp/client.hpp:20[m[K,
[5.283s]                  from [01m[K/opt/ros/foxy/include/rclcpp/callback_group.hpp:23[m[K,
[5.283s]                  from [01m[K/opt/ros/foxy/include/rclcpp/any_executable.hpp:20[m[K,
[5.283s]                  from [01m[K/opt/ros/foxy/include/rclcpp/memory_strategy.hpp:24[m[K,
[5.284s]                  from [01m[K/opt/ros/foxy/include/rclcpp/memory_strategies.hpp:18[m[K,
[5.284s]                  from [01m[K/opt/ros/foxy/include/rclcpp/executor_options.hpp:20[m[K,
[5.284s]                  from [01m[K/opt/ros/foxy/include/rclcpp/executor.hpp:33[m[K,
[5.285s]                  from [01m[K/opt/ros/foxy/include/rclcpp/executors/multi_threaded_executor.hpp:26[m[K,
[5.285s]                  from [01m[K/opt/ros/foxy/include/rclcpp/executors.hpp:21[m[K,
[5.286s]                  from [01m[K/opt/ros/foxy/include/rclcpp/rclcpp.hpp:146[m[K,
[5.286s]                  from [01m[K/home/jcbynum2/dev-workspace/src/corobot/map_to_jpeg/src/map_to_image_node.cpp:29[m[K:
[5.286s] [01m[K/usr/include/c++/9/bits/stl_map.h:100:11:[m[K [01;36m[Knote: [m[K‘[01m[Kstd::map[m[K’ declared here
[5.287s]   100 |     class [01;36m[Kmap[m[K
[5.287s]       |           [01;36m[K^~~[m[K
[5.337s] In file included from [01m[K/home/jcbynum2/dev-workspace/src/corobot/map_to_jpeg/src/map_to_image_node.cpp:42[m[K:
[5.337s] [01m[K/home/jcbynum2/dev-workspace/src/corobot/map_to_jpeg/include/HectorMapTools.h:[m[K In member function ‘[01m[Kfloat HectorMapTools::DistanceMeasurementProvider::checkOccupancyBresenhami(const Vector2i&, const Vector2i&, Eigen::Vector2i*, unsigned int)[m[K’:
[5.338s] [01m[K/home/jcbynum2/dev-workspace/src/corobot/map_to_jpeg/include/HectorMapTools.h:155:19:[m[K [01;31m[Kerror: [m[K‘[01m[Kmap_ptr_[m[K’ was not declared in this scope
[5.338s]   155 |       int sizeX = [01;31m[Kmap_ptr_[m[K->info.width;
[5.339s]       |                   [01;31m[K^~~~~~~~[m[K
[5.384s] [01m[K/home/jcbynum2/dev-workspace/src/corobot/map_to_jpeg/include/HectorMapTools.h:[m[K In member function ‘[01m[Kint HectorMapTools::DistanceMeasurementProvider::bresenham2D(unsigned int, unsigned int, int, int, int, unsigned int, unsigned int)[m[K’:
[5.384s] [01m[K/home/jcbynum2/dev-workspace/src/corobot/map_to_jpeg/include/HectorMapTools.h:218:41:[m[K [01;31m[Kerror: [m[K‘[01m[Kmap_ptr_[m[K’ was not declared in this scope
[5.385s]   218 |       const std::vector<int8_t>& data = [01;31m[Kmap_ptr_[m[K->data;
[5.385s]       |                                         [01;31m[K^~~~~~~~[m[K
[5.392s] [01m[K/home/jcbynum2/dev-workspace/src/corobot/map_to_jpeg/include/HectorMapTools.h:[m[K In static member function ‘[01m[Kstatic bool HectorMapTools::getMapExtends(int)[m[K’:
[5.392s] [01m[K/home/jcbynum2/dev-workspace/src/corobot/map_to_jpeg/include/HectorMapTools.h:253:17:[m[K [01;31m[Kerror: [m[K‘[01m[Kmap[m[K’ was not declared in this scope; did you mean ‘[01m[Kstd::map[m[K’?
[5.393s]   253 |     int width = [01;31m[Kmap[m[K.info.width;
[5.393s]       |                 [01;31m[K^~~[m[K
[5.394s]       |                 [32m[Kstd::map[m[K
[5.394s] In file included from [01m[K/usr/include/c++/9/map:61[m[K,
[5.395s]                  from [01m[K/opt/ros/foxy/include/rclcpp/client.hpp:20[m[K,
[5.395s]                  from [01m[K/opt/ros/foxy/include/rclcpp/callback_group.hpp:23[m[K,
[5.396s]                  from [01m[K/opt/ros/foxy/include/rclcpp/any_executable.hpp:20[m[K,
[5.396s]                  from [01m[K/opt/ros/foxy/include/rclcpp/memory_strategy.hpp:24[m[K,
[5.397s]                  from [01m[K/opt/ros/foxy/include/rclcpp/memory_strategies.hpp:18[m[K,
[5.397s]                  from [01m[K/opt/ros/foxy/include/rclcpp/executor_options.hpp:20[m[K,
[5.397s]                  from [01m[K/opt/ros/foxy/include/rclcpp/executor.hpp:33[m[K,
[5.398s]                  from [01m[K/opt/ros/foxy/include/rclcpp/executors/multi_threaded_executor.hpp:26[m[K,
[5.399s]                  from [01m[K/opt/ros/foxy/include/rclcpp/executors.hpp:21[m[K,
[5.399s]                  from [01m[K/opt/ros/foxy/include/rclcpp/rclcpp.hpp:146[m[K,
[5.400s]                  from [01m[K/home/jcbynum2/dev-workspace/src/corobot/map_to_jpeg/src/map_to_image_node.cpp:29[m[K:
[5.400s] [01m[K/usr/include/c++/9/bits/stl_map.h:100:11:[m[K [01;36m[Knote: [m[K‘[01m[Kstd::map[m[K’ declared here
[5.400s]   100 |     class [01;36m[Kmap[m[K
[5.401s]       |           [01;36m[K^~~[m[K
[5.401s] In file included from [01m[K/home/jcbynum2/dev-workspace/src/corobot/map_to_jpeg/src/map_to_image_node.cpp:42[m[K:
[5.402s] [01m[K/home/jcbynum2/dev-workspace/src/corobot/map_to_jpeg/include/HectorMapTools.h:285:7:[m[K [01;31m[Kerror: [m[K‘[01m[KtopLeft[m[K’ was not declared in this scope
[5.402s]   285 |       [01;31m[KtopLeft[m[K = Eigen::Vector2i(xMinTemp,yMinTemp);
[5.403s]       |       [01;31m[K^~~~~~~[m[K
[5.409s] [01m[K/home/jcbynum2/dev-workspace/src/corobot/map_to_jpeg/include/HectorMapTools.h:286:7:[m[K [01;31m[Kerror: [m[K‘[01m[KbottomRight[m[K’ was not declared in this scope
[5.409s]   286 |       [01;31m[KbottomRight[m[K = Eigen::Vector2i(xMaxTemp+1, yMaxTemp+1);
[5.409s]       |       [01;31m[K^~~~~~~~~~~[m[K
[5.419s] [01m[K/home/jcbynum2/dev-workspace/src/corobot/map_to_jpeg/src/map_to_image_node.cpp:[m[K At global scope:
[5.419s] [01m[K/home/jcbynum2/dev-workspace/src/corobot/map_to_jpeg/src/map_to_image_node.cpp:95:42:[m[K [01;31m[Kerror: [m[K‘[01m[KPoseStampedConstPtr[m[K’ in namespace ‘[01m[Kgeometry_msgs[m[K’ does not name a type
[5.420s]    95 |   void poseCallback(const geometry_msgs::[01;31m[KPoseStampedConstPtr[m[K& pose)
[5.420s]       |                                          [01;31m[K^~~~~~~~~~~~~~~~~~~[m[K
[5.424s] In file included from [01m[K/home/jcbynum2/dev-workspace/src/corobot/map_to_jpeg/src/map_to_image_node.cpp:42[m[K:
[5.424s] [01m[K/home/jcbynum2/dev-workspace/src/corobot/map_to_jpeg/include/HectorMapTools.h:37:19:[m[K [01;31m[Kerror: [m[K‘[01m[KOccupancyGridConstrPtr[m[K’ in namespace ‘[01m[K::[m[K’ does not name a type
[5.425s]    37 | #define nav_msgs::[01;31m[KOccupancyGridConstrPtr[m[K nav_msgs::msg:OccupancyGrid*
[5.425s]       |                   [01;31m[K^~~~~~~~~~~~~~~~~~~~~~[m[K
[5.426s] [01m[K/home/jcbynum2/dev-workspace/src/corobot/map_to_jpeg/include/HectorMapTools.h:37:19:[m[K [01;36m[Knote: [m[Kin definition of macro ‘[01m[Knav_msgs[m[K’
[5.426s]    37 | #define nav_msgs::[01;36m[KOccupancyGridConstrPtr[m[K nav_msgs::msg:OccupancyGrid*
[5.427s]       |                   [01;36m[K^~~~~~~~~~~~~~~~~~~~~~[m[K
[5.427s] [01m[K/home/jcbynum2/dev-workspace/src/corobot/map_to_jpeg/include/HectorMapTools.h:37:50:[m[K [01;31m[Kerror: [m[Kexpected ‘[01m[K,[m[K’ or ‘[01m[K...[m[K’ before ‘[01m[K::[m[K’ token
[5.428s]    37 | #define nav_msgs::OccupancyGridConstrPtr nav_msgs[01;31m[K::[m[Kmsg:OccupancyGrid*
[5.428s]       |                                                  [01;31m[K^~[m[K
[5.429s] [01m[K/home/jcbynum2/dev-workspace/src/corobot/map_to_jpeg/include/HectorMapTools.h:37:50:[m[K [01;36m[Knote: [m[Kin definition of macro ‘[01m[Knav_msgs[m[K’
[5.429s]    37 | #define nav_msgs::OccupancyGridConstrPtr nav_msgs[01;36m[K::[m[Kmsg:OccupancyGrid*
[5.430s]       |                                                  [01;36m[K^~[m[K
[5.439s] [01m[K/home/jcbynum2/dev-workspace/src/corobot/map_to_jpeg/src/map_to_image_node.cpp:282:3:[m[K [01;31m[Kerror: [m[K‘[01m[Kros[m[K’ does not name a type; did you mean ‘[01m[Kcos[m[K’?
[5.439s]   282 |   [01;31m[Kros[m[K::Subscriber map_sub_;
[5.440s]       |   [01;31m[K^~~[m[K
[5.440s]       |   [32m[Kcos[m[K
[5.445s] [01m[K/home/jcbynum2/dev-workspace/src/corobot/map_to_jpeg/src/map_to_image_node.cpp:283:3:[m[K [01;31m[Kerror: [m[K‘[01m[Kros[m[K’ does not name a type; did you mean ‘[01m[Kcos[m[K’?
[5.445s]   283 |   [01;31m[Kros[m[K::Subscriber pose_sub_;
[5.446s]       |   [01;31m[K^~~[m[K
[5.460s]       |   [32m[Kcos[m[K
[5.460s] [01m[K/home/jcbynum2/dev-workspace/src/corobot/map_to_jpeg/src/map_to_image_node.cpp:291:18:[m[K [01;31m[Kerror: [m[K‘[01m[KPoseStampedConstPtr[m[K’ in namespace ‘[01m[Kgeometry_msgs[m[K’ does not name a type
[5.460s]   291 |   geometry_msgs::[01;31m[KPoseStampedConstPtr[m[K pose_ptr_;
[5.461s]       |                  [01;31m[K^~~~~~~~~~~~~~~~~~~[m[K
[5.461s] [01m[K/home/jcbynum2/dev-workspace/src/corobot/map_to_jpeg/src/map_to_image_node.cpp:297:3:[m[K [01;31m[Kerror: [m[K‘[01m[Kros[m[K’ does not name a type; did you mean ‘[01m[Kcos[m[K’?
[5.461s]   297 |   [01;31m[Kros[m[K::NodeHandle n_;
[5.461s]       |   [01;31m[K^~~[m[K
[5.462s]       |   [32m[Kcos[m[K
[5.462s] [01m[K/home/jcbynum2/dev-workspace/src/corobot/map_to_jpeg/src/map_to_image_node.cpp:298:3:[m[K [01;31m[Kerror: [m[K‘[01m[Kros[m[K’ does not name a type; did you mean ‘[01m[Kcos[m[K’?
[5.462s]   298 |   [01;31m[Kros[m[K::NodeHandle pn_;
[5.462s]       |   [01;31m[K^~~[m[K
[5.463s]       |   [32m[Kcos[m[K
[5.463s] [01m[K/home/jcbynum2/dev-workspace/src/corobot/map_to_jpeg/src/map_to_image_node.cpp:[m[K In constructor ‘[01m[KMapAsImageProvider::MapAsImageProvider()[m[K’:
[5.473s] [01m[K/home/jcbynum2/dev-workspace/src/corobot/map_to_jpeg/src/map_to_image_node.cpp:61:7:[m[K [01;31m[Kerror: [m[Kclass ‘[01m[KMapAsImageProvider[m[K’ does not have any field named ‘[01m[Kpn_[m[K’
[5.473s]    61 |     : [01;31m[Kpn_[m[K("~")
[5.473s]       |       [01;31m[K^~~[m[K
[5.474s] [01m[K/home/jcbynum2/dev-workspace/src/corobot/map_to_jpeg/src/map_to_image_node.cpp:64:60:[m[K [01;31m[Kerror: [m[K‘[01m[Kn_[m[K’ was not declared in this scope
[5.474s]    64 |     image_transport_ = new image_transport::ImageTransport([01;31m[Kn_[m[K);
[5.474s]       |                                                            [01;31m[K^~[m[K
[5.475s] [01m[K/home/jcbynum2/dev-workspace/src/corobot/map_to_jpeg/src/map_to_image_node.cpp:69:5:[m[K [01;31m[Kerror: [m[K‘[01m[Kpose_sub_[m[K’ was not declared in this scope
[5.475s]    69 |     [01;31m[Kpose_sub_[m[K = n_.subscribe("pose", 1, &MapAsImageProvider::poseCallback, this);
[5.475s]       |     [01;31m[K^~~~~~~~~[m[K
[5.475s] [01m[K/home/jcbynum2/dev-workspace/src/corobot/map_to_jpeg/src/map_to_image_node.cpp:70:5:[m[K [01;31m[Kerror: [m[K‘[01m[Kmap_sub_[m[K’ was not declared in this scope
[5.476s]    70 |     [01;31m[Kmap_sub_[m[K = n_.subscribe("map", 1, &MapAsImageProvider::mapCallback, this);
[5.476s]       |     [01;31m[K^~~~~~~~[m[K
[5.480s] [01m[K/home/jcbynum2/dev-workspace/src/corobot/map_to_jpeg/src/map_to_image_node.cpp:86:5:[m[K [01;31m[Kerror: [m[K‘[01m[KROS_INFO[m[K’ was not declared in this scope
[5.480s]    86 |     [01;31m[KROS_INFO[m[K("Map to Image node started.");
[5.480s]       |     [01;31m[K^~~~~~~~[m[K
[5.489s] [01m[K/home/jcbynum2/dev-workspace/src/corobot/map_to_jpeg/src/map_to_image_node.cpp:[m[K In member function ‘[01m[Kvoid MapAsImageProvider::poseCallback(const int&)[m[K’:
[5.489s] [01m[K/home/jcbynum2/dev-workspace/src/corobot/map_to_jpeg/src/map_to_image_node.cpp:97:5:[m[K [01;31m[Kerror: [m[K‘[01m[Kpose_ptr_[m[K’ was not declared in this scope
[5.489s]    97 |     [01;31m[Kpose_ptr_[m[K = pose;
[5.490s]       |     [01;31m[K^~~~~~~~~[m[K
[5.490s] [01m[K/home/jcbynum2/dev-workspace/src/corobot/map_to_jpeg/src/map_to_image_node.cpp:[m[K In member function ‘[01m[Kvoid MapAsImageProvider::mapCallback(int)[m[K’:
[5.490s] [01m[K/home/jcbynum2/dev-workspace/src/corobot/map_to_jpeg/src/map_to_image_node.cpp:103:21:[m[K [01;31m[Kerror: [m[Kmissing template arguments before ‘[01m[K->[m[K’ token
[5.491s]   103 |     int size_x = map[01;31m[K->[m[Kinfo.width;
[5.491s]       |                     [01;31m[K^~[m[K
[5.491s] [01m[K/home/jcbynum2/dev-workspace/src/corobot/map_to_jpeg/src/map_to_image_node.cpp:104:21:[m[K [01;31m[Kerror: [m[Kmissing template arguments before ‘[01m[K->[m[K’ token
[5.491s]   104 |     int size_y = map[01;31m[K->[m[Kinfo.height;
[5.492s]       |                     [01;31m[K^~[m[K
[5.496s] [01m[K/home/jcbynum2/dev-workspace/src/corobot/map_to_jpeg/src/map_to_image_node.cpp:107:7:[m[K [01;31m[Kerror: [m[K‘[01m[KROS_INFO[m[K’ was not declared in this scope
[5.497s]   107 |       [01;31m[KROS_INFO[m[K("Map size is only x: %d,  y: %d . Not running map to image conversion", size_x, size_y);
[5.497s]       |       [01;31m[K^~~~~~~~[m[K
[5.504s] [01m[K/home/jcbynum2/dev-workspace/src/corobot/map_to_jpeg/src/map_to_image_node.cpp:112:70:[m[K [01;31m[Kerror: [m[K‘[01m[Kpose_ptr_[m[K’ was not declared in this scope
[5.505s]   112 |     if (image_transport_publisher_full_.getNumSubscribers() > 0  && ([01;31m[Kpose_ptr_[m[K)){
[5.505s]       |                                                                      [01;31m[K^~~~~~~~~[m[K
[5.506s] [01m[K/home/jcbynum2/dev-workspace/src/corobot/map_to_jpeg/src/map_to_image_node.cpp:122:47:[m[K [01;31m[Kerror: [m[Kmissing template arguments before ‘[01m[K->[m[K’ token
[5.506s]   122 |       const std::vector<int8_t>& map_data (map[01;31m[K->[m[Kdata);
[5.506s]       |                                               [01;31m[K^~[m[K
[5.520s] [01m[K/home/jcbynum2/dev-workspace/src/corobot/map_to_jpeg/src/map_to_image_node.cpp:168:48:[m[K [01;31m[Kerror: [m[Kmissing template arguments before ‘[01m[K)[m[K’ token
[5.520s]   168 |       world_map_transformer_.setTransforms(*map[01;31m[K)[m[K;
[5.521s]       |                                                [01;31m[K^[m[K
[5.521s] [01m[K/home/jcbynum2/dev-workspace/src/corobot/map_to_jpeg/src/map_to_image_node.cpp:177:15:[m[K [01;31m[Kerror: [m[K‘[01m[Ktf[m[K’ has not been declared
[5.521s]   177 |  double yaw = [01;31m[Ktf[m[K::getYaw(pose_ptr_->pose.orientation);
[5.522s]       |               [01;31m[K^~[m[K
[5.530s] [01m[K/home/jcbynum2/dev-workspace/src/corobot/map_to_jpeg/src/map_to_image_node.cpp:187:71:[m[K [01;31m[Kerror: [m[K‘[01m[Kpose_ptr_[m[K’ was not declared in this scope
[5.530s]   187 |     if ((image_transport_publisher_tile_.getNumSubscribers() > 0) && ([01;31m[Kpose_ptr_[m[K)){
[5.531s]       |                                                                       [01;31m[K^~~~~~~~~[m[K
[5.531s] [01m[K/home/jcbynum2/dev-workspace/src/corobot/map_to_jpeg/src/map_to_image_node.cpp:189:48:[m[K [01;31m[Kerror: [m[Kmissing template arguments before ‘[01m[K)[m[K’ token
[5.531s]   189 |       world_map_transformer_.setTransforms(*map[01;31m[K)[m[K;
[5.531s]       |                                                [01;31m[K^[m[K
[5.569s] [01m[K/home/jcbynum2/dev-workspace/src/corobot/map_to_jpeg/src/map_to_image_node.cpp:246:47:[m[K [01;31m[Kerror: [m[Kmissing template arguments before ‘[01m[K->[m[K’ token
[5.570s]   246 |       const std::vector<int8_t>& map_data (map[01;31m[K->[m[Kdata);
[5.570s]       |                                               [01;31m[K^~[m[K
[5.571s] [01m[K/home/jcbynum2/dev-workspace/src/corobot/map_to_jpeg/src/map_to_image_node.cpp:[m[K In function ‘[01m[Kint main(int, char**)[m[K’:
[5.571s] [01m[K/home/jcbynum2/dev-workspace/src/corobot/map_to_jpeg/src/map_to_image_node.cpp:309:3:[m[K [01;31m[Kerror: [m[K‘[01m[Kros[m[K’ has not been declared
[5.571s]   309 |   [01;31m[Kros[m[K::init(argc, argv, "map_to_image_node");
[5.572s]       |   [01;31m[K^~~[m[K
[5.572s] [01m[K/home/jcbynum2/dev-workspace/src/corobot/map_to_jpeg/src/map_to_image_node.cpp:313:3:[m[K [01;31m[Kerror: [m[K‘[01m[Kros[m[K’ has not been declared
[5.572s]   313 |   [01;31m[Kros[m[K::spin();
[5.572s]       |   [01;31m[K^~~[m[K
[6.067s] make[2]: *** [CMakeFiles/image_to_map_node.dir/build.make:63: CMakeFiles/image_to_map_node.dir/src/image_to_map_node.cpp.o] Error 1
[6.068s] make[1]: *** [CMakeFiles/Makefile2:80: CMakeFiles/image_to_map_node.dir/all] Error 2
[6.068s] make[1]: *** Waiting for unfinished jobs....
[6.894s] make[2]: *** [CMakeFiles/map_to_image_node.dir/build.make:63: CMakeFiles/map_to_image_node.dir/src/map_to_image_node.cpp.o] Error 1
[6.895s] make[1]: *** [CMakeFiles/Makefile2:107: CMakeFiles/map_to_image_node.dir/all] Error 2
[6.895s] make: *** [Makefile:95: all] Error 2
[6.902s] Invoked command in '/home/jcbynum2/dev-workspace/src/corobot/map_to_jpeg/build/map_to_jpeg' returned '2': /usr/bin/cmake --build /home/jcbynum2/dev-workspace/src/corobot/map_to_jpeg/build/map_to_jpeg -- -j4 -l4
