In file included from [01m[K/home/jcbynum2/dev-workspace/src/corobot/map_to_jpeg/src/map_to_image_node.cpp:39[m[K:
[01m[K/opt/ros/foxy/include/image_transport/image_transport.h:41:89:[m[K [01;36m[Knote: [m[K#pragma message: Warning: This header is deprecated. Use 'image_transport.hpp' instead
   41 | #pragma message ("Warning: This header is deprecated. Use 'image_transport.hpp' instead"[01;36m[K)[m[K
      |                                                                                         [01;36m[K^[m[K
[01m[K/home/jcbynum2/dev-workspace/src/corobot/map_to_jpeg/src/image_to_map_node.cpp:[m[K In constructor ‘[01m[KMapAsImageProvider::MapAsImageProvider()[m[K’:
[01m[K/home/jcbynum2/dev-workspace/src/corobot/map_to_jpeg/src/image_to_map_node.cpp:67:60:[m[K [01;31m[Kerror: [m[K‘[01m[Kn_[m[K’ was not declared in this scope
   67 |     image_transport_ = new image_transport::ImageTransport([01;31m[Kn_[m[K);
      |                                                            [01;31m[K^~[m[K
[01m[K/home/jcbynum2/dev-workspace/src/corobot/map_to_jpeg/src/image_to_map_node.cpp:69:123:[m[K [01;31m[Kerror: [m[Kno matching function for call to ‘[01m[Kimage_transport::ImageTransport::subscribe(const char [14], int, void (MapAsImageProvider::*)(const Image*&), MapAsImageProvider*)[m[K’
   69 |     image_transport_subscriber_map = image_transport_->subscribe("map_image_raw", 1, &MapAsImageProvider::mapCallback,this[01;31m[K)[m[K;
      |                                                                                                                           [01;31m[K^[m[K
In file included from [01m[K/home/jcbynum2/dev-workspace/src/corobot/map_to_jpeg/src/image_to_map_node.cpp:36[m[K:
[01m[K/opt/ros/foxy/include/image_transport/image_transport.hpp:141:14:[m[K [01;36m[Knote: [m[Kcandidate: ‘[01m[Kimage_transport::Subscriber image_transport::ImageTransport::subscribe(const string&, uint32_t, const Callback&, const VoidPtr&, const image_transport::TransportHints*)[m[K’
  141 |   Subscriber [01;36m[Ksubscribe[m[K(
      |              [01;36m[K^~~~~~~~~[m[K
[01m[K/opt/ros/foxy/include/image_transport/image_transport.hpp:143:34:[m[K [01;36m[Knote: [m[K  no known conversion for argument 3 from ‘[01m[Kvoid (MapAsImageProvider::*)(const Image*&)[m[K’ {aka ‘[01m[Kvoid (MapAsImageProvider::*)(const sensor_msgs::msg::Image_<std::allocator<void> >*&)[m[K’} to ‘[01m[Kconst Callback&[m[K’ {aka ‘[01m[Kconst std::function<void(const std::shared_ptr<const sensor_msgs::msg::Image_<std::allocator<void> > >&)>&[m[K’}
  143 |     [01;36m[Kconst Subscriber::Callback & callback[m[K,
      |     [01;36m[K~~~~~~~~~~~~~~~~~~~~~~~~~~~~~^~~~~~~~[m[K
[01m[K/opt/ros/foxy/include/image_transport/image_transport.hpp:151:14:[m[K [01;36m[Knote: [m[Kcandidate: ‘[01m[Kimage_transport::Subscriber image_transport::ImageTransport::subscribe(const string&, uint32_t, void (*)(const ImageConstPtr&), const image_transport::TransportHints*)[m[K’
  151 |   Subscriber [01;36m[Ksubscribe[m[K(
      |              [01;36m[K^~~~~~~~~[m[K
[01m[K/opt/ros/foxy/include/image_transport/image_transport.hpp:153:12:[m[K [01;36m[Knote: [m[K  no known conversion for argument 3 from ‘[01m[Kvoid (MapAsImageProvider::*)(const Image*&)[m[K’ {aka ‘[01m[Kvoid (MapAsImageProvider::*)(const sensor_msgs::msg::Image_<std::allocator<void> >*&)[m[K’} to ‘[01m[Kvoid (*)(const ImageConstPtr&)[m[K’ {aka ‘[01m[Kvoid (*)(const std::shared_ptr<const sensor_msgs::msg::Image_<std::allocator<void> > >&)[m[K’}
  153 |     [01;36m[Kvoid (*fp)(const ImageConstPtr &)[m[K,
      |     [01;36m[K~~~~~~~^~~~~~~~~~~~~~~~~~~~~~~~~~[m[K
[01m[K/opt/ros/foxy/include/image_transport/image_transport.hpp:165:14:[m[K [01;36m[Knote: [m[Kcandidate: ‘[01m[Ktemplate<class T> image_transport::Subscriber image_transport::ImageTransport::subscribe(const string&, uint32_t, void (T::*)(const ImageConstPtr&), T*, const image_transport::TransportHints*)[m[K’
  165 |   Subscriber [01;36m[Ksubscribe[m[K(
      |              [01;36m[K^~~~~~~~~[m[K
[01m[K/opt/ros/foxy/include/image_transport/image_transport.hpp:165:14:[m[K [01;36m[Knote: [m[K  template argument deduction/substitution failed:
[01m[K/home/jcbynum2/dev-workspace/src/corobot/map_to_jpeg/src/image_to_map_node.cpp:69:123:[m[K [01;36m[Knote: [m[K  mismatched types ‘[01m[Kconst ImageConstPtr[m[K’ {aka ‘[01m[Kconst std::shared_ptr<const sensor_msgs::msg::Image_<std::allocator<void> > >[m[K’} and ‘[01m[Kconst Image*[m[K’ {aka ‘[01m[Kconst sensor_msgs::msg::Image_<std::allocator<void> >*[m[K’}
   69 |     image_transport_subscriber_map = image_transport_->subscribe("map_image_raw", 1, &MapAsImageProvider::mapCallback,this[01;36m[K)[m[K;
      |                                                                                                                           [01;36m[K^[m[K
In file included from [01m[K/home/jcbynum2/dev-workspace/src/corobot/map_to_jpeg/src/image_to_map_node.cpp:36[m[K:
[01m[K/opt/ros/foxy/include/image_transport/image_transport.hpp:178:14:[m[K [01;36m[Knote: [m[Kcandidate: ‘[01m[Ktemplate<class T> image_transport::Subscriber image_transport::ImageTransport::subscribe(const string&, uint32_t, void (T::*)(const ImageConstPtr&), const std::shared_ptr<_Tp>&, const image_transport::TransportHints*)[m[K’
  178 |   Subscriber [01;36m[Ksubscribe[m[K(
      |              [01;36m[K^~~~~~~~~[m[K
[01m[K/opt/ros/foxy/include/image_transport/image_transport.hpp:178:14:[m[K [01;36m[Knote: [m[K  template argument deduction/substitution failed:
[01m[K/home/jcbynum2/dev-workspace/src/corobot/map_to_jpeg/src/image_to_map_node.cpp:69:123:[m[K [01;36m[Knote: [m[K  mismatched types ‘[01m[Kconst ImageConstPtr[m[K’ {aka ‘[01m[Kconst std::shared_ptr<const sensor_msgs::msg::Image_<std::allocator<void> > >[m[K’} and ‘[01m[Kconst Image*[m[K’ {aka ‘[01m[Kconst sensor_msgs::msg::Image_<std::allocator<void> >*[m[K’}
   69 |     image_transport_subscriber_map = image_transport_->subscribe("map_image_raw", 1, &MapAsImageProvider::mapCallback,this[01;36m[K)[m[K;
      |                                                                                                                           [01;36m[K^[m[K
[01m[K/home/jcbynum2/dev-workspace/src/corobot/map_to_jpeg/src/image_to_map_node.cpp:71:62:[m[K [01;31m[Kerror: [m[Kexpected primary-expression before ‘[01m[K>[m[K’ token
   71 |     map_publisher = n_.advertise<nav_msgs::msg::OccupancyGrid[01;31m[K>[m[K("/map_from_jpeg", 50);
      |                                                              [01;31m[K^[m[K
[01m[K/home/jcbynum2/dev-workspace/src/corobot/map_to_jpeg/src/image_to_map_node.cpp:[m[K In member function ‘[01m[Kvoid MapAsImageProvider::mapCallback(const Image*&)[m[K’:
[01m[K/home/jcbynum2/dev-workspace/src/corobot/map_to_jpeg/src/image_to_map_node.cpp:87:15:[m[K [01;31m[Kerror: [m[K‘[01m[KOccupancyGrid[m[K’ is not a member of ‘[01m[Knav_msgs[m[K’; did you mean ‘[01m[Knav_msgs::msg::OccupancyGrid[m[K’?
   87 |     nav_msgs::[01;31m[KOccupancyGrid[m[K map;
      |               [01;31m[K^~~~~~~~~~~~~[m[K
In file included from [01m[K/opt/ros/foxy/include/nav_msgs/srv/detail/get_map__struct.hpp:126[m[K,
                 from [01m[K/opt/ros/foxy/include/nav_msgs/srv/get_map.hpp:7[m[K,
                 from [01m[K/home/jcbynum2/dev-workspace/src/corobot/map_to_jpeg/src/image_to_map_node.cpp:32[m[K:
[01m[K/opt/ros/foxy/include/nav_msgs/msg/detail/occupancy_grid__struct.hpp:146:7:[m[K [01;36m[Knote: [m[K‘[01m[Knav_msgs::msg::OccupancyGrid[m[K’ declared here
  146 | using [01;36m[KOccupancyGrid[m[K =
      |       [01;36m[K^~~~~~~~~~~~~[m[K
[01m[K/home/jcbynum2/dev-workspace/src/corobot/map_to_jpeg/src/image_to_map_node.cpp:89:8:[m[K [01;31m[Kerror: [m[Kmissing template arguments before ‘[01m[K.[m[K’ token
   89 |     map[01;31m[K.[m[Kheader.stamp = image->header.stamp;
      |        [01;31m[K^[m[K
[01m[K/home/jcbynum2/dev-workspace/src/corobot/map_to_jpeg/src/image_to_map_node.cpp:90:8:[m[K [01;31m[Kerror: [m[Kmissing template arguments before ‘[01m[K.[m[K’ token
   90 |     map[01;31m[K.[m[Kheader.frame_id = "map";
      |        [01;31m[K^[m[K
[01m[K/home/jcbynum2/dev-workspace/src/corobot/map_to_jpeg/src/image_to_map_node.cpp:91:8:[m[K [01;31m[Kerror: [m[Kmissing template arguments before ‘[01m[K.[m[K’ token
   91 |     map[01;31m[K.[m[Kinfo.width = image->width;
      |        [01;31m[K^[m[K
[01m[K/home/jcbynum2/dev-workspace/src/corobot/map_to_jpeg/src/image_to_map_node.cpp:92:8:[m[K [01;31m[Kerror: [m[Kmissing template arguments before ‘[01m[K.[m[K’ token
   92 |     map[01;31m[K.[m[Kinfo.height = image->height;
      |        [01;31m[K^[m[K
[01m[K/home/jcbynum2/dev-workspace/src/corobot/map_to_jpeg/src/image_to_map_node.cpp:93:8:[m[K [01;31m[Kerror: [m[Kmissing template arguments before ‘[01m[K.[m[K’ token
   93 |     map[01;31m[K.[m[Kinfo.origin.orientation.w = 1;
      |        [01;31m[K^[m[K
[01m[K/home/jcbynum2/dev-workspace/src/corobot/map_to_jpeg/src/image_to_map_node.cpp:94:8:[m[K [01;31m[Kerror: [m[Kmissing template arguments before ‘[01m[K.[m[K’ token
   94 |     map[01;31m[K.[m[Kinfo.resolution = resolution;
      |        [01;31m[K^[m[K
[01m[K/home/jcbynum2/dev-workspace/src/corobot/map_to_jpeg/src/image_to_map_node.cpp:95:8:[m[K [01;31m[Kerror: [m[Kmissing template arguments before ‘[01m[K.[m[K’ token
   95 |     map[01;31m[K.[m[Kinfo.origin.position.x = -((image->width + 1) * map.info.resolution * 0.5f);
      |        [01;31m[K^[m[K
[01m[K/home/jcbynum2/dev-workspace/src/corobot/map_to_jpeg/src/image_to_map_node.cpp:95:60:[m[K [01;31m[Kerror: [m[Kmissing template arguments before ‘[01m[K.[m[K’ token
   95 |     map.info.origin.position.x = -((image->width + 1) * map[01;31m[K.[m[Kinfo.resolution * 0.5f);
      |                                                            [01;31m[K^[m[K
[01m[K/home/jcbynum2/dev-workspace/src/corobot/map_to_jpeg/src/image_to_map_node.cpp:96:8:[m[K [01;31m[Kerror: [m[Kmissing template arguments before ‘[01m[K.[m[K’ token
   96 |     map[01;31m[K.[m[Kinfo.origin.position.y = -((image->height + 1) * map.info.resolution * 0.5f);
      |        [01;31m[K^[m[K
[01m[K/home/jcbynum2/dev-workspace/src/corobot/map_to_jpeg/src/image_to_map_node.cpp:96:61:[m[K [01;31m[Kerror: [m[Kmissing template arguments before ‘[01m[K.[m[K’ token
   96 |     map.info.origin.position.y = -((image->height + 1) * map[01;31m[K.[m[Kinfo.resolution * 0.5f);
      |                                                             [01;31m[K^[m[K
[01m[K/home/jcbynum2/dev-workspace/src/corobot/map_to_jpeg/src/image_to_map_node.cpp:106:10:[m[K [01;31m[Kerror: [m[Kmissing template arguments before ‘[01m[K.[m[K’ token
  106 |       map[01;31m[K.[m[Kdata.push_back(-1);
      |          [01;31m[K^[m[K
[01m[K/home/jcbynum2/dev-workspace/src/corobot/map_to_jpeg/src/image_to_map_node.cpp:109:6:[m[K [01;31m[Kerror: [m[Kmissing template arguments before ‘[01m[K.[m[K’ token
  109 |   map[01;31m[K.[m[Kdata.push_back(0);
      |      [01;31m[K^[m[K
[01m[K/home/jcbynum2/dev-workspace/src/corobot/map_to_jpeg/src/image_to_map_node.cpp:112:6:[m[K [01;31m[Kerror: [m[Kmissing template arguments before ‘[01m[K.[m[K’ token
  112 |   map[01;31m[K.[m[Kdata.push_back(100);
      |      [01;31m[K^[m[K
[01m[K/home/jcbynum2/dev-workspace/src/corobot/map_to_jpeg/src/image_to_map_node.cpp:116:19:[m[K [01;31m[Kerror: [m[K‘[01m[Kusing SharedPtr = class std::shared_ptr<rclcpp::Publisher<nav_msgs::msg::OccupancyGrid_<std::allocator<void> > > >[m[K’ {aka ‘[01m[Kclass std::shared_ptr<rclcpp::Publisher<nav_msgs::msg::OccupancyGrid_<std::allocator<void> > > >[m[K’} has no member named ‘[01m[Kpublish[m[K’
  116 |     map_publisher.[01;31m[Kpublish[m[K(map);
      |                   [01;31m[K^~~~~~~[m[K
[01m[K/home/jcbynum2/dev-workspace/src/corobot/map_to_jpeg/src/image_to_map_node.cpp:116:30:[m[K [01;31m[Kerror: [m[Kmissing template arguments before ‘[01m[K)[m[K’ token
  116 |     map_publisher.publish(map[01;31m[K)[m[K;
      |                              [01;31m[K^[m[K
[01m[K/home/jcbynum2/dev-workspace/src/corobot/map_to_jpeg/src/image_to_map_node.cpp:[m[K In function ‘[01m[Kint main(int, char**)[m[K’:
[01m[K/home/jcbynum2/dev-workspace/src/corobot/map_to_jpeg/src/image_to_map_node.cpp:123:28:[m[K [01;31m[Kerror: [m[Kinvalid initialization of reference of type ‘[01m[Kconst rclcpp::InitOptions&[m[K’ from expression of type ‘[01m[Kconst char [18][m[K’
  123 |   rclcpp::init(argc, argv, [01;31m[K"image_to_map_node"[m[K);
      |                            [01;31m[K^~~~~~~~~~~~~~~~~~~[m[K
In file included from [01m[K/opt/ros/foxy/include/rclcpp/client.hpp:36[m[K,
                 from [01m[K/opt/ros/foxy/include/rclcpp/callback_group.hpp:23[m[K,
                 from [01m[K/opt/ros/foxy/include/rclcpp/any_executable.hpp:20[m[K,
                 from [01m[K/opt/ros/foxy/include/rclcpp/memory_strategy.hpp:24[m[K,
                 from [01m[K/opt/ros/foxy/include/rclcpp/memory_strategies.hpp:18[m[K,
                 from [01m[K/opt/ros/foxy/include/rclcpp/executor_options.hpp:20[m[K,
                 from [01m[K/opt/ros/foxy/include/rclcpp/executor.hpp:33[m[K,
                 from [01m[K/opt/ros/foxy/include/rclcpp/executors/multi_threaded_executor.hpp:26[m[K,
                 from [01m[K/opt/ros/foxy/include/rclcpp/executors.hpp:21[m[K,
                 from [01m[K/opt/ros/foxy/include/rclcpp/rclcpp.hpp:146[m[K,
                 from [01m[K/home/jcbynum2/dev-workspace/src/corobot/map_to_jpeg/src/image_to_map_node.cpp:30[m[K:
[01m[K/opt/ros/foxy/include/rclcpp/utilities.hpp:56:63:[m[K [01;36m[Knote: [m[Kin passing argument 3 of ‘[01m[Kvoid rclcpp::init(int, const char* const*, const rclcpp::InitOptions&)[m[K’
   56 | init(int argc, char const * const argv[], [01;36m[Kconst InitOptions & init_options = InitOptions()[m[K);
      |                                           [01;36m[K~~~~~~~~~~~~~~~~~~~~^~~~~~~~~~~~~~~~~~~~~~~~~~~~[m[K
[01m[K/home/jcbynum2/dev-workspace/src/corobot/map_to_jpeg/src/image_to_map_node.cpp:125:11:[m[K [01;31m[Kerror: [m[K‘[01m[KNodeHandle[m[K’ is not a member of ‘[01m[Krclcpp[m[K’
  125 |   rclcpp::[01;31m[KNodeHandle[m[K nh("~");
      |           [01;31m[K^~~~~~~~~~[m[K
[01m[K/home/jcbynum2/dev-workspace/src/corobot/map_to_jpeg/src/image_to_map_node.cpp:126:3:[m[K [01;31m[Kerror: [m[K‘[01m[Knh[m[K’ was not declared in this scope
  126 |   [01;31m[Knh[m[K.param("resolution", resolution, 0.05);
      |   [01;31m[K^~[m[K
[01m[K/home/jcbynum2/dev-workspace/src/corobot/map_to_jpeg/src/image_to_map_node.cpp:131:16:[m[K [01;31m[Kerror: [m[Kno matching function for call to ‘[01m[Kspin()[m[K’
  131 |   rclcpp::spin([01;31m[K)[m[K;
      |                [01;31m[K^[m[K
In file included from [01m[K/opt/ros/foxy/include/rclcpp/rclcpp.hpp:146[m[K,
                 from [01m[K/home/jcbynum2/dev-workspace/src/corobot/map_to_jpeg/src/image_to_map_node.cpp:30[m[K:
[01m[K/opt/ros/foxy/include/rclcpp/executors.hpp:45:1:[m[K [01;36m[Knote: [m[Kcandidate: ‘[01m[Kvoid rclcpp::spin(rclcpp::node_interfaces::NodeBaseInterface::SharedPtr)[m[K’
   45 | [01;36m[Kspin[m[K(rclcpp::node_interfaces::NodeBaseInterface::SharedPtr node_ptr);
      | [01;36m[K^~~~[m[K
[01m[K/opt/ros/foxy/include/rclcpp/executors.hpp:45:1:[m[K [01;36m[Knote: [m[K  candidate expects 1 argument, 0 provided
[01m[K/opt/ros/foxy/include/rclcpp/executors.hpp:49:1:[m[K [01;36m[Knote: [m[Kcandidate: ‘[01m[Kvoid rclcpp::spin(rclcpp::Node::SharedPtr)[m[K’
   49 | [01;36m[Kspin[m[K(rclcpp::Node::SharedPtr node_ptr);
      | [01;36m[K^~~~[m[K
[01m[K/opt/ros/foxy/include/rclcpp/executors.hpp:49:1:[m[K [01;36m[Knote: [m[K  candidate expects 1 argument, 0 provided
In file included from [01m[K/home/jcbynum2/dev-workspace/src/corobot/map_to_jpeg/src/map_to_image_node.cpp:42[m[K:
[01m[K/home/jcbynum2/dev-workspace/src/corobot/map_to_jpeg/include/HectorMapTools.h:50:33:[m[K [01;31m[Kerror: [m[K‘[01m[Knav_msgs[m[K’ does not name a type
   50 |     CoordinateTransformer(const [01;31m[Knav_msgs[m[K::msg::OccupancyGrid* map)
      |                                 [01;31m[K^~~~~~~~[m[K
[01m[K/home/jcbynum2/dev-workspace/src/corobot/map_to_jpeg/include/HectorMapTools.h:50:46:[m[K [01;31m[Kerror: [m[Kexpected unqualified-id before ‘[01m[K::[m[K’ token
   50 |     CoordinateTransformer(const nav_msgs::msg[01;31m[K::[m[KOccupancyGrid* map)
      |                                              [01;31m[K^~[m[K
[01m[K/home/jcbynum2/dev-workspace/src/corobot/map_to_jpeg/include/HectorMapTools.h:50:46:[m[K [01;31m[Kerror: [m[Kexpected ‘[01m[K)[m[K’ before ‘[01m[K::[m[K’ token
   50 |     CoordinateTransformer[34m[K([m[Kconst nav_msgs::msg[01;31m[K:[m[K[32m[K:[m[KOccupancyGrid* map)
      |                          [34m[K~[m[K                   [01;31m[K^[m[K[32m[K~[m[K
      |                                              [32m[K)[m[K
[01m[K/home/jcbynum2/dev-workspace/src/corobot/map_to_jpeg/include/HectorMapTools.h:50:43:[m[K [01;31m[Kerror: [m[Kexpected ‘[01m[K;[m[K’ at end of member declaration
   50 |     CoordinateTransformer(const nav_msgs::[01;31m[Kmsg[m[K::OccupancyGrid* map)
      |                                           [01;31m[K^~~[m[K
      |                                              [32m[K;[m[K
[01m[K/home/jcbynum2/dev-workspace/src/corobot/map_to_jpeg/include/HectorMapTools.h:50:48:[m[K [01;31m[Kerror: [m[K‘[01m[KOccupancyGrid[m[K’ in namespace ‘[01m[K::[m[K’ does not name a type
   50 |     CoordinateTransformer(const nav_msgs::msg::[01;31m[KOccupancyGrid[m[K* map)
      |                                                [01;31m[K^~~~~~~~~~~~~[m[K
[01m[K/home/jcbynum2/dev-workspace/src/corobot/map_to_jpeg/include/HectorMapTools.h:56:30:[m[K [01;31m[Kerror: [m[K‘[01m[Knav_msgs[m[K’ does not name a type
   56 |     void setTransforms(const [01;31m[Knav_msgs[m[K::msg::OccupancyGrid& map)
      |                              [01;31m[K^~~~~~~~[m[K
[01m[K/home/jcbynum2/dev-workspace/src/corobot/map_to_jpeg/include/HectorMapTools.h:56:43:[m[K [01;31m[Kerror: [m[Kexpected unqualified-id before ‘[01m[K::[m[K’ token
   56 |     void setTransforms(const nav_msgs::msg[01;31m[K::[m[KOccupancyGrid& map)
      |                                           [01;31m[K^~[m[K
[01m[K/home/jcbynum2/dev-workspace/src/corobot/map_to_jpeg/include/HectorMapTools.h:56:43:[m[K [01;31m[Kerror: [m[Kexpected ‘[01m[K)[m[K’ before ‘[01m[K::[m[K’ token
   56 |     void setTransforms[34m[K([m[Kconst nav_msgs::msg[01;31m[K:[m[K[32m[K:[m[KOccupancyGrid& map)
      |                       [34m[K~[m[K                   [01;31m[K^[m[K[32m[K~[m[K
      |                                           [32m[K)[m[K
[01m[K/home/jcbynum2/dev-workspace/src/corobot/map_to_jpeg/include/HectorMapTools.h:56:40:[m[K [01;31m[Kerror: [m[Kexpected ‘[01m[K;[m[K’ at end of member declaration
   56 |     void setTransforms(const nav_msgs::[01;31m[Kmsg[m[K::OccupancyGrid& map)
      |                                        [01;31m[K^~~[m[K
      |                                           [32m[K;[m[K
[01m[K/home/jcbynum2/dev-workspace/src/corobot/map_to_jpeg/include/HectorMapTools.h:56:45:[m[K [01;31m[Kerror: [m[K‘[01m[KOccupancyGrid[m[K’ in namespace ‘[01m[K::[m[K’ does not name a type
   56 |     void setTransforms(const nav_msgs::msg::[01;31m[KOccupancyGrid[m[K& map)
      |                                             [01;31m[K^~~~~~~~~~~~~[m[K
[01m[K/home/jcbynum2/dev-workspace/src/corobot/map_to_jpeg/include/HectorMapTools.h:61:30:[m[K [01;31m[Kerror: [m[K‘[01m[Knav_msgs[m[K’ does not name a type
   61 |     void setTransforms(const [01;31m[Knav_msgs[m[K::msg::MapMetaData& meta)
      |                              [01;31m[K^~~~~~~~[m[K
[01m[K/home/jcbynum2/dev-workspace/src/corobot/map_to_jpeg/include/HectorMapTools.h:61:43:[m[K [01;31m[Kerror: [m[Kexpected unqualified-id before ‘[01m[K::[m[K’ token
   61 |     void setTransforms(const nav_msgs::msg[01;31m[K::[m[KMapMetaData& meta)
      |                                           [01;31m[K^~[m[K
[01m[K/home/jcbynum2/dev-workspace/src/corobot/map_to_jpeg/include/HectorMapTools.h:61:43:[m[K [01;31m[Kerror: [m[Kexpected ‘[01m[K)[m[K’ before ‘[01m[K::[m[K’ token
   61 |     void setTransforms[34m[K([m[Kconst nav_msgs::msg[01;31m[K:[m[K[32m[K:[m[KMapMetaData& meta)
      |                       [34m[K~[m[K                   [01;31m[K^[m[K[32m[K~[m[K
      |                                           [32m[K)[m[K
[01m[K/home/jcbynum2/dev-workspace/src/corobot/map_to_jpeg/include/HectorMapTools.h:61:40:[m[K [01;31m[Kerror: [m[Kexpected ‘[01m[K;[m[K’ at end of member declaration
   61 |     void setTransforms(const nav_msgs::[01;31m[Kmsg[m[K::MapMetaData& meta)
      |                                        [01;31m[K^~~[m[K
      |                                           [32m[K;[m[K
[01m[K/home/jcbynum2/dev-workspace/src/corobot/map_to_jpeg/include/HectorMapTools.h:61:10:[m[K [01;31m[Kerror: [m[K‘[01m[Kvoid HectorMapTools::CoordinateTransformer<ConcreteScalar>::setTransforms(...)[m[K’ cannot be overloaded with ‘[01m[Kvoid HectorMapTools::CoordinateTransformer<ConcreteScalar>::setTransforms(...)[m[K’
   61 |     void [01;31m[KsetTransforms[m[K(const nav_msgs::msg::MapMetaData& meta)
      |          [01;31m[K^~~~~~~~~~~~~[m[K
[01m[K/home/jcbynum2/dev-workspace/src/corobot/map_to_jpeg/include/HectorMapTools.h:56:10:[m[K [01;36m[Knote: [m[Kprevious declaration ‘[01m[Kvoid HectorMapTools::CoordinateTransformer<ConcreteScalar>::setTransforms(...)[m[K’
   56 |     void [01;36m[KsetTransforms[m[K(const nav_msgs::msg::OccupancyGrid& map)
      |          [01;36m[K^~~~~~~~~~~~~[m[K
[01m[K/home/jcbynum2/dev-workspace/src/corobot/map_to_jpeg/include/HectorMapTools.h:61:45:[m[K [01;31m[Kerror: [m[K‘[01m[KMapMetaData[m[K’ in namespace ‘[01m[K::[m[K’ does not name a type
   61 |     void setTransforms(const nav_msgs::msg::[01;31m[KMapMetaData[m[K& meta)
      |                                             [01;31m[K^~~~~~~~~~~[m[K
In file included from [01m[K/home/jcbynum2/dev-workspace/src/corobot/map_to_jpeg/src/map_to_image_node.cpp:42[m[K:
[01m[K/home/jcbynum2/dev-workspace/src/corobot/map_to_jpeg/include/HectorMapTools.h:127:17:[m[K [01;31m[Kerror: [m[K‘[01m[Knav_msgs[m[K’ has not been declared
  127 |     void setMap([01;31m[Knav_msgs[m[K::msg::OccupancyGrid* map)
      |                 [01;31m[K^~~~~~~~[m[K
[01m[K/home/jcbynum2/dev-workspace/src/corobot/map_to_jpeg/include/HectorMapTools.h:127:45:[m[K [01;31m[Kerror: [m[Kexpected ‘[01m[K,[m[K’ or ‘[01m[K...[m[K’ before ‘[01m[K*[m[K’ token
  127 |     void setMap(nav_msgs::msg::OccupancyGrid[01;31m[K*[m[K map)
      |                                             [01;31m[K^[m[K
[01m[K/home/jcbynum2/dev-workspace/src/corobot/map_to_jpeg/include/HectorMapTools.h:237:5:[m[K [01;31m[Kerror: [m[K‘[01m[Knav_msgs[m[K’ does not name a type
  237 |     [01;31m[Knav_msgs[m[K::msg::OccupancyGrid* map_ptr_;
      |     [01;31m[K^~~~~~~~[m[K
[01m[K/home/jcbynum2/dev-workspace/src/corobot/map_to_jpeg/include/HectorMapTools.h:242:35:[m[K [01;31m[Kerror: [m[K‘[01m[Knav_msgs[m[K’ does not name a type
  242 |   static bool getMapExtends(const [01;31m[Knav_msgs[m[K::msg::OccupancyGrid& map, Eigen::Vector2i& topLeft, Eigen::Vector2i& bottomRight)
      |                                   [01;31m[K^~~~~~~~[m[K
[01m[K/home/jcbynum2/dev-workspace/src/corobot/map_to_jpeg/include/HectorMapTools.h:242:48:[m[K [01;31m[Kerror: [m[Kexpected unqualified-id before ‘[01m[K::[m[K’ token
  242 |   static bool getMapExtends(const nav_msgs::msg[01;31m[K::[m[KOccupancyGrid& map, Eigen::Vector2i& topLeft, Eigen::Vector2i& bottomRight)
      |                                                [01;31m[K^~[m[K
[01m[K/home/jcbynum2/dev-workspace/src/corobot/map_to_jpeg/include/HectorMapTools.h:242:48:[m[K [01;31m[Kerror: [m[Kexpected ‘[01m[K)[m[K’ before ‘[01m[K::[m[K’ token
  242 |   static bool getMapExtends[34m[K([m[Kconst nav_msgs::msg[01;31m[K:[m[K[32m[K:[m[KOccupancyGrid& map, Eigen::Vector2i& topLeft, Eigen::Vector2i& bottomRight)
      |                            [34m[K~[m[K                   [01;31m[K^[m[K[32m[K~[m[K
      |                                                [32m[K)[m[K
[01m[K/home/jcbynum2/dev-workspace/src/corobot/map_to_jpeg/include/HectorMapTools.h:242:45:[m[K [01;31m[Kerror: [m[Kexpected ‘[01m[K;[m[K’ at end of member declaration
  242 |   static bool getMapExtends(const nav_msgs::[01;31m[Kmsg[m[K::OccupancyGrid& map, Eigen::Vector2i& topLeft, Eigen::Vector2i& bottomRight)
      |                                             [01;31m[K^~~[m[K
      |                                                [32m[K;[m[K
[01m[K/home/jcbynum2/dev-workspace/src/corobot/map_to_jpeg/include/HectorMapTools.h:242:50:[m[K [01;31m[Kerror: [m[K‘[01m[KOccupancyGrid[m[K’ in namespace ‘[01m[K::[m[K’ does not name a type
  242 |   static bool getMapExtends(const nav_msgs::msg::[01;31m[KOccupancyGrid[m[K& map, Eigen::Vector2i& topLeft, Eigen::Vector2i& bottomRight)
      |                                                  [01;31m[K^~~~~~~~~~~~~[m[K
[01m[K/home/jcbynum2/dev-workspace/src/corobot/map_to_jpeg/include/HectorMapTools.h:[m[K In constructor ‘[01m[KHectorMapTools::DistanceMeasurementProvider::DistanceMeasurementProvider()[m[K’:
[01m[K/home/jcbynum2/dev-workspace/src/corobot/map_to_jpeg/include/HectorMapTools.h:123:5:[m[K [01;31m[Kerror: [m[Kcall of overloaded ‘[01m[KCoordinateTransformer()[m[K’ is ambiguous
  123 |     [01;31m[K{[m[K
      |     [01;31m[K^[m[K
In file included from [01m[K/home/jcbynum2/dev-workspace/src/corobot/map_to_jpeg/src/map_to_image_node.cpp:42[m[K:
[01m[K/home/jcbynum2/dev-workspace/src/corobot/map_to_jpeg/include/HectorMapTools.h:50:5:[m[K [01;36m[Knote: [m[Kcandidate: ‘[01m[KHectorMapTools::CoordinateTransformer<ConcreteScalar>::CoordinateTransformer(...) [with ConcreteScalar = float][m[K’
   50 |     [01;36m[KCoordinateTransformer[m[K(const nav_msgs::msg::OccupancyGrid* map)
      |     [01;36m[K^~~~~~~~~~~~~~~~~~~~~[m[K
[01m[K/home/jcbynum2/dev-workspace/src/corobot/map_to_jpeg/include/HectorMapTools.h:45:5:[m[K [01;36m[Knote: [m[Kcandidate: ‘[01m[KHectorMapTools::CoordinateTransformer<ConcreteScalar>::CoordinateTransformer() [with ConcreteScalar = float][m[K’
   45 |     [01;36m[KCoordinateTransformer[m[K()
      |     [01;36m[K^~~~~~~~~~~~~~~~~~~~~[m[K
In file included from [01m[K/home/jcbynum2/dev-workspace/src/corobot/map_to_jpeg/src/map_to_image_node.cpp:42[m[K:
[01m[K/home/jcbynum2/dev-workspace/src/corobot/map_to_jpeg/include/HectorMapTools.h:[m[K In member function ‘[01m[Kvoid HectorMapTools::DistanceMeasurementProvider::setMap(int)[m[K’:
[01m[K/home/jcbynum2/dev-workspace/src/corobot/map_to_jpeg/include/HectorMapTools.h:129:7:[m[K [01;31m[Kerror: [m[K‘[01m[Kmap_ptr_[m[K’ was not declared in this scope
  129 |       [01;31m[Kmap_ptr_[m[K = map;
      |       [01;31m[K^~~~~~~~[m[K
[01m[K/home/jcbynum2/dev-workspace/src/corobot/map_to_jpeg/include/HectorMapTools.h:129:18:[m[K [01;31m[Kerror: [m[K‘[01m[Kmap[m[K’ was not declared in this scope; did you mean ‘[01m[Kstd::map[m[K’?
  129 |       map_ptr_ = [01;31m[Kmap[m[K;
      |                  [01;31m[K^~~[m[K
      |                  [32m[Kstd::map[m[K
In file included from [01m[K/usr/include/c++/9/map:61[m[K,
                 from [01m[K/opt/ros/foxy/include/rclcpp/client.hpp:20[m[K,
                 from [01m[K/opt/ros/foxy/include/rclcpp/callback_group.hpp:23[m[K,
                 from [01m[K/opt/ros/foxy/include/rclcpp/any_executable.hpp:20[m[K,
                 from [01m[K/opt/ros/foxy/include/rclcpp/memory_strategy.hpp:24[m[K,
                 from [01m[K/opt/ros/foxy/include/rclcpp/memory_strategies.hpp:18[m[K,
                 from [01m[K/opt/ros/foxy/include/rclcpp/executor_options.hpp:20[m[K,
                 from [01m[K/opt/ros/foxy/include/rclcpp/executor.hpp:33[m[K,
                 from [01m[K/opt/ros/foxy/include/rclcpp/executors/multi_threaded_executor.hpp:26[m[K,
                 from [01m[K/opt/ros/foxy/include/rclcpp/executors.hpp:21[m[K,
                 from [01m[K/opt/ros/foxy/include/rclcpp/rclcpp.hpp:146[m[K,
                 from [01m[K/home/jcbynum2/dev-workspace/src/corobot/map_to_jpeg/src/map_to_image_node.cpp:29[m[K:
[01m[K/usr/include/c++/9/bits/stl_map.h:100:11:[m[K [01;36m[Knote: [m[K‘[01m[Kstd::map[m[K’ declared here
  100 |     class [01;36m[Kmap[m[K
      |           [01;36m[K^~~[m[K
In file included from [01m[K/home/jcbynum2/dev-workspace/src/corobot/map_to_jpeg/src/map_to_image_node.cpp:42[m[K:
[01m[K/home/jcbynum2/dev-workspace/src/corobot/map_to_jpeg/include/HectorMapTools.h:[m[K In member function ‘[01m[Kfloat HectorMapTools::DistanceMeasurementProvider::checkOccupancyBresenhami(const Vector2i&, const Vector2i&, Eigen::Vector2i*, unsigned int)[m[K’:
[01m[K/home/jcbynum2/dev-workspace/src/corobot/map_to_jpeg/include/HectorMapTools.h:154:19:[m[K [01;31m[Kerror: [m[K‘[01m[Kmap_ptr_[m[K’ was not declared in this scope
  154 |       int sizeX = [01;31m[Kmap_ptr_[m[K->info.width;
      |                   [01;31m[K^~~~~~~~[m[K
[01m[K/home/jcbynum2/dev-workspace/src/corobot/map_to_jpeg/include/HectorMapTools.h:[m[K In member function ‘[01m[Kint HectorMapTools::DistanceMeasurementProvider::bresenham2D(unsigned int, unsigned int, int, int, int, unsigned int, unsigned int)[m[K’:
[01m[K/home/jcbynum2/dev-workspace/src/corobot/map_to_jpeg/include/HectorMapTools.h:217:41:[m[K [01;31m[Kerror: [m[K‘[01m[Kmap_ptr_[m[K’ was not declared in this scope
  217 |       const std::vector<int8_t>& data = [01;31m[Kmap_ptr_[m[K->data;
      |                                         [01;31m[K^~~~~~~~[m[K
[01m[K/home/jcbynum2/dev-workspace/src/corobot/map_to_jpeg/src/map_to_image_node.cpp:[m[K At global scope:
[01m[K/home/jcbynum2/dev-workspace/src/corobot/map_to_jpeg/src/map_to_image_node.cpp:95:42:[m[K [01;31m[Kerror: [m[K‘[01m[KPoseStampedConstPtr[m[K’ in namespace ‘[01m[Kgeometry_msgs[m[K’ does not name a type
   95 |   void poseCallback(const geometry_msgs::[01;31m[KPoseStampedConstPtr[m[K& pose)
      |                                          [01;31m[K^~~~~~~~~~~~~~~~~~~[m[K
[01m[K/home/jcbynum2/dev-workspace/src/corobot/map_to_jpeg/src/map_to_image_node.cpp:101:26:[m[K [01;31m[Kerror: [m[K‘[01m[Knav_msgs[m[K’ does not name a type
  101 |   void mapCallback(const [01;31m[Knav_msgs[m[K::OccupancyGridConstPtr& map)
      |                          [01;31m[K^~~~~~~~[m[K
[01m[K/home/jcbynum2/dev-workspace/src/corobot/map_to_jpeg/src/map_to_image_node.cpp:101:57:[m[K [01;31m[Kerror: [m[Kexpected unqualified-id before ‘[01m[K&[m[K’ token
  101 |   void mapCallback(const nav_msgs::OccupancyGridConstPtr[01;31m[K&[m[K map)
      |                                                         [01;31m[K^[m[K
[01m[K/home/jcbynum2/dev-workspace/src/corobot/map_to_jpeg/src/map_to_image_node.cpp:101:57:[m[K [01;31m[Kerror: [m[Kexpected ‘[01m[K)[m[K’ before ‘[01m[K&[m[K’ token
  101 |   void mapCallback[34m[K([m[Kconst nav_msgs::OccupancyGridConstPtr[01;31m[K&[m[K map)
      |                   [34m[K~[m[K                                     [01;31m[K^[m[K
      |                                                         [32m[K)[m[K
[01m[K/home/jcbynum2/dev-workspace/src/corobot/map_to_jpeg/src/map_to_image_node.cpp:101:57:[m[K [01;31m[Kerror: [m[Kexpected ‘[01m[K;[m[K’ at end of member declaration
  101 |   void mapCallback(const nav_msgs::OccupancyGridConstPtr[01;31m[K&[m[K map)
      |                                                         [01;31m[K^[m[K
      |                                                          [32m[K;[m[K
[01m[K/home/jcbynum2/dev-workspace/src/corobot/map_to_jpeg/src/map_to_image_node.cpp:101:59:[m[K [01;31m[Kerror: [m[Kinvalid use of template-name ‘[01m[Kstd::map[m[K’ without an argument list
  101 |   void mapCallback(const nav_msgs::OccupancyGridConstPtr& [01;31m[Kmap[m[K)
      |                                                           [01;31m[K^~~[m[K
[01m[K/home/jcbynum2/dev-workspace/src/corobot/map_to_jpeg/src/map_to_image_node.cpp:101:59:[m[K [01;36m[Knote: [m[Kclass template argument deduction is only available with ‘[01m[K-std=c++17[m[K’ or ‘[01m[K-std=gnu++17[m[K’
In file included from [01m[K/usr/include/c++/9/map:61[m[K,
                 from [01m[K/opt/ros/foxy/include/rclcpp/client.hpp:20[m[K,
                 from [01m[K/opt/ros/foxy/include/rclcpp/callback_group.hpp:23[m[K,
                 from [01m[K/opt/ros/foxy/include/rclcpp/any_executable.hpp:20[m[K,
                 from [01m[K/opt/ros/foxy/include/rclcpp/memory_strategy.hpp:24[m[K,
                 from [01m[K/opt/ros/foxy/include/rclcpp/memory_strategies.hpp:18[m[K,
                 from [01m[K/opt/ros/foxy/include/rclcpp/executor_options.hpp:20[m[K,
                 from [01m[K/opt/ros/foxy/include/rclcpp/executor.hpp:33[m[K,
                 from [01m[K/opt/ros/foxy/include/rclcpp/executors/multi_threaded_executor.hpp:26[m[K,
                 from [01m[K/opt/ros/foxy/include/rclcpp/executors.hpp:21[m[K,
                 from [01m[K/opt/ros/foxy/include/rclcpp/rclcpp.hpp:146[m[K,
                 from [01m[K/home/jcbynum2/dev-workspace/src/corobot/map_to_jpeg/src/map_to_image_node.cpp:29[m[K:
[01m[K/usr/include/c++/9/bits/stl_map.h:100:11:[m[K [01;36m[Knote: [m[K‘[01m[Ktemplate<class _Key, class _Tp, class _Compare, class _Alloc> class std::map[m[K’ declared here
  100 |     class [01;36m[Kmap[m[K
      |           [01;36m[K^~~[m[K
[01m[K/home/jcbynum2/dev-workspace/src/corobot/map_to_jpeg/src/map_to_image_node.cpp:282:11:[m[K [01;31m[Kerror: [m[K‘[01m[KSubscriber[m[K’ in namespace ‘[01m[Krclcpp[m[K’ does not name a type
  282 |   rclcpp::[01;31m[KSubscriber[m[K map_sub_;
      |           [01;31m[K^~~~~~~~~~[m[K
[01m[K/home/jcbynum2/dev-workspace/src/corobot/map_to_jpeg/src/map_to_image_node.cpp:283:11:[m[K [01;31m[Kerror: [m[K‘[01m[KSubscriber[m[K’ in namespace ‘[01m[Krclcpp[m[K’ does not name a type
  283 |   rclcpp::[01;31m[KSubscriber[m[K pose_sub_;
      |           [01;31m[K^~~~~~~~~~[m[K
[01m[K/home/jcbynum2/dev-workspace/src/corobot/map_to_jpeg/src/map_to_image_node.cpp:291:18:[m[K [01;31m[Kerror: [m[K‘[01m[KPoseStampedConstPtr[m[K’ in namespace ‘[01m[Kgeometry_msgs[m[K’ does not name a type
  291 |   geometry_msgs::[01;31m[KPoseStampedConstPtr[m[K pose_ptr_;
      |                  [01;31m[K^~~~~~~~~~~~~~~~~~~[m[K
[01m[K/home/jcbynum2/dev-workspace/src/corobot/map_to_jpeg/src/map_to_image_node.cpp:297:11:[m[K [01;31m[Kerror: [m[K‘[01m[KNodeHandle[m[K’ in namespace ‘[01m[Krclcpp[m[K’ does not name a type
  297 |   rclcpp::[01;31m[KNodeHandle[m[K n_;
      |           [01;31m[K^~~~~~~~~~[m[K
[01m[K/home/jcbynum2/dev-workspace/src/corobot/map_to_jpeg/src/map_to_image_node.cpp:298:11:[m[K [01;31m[Kerror: [m[K‘[01m[KNodeHandle[m[K’ in namespace ‘[01m[Krclcpp[m[K’ does not name a type
  298 |   rclcpp::[01;31m[KNodeHandle[m[K pn_;
      |           [01;31m[K^~~~~~~~~~[m[K
[01m[K/home/jcbynum2/dev-workspace/src/corobot/map_to_jpeg/src/map_to_image_node.cpp:[m[K In constructor ‘[01m[KMapAsImageProvider::MapAsImageProvider()[m[K’:
[01m[K/home/jcbynum2/dev-workspace/src/corobot/map_to_jpeg/src/map_to_image_node.cpp:61:7:[m[K [01;31m[Kerror: [m[Kclass ‘[01m[KMapAsImageProvider[m[K’ does not have any field named ‘[01m[Kpn_[m[K’
   61 |     : [01;31m[Kpn_[m[K("~")
      |       [01;31m[K^~~[m[K
[01m[K/home/jcbynum2/dev-workspace/src/corobot/map_to_jpeg/src/map_to_image_node.cpp:61:14:[m[K [01;31m[Kerror: [m[Kno matching function for call to ‘[01m[Krclcpp::Node::Node()[m[K’
   61 |     : pn_("~"[01;31m[K)[m[K
      |              [01;31m[K^[m[K
In file included from [01m[K/opt/ros/foxy/include/rclcpp/executors/single_threaded_executor.hpp:28[m[K,
                 from [01m[K/opt/ros/foxy/include/rclcpp/executors.hpp:22[m[K,
                 from [01m[K/opt/ros/foxy/include/rclcpp/rclcpp.hpp:146[m[K,
                 from [01m[K/home/jcbynum2/dev-workspace/src/corobot/map_to_jpeg/src/map_to_image_node.cpp:29[m[K:
[01m[K/opt/ros/foxy/include/rclcpp/node.hpp:1193:3:[m[K [01;36m[Knote: [m[Kcandidate: ‘[01m[Krclcpp::Node::Node(const rclcpp::Node&, const string&)[m[K’
 1193 |   [01;36m[KNode[m[K(
      |   [01;36m[K^~~~[m[K
[01m[K/opt/ros/foxy/include/rclcpp/node.hpp:1193:3:[m[K [01;36m[Knote: [m[K  candidate expects 2 arguments, 0 provided
[01m[K/opt/ros/foxy/include/rclcpp/node.hpp:98:12:[m[K [01;36m[Knote: [m[Kcandidate: ‘[01m[Krclcpp::Node::Node(const string&, const string&, const rclcpp::NodeOptions&)[m[K’
   98 |   explicit [01;36m[KNode[m[K(
      |            [01;36m[K^~~~[m[K
[01m[K/opt/ros/foxy/include/rclcpp/node.hpp:98:12:[m[K [01;36m[Knote: [m[K  candidate expects 3 arguments, 0 provided
[01m[K/opt/ros/foxy/include/rclcpp/node.hpp:86:12:[m[K [01;36m[Knote: [m[Kcandidate: ‘[01m[Krclcpp::Node::Node(const string&, const rclcpp::NodeOptions&)[m[K’
   86 |   explicit [01;36m[KNode[m[K(
      |            [01;36m[K^~~~[m[K
[01m[K/opt/ros/foxy/include/rclcpp/node.hpp:86:12:[m[K [01;36m[Knote: [m[K  candidate expects 2 arguments, 0 provided
[01m[K/home/jcbynum2/dev-workspace/src/corobot/map_to_jpeg/src/map_to_image_node.cpp:61:14:[m[K [01;31m[Kerror: [m[Kcall of overloaded ‘[01m[KCoordinateTransformer()[m[K’ is ambiguous
   61 |     : pn_("~"[01;31m[K)[m[K
      |              [01;31m[K^[m[K
In file included from [01m[K/home/jcbynum2/dev-workspace/src/corobot/map_to_jpeg/src/map_to_image_node.cpp:42[m[K:
[01m[K/home/jcbynum2/dev-workspace/src/corobot/map_to_jpeg/include/HectorMapTools.h:50:5:[m[K [01;36m[Knote: [m[Kcandidate: ‘[01m[KHectorMapTools::CoordinateTransformer<ConcreteScalar>::CoordinateTransformer(...) [with ConcreteScalar = float][m[K’
   50 |     [01;36m[KCoordinateTransformer[m[K(const nav_msgs::msg::OccupancyGrid* map)
      |     [01;36m[K^~~~~~~~~~~~~~~~~~~~~[m[K
[01m[K/home/jcbynum2/dev-workspace/src/corobot/map_to_jpeg/include/HectorMapTools.h:45:5:[m[K [01;36m[Knote: [m[Kcandidate: ‘[01m[KHectorMapTools::CoordinateTransformer<ConcreteScalar>::CoordinateTransformer() [with ConcreteScalar = float][m[K’
   45 |     [01;36m[KCoordinateTransformer[m[K()
      |     [01;36m[K^~~~~~~~~~~~~~~~~~~~~[m[K
[01m[K/home/jcbynum2/dev-workspace/src/corobot/map_to_jpeg/src/map_to_image_node.cpp:64:60:[m[K [01;31m[Kerror: [m[K‘[01m[Kn_[m[K’ was not declared in this scope
   64 |     image_transport_ = new image_transport::ImageTransport([01;31m[Kn_[m[K);
      |                                                            [01;31m[K^~[m[K
[01m[K/home/jcbynum2/dev-workspace/src/corobot/map_to_jpeg/src/map_to_image_node.cpp:69:5:[m[K [01;31m[Kerror: [m[K‘[01m[Kpose_sub_[m[K’ was not declared in this scope
   69 |     [01;31m[Kpose_sub_[m[K = n_.subscribe("pose", 1, &MapAsImageProvider::poseCallback, this);
      |     [01;31m[K^~~~~~~~~[m[K
[01m[K/home/jcbynum2/dev-workspace/src/corobot/map_to_jpeg/src/map_to_image_node.cpp:70:5:[m[K [01;31m[Kerror: [m[K‘[01m[Kmap_sub_[m[K’ was not declared in this scope
   70 |     [01;31m[Kmap_sub_[m[K = n_.subscribe("map", 1, &MapAsImageProvider::mapCallback, this);
      |     [01;31m[K^~~~~~~~[m[K
[01m[K/home/jcbynum2/dev-workspace/src/corobot/map_to_jpeg/src/map_to_image_node.cpp:[m[K In member function ‘[01m[Kvoid MapAsImageProvider::poseCallback(const int&)[m[K’:
[01m[K/home/jcbynum2/dev-workspace/src/corobot/map_to_jpeg/src/map_to_image_node.cpp:97:5:[m[K [01;31m[Kerror: [m[K‘[01m[Kpose_ptr_[m[K’ was not declared in this scope
   97 |     [01;31m[Kpose_ptr_[m[K = pose;
      |     [01;31m[K^~~~~~~~~[m[K
[01m[K/home/jcbynum2/dev-workspace/src/corobot/map_to_jpeg/src/map_to_image_node.cpp:[m[K In function ‘[01m[Kint main(int, char**)[m[K’:
[01m[K/home/jcbynum2/dev-workspace/src/corobot/map_to_jpeg/src/map_to_image_node.cpp:309:28:[m[K [01;31m[Kerror: [m[Kinvalid initialization of reference of type ‘[01m[Kconst rclcpp::InitOptions&[m[K’ from expression of type ‘[01m[Kconst char [18][m[K’
  309 |   rclcpp::init(argc, argv, [01;31m[K"map_to_image_node"[m[K);
      |                            [01;31m[K^~~~~~~~~~~~~~~~~~~[m[K
In file included from [01m[K/opt/ros/foxy/include/rclcpp/client.hpp:36[m[K,
                 from [01m[K/opt/ros/foxy/include/rclcpp/callback_group.hpp:23[m[K,
                 from [01m[K/opt/ros/foxy/include/rclcpp/any_executable.hpp:20[m[K,
                 from [01m[K/opt/ros/foxy/include/rclcpp/memory_strategy.hpp:24[m[K,
                 from [01m[K/opt/ros/foxy/include/rclcpp/memory_strategies.hpp:18[m[K,
                 from [01m[K/opt/ros/foxy/include/rclcpp/executor_options.hpp:20[m[K,
                 from [01m[K/opt/ros/foxy/include/rclcpp/executor.hpp:33[m[K,
                 from [01m[K/opt/ros/foxy/include/rclcpp/executors/multi_threaded_executor.hpp:26[m[K,
                 from [01m[K/opt/ros/foxy/include/rclcpp/executors.hpp:21[m[K,
                 from [01m[K/opt/ros/foxy/include/rclcpp/rclcpp.hpp:146[m[K,
                 from [01m[K/home/jcbynum2/dev-workspace/src/corobot/map_to_jpeg/src/map_to_image_node.cpp:29[m[K:
[01m[K/opt/ros/foxy/include/rclcpp/utilities.hpp:56:63:[m[K [01;36m[Knote: [m[Kin passing argument 3 of ‘[01m[Kvoid rclcpp::init(int, const char* const*, const rclcpp::InitOptions&)[m[K’
   56 | init(int argc, char const * const argv[], [01;36m[Kconst InitOptions & init_options = InitOptions()[m[K);
      |                                           [01;36m[K~~~~~~~~~~~~~~~~~~~~^~~~~~~~~~~~~~~~~~~~~~~~~~~~[m[K
[01m[K/home/jcbynum2/dev-workspace/src/corobot/map_to_jpeg/src/map_to_image_node.cpp:313:16:[m[K [01;31m[Kerror: [m[Kno matching function for call to ‘[01m[Kspin()[m[K’
  313 |   rclcpp::spin([01;31m[K)[m[K;
      |                [01;31m[K^[m[K
In file included from [01m[K/opt/ros/foxy/include/rclcpp/rclcpp.hpp:146[m[K,
                 from [01m[K/home/jcbynum2/dev-workspace/src/corobot/map_to_jpeg/src/map_to_image_node.cpp:29[m[K:
[01m[K/opt/ros/foxy/include/rclcpp/executors.hpp:45:1:[m[K [01;36m[Knote: [m[Kcandidate: ‘[01m[Kvoid rclcpp::spin(rclcpp::node_interfaces::NodeBaseInterface::SharedPtr)[m[K’
   45 | [01;36m[Kspin[m[K(rclcpp::node_interfaces::NodeBaseInterface::SharedPtr node_ptr);
      | [01;36m[K^~~~[m[K
[01m[K/opt/ros/foxy/include/rclcpp/executors.hpp:45:1:[m[K [01;36m[Knote: [m[K  candidate expects 1 argument, 0 provided
[01m[K/opt/ros/foxy/include/rclcpp/executors.hpp:49:1:[m[K [01;36m[Knote: [m[Kcandidate: ‘[01m[Kvoid rclcpp::spin(rclcpp::Node::SharedPtr)[m[K’
   49 | [01;36m[Kspin[m[K(rclcpp::Node::SharedPtr node_ptr);
      | [01;36m[K^~~~[m[K
[01m[K/opt/ros/foxy/include/rclcpp/executors.hpp:49:1:[m[K [01;36m[Knote: [m[K  candidate expects 1 argument, 0 provided
make[2]: *** [CMakeFiles/image_to_map_node.dir/build.make:63: CMakeFiles/image_to_map_node.dir/src/image_to_map_node.cpp.o] Error 1
make[1]: *** [CMakeFiles/Makefile2:80: CMakeFiles/image_to_map_node.dir/all] Error 2
make[1]: *** Waiting for unfinished jobs....
make[2]: *** [CMakeFiles/map_to_image_node.dir/build.make:63: CMakeFiles/map_to_image_node.dir/src/map_to_image_node.cpp.o] Error 1
make[1]: *** [CMakeFiles/Makefile2:107: CMakeFiles/map_to_image_node.dir/all] Error 2
make: *** [Makefile:95: all] Error 2
