[0.037s] Invoking command in '/home/jcbynum2/dev-workspace/src/corobot/map_to_jpeg/build/map_to_jpeg': /usr/bin/cmake --build /home/jcbynum2/dev-workspace/src/corobot/map_to_jpeg/build/map_to_jpeg -- -j4 -l4
[0.149s] [35m[1mScanning dependencies of target image_to_map_node[0m
[0.206s] [ 25%] [32mBuilding CXX object CMakeFiles/map_to_image_node.dir/src/map_to_image_node.cpp.o[0m
[0.244s] [ 50%] [32mBuilding CXX object CMakeFiles/image_to_map_node.dir/src/image_to_map_node.cpp.o[0m
[3.960s] In file included from [01m[K/home/jcbynum2/dev-workspace/src/corobot/map_to_jpeg/src/map_to_image_node.cpp:39[m[K:
[3.961s] [01m[K/opt/ros/foxy/include/image_transport/image_transport.h:41:89:[m[K [01;36m[Knote: [m[K#pragma message: Warning: This header is deprecated. Use 'image_transport.hpp' instead
[3.961s]    41 | #pragma message ("Warning: This header is deprecated. Use 'image_transport.hpp' instead"[01;36m[K)[m[K
[3.961s]       |                                                                                         [01;36m[K^[m[K
[4.865s] [01m[K/home/jcbynum2/dev-workspace/src/corobot/map_to_jpeg/src/image_to_map_node.cpp:[m[K In constructor ‘[01m[KMapAsImageProvider::MapAsImageProvider()[m[K’:
[4.865s] [01m[K/home/jcbynum2/dev-workspace/src/corobot/map_to_jpeg/src/image_to_map_node.cpp:67:60:[m[K [01;31m[Kerror: [m[K‘[01m[Kn_[m[K’ was not declared in this scope
[4.865s]    67 |     image_transport_ = new image_transport::ImageTransport([01;31m[Kn_[m[K);
[4.865s]       |                                                            [01;31m[K^~[m[K
[4.872s] [01m[K/home/jcbynum2/dev-workspace/src/corobot/map_to_jpeg/src/image_to_map_node.cpp:69:123:[m[K [01;31m[Kerror: [m[Kno matching function for call to ‘[01m[Kimage_transport::ImageTransport::subscribe(const char [14], int, void (MapAsImageProvider::*)(const Image*&), MapAsImageProvider*)[m[K’
[4.872s]    69 |     image_transport_subscriber_map = image_transport_->subscribe("map_image_raw", 1, &MapAsImageProvider::mapCallback,this[01;31m[K)[m[K;
[4.872s]       |                                                                                                                           [01;31m[K^[m[K
[4.873s] In file included from [01m[K/home/jcbynum2/dev-workspace/src/corobot/map_to_jpeg/src/image_to_map_node.cpp:36[m[K:
[4.873s] [01m[K/opt/ros/foxy/include/image_transport/image_transport.hpp:141:14:[m[K [01;36m[Knote: [m[Kcandidate: ‘[01m[Kimage_transport::Subscriber image_transport::ImageTransport::subscribe(const string&, uint32_t, const Callback&, const VoidPtr&, const image_transport::TransportHints*)[m[K’
[4.874s]   141 |   Subscriber [01;36m[Ksubscribe[m[K(
[4.874s]       |              [01;36m[K^~~~~~~~~[m[K
[4.874s] [01m[K/opt/ros/foxy/include/image_transport/image_transport.hpp:143:34:[m[K [01;36m[Knote: [m[K  no known conversion for argument 3 from ‘[01m[Kvoid (MapAsImageProvider::*)(const Image*&)[m[K’ {aka ‘[01m[Kvoid (MapAsImageProvider::*)(const sensor_msgs::msg::Image_<std::allocator<void> >*&)[m[K’} to ‘[01m[Kconst Callback&[m[K’ {aka ‘[01m[Kconst std::function<void(const std::shared_ptr<const sensor_msgs::msg::Image_<std::allocator<void> > >&)>&[m[K’}
[4.875s]   143 |     [01;36m[Kconst Subscriber::Callback & callback[m[K,
[4.877s]       |     [01;36m[K~~~~~~~~~~~~~~~~~~~~~~~~~~~~~^~~~~~~~[m[K
[4.877s] [01m[K/opt/ros/foxy/include/image_transport/image_transport.hpp:151:14:[m[K [01;36m[Knote: [m[Kcandidate: ‘[01m[Kimage_transport::Subscriber image_transport::ImageTransport::subscribe(const string&, uint32_t, void (*)(const ImageConstPtr&), const image_transport::TransportHints*)[m[K’
[4.878s]   151 |   Subscriber [01;36m[Ksubscribe[m[K(
[4.878s]       |              [01;36m[K^~~~~~~~~[m[K
[4.878s] [01m[K/opt/ros/foxy/include/image_transport/image_transport.hpp:153:12:[m[K [01;36m[Knote: [m[K  no known conversion for argument 3 from ‘[01m[Kvoid (MapAsImageProvider::*)(const Image*&)[m[K’ {aka ‘[01m[Kvoid (MapAsImageProvider::*)(const sensor_msgs::msg::Image_<std::allocator<void> >*&)[m[K’} to ‘[01m[Kvoid (*)(const ImageConstPtr&)[m[K’ {aka ‘[01m[Kvoid (*)(const std::shared_ptr<const sensor_msgs::msg::Image_<std::allocator<void> > >&)[m[K’}
[4.879s]   153 |     [01;36m[Kvoid (*fp)(const ImageConstPtr &)[m[K,
[4.879s]       |     [01;36m[K~~~~~~~^~~~~~~~~~~~~~~~~~~~~~~~~~[m[K
[4.879s] [01m[K/opt/ros/foxy/include/image_transport/image_transport.hpp:165:14:[m[K [01;36m[Knote: [m[Kcandidate: ‘[01m[Ktemplate<class T> image_transport::Subscriber image_transport::ImageTransport::subscribe(const string&, uint32_t, void (T::*)(const ImageConstPtr&), T*, const image_transport::TransportHints*)[m[K’
[4.880s]   165 |   Subscriber [01;36m[Ksubscribe[m[K(
[4.881s]       |              [01;36m[K^~~~~~~~~[m[K
[4.881s] [01m[K/opt/ros/foxy/include/image_transport/image_transport.hpp:165:14:[m[K [01;36m[Knote: [m[K  template argument deduction/substitution failed:
[4.882s] [01m[K/home/jcbynum2/dev-workspace/src/corobot/map_to_jpeg/src/image_to_map_node.cpp:69:123:[m[K [01;36m[Knote: [m[K  mismatched types ‘[01m[Kconst ImageConstPtr[m[K’ {aka ‘[01m[Kconst std::shared_ptr<const sensor_msgs::msg::Image_<std::allocator<void> > >[m[K’} and ‘[01m[Kconst Image*[m[K’ {aka ‘[01m[Kconst sensor_msgs::msg::Image_<std::allocator<void> >*[m[K’}
[4.882s]    69 |     image_transport_subscriber_map = image_transport_->subscribe("map_image_raw", 1, &MapAsImageProvider::mapCallback,this[01;36m[K)[m[K;
[4.882s]       |                                                                                                                           [01;36m[K^[m[K
[4.883s] In file included from [01m[K/home/jcbynum2/dev-workspace/src/corobot/map_to_jpeg/src/image_to_map_node.cpp:36[m[K:
[4.883s] [01m[K/opt/ros/foxy/include/image_transport/image_transport.hpp:178:14:[m[K [01;36m[Knote: [m[Kcandidate: ‘[01m[Ktemplate<class T> image_transport::Subscriber image_transport::ImageTransport::subscribe(const string&, uint32_t, void (T::*)(const ImageConstPtr&), const std::shared_ptr<_Tp>&, const image_transport::TransportHints*)[m[K’
[4.883s]   178 |   Subscriber [01;36m[Ksubscribe[m[K(
[4.884s]       |              [01;36m[K^~~~~~~~~[m[K
[4.884s] [01m[K/opt/ros/foxy/include/image_transport/image_transport.hpp:178:14:[m[K [01;36m[Knote: [m[K  template argument deduction/substitution failed:
[4.884s] [01m[K/home/jcbynum2/dev-workspace/src/corobot/map_to_jpeg/src/image_to_map_node.cpp:69:123:[m[K [01;36m[Knote: [m[K  mismatched types ‘[01m[Kconst ImageConstPtr[m[K’ {aka ‘[01m[Kconst std::shared_ptr<const sensor_msgs::msg::Image_<std::allocator<void> > >[m[K’} and ‘[01m[Kconst Image*[m[K’ {aka ‘[01m[Kconst sensor_msgs::msg::Image_<std::allocator<void> >*[m[K’}
[4.886s]    69 |     image_transport_subscriber_map = image_transport_->subscribe("map_image_raw", 1, &MapAsImageProvider::mapCallback,this[01;36m[K)[m[K;
[4.886s]       |                                                                                                                           [01;36m[K^[m[K
[4.897s] [01m[K/home/jcbynum2/dev-workspace/src/corobot/map_to_jpeg/src/image_to_map_node.cpp:71:62:[m[K [01;31m[Kerror: [m[Kexpected primary-expression before ‘[01m[K>[m[K’ token
[4.897s]    71 |     map_publisher = n_.advertise<nav_msgs::msg::OccupancyGrid[01;31m[K>[m[K("/map_from_jpeg", 50);
[4.897s]       |                                                              [01;31m[K^[m[K
[4.898s] [01m[K/home/jcbynum2/dev-workspace/src/corobot/map_to_jpeg/src/image_to_map_node.cpp:[m[K In member function ‘[01m[Kvoid MapAsImageProvider::mapCallback(const Image*&)[m[K’:
[4.898s] [01m[K/home/jcbynum2/dev-workspace/src/corobot/map_to_jpeg/src/image_to_map_node.cpp:87:15:[m[K [01;31m[Kerror: [m[K‘[01m[KOccupancyGrid[m[K’ is not a member of ‘[01m[Knav_msgs[m[K’; did you mean ‘[01m[Knav_msgs::msg::OccupancyGrid[m[K’?
[4.898s]    87 |     nav_msgs::[01;31m[KOccupancyGrid[m[K map;
[4.898s]       |               [01;31m[K^~~~~~~~~~~~~[m[K
[4.898s] In file included from [01m[K/opt/ros/foxy/include/nav_msgs/srv/detail/get_map__struct.hpp:126[m[K,
[4.899s]                  from [01m[K/opt/ros/foxy/include/nav_msgs/srv/get_map.hpp:7[m[K,
[4.899s]                  from [01m[K/home/jcbynum2/dev-workspace/src/corobot/map_to_jpeg/src/image_to_map_node.cpp:32[m[K:
[4.899s] [01m[K/opt/ros/foxy/include/nav_msgs/msg/detail/occupancy_grid__struct.hpp:146:7:[m[K [01;36m[Knote: [m[K‘[01m[Knav_msgs::msg::OccupancyGrid[m[K’ declared here
[4.899s]   146 | using [01;36m[KOccupancyGrid[m[K =
[4.899s]       |       [01;36m[K^~~~~~~~~~~~~[m[K
[4.900s] [01m[K/home/jcbynum2/dev-workspace/src/corobot/map_to_jpeg/src/image_to_map_node.cpp:89:8:[m[K [01;31m[Kerror: [m[Kmissing template arguments before ‘[01m[K.[m[K’ token
[4.900s]    89 |     map[01;31m[K.[m[Kheader.stamp = image->header.stamp;
[4.900s]       |        [01;31m[K^[m[K
[4.900s] [01m[K/home/jcbynum2/dev-workspace/src/corobot/map_to_jpeg/src/image_to_map_node.cpp:90:8:[m[K [01;31m[Kerror: [m[Kmissing template arguments before ‘[01m[K.[m[K’ token
[4.900s]    90 |     map[01;31m[K.[m[Kheader.frame_id = "map";
[4.901s]       |        [01;31m[K^[m[K
[4.902s] [01m[K/home/jcbynum2/dev-workspace/src/corobot/map_to_jpeg/src/image_to_map_node.cpp:91:8:[m[K [01;31m[Kerror: [m[Kmissing template arguments before ‘[01m[K.[m[K’ token
[4.902s]    91 |     map[01;31m[K.[m[Kinfo.width = image->width;
[4.903s]       |        [01;31m[K^[m[K
[4.903s] [01m[K/home/jcbynum2/dev-workspace/src/corobot/map_to_jpeg/src/image_to_map_node.cpp:92:8:[m[K [01;31m[Kerror: [m[Kmissing template arguments before ‘[01m[K.[m[K’ token
[4.904s]    92 |     map[01;31m[K.[m[Kinfo.height = image->height;
[4.904s]       |        [01;31m[K^[m[K
[4.905s] [01m[K/home/jcbynum2/dev-workspace/src/corobot/map_to_jpeg/src/image_to_map_node.cpp:93:8:[m[K [01;31m[Kerror: [m[Kmissing template arguments before ‘[01m[K.[m[K’ token
[4.905s]    93 |     map[01;31m[K.[m[Kinfo.origin.orientation.w = 1;
[4.906s]       |        [01;31m[K^[m[K
[4.906s] [01m[K/home/jcbynum2/dev-workspace/src/corobot/map_to_jpeg/src/image_to_map_node.cpp:94:8:[m[K [01;31m[Kerror: [m[Kmissing template arguments before ‘[01m[K.[m[K’ token
[4.907s]    94 |     map[01;31m[K.[m[Kinfo.resolution = resolution;
[4.907s]       |        [01;31m[K^[m[K
[4.907s] [01m[K/home/jcbynum2/dev-workspace/src/corobot/map_to_jpeg/src/image_to_map_node.cpp:95:8:[m[K [01;31m[Kerror: [m[Kmissing template arguments before ‘[01m[K.[m[K’ token
[4.908s]    95 |     map[01;31m[K.[m[Kinfo.origin.position.x = -((image->width + 1) * map.info.resolution * 0.5f);
[4.908s]       |        [01;31m[K^[m[K
[4.909s] [01m[K/home/jcbynum2/dev-workspace/src/corobot/map_to_jpeg/src/image_to_map_node.cpp:95:60:[m[K [01;31m[Kerror: [m[Kmissing template arguments before ‘[01m[K.[m[K’ token
[4.909s]    95 |     map.info.origin.position.x = -((image->width + 1) * map[01;31m[K.[m[Kinfo.resolution * 0.5f);
[4.910s]       |                                                            [01;31m[K^[m[K
[4.910s] [01m[K/home/jcbynum2/dev-workspace/src/corobot/map_to_jpeg/src/image_to_map_node.cpp:96:8:[m[K [01;31m[Kerror: [m[Kmissing template arguments before ‘[01m[K.[m[K’ token
[4.910s]    96 |     map[01;31m[K.[m[Kinfo.origin.position.y = -((image->height + 1) * map.info.resolution * 0.5f);
[4.911s]       |        [01;31m[K^[m[K
[4.911s] [01m[K/home/jcbynum2/dev-workspace/src/corobot/map_to_jpeg/src/image_to_map_node.cpp:96:61:[m[K [01;31m[Kerror: [m[Kmissing template arguments before ‘[01m[K.[m[K’ token
[4.912s]    96 |     map.info.origin.position.y = -((image->height + 1) * map[01;31m[K.[m[Kinfo.resolution * 0.5f);
[4.912s]       |                                                             [01;31m[K^[m[K
[4.912s] [01m[K/home/jcbynum2/dev-workspace/src/corobot/map_to_jpeg/src/image_to_map_node.cpp:106:10:[m[K [01;31m[Kerror: [m[Kmissing template arguments before ‘[01m[K.[m[K’ token
[4.913s]   106 |       map[01;31m[K.[m[Kdata.push_back(-1);
[4.913s]       |          [01;31m[K^[m[K
[4.914s] [01m[K/home/jcbynum2/dev-workspace/src/corobot/map_to_jpeg/src/image_to_map_node.cpp:109:6:[m[K [01;31m[Kerror: [m[Kmissing template arguments before ‘[01m[K.[m[K’ token
[4.914s]   109 |   map[01;31m[K.[m[Kdata.push_back(0);
[4.914s]       |      [01;31m[K^[m[K
[4.915s] [01m[K/home/jcbynum2/dev-workspace/src/corobot/map_to_jpeg/src/image_to_map_node.cpp:112:6:[m[K [01;31m[Kerror: [m[Kmissing template arguments before ‘[01m[K.[m[K’ token
[4.915s]   112 |   map[01;31m[K.[m[Kdata.push_back(100);
[4.915s]       |      [01;31m[K^[m[K
[4.916s] [01m[K/home/jcbynum2/dev-workspace/src/corobot/map_to_jpeg/src/image_to_map_node.cpp:116:19:[m[K [01;31m[Kerror: [m[K‘[01m[Kusing SharedPtr = class std::shared_ptr<rclcpp::Publisher<nav_msgs::msg::OccupancyGrid_<std::allocator<void> > > >[m[K’ {aka ‘[01m[Kclass std::shared_ptr<rclcpp::Publisher<nav_msgs::msg::OccupancyGrid_<std::allocator<void> > > >[m[K’} has no member named ‘[01m[Kpublish[m[K’
[4.916s]   116 |     map_publisher.[01;31m[Kpublish[m[K(map);
[4.917s]       |                   [01;31m[K^~~~~~~[m[K
[4.917s] [01m[K/home/jcbynum2/dev-workspace/src/corobot/map_to_jpeg/src/image_to_map_node.cpp:116:30:[m[K [01;31m[Kerror: [m[Kmissing template arguments before ‘[01m[K)[m[K’ token
[4.917s]   116 |     map_publisher.publish(map[01;31m[K)[m[K;
[4.918s]       |                              [01;31m[K^[m[K
[4.918s] [01m[K/home/jcbynum2/dev-workspace/src/corobot/map_to_jpeg/src/image_to_map_node.cpp:[m[K In function ‘[01m[Kint main(int, char**)[m[K’:
[4.919s] [01m[K/home/jcbynum2/dev-workspace/src/corobot/map_to_jpeg/src/image_to_map_node.cpp:123:28:[m[K [01;31m[Kerror: [m[Kinvalid initialization of reference of type ‘[01m[Kconst rclcpp::InitOptions&[m[K’ from expression of type ‘[01m[Kconst char [18][m[K’
[4.919s]   123 |   rclcpp::init(argc, argv, [01;31m[K"image_to_map_node"[m[K);
[4.919s]       |                            [01;31m[K^~~~~~~~~~~~~~~~~~~[m[K
[4.920s] In file included from [01m[K/opt/ros/foxy/include/rclcpp/client.hpp:36[m[K,
[4.920s]                  from [01m[K/opt/ros/foxy/include/rclcpp/callback_group.hpp:23[m[K,
[4.920s]                  from [01m[K/opt/ros/foxy/include/rclcpp/any_executable.hpp:20[m[K,
[4.921s]                  from [01m[K/opt/ros/foxy/include/rclcpp/memory_strategy.hpp:24[m[K,
[4.921s]                  from [01m[K/opt/ros/foxy/include/rclcpp/memory_strategies.hpp:18[m[K,
[4.922s]                  from [01m[K/opt/ros/foxy/include/rclcpp/executor_options.hpp:20[m[K,
[4.922s]                  from [01m[K/opt/ros/foxy/include/rclcpp/executor.hpp:33[m[K,
[4.922s]                  from [01m[K/opt/ros/foxy/include/rclcpp/executors/multi_threaded_executor.hpp:26[m[K,
[4.923s]                  from [01m[K/opt/ros/foxy/include/rclcpp/executors.hpp:21[m[K,
[4.923s]                  from [01m[K/opt/ros/foxy/include/rclcpp/rclcpp.hpp:146[m[K,
[4.924s]                  from [01m[K/home/jcbynum2/dev-workspace/src/corobot/map_to_jpeg/src/image_to_map_node.cpp:30[m[K:
[4.924s] [01m[K/opt/ros/foxy/include/rclcpp/utilities.hpp:56:63:[m[K [01;36m[Knote: [m[Kin passing argument 3 of ‘[01m[Kvoid rclcpp::init(int, const char* const*, const rclcpp::InitOptions&)[m[K’
[4.924s]    56 | init(int argc, char const * const argv[], [01;36m[Kconst InitOptions & init_options = InitOptions()[m[K);
[4.925s]       |                                           [01;36m[K~~~~~~~~~~~~~~~~~~~~^~~~~~~~~~~~~~~~~~~~~~~~~~~~[m[K
[4.925s] [01m[K/home/jcbynum2/dev-workspace/src/corobot/map_to_jpeg/src/image_to_map_node.cpp:125:11:[m[K [01;31m[Kerror: [m[K‘[01m[KNodeHandle[m[K’ is not a member of ‘[01m[Krclcpp[m[K’
[4.926s]   125 |   rclcpp::[01;31m[KNodeHandle[m[K nh("~");
[4.926s]       |           [01;31m[K^~~~~~~~~~[m[K
[4.926s] [01m[K/home/jcbynum2/dev-workspace/src/corobot/map_to_jpeg/src/image_to_map_node.cpp:126:3:[m[K [01;31m[Kerror: [m[K‘[01m[Knh[m[K’ was not declared in this scope
[4.927s]   126 |   [01;31m[Knh[m[K.param("resolution", resolution, 0.05);
[4.927s]       |   [01;31m[K^~[m[K
[4.928s] [01m[K/home/jcbynum2/dev-workspace/src/corobot/map_to_jpeg/src/image_to_map_node.cpp:131:16:[m[K [01;31m[Kerror: [m[Kno matching function for call to ‘[01m[Kspin()[m[K’
[4.928s]   131 |   rclcpp::spin([01;31m[K)[m[K;
[4.929s]       |                [01;31m[K^[m[K
[4.929s] In file included from [01m[K/opt/ros/foxy/include/rclcpp/rclcpp.hpp:146[m[K,
[4.929s]                  from [01m[K/home/jcbynum2/dev-workspace/src/corobot/map_to_jpeg/src/image_to_map_node.cpp:30[m[K:
[4.930s] [01m[K/opt/ros/foxy/include/rclcpp/executors.hpp:45:1:[m[K [01;36m[Knote: [m[Kcandidate: ‘[01m[Kvoid rclcpp::spin(rclcpp::node_interfaces::NodeBaseInterface::SharedPtr)[m[K’
[4.930s]    45 | [01;36m[Kspin[m[K(rclcpp::node_interfaces::NodeBaseInterface::SharedPtr node_ptr);
[4.930s]       | [01;36m[K^~~~[m[K
[4.931s] [01m[K/opt/ros/foxy/include/rclcpp/executors.hpp:45:1:[m[K [01;36m[Knote: [m[K  candidate expects 1 argument, 0 provided
[4.931s] [01m[K/opt/ros/foxy/include/rclcpp/executors.hpp:49:1:[m[K [01;36m[Knote: [m[Kcandidate: ‘[01m[Kvoid rclcpp::spin(rclcpp::Node::SharedPtr)[m[K’
[4.932s]    49 | [01;36m[Kspin[m[K(rclcpp::Node::SharedPtr node_ptr);
[4.932s]       | [01;36m[K^~~~[m[K
[4.932s] [01m[K/opt/ros/foxy/include/rclcpp/executors.hpp:49:1:[m[K [01;36m[Knote: [m[K  candidate expects 1 argument, 0 provided
[5.311s] In file included from [01m[K/home/jcbynum2/dev-workspace/src/corobot/map_to_jpeg/src/map_to_image_node.cpp:42[m[K:
[5.312s] [01m[K/home/jcbynum2/dev-workspace/src/corobot/map_to_jpeg/include/HectorMapTools.h:50:33:[m[K [01;31m[Kerror: [m[K‘[01m[Knav_msgs[m[K’ does not name a type
[5.315s]    50 |     CoordinateTransformer(const [01;31m[Knav_msgs[m[K::msg::OccupancyGrid* map)
[5.316s]       |                                 [01;31m[K^~~~~~~~[m[K
[5.318s] [01m[K/home/jcbynum2/dev-workspace/src/corobot/map_to_jpeg/include/HectorMapTools.h:50:46:[m[K [01;31m[Kerror: [m[Kexpected unqualified-id before ‘[01m[K::[m[K’ token
[5.319s]    50 |     CoordinateTransformer(const nav_msgs::msg[01;31m[K::[m[KOccupancyGrid* map)
[5.319s]       |                                              [01;31m[K^~[m[K
[5.320s] [01m[K/home/jcbynum2/dev-workspace/src/corobot/map_to_jpeg/include/HectorMapTools.h:50:46:[m[K [01;31m[Kerror: [m[Kexpected ‘[01m[K)[m[K’ before ‘[01m[K::[m[K’ token
[5.321s]    50 |     CoordinateTransformer[34m[K([m[Kconst nav_msgs::msg[01;31m[K:[m[K[32m[K:[m[KOccupancyGrid* map)
[5.321s]       |                          [34m[K~[m[K                   [01;31m[K^[m[K[32m[K~[m[K
[5.322s]       |                                              [32m[K)[m[K
[5.322s] [01m[K/home/jcbynum2/dev-workspace/src/corobot/map_to_jpeg/include/HectorMapTools.h:50:43:[m[K [01;31m[Kerror: [m[Kexpected ‘[01m[K;[m[K’ at end of member declaration
[5.322s]    50 |     CoordinateTransformer(const nav_msgs::[01;31m[Kmsg[m[K::OccupancyGrid* map)
[5.323s]       |                                           [01;31m[K^~~[m[K
[5.323s]       |                                              [32m[K;[m[K
[5.324s] [01m[K/home/jcbynum2/dev-workspace/src/corobot/map_to_jpeg/include/HectorMapTools.h:50:48:[m[K [01;31m[Kerror: [m[K‘[01m[KOccupancyGrid[m[K’ in namespace ‘[01m[K::[m[K’ does not name a type
[5.324s]    50 |     CoordinateTransformer(const nav_msgs::msg::[01;31m[KOccupancyGrid[m[K* map)
[5.325s]       |                                                [01;31m[K^~~~~~~~~~~~~[m[K
[5.325s] [01m[K/home/jcbynum2/dev-workspace/src/corobot/map_to_jpeg/include/HectorMapTools.h:56:30:[m[K [01;31m[Kerror: [m[K‘[01m[Knav_msgs[m[K’ does not name a type
[5.326s]    56 |     void setTransforms(const [01;31m[Knav_msgs[m[K::msg::OccupancyGrid& map)
[5.326s]       |                              [01;31m[K^~~~~~~~[m[K
[5.326s] [01m[K/home/jcbynum2/dev-workspace/src/corobot/map_to_jpeg/include/HectorMapTools.h:56:43:[m[K [01;31m[Kerror: [m[Kexpected unqualified-id before ‘[01m[K::[m[K’ token
[5.327s]    56 |     void setTransforms(const nav_msgs::msg[01;31m[K::[m[KOccupancyGrid& map)
[5.327s]       |                                           [01;31m[K^~[m[K
[5.327s] [01m[K/home/jcbynum2/dev-workspace/src/corobot/map_to_jpeg/include/HectorMapTools.h:56:43:[m[K [01;31m[Kerror: [m[Kexpected ‘[01m[K)[m[K’ before ‘[01m[K::[m[K’ token
[5.328s]    56 |     void setTransforms[34m[K([m[Kconst nav_msgs::msg[01;31m[K:[m[K[32m[K:[m[KOccupancyGrid& map)
[5.329s]       |                       [34m[K~[m[K                   [01;31m[K^[m[K[32m[K~[m[K
[5.329s]       |                                           [32m[K)[m[K
[5.330s] [01m[K/home/jcbynum2/dev-workspace/src/corobot/map_to_jpeg/include/HectorMapTools.h:56:40:[m[K [01;31m[Kerror: [m[Kexpected ‘[01m[K;[m[K’ at end of member declaration
[5.331s]    56 |     void setTransforms(const nav_msgs::[01;31m[Kmsg[m[K::OccupancyGrid& map)
[5.331s]       |                                        [01;31m[K^~~[m[K
[5.331s]       |                                           [32m[K;[m[K
[5.332s] [01m[K/home/jcbynum2/dev-workspace/src/corobot/map_to_jpeg/include/HectorMapTools.h:56:45:[m[K [01;31m[Kerror: [m[K‘[01m[KOccupancyGrid[m[K’ in namespace ‘[01m[K::[m[K’ does not name a type
[5.332s]    56 |     void setTransforms(const nav_msgs::msg::[01;31m[KOccupancyGrid[m[K& map)
[5.333s]       |                                             [01;31m[K^~~~~~~~~~~~~[m[K
[5.333s] [01m[K/home/jcbynum2/dev-workspace/src/corobot/map_to_jpeg/include/HectorMapTools.h:61:30:[m[K [01;31m[Kerror: [m[K‘[01m[Knav_msgs[m[K’ does not name a type
[5.334s]    61 |     void setTransforms(const [01;31m[Knav_msgs[m[K::msg::MapMetaData& meta)
[5.334s]       |                              [01;31m[K^~~~~~~~[m[K
[5.334s] [01m[K/home/jcbynum2/dev-workspace/src/corobot/map_to_jpeg/include/HectorMapTools.h:61:43:[m[K [01;31m[Kerror: [m[Kexpected unqualified-id before ‘[01m[K::[m[K’ token
[5.335s]    61 |     void setTransforms(const nav_msgs::msg[01;31m[K::[m[KMapMetaData& meta)
[5.335s]       |                                           [01;31m[K^~[m[K
[5.335s] [01m[K/home/jcbynum2/dev-workspace/src/corobot/map_to_jpeg/include/HectorMapTools.h:61:43:[m[K [01;31m[Kerror: [m[Kexpected ‘[01m[K)[m[K’ before ‘[01m[K::[m[K’ token
[5.336s]    61 |     void setTransforms[34m[K([m[Kconst nav_msgs::msg[01;31m[K:[m[K[32m[K:[m[KMapMetaData& meta)
[5.336s]       |                       [34m[K~[m[K                   [01;31m[K^[m[K[32m[K~[m[K
[5.337s]       |                                           [32m[K)[m[K
[5.337s] [01m[K/home/jcbynum2/dev-workspace/src/corobot/map_to_jpeg/include/HectorMapTools.h:61:40:[m[K [01;31m[Kerror: [m[Kexpected ‘[01m[K;[m[K’ at end of member declaration
[5.337s]    61 |     void setTransforms(const nav_msgs::[01;31m[Kmsg[m[K::MapMetaData& meta)
[5.338s]       |                                        [01;31m[K^~~[m[K
[5.338s]       |                                           [32m[K;[m[K
[5.339s] [01m[K/home/jcbynum2/dev-workspace/src/corobot/map_to_jpeg/include/HectorMapTools.h:61:10:[m[K [01;31m[Kerror: [m[K‘[01m[Kvoid HectorMapTools::CoordinateTransformer<ConcreteScalar>::setTransforms(...)[m[K’ cannot be overloaded with ‘[01m[Kvoid HectorMapTools::CoordinateTransformer<ConcreteScalar>::setTransforms(...)[m[K’
[5.339s]    61 |     void [01;31m[KsetTransforms[m[K(const nav_msgs::msg::MapMetaData& meta)
[5.339s]       |          [01;31m[K^~~~~~~~~~~~~[m[K
[5.340s] [01m[K/home/jcbynum2/dev-workspace/src/corobot/map_to_jpeg/include/HectorMapTools.h:56:10:[m[K [01;36m[Knote: [m[Kprevious declaration ‘[01m[Kvoid HectorMapTools::CoordinateTransformer<ConcreteScalar>::setTransforms(...)[m[K’
[5.340s]    56 |     void [01;36m[KsetTransforms[m[K(const nav_msgs::msg::OccupancyGrid& map)
[5.341s]       |          [01;36m[K^~~~~~~~~~~~~[m[K
[5.341s] [01m[K/home/jcbynum2/dev-workspace/src/corobot/map_to_jpeg/include/HectorMapTools.h:61:45:[m[K [01;31m[Kerror: [m[K‘[01m[KMapMetaData[m[K’ in namespace ‘[01m[K::[m[K’ does not name a type
[5.342s]    61 |     void setTransforms(const nav_msgs::msg::[01;31m[KMapMetaData[m[K& meta)
[5.342s]       |                                             [01;31m[K^~~~~~~~~~~[m[K
[5.343s] In file included from [01m[K/home/jcbynum2/dev-workspace/src/corobot/map_to_jpeg/src/map_to_image_node.cpp:42[m[K:
[5.343s] [01m[K/home/jcbynum2/dev-workspace/src/corobot/map_to_jpeg/include/HectorMapTools.h:127:17:[m[K [01;31m[Kerror: [m[K‘[01m[Knav_msgs[m[K’ has not been declared
[5.343s]   127 |     void setMap([01;31m[Knav_msgs[m[K::msg::OccupancyGrid* map)
[5.344s]       |                 [01;31m[K^~~~~~~~[m[K
[5.345s] [01m[K/home/jcbynum2/dev-workspace/src/corobot/map_to_jpeg/include/HectorMapTools.h:127:45:[m[K [01;31m[Kerror: [m[Kexpected ‘[01m[K,[m[K’ or ‘[01m[K...[m[K’ before ‘[01m[K*[m[K’ token
[5.345s]   127 |     void setMap(nav_msgs::msg::OccupancyGrid[01;31m[K*[m[K map)
[5.346s]       |                                             [01;31m[K^[m[K
[5.387s] [01m[K/home/jcbynum2/dev-workspace/src/corobot/map_to_jpeg/include/HectorMapTools.h:237:5:[m[K [01;31m[Kerror: [m[K‘[01m[Knav_msgs[m[K’ does not name a type
[5.387s]   237 |     [01;31m[Knav_msgs[m[K::msg::OccupancyGrid* map_ptr_;
[5.388s]       |     [01;31m[K^~~~~~~~[m[K
[5.391s] [01m[K/home/jcbynum2/dev-workspace/src/corobot/map_to_jpeg/include/HectorMapTools.h:242:35:[m[K [01;31m[Kerror: [m[K‘[01m[Knav_msgs[m[K’ does not name a type
[5.392s]   242 |   static bool getMapExtends(const [01;31m[Knav_msgs[m[K::msg::OccupancyGrid& map, Eigen::Vector2i& topLeft, Eigen::Vector2i& bottomRight)
[5.392s]       |                                   [01;31m[K^~~~~~~~[m[K
[5.393s] [01m[K/home/jcbynum2/dev-workspace/src/corobot/map_to_jpeg/include/HectorMapTools.h:242:48:[m[K [01;31m[Kerror: [m[Kexpected unqualified-id before ‘[01m[K::[m[K’ token
[5.393s]   242 |   static bool getMapExtends(const nav_msgs::msg[01;31m[K::[m[KOccupancyGrid& map, Eigen::Vector2i& topLeft, Eigen::Vector2i& bottomRight)
[5.393s]       |                                                [01;31m[K^~[m[K
[5.394s] [01m[K/home/jcbynum2/dev-workspace/src/corobot/map_to_jpeg/include/HectorMapTools.h:242:48:[m[K [01;31m[Kerror: [m[Kexpected ‘[01m[K)[m[K’ before ‘[01m[K::[m[K’ token
[5.395s]   242 |   static bool getMapExtends[34m[K([m[Kconst nav_msgs::msg[01;31m[K:[m[K[32m[K:[m[KOccupancyGrid& map, Eigen::Vector2i& topLeft, Eigen::Vector2i& bottomRight)
[5.395s]       |                            [34m[K~[m[K                   [01;31m[K^[m[K[32m[K~[m[K
[5.396s]       |                                                [32m[K)[m[K
[5.396s] [01m[K/home/jcbynum2/dev-workspace/src/corobot/map_to_jpeg/include/HectorMapTools.h:242:45:[m[K [01;31m[Kerror: [m[Kexpected ‘[01m[K;[m[K’ at end of member declaration
[5.397s]   242 |   static bool getMapExtends(const nav_msgs::[01;31m[Kmsg[m[K::OccupancyGrid& map, Eigen::Vector2i& topLeft, Eigen::Vector2i& bottomRight)
[5.397s]       |                                             [01;31m[K^~~[m[K
[5.397s]       |                                                [32m[K;[m[K
[5.398s] [01m[K/home/jcbynum2/dev-workspace/src/corobot/map_to_jpeg/include/HectorMapTools.h:242:50:[m[K [01;31m[Kerror: [m[K‘[01m[KOccupancyGrid[m[K’ in namespace ‘[01m[K::[m[K’ does not name a type
[5.398s]   242 |   static bool getMapExtends(const nav_msgs::msg::[01;31m[KOccupancyGrid[m[K& map, Eigen::Vector2i& topLeft, Eigen::Vector2i& bottomRight)
[5.399s]       |                                                  [01;31m[K^~~~~~~~~~~~~[m[K
[5.399s] [01m[K/home/jcbynum2/dev-workspace/src/corobot/map_to_jpeg/include/HectorMapTools.h:[m[K In constructor ‘[01m[KHectorMapTools::DistanceMeasurementProvider::DistanceMeasurementProvider()[m[K’:
[5.399s] [01m[K/home/jcbynum2/dev-workspace/src/corobot/map_to_jpeg/include/HectorMapTools.h:123:5:[m[K [01;31m[Kerror: [m[Kcall of overloaded ‘[01m[KCoordinateTransformer()[m[K’ is ambiguous
[5.400s]   123 |     [01;31m[K{[m[K
[5.400s]       |     [01;31m[K^[m[K
[5.401s] In file included from [01m[K/home/jcbynum2/dev-workspace/src/corobot/map_to_jpeg/src/map_to_image_node.cpp:42[m[K:
[5.401s] [01m[K/home/jcbynum2/dev-workspace/src/corobot/map_to_jpeg/include/HectorMapTools.h:50:5:[m[K [01;36m[Knote: [m[Kcandidate: ‘[01m[KHectorMapTools::CoordinateTransformer<ConcreteScalar>::CoordinateTransformer(...) [with ConcreteScalar = float][m[K’
[5.401s]    50 |     [01;36m[KCoordinateTransformer[m[K(const nav_msgs::msg::OccupancyGrid* map)
[5.402s]       |     [01;36m[K^~~~~~~~~~~~~~~~~~~~~[m[K
[5.402s] [01m[K/home/jcbynum2/dev-workspace/src/corobot/map_to_jpeg/include/HectorMapTools.h:45:5:[m[K [01;36m[Knote: [m[Kcandidate: ‘[01m[KHectorMapTools::CoordinateTransformer<ConcreteScalar>::CoordinateTransformer() [with ConcreteScalar = float][m[K’
[5.403s]    45 |     [01;36m[KCoordinateTransformer[m[K()
[5.403s]       |     [01;36m[K^~~~~~~~~~~~~~~~~~~~~[m[K
[5.404s] In file included from [01m[K/home/jcbynum2/dev-workspace/src/corobot/map_to_jpeg/src/map_to_image_node.cpp:42[m[K:
[5.404s] [01m[K/home/jcbynum2/dev-workspace/src/corobot/map_to_jpeg/include/HectorMapTools.h:[m[K In member function ‘[01m[Kvoid HectorMapTools::DistanceMeasurementProvider::setMap(int)[m[K’:
[5.405s] [01m[K/home/jcbynum2/dev-workspace/src/corobot/map_to_jpeg/include/HectorMapTools.h:129:7:[m[K [01;31m[Kerror: [m[K‘[01m[Kmap_ptr_[m[K’ was not declared in this scope
[5.405s]   129 |       [01;31m[Kmap_ptr_[m[K = map;
[5.405s]       |       [01;31m[K^~~~~~~~[m[K
[5.406s] [01m[K/home/jcbynum2/dev-workspace/src/corobot/map_to_jpeg/include/HectorMapTools.h:129:18:[m[K [01;31m[Kerror: [m[K‘[01m[Kmap[m[K’ was not declared in this scope; did you mean ‘[01m[Kstd::map[m[K’?
[5.406s]   129 |       map_ptr_ = [01;31m[Kmap[m[K;
[5.407s]       |                  [01;31m[K^~~[m[K
[5.407s]       |                  [32m[Kstd::map[m[K
[5.408s] In file included from [01m[K/usr/include/c++/9/map:61[m[K,
[5.408s]                  from [01m[K/opt/ros/foxy/include/rclcpp/client.hpp:20[m[K,
[5.408s]                  from [01m[K/opt/ros/foxy/include/rclcpp/callback_group.hpp:23[m[K,
[5.409s]                  from [01m[K/opt/ros/foxy/include/rclcpp/any_executable.hpp:20[m[K,
[5.409s]                  from [01m[K/opt/ros/foxy/include/rclcpp/memory_strategy.hpp:24[m[K,
[5.410s]                  from [01m[K/opt/ros/foxy/include/rclcpp/memory_strategies.hpp:18[m[K,
[5.410s]                  from [01m[K/opt/ros/foxy/include/rclcpp/executor_options.hpp:20[m[K,
[5.410s]                  from [01m[K/opt/ros/foxy/include/rclcpp/executor.hpp:33[m[K,
[5.411s]                  from [01m[K/opt/ros/foxy/include/rclcpp/executors/multi_threaded_executor.hpp:26[m[K,
[5.411s]                  from [01m[K/opt/ros/foxy/include/rclcpp/executors.hpp:21[m[K,
[5.412s]                  from [01m[K/opt/ros/foxy/include/rclcpp/rclcpp.hpp:146[m[K,
[5.412s]                  from [01m[K/home/jcbynum2/dev-workspace/src/corobot/map_to_jpeg/src/map_to_image_node.cpp:29[m[K:
[5.412s] [01m[K/usr/include/c++/9/bits/stl_map.h:100:11:[m[K [01;36m[Knote: [m[K‘[01m[Kstd::map[m[K’ declared here
[5.413s]   100 |     class [01;36m[Kmap[m[K
[5.414s]       |           [01;36m[K^~~[m[K
[5.469s] In file included from [01m[K/home/jcbynum2/dev-workspace/src/corobot/map_to_jpeg/src/map_to_image_node.cpp:42[m[K:
[5.470s] [01m[K/home/jcbynum2/dev-workspace/src/corobot/map_to_jpeg/include/HectorMapTools.h:[m[K In member function ‘[01m[Kfloat HectorMapTools::DistanceMeasurementProvider::checkOccupancyBresenhami(const Vector2i&, const Vector2i&, Eigen::Vector2i*, unsigned int)[m[K’:
[5.470s] [01m[K/home/jcbynum2/dev-workspace/src/corobot/map_to_jpeg/include/HectorMapTools.h:154:19:[m[K [01;31m[Kerror: [m[K‘[01m[Kmap_ptr_[m[K’ was not declared in this scope
[5.470s]   154 |       int sizeX = [01;31m[Kmap_ptr_[m[K->info.width;
[5.471s]       |                   [01;31m[K^~~~~~~~[m[K
[5.512s] [01m[K/home/jcbynum2/dev-workspace/src/corobot/map_to_jpeg/include/HectorMapTools.h:[m[K In member function ‘[01m[Kint HectorMapTools::DistanceMeasurementProvider::bresenham2D(unsigned int, unsigned int, int, int, int, unsigned int, unsigned int)[m[K’:
[5.513s] [01m[K/home/jcbynum2/dev-workspace/src/corobot/map_to_jpeg/include/HectorMapTools.h:217:41:[m[K [01;31m[Kerror: [m[K‘[01m[Kmap_ptr_[m[K’ was not declared in this scope
[5.513s]   217 |       const std::vector<int8_t>& data = [01;31m[Kmap_ptr_[m[K->data;
[5.514s]       |                                         [01;31m[K^~~~~~~~[m[K
[5.526s] [01m[K/home/jcbynum2/dev-workspace/src/corobot/map_to_jpeg/src/map_to_image_node.cpp:[m[K At global scope:
[5.527s] [01m[K/home/jcbynum2/dev-workspace/src/corobot/map_to_jpeg/src/map_to_image_node.cpp:95:42:[m[K [01;31m[Kerror: [m[K‘[01m[KPoseStampedConstPtr[m[K’ in namespace ‘[01m[Kgeometry_msgs[m[K’ does not name a type
[5.527s]    95 |   void poseCallback(const geometry_msgs::[01;31m[KPoseStampedConstPtr[m[K& pose)
[5.527s]       |                                          [01;31m[K^~~~~~~~~~~~~~~~~~~[m[K
[5.532s] [01m[K/home/jcbynum2/dev-workspace/src/corobot/map_to_jpeg/src/map_to_image_node.cpp:101:26:[m[K [01;31m[Kerror: [m[K‘[01m[Knav_msgs[m[K’ does not name a type
[5.532s]   101 |   void mapCallback(const [01;31m[Knav_msgs[m[K::OccupancyGridConstPtr& map)
[5.533s]       |                          [01;31m[K^~~~~~~~[m[K
[5.545s] [01m[K/home/jcbynum2/dev-workspace/src/corobot/map_to_jpeg/src/map_to_image_node.cpp:101:57:[m[K [01;31m[Kerror: [m[Kexpected unqualified-id before ‘[01m[K&[m[K’ token
[5.546s]   101 |   void mapCallback(const nav_msgs::OccupancyGridConstPtr[01;31m[K&[m[K map)
[5.546s]       |                                                         [01;31m[K^[m[K
[5.546s] [01m[K/home/jcbynum2/dev-workspace/src/corobot/map_to_jpeg/src/map_to_image_node.cpp:101:57:[m[K [01;31m[Kerror: [m[Kexpected ‘[01m[K)[m[K’ before ‘[01m[K&[m[K’ token
[5.546s]   101 |   void mapCallback[34m[K([m[Kconst nav_msgs::OccupancyGridConstPtr[01;31m[K&[m[K map)
[5.546s]       |                   [34m[K~[m[K                                     [01;31m[K^[m[K
[5.547s]       |                                                         [32m[K)[m[K
[5.547s] [01m[K/home/jcbynum2/dev-workspace/src/corobot/map_to_jpeg/src/map_to_image_node.cpp:101:57:[m[K [01;31m[Kerror: [m[Kexpected ‘[01m[K;[m[K’ at end of member declaration
[5.547s]   101 |   void mapCallback(const nav_msgs::OccupancyGridConstPtr[01;31m[K&[m[K map)
[5.547s]       |                                                         [01;31m[K^[m[K
[5.548s]       |                                                          [32m[K;[m[K
[5.549s] [01m[K/home/jcbynum2/dev-workspace/src/corobot/map_to_jpeg/src/map_to_image_node.cpp:101:59:[m[K [01;31m[Kerror: [m[Kinvalid use of template-name ‘[01m[Kstd::map[m[K’ without an argument list
[5.549s]   101 |   void mapCallback(const nav_msgs::OccupancyGridConstPtr& [01;31m[Kmap[m[K)
[5.550s]       |                                                           [01;31m[K^~~[m[K
[5.550s] [01m[K/home/jcbynum2/dev-workspace/src/corobot/map_to_jpeg/src/map_to_image_node.cpp:101:59:[m[K [01;36m[Knote: [m[Kclass template argument deduction is only available with ‘[01m[K-std=c++17[m[K’ or ‘[01m[K-std=gnu++17[m[K’
[5.550s] In file included from [01m[K/usr/include/c++/9/map:61[m[K,
[5.551s]                  from [01m[K/opt/ros/foxy/include/rclcpp/client.hpp:20[m[K,
[5.551s]                  from [01m[K/opt/ros/foxy/include/rclcpp/callback_group.hpp:23[m[K,
[5.551s]                  from [01m[K/opt/ros/foxy/include/rclcpp/any_executable.hpp:20[m[K,
[5.552s]                  from [01m[K/opt/ros/foxy/include/rclcpp/memory_strategy.hpp:24[m[K,
[5.552s]                  from [01m[K/opt/ros/foxy/include/rclcpp/memory_strategies.hpp:18[m[K,
[5.553s]                  from [01m[K/opt/ros/foxy/include/rclcpp/executor_options.hpp:20[m[K,
[5.553s]                  from [01m[K/opt/ros/foxy/include/rclcpp/executor.hpp:33[m[K,
[5.553s]                  from [01m[K/opt/ros/foxy/include/rclcpp/executors/multi_threaded_executor.hpp:26[m[K,
[5.554s]                  from [01m[K/opt/ros/foxy/include/rclcpp/executors.hpp:21[m[K,
[5.554s]                  from [01m[K/opt/ros/foxy/include/rclcpp/rclcpp.hpp:146[m[K,
[5.555s]                  from [01m[K/home/jcbynum2/dev-workspace/src/corobot/map_to_jpeg/src/map_to_image_node.cpp:29[m[K:
[5.555s] [01m[K/usr/include/c++/9/bits/stl_map.h:100:11:[m[K [01;36m[Knote: [m[K‘[01m[Ktemplate<class _Key, class _Tp, class _Compare, class _Alloc> class std::map[m[K’ declared here
[5.556s]   100 |     class [01;36m[Kmap[m[K
[5.556s]       |           [01;36m[K^~~[m[K
[5.556s] [01m[K/home/jcbynum2/dev-workspace/src/corobot/map_to_jpeg/src/map_to_image_node.cpp:282:11:[m[K [01;31m[Kerror: [m[K‘[01m[KSubscriber[m[K’ in namespace ‘[01m[Krclcpp[m[K’ does not name a type
[5.557s]   282 |   rclcpp::[01;31m[KSubscriber[m[K map_sub_;
[5.558s]       |           [01;31m[K^~~~~~~~~~[m[K
[5.559s] [01m[K/home/jcbynum2/dev-workspace/src/corobot/map_to_jpeg/src/map_to_image_node.cpp:283:11:[m[K [01;31m[Kerror: [m[K‘[01m[KSubscriber[m[K’ in namespace ‘[01m[Krclcpp[m[K’ does not name a type
[5.559s]   283 |   rclcpp::[01;31m[KSubscriber[m[K pose_sub_;
[5.560s]       |           [01;31m[K^~~~~~~~~~[m[K
[5.560s] [01m[K/home/jcbynum2/dev-workspace/src/corobot/map_to_jpeg/src/map_to_image_node.cpp:291:18:[m[K [01;31m[Kerror: [m[K‘[01m[KPoseStampedConstPtr[m[K’ in namespace ‘[01m[Kgeometry_msgs[m[K’ does not name a type
[5.563s]   291 |   geometry_msgs::[01;31m[KPoseStampedConstPtr[m[K pose_ptr_;
[5.563s]       |                  [01;31m[K^~~~~~~~~~~~~~~~~~~[m[K
[5.564s] [01m[K/home/jcbynum2/dev-workspace/src/corobot/map_to_jpeg/src/map_to_image_node.cpp:297:11:[m[K [01;31m[Kerror: [m[K‘[01m[KNodeHandle[m[K’ in namespace ‘[01m[Krclcpp[m[K’ does not name a type
[5.564s]   297 |   rclcpp::[01;31m[KNodeHandle[m[K n_;
[5.565s]       |           [01;31m[K^~~~~~~~~~[m[K
[5.566s] [01m[K/home/jcbynum2/dev-workspace/src/corobot/map_to_jpeg/src/map_to_image_node.cpp:298:11:[m[K [01;31m[Kerror: [m[K‘[01m[KNodeHandle[m[K’ in namespace ‘[01m[Krclcpp[m[K’ does not name a type
[5.566s]   298 |   rclcpp::[01;31m[KNodeHandle[m[K pn_;
[5.567s]       |           [01;31m[K^~~~~~~~~~[m[K
[5.567s] [01m[K/home/jcbynum2/dev-workspace/src/corobot/map_to_jpeg/src/map_to_image_node.cpp:[m[K In constructor ‘[01m[KMapAsImageProvider::MapAsImageProvider()[m[K’:
[5.567s] [01m[K/home/jcbynum2/dev-workspace/src/corobot/map_to_jpeg/src/map_to_image_node.cpp:61:7:[m[K [01;31m[Kerror: [m[Kclass ‘[01m[KMapAsImageProvider[m[K’ does not have any field named ‘[01m[Kpn_[m[K’
[5.568s]    61 |     : [01;31m[Kpn_[m[K("~")
[5.568s]       |       [01;31m[K^~~[m[K
[5.569s] [01m[K/home/jcbynum2/dev-workspace/src/corobot/map_to_jpeg/src/map_to_image_node.cpp:61:14:[m[K [01;31m[Kerror: [m[Kno matching function for call to ‘[01m[Krclcpp::Node::Node()[m[K’
[5.569s]    61 |     : pn_("~"[01;31m[K)[m[K
[5.569s]       |              [01;31m[K^[m[K
[5.570s] In file included from [01m[K/opt/ros/foxy/include/rclcpp/executors/single_threaded_executor.hpp:28[m[K,
[5.570s]                  from [01m[K/opt/ros/foxy/include/rclcpp/executors.hpp:22[m[K,
[5.571s]                  from [01m[K/opt/ros/foxy/include/rclcpp/rclcpp.hpp:146[m[K,
[5.571s]                  from [01m[K/home/jcbynum2/dev-workspace/src/corobot/map_to_jpeg/src/map_to_image_node.cpp:29[m[K:
[5.571s] [01m[K/opt/ros/foxy/include/rclcpp/node.hpp:1193:3:[m[K [01;36m[Knote: [m[Kcandidate: ‘[01m[Krclcpp::Node::Node(const rclcpp::Node&, const string&)[m[K’
[5.572s]  1193 |   [01;36m[KNode[m[K(
[5.572s]       |   [01;36m[K^~~~[m[K
[5.573s] [01m[K/opt/ros/foxy/include/rclcpp/node.hpp:1193:3:[m[K [01;36m[Knote: [m[K  candidate expects 2 arguments, 0 provided
[5.573s] [01m[K/opt/ros/foxy/include/rclcpp/node.hpp:98:12:[m[K [01;36m[Knote: [m[Kcandidate: ‘[01m[Krclcpp::Node::Node(const string&, const string&, const rclcpp::NodeOptions&)[m[K’
[5.573s]    98 |   explicit [01;36m[KNode[m[K(
[5.574s]       |            [01;36m[K^~~~[m[K
[5.574s] [01m[K/opt/ros/foxy/include/rclcpp/node.hpp:98:12:[m[K [01;36m[Knote: [m[K  candidate expects 3 arguments, 0 provided
[5.575s] [01m[K/opt/ros/foxy/include/rclcpp/node.hpp:86:12:[m[K [01;36m[Knote: [m[Kcandidate: ‘[01m[Krclcpp::Node::Node(const string&, const rclcpp::NodeOptions&)[m[K’
[5.575s]    86 |   explicit [01;36m[KNode[m[K(
[5.575s]       |            [01;36m[K^~~~[m[K
[5.576s] [01m[K/opt/ros/foxy/include/rclcpp/node.hpp:86:12:[m[K [01;36m[Knote: [m[K  candidate expects 2 arguments, 0 provided
[5.576s] [01m[K/home/jcbynum2/dev-workspace/src/corobot/map_to_jpeg/src/map_to_image_node.cpp:61:14:[m[K [01;31m[Kerror: [m[Kcall of overloaded ‘[01m[KCoordinateTransformer()[m[K’ is ambiguous
[5.577s]    61 |     : pn_("~"[01;31m[K)[m[K
[5.577s]       |              [01;31m[K^[m[K
[5.578s] In file included from [01m[K/home/jcbynum2/dev-workspace/src/corobot/map_to_jpeg/src/map_to_image_node.cpp:42[m[K:
[5.578s] [01m[K/home/jcbynum2/dev-workspace/src/corobot/map_to_jpeg/include/HectorMapTools.h:50:5:[m[K [01;36m[Knote: [m[Kcandidate: ‘[01m[KHectorMapTools::CoordinateTransformer<ConcreteScalar>::CoordinateTransformer(...) [with ConcreteScalar = float][m[K’
[5.578s]    50 |     [01;36m[KCoordinateTransformer[m[K(const nav_msgs::msg::OccupancyGrid* map)
[5.579s]       |     [01;36m[K^~~~~~~~~~~~~~~~~~~~~[m[K
[5.579s] [01m[K/home/jcbynum2/dev-workspace/src/corobot/map_to_jpeg/include/HectorMapTools.h:45:5:[m[K [01;36m[Knote: [m[Kcandidate: ‘[01m[KHectorMapTools::CoordinateTransformer<ConcreteScalar>::CoordinateTransformer() [with ConcreteScalar = float][m[K’
[5.580s]    45 |     [01;36m[KCoordinateTransformer[m[K()
[5.580s]       |     [01;36m[K^~~~~~~~~~~~~~~~~~~~~[m[K
[5.580s] [01m[K/home/jcbynum2/dev-workspace/src/corobot/map_to_jpeg/src/map_to_image_node.cpp:64:60:[m[K [01;31m[Kerror: [m[K‘[01m[Kn_[m[K’ was not declared in this scope
[5.581s]    64 |     image_transport_ = new image_transport::ImageTransport([01;31m[Kn_[m[K);
[5.581s]       |                                                            [01;31m[K^~[m[K
[5.582s] [01m[K/home/jcbynum2/dev-workspace/src/corobot/map_to_jpeg/src/map_to_image_node.cpp:69:5:[m[K [01;31m[Kerror: [m[K‘[01m[Kpose_sub_[m[K’ was not declared in this scope
[5.582s]    69 |     [01;31m[Kpose_sub_[m[K = n_.subscribe("pose", 1, &MapAsImageProvider::poseCallback, this);
[5.582s]       |     [01;31m[K^~~~~~~~~[m[K
[5.583s] [01m[K/home/jcbynum2/dev-workspace/src/corobot/map_to_jpeg/src/map_to_image_node.cpp:70:5:[m[K [01;31m[Kerror: [m[K‘[01m[Kmap_sub_[m[K’ was not declared in this scope
[5.583s]    70 |     [01;31m[Kmap_sub_[m[K = n_.subscribe("map", 1, &MapAsImageProvider::mapCallback, this);
[5.584s]       |     [01;31m[K^~~~~~~~[m[K
[5.584s] [01m[K/home/jcbynum2/dev-workspace/src/corobot/map_to_jpeg/src/map_to_image_node.cpp:[m[K In member function ‘[01m[Kvoid MapAsImageProvider::poseCallback(const int&)[m[K’:
[5.584s] [01m[K/home/jcbynum2/dev-workspace/src/corobot/map_to_jpeg/src/map_to_image_node.cpp:97:5:[m[K [01;31m[Kerror: [m[K‘[01m[Kpose_ptr_[m[K’ was not declared in this scope
[5.585s]    97 |     [01;31m[Kpose_ptr_[m[K = pose;
[5.585s]       |     [01;31m[K^~~~~~~~~[m[K
[5.586s] [01m[K/home/jcbynum2/dev-workspace/src/corobot/map_to_jpeg/src/map_to_image_node.cpp:[m[K In function ‘[01m[Kint main(int, char**)[m[K’:
[5.586s] [01m[K/home/jcbynum2/dev-workspace/src/corobot/map_to_jpeg/src/map_to_image_node.cpp:309:28:[m[K [01;31m[Kerror: [m[Kinvalid initialization of reference of type ‘[01m[Kconst rclcpp::InitOptions&[m[K’ from expression of type ‘[01m[Kconst char [18][m[K’
[5.586s]   309 |   rclcpp::init(argc, argv, [01;31m[K"map_to_image_node"[m[K);
[5.587s]       |                            [01;31m[K^~~~~~~~~~~~~~~~~~~[m[K
[5.587s] In file included from [01m[K/opt/ros/foxy/include/rclcpp/client.hpp:36[m[K,
[5.588s]                  from [01m[K/opt/ros/foxy/include/rclcpp/callback_group.hpp:23[m[K,
[5.588s]                  from [01m[K/opt/ros/foxy/include/rclcpp/any_executable.hpp:20[m[K,
[5.588s]                  from [01m[K/opt/ros/foxy/include/rclcpp/memory_strategy.hpp:24[m[K,
[5.589s]                  from [01m[K/opt/ros/foxy/include/rclcpp/memory_strategies.hpp:18[m[K,
[5.589s]                  from [01m[K/opt/ros/foxy/include/rclcpp/executor_options.hpp:20[m[K,
[5.590s]                  from [01m[K/opt/ros/foxy/include/rclcpp/executor.hpp:33[m[K,
[5.590s]                  from [01m[K/opt/ros/foxy/include/rclcpp/executors/multi_threaded_executor.hpp:26[m[K,
[5.591s]                  from [01m[K/opt/ros/foxy/include/rclcpp/executors.hpp:21[m[K,
[5.591s]                  from [01m[K/opt/ros/foxy/include/rclcpp/rclcpp.hpp:146[m[K,
[5.592s]                  from [01m[K/home/jcbynum2/dev-workspace/src/corobot/map_to_jpeg/src/map_to_image_node.cpp:29[m[K:
[5.592s] [01m[K/opt/ros/foxy/include/rclcpp/utilities.hpp:56:63:[m[K [01;36m[Knote: [m[Kin passing argument 3 of ‘[01m[Kvoid rclcpp::init(int, const char* const*, const rclcpp::InitOptions&)[m[K’
[5.592s]    56 | init(int argc, char const * const argv[], [01;36m[Kconst InitOptions & init_options = InitOptions()[m[K);
[5.593s]       |                                           [01;36m[K~~~~~~~~~~~~~~~~~~~~^~~~~~~~~~~~~~~~~~~~~~~~~~~~[m[K
[5.593s] [01m[K/home/jcbynum2/dev-workspace/src/corobot/map_to_jpeg/src/map_to_image_node.cpp:313:16:[m[K [01;31m[Kerror: [m[Kno matching function for call to ‘[01m[Kspin()[m[K’
[5.594s]   313 |   rclcpp::spin([01;31m[K)[m[K;
[5.594s]       |                [01;31m[K^[m[K
[5.595s] In file included from [01m[K/opt/ros/foxy/include/rclcpp/rclcpp.hpp:146[m[K,
[5.595s]                  from [01m[K/home/jcbynum2/dev-workspace/src/corobot/map_to_jpeg/src/map_to_image_node.cpp:29[m[K:
[5.596s] [01m[K/opt/ros/foxy/include/rclcpp/executors.hpp:45:1:[m[K [01;36m[Knote: [m[Kcandidate: ‘[01m[Kvoid rclcpp::spin(rclcpp::node_interfaces::NodeBaseInterface::SharedPtr)[m[K’
[5.596s]    45 | [01;36m[Kspin[m[K(rclcpp::node_interfaces::NodeBaseInterface::SharedPtr node_ptr);
[5.596s]       | [01;36m[K^~~~[m[K
[5.597s] [01m[K/opt/ros/foxy/include/rclcpp/executors.hpp:45:1:[m[K [01;36m[Knote: [m[K  candidate expects 1 argument, 0 provided
[5.597s] [01m[K/opt/ros/foxy/include/rclcpp/executors.hpp:49:1:[m[K [01;36m[Knote: [m[Kcandidate: ‘[01m[Kvoid rclcpp::spin(rclcpp::Node::SharedPtr)[m[K’
[5.598s]    49 | [01;36m[Kspin[m[K(rclcpp::Node::SharedPtr node_ptr);
[5.598s]       | [01;36m[K^~~~[m[K
[5.599s] [01m[K/opt/ros/foxy/include/rclcpp/executors.hpp:49:1:[m[K [01;36m[Knote: [m[K  candidate expects 1 argument, 0 provided
[6.012s] make[2]: *** [CMakeFiles/image_to_map_node.dir/build.make:63: CMakeFiles/image_to_map_node.dir/src/image_to_map_node.cpp.o] Error 1
[6.012s] make[1]: *** [CMakeFiles/Makefile2:80: CMakeFiles/image_to_map_node.dir/all] Error 2
[6.013s] make[1]: *** Waiting for unfinished jobs....
[6.774s] make[2]: *** [CMakeFiles/map_to_image_node.dir/build.make:63: CMakeFiles/map_to_image_node.dir/src/map_to_image_node.cpp.o] Error 1
[6.775s] make[1]: *** [CMakeFiles/Makefile2:107: CMakeFiles/map_to_image_node.dir/all] Error 2
[6.775s] make: *** [Makefile:95: all] Error 2
[6.780s] Invoked command in '/home/jcbynum2/dev-workspace/src/corobot/map_to_jpeg/build/map_to_jpeg' returned '2': /usr/bin/cmake --build /home/jcbynum2/dev-workspace/src/corobot/map_to_jpeg/build/map_to_jpeg -- -j4 -l4
