[0.052s] Invoking command in '/home/jcbynum2/dev-workspace/src/corobot/map_to_jpeg/build/map_to_jpeg': /usr/bin/cmake --build /home/jcbynum2/dev-workspace/src/corobot/map_to_jpeg/build/map_to_jpeg -- -j4 -l4
[0.178s] [35m[1mScanning dependencies of target image_to_map_node[0m
[0.181s] [35m[1mScanning dependencies of target map_to_image_node[0m
[0.309s] [ 25%] [32mBuilding CXX object CMakeFiles/map_to_image_node.dir/src/map_to_image_node.cpp.o[0m
[0.320s] [ 50%] [32mBuilding CXX object CMakeFiles/image_to_map_node.dir/src/image_to_map_node.cpp.o[0m
[3.945s] In file included from [01m[K/home/jcbynum2/dev-workspace/src/corobot/map_to_jpeg/src/map_to_image_node.cpp:39[m[K:
[3.945s] [01m[K/opt/ros/foxy/include/image_transport/image_transport.h:41:89:[m[K [01;36m[Knote: [m[K#pragma message: Warning: This header is deprecated. Use 'image_transport.hpp' instead
[3.945s]    41 | #pragma message ("Warning: This header is deprecated. Use 'image_transport.hpp' instead"[01;36m[K)[m[K
[3.945s]       |                                                                                         [01;36m[K^[m[K
[5.237s] [01m[K/home/jcbynum2/dev-workspace/src/corobot/map_to_jpeg/src/image_to_map_node.cpp:56:3:[m[K [01;31m[Kerror: [m[Kinvalid use of template-name ‘[01m[Krclcpp::Publisher[m[K’ without an argument list
[5.237s]    56 |   [01;31m[Krclcpp[m[K::Publisher map_publisher;
[5.238s]       |   [01;31m[K^~~~~~[m[K
[5.238s] [01m[K/home/jcbynum2/dev-workspace/src/corobot/map_to_jpeg/src/image_to_map_node.cpp:56:3:[m[K [01;36m[Knote: [m[Kclass template argument deduction is only available with ‘[01m[K-std=c++17[m[K’ or ‘[01m[K-std=gnu++17[m[K’
[5.238s] In file included from [01m[K/opt/ros/foxy/include/rclcpp/topic_statistics/subscription_topic_statistics.hpp:31[m[K,
[5.238s]                  from [01m[K/opt/ros/foxy/include/rclcpp/subscription.hpp:50[m[K,
[5.238s]                  from [01m[K/opt/ros/foxy/include/rclcpp/any_executable.hpp:25[m[K,
[5.239s]                  from [01m[K/opt/ros/foxy/include/rclcpp/memory_strategy.hpp:24[m[K,
[5.239s]                  from [01m[K/opt/ros/foxy/include/rclcpp/memory_strategies.hpp:18[m[K,
[5.239s]                  from [01m[K/opt/ros/foxy/include/rclcpp/executor_options.hpp:20[m[K,
[5.239s]                  from [01m[K/opt/ros/foxy/include/rclcpp/executor.hpp:33[m[K,
[5.239s]                  from [01m[K/opt/ros/foxy/include/rclcpp/executors/multi_threaded_executor.hpp:26[m[K,
[5.240s]                  from [01m[K/opt/ros/foxy/include/rclcpp/executors.hpp:21[m[K,
[5.240s]                  from [01m[K/opt/ros/foxy/include/rclcpp/rclcpp.hpp:146[m[K,
[5.240s]                  from [01m[K/home/jcbynum2/dev-workspace/src/corobot/map_to_jpeg/src/image_to_map_node.cpp:30[m[K:
[5.240s] [01m[K/opt/ros/foxy/include/rclcpp/publisher.hpp:51:7:[m[K [01;36m[Knote: [m[K‘[01m[Ktemplate<class MessageT, class AllocatorT> class rclcpp::Publisher[m[K’ declared here
[5.240s]    51 | class [01;36m[KPublisher[m[K : public PublisherBase
[5.241s]       |       [01;36m[K^~~~~~~~~[m[K
[5.242s] [01m[K/home/jcbynum2/dev-workspace/src/corobot/map_to_jpeg/src/image_to_map_node.cpp:63:11:[m[K [01;31m[Kerror: [m[K‘[01m[KNodeHandle[m[K’ in namespace ‘[01m[Krclcpp[m[K’ does not name a type
[5.243s]    63 |   rclcpp::[01;31m[KNodeHandle[m[K n_;
[5.243s]       |           [01;31m[K^~~~~~~~~~[m[K
[5.243s] [01m[K/home/jcbynum2/dev-workspace/src/corobot/map_to_jpeg/src/image_to_map_node.cpp:64:11:[m[K [01;31m[Kerror: [m[K‘[01m[KNodeHandle[m[K’ in namespace ‘[01m[Krclcpp[m[K’ does not name a type
[5.244s]    64 |   rclcpp::[01;31m[KNodeHandle[m[K pn_;
[5.244s]       |           [01;31m[K^~~~~~~~~~[m[K
[5.245s] [01m[K/home/jcbynum2/dev-workspace/src/corobot/map_to_jpeg/src/image_to_map_node.cpp:88:39:[m[K [01;31m[Kerror: [m[K‘[01m[KImageConstPtr[m[K’ in namespace ‘[01m[Ksensor_msgs[m[K’ does not name a type
[5.245s]    88 |   void mapCallback(const sensor_msgs::[01;31m[KImageConstPtr[m[K& image)
[5.245s]       |                                       [01;31m[K^~~~~~~~~~~~~[m[K
[5.246s] [01m[K/home/jcbynum2/dev-workspace/src/corobot/map_to_jpeg/src/image_to_map_node.cpp:[m[K In constructor ‘[01m[KMapAsImageProvider::MapAsImageProvider()[m[K’:
[5.246s] [01m[K/home/jcbynum2/dev-workspace/src/corobot/map_to_jpeg/src/image_to_map_node.cpp:68:7:[m[K [01;31m[Kerror: [m[Kclass ‘[01m[KMapAsImageProvider[m[K’ does not have any field named ‘[01m[Kpn_[m[K’
[5.247s]    68 |     : [01;31m[Kpn_[m[K("~")
[5.247s]       |       [01;31m[K^~~[m[K
[5.247s] [01m[K/home/jcbynum2/dev-workspace/src/corobot/map_to_jpeg/src/image_to_map_node.cpp:71:60:[m[K [01;31m[Kerror: [m[K‘[01m[Kn_[m[K’ was not declared in this scope
[5.248s]    71 |     image_transport_ = new image_transport::ImageTransport([01;31m[Kn_[m[K);
[5.248s]       |                                                            [01;31m[K^~[m[K
[5.249s] [01m[K/home/jcbynum2/dev-workspace/src/corobot/map_to_jpeg/src/image_to_map_node.cpp:73:123:[m[K [01;31m[Kerror: [m[Kno matching function for call to ‘[01m[Kimage_transport::ImageTransport::subscribe(const char [14], int, void (MapAsImageProvider::*)(const int&), MapAsImageProvider*)[m[K’
[5.250s]    73 |     image_transport_subscriber_map = image_transport_->subscribe("map_image_raw", 1, &MapAsImageProvider::mapCallback,this[01;31m[K)[m[K;
[5.251s]       |                                                                                                                           [01;31m[K^[m[K
[5.251s] In file included from [01m[K/home/jcbynum2/dev-workspace/src/corobot/map_to_jpeg/src/image_to_map_node.cpp:36[m[K:
[5.252s] [01m[K/opt/ros/foxy/include/image_transport/image_transport.hpp:141:14:[m[K [01;36m[Knote: [m[Kcandidate: ‘[01m[Kimage_transport::Subscriber image_transport::ImageTransport::subscribe(const string&, uint32_t, const Callback&, const VoidPtr&, const image_transport::TransportHints*)[m[K’
[5.252s]   141 |   Subscriber [01;36m[Ksubscribe[m[K(
[5.253s]       |              [01;36m[K^~~~~~~~~[m[K
[5.253s] [01m[K/opt/ros/foxy/include/image_transport/image_transport.hpp:143:34:[m[K [01;36m[Knote: [m[K  no known conversion for argument 3 from ‘[01m[Kvoid (MapAsImageProvider::*)(const int&)[m[K’ to ‘[01m[Kconst Callback&[m[K’ {aka ‘[01m[Kconst std::function<void(const std::shared_ptr<const sensor_msgs::msg::Image_<std::allocator<void> > >&)>&[m[K’}
[5.254s]   143 |     [01;36m[Kconst Subscriber::Callback & callback[m[K,
[5.254s]       |     [01;36m[K~~~~~~~~~~~~~~~~~~~~~~~~~~~~~^~~~~~~~[m[K
[5.255s] [01m[K/opt/ros/foxy/include/image_transport/image_transport.hpp:151:14:[m[K [01;36m[Knote: [m[Kcandidate: ‘[01m[Kimage_transport::Subscriber image_transport::ImageTransport::subscribe(const string&, uint32_t, void (*)(const ImageConstPtr&), const image_transport::TransportHints*)[m[K’
[5.255s]   151 |   Subscriber [01;36m[Ksubscribe[m[K(
[5.255s]       |              [01;36m[K^~~~~~~~~[m[K
[5.256s] [01m[K/opt/ros/foxy/include/image_transport/image_transport.hpp:153:12:[m[K [01;36m[Knote: [m[K  no known conversion for argument 3 from ‘[01m[Kvoid (MapAsImageProvider::*)(const int&)[m[K’ to ‘[01m[Kvoid (*)(const ImageConstPtr&)[m[K’ {aka ‘[01m[Kvoid (*)(const std::shared_ptr<const sensor_msgs::msg::Image_<std::allocator<void> > >&)[m[K’}
[5.256s]   153 |     [01;36m[Kvoid (*fp)(const ImageConstPtr &)[m[K,
[5.257s]       |     [01;36m[K~~~~~~~^~~~~~~~~~~~~~~~~~~~~~~~~~[m[K
[5.258s] [01m[K/opt/ros/foxy/include/image_transport/image_transport.hpp:165:14:[m[K [01;36m[Knote: [m[Kcandidate: ‘[01m[Ktemplate<class T> image_transport::Subscriber image_transport::ImageTransport::subscribe(const string&, uint32_t, void (T::*)(const ImageConstPtr&), T*, const image_transport::TransportHints*)[m[K’
[5.258s]   165 |   Subscriber [01;36m[Ksubscribe[m[K(
[5.260s]       |              [01;36m[K^~~~~~~~~[m[K
[5.261s] [01m[K/opt/ros/foxy/include/image_transport/image_transport.hpp:165:14:[m[K [01;36m[Knote: [m[K  template argument deduction/substitution failed:
[5.262s] [01m[K/home/jcbynum2/dev-workspace/src/corobot/map_to_jpeg/src/image_to_map_node.cpp:73:123:[m[K [01;36m[Knote: [m[K  mismatched types ‘[01m[Kconst ImageConstPtr[m[K’ {aka ‘[01m[Kconst std::shared_ptr<const sensor_msgs::msg::Image_<std::allocator<void> > >[m[K’} and ‘[01m[Kconst int[m[K’
[5.262s]    73 |     image_transport_subscriber_map = image_transport_->subscribe("map_image_raw", 1, &MapAsImageProvider::mapCallback,this[01;36m[K)[m[K;
[5.263s]       |                                                                                                                           [01;36m[K^[m[K
[5.264s] In file included from [01m[K/home/jcbynum2/dev-workspace/src/corobot/map_to_jpeg/src/image_to_map_node.cpp:36[m[K:
[5.266s] [01m[K/opt/ros/foxy/include/image_transport/image_transport.hpp:178:14:[m[K [01;36m[Knote: [m[Kcandidate: ‘[01m[Ktemplate<class T> image_transport::Subscriber image_transport::ImageTransport::subscribe(const string&, uint32_t, void (T::*)(const ImageConstPtr&), const std::shared_ptr<_Tp>&, const image_transport::TransportHints*)[m[K’
[5.266s]   178 |   Subscriber [01;36m[Ksubscribe[m[K(
[5.266s]       |              [01;36m[K^~~~~~~~~[m[K
[5.267s] [01m[K/opt/ros/foxy/include/image_transport/image_transport.hpp:178:14:[m[K [01;36m[Knote: [m[K  template argument deduction/substitution failed:
[5.267s] [01m[K/home/jcbynum2/dev-workspace/src/corobot/map_to_jpeg/src/image_to_map_node.cpp:73:123:[m[K [01;36m[Knote: [m[K  mismatched types ‘[01m[Kconst ImageConstPtr[m[K’ {aka ‘[01m[Kconst std::shared_ptr<const sensor_msgs::msg::Image_<std::allocator<void> > >[m[K’} and ‘[01m[Kconst int[m[K’
[5.268s]    73 |     image_transport_subscriber_map = image_transport_->subscribe("map_image_raw", 1, &MapAsImageProvider::mapCallback,this[01;36m[K)[m[K;
[5.269s]       |                                                                                                                           [01;36m[K^[m[K
[5.269s] [01m[K/home/jcbynum2/dev-workspace/src/corobot/map_to_jpeg/src/image_to_map_node.cpp:75:5:[m[K [01;31m[Kerror: [m[K‘[01m[Kmap_publisher[m[K’ was not declared in this scope; did you mean ‘[01m[Krcl_publish[m[K’?
[5.270s]    75 |     [01;31m[Kmap_publisher[m[K = n_.advertise<nav_msgs::OccupancyGrid>("/map_from_jpeg", 50);
[5.270s]       |     [01;31m[K^~~~~~~~~~~~~[m[K
[5.270s]       |     [32m[Krcl_publish[m[K
[5.271s] [01m[K/home/jcbynum2/dev-workspace/src/corobot/map_to_jpeg/src/image_to_map_node.cpp:75:44:[m[K [01;31m[Kerror: [m[K‘[01m[KOccupancyGrid[m[K’ is not a member of ‘[01m[Knav_msgs[m[K’; did you mean ‘[01m[Knav_msgs::msg::OccupancyGrid[m[K’?
[5.271s]    75 |     map_publisher = n_.advertise<nav_msgs::[01;31m[KOccupancyGrid[m[K>("/map_from_jpeg", 50);
[5.272s]       |                                            [01;31m[K^~~~~~~~~~~~~[m[K
[5.273s] In file included from [01m[K/opt/ros/foxy/include/nav_msgs/srv/detail/get_map__struct.hpp:126[m[K,
[5.273s]                  from [01m[K/opt/ros/foxy/include/nav_msgs/srv/get_map.hpp:7[m[K,
[5.274s]                  from [01m[K/home/jcbynum2/dev-workspace/src/corobot/map_to_jpeg/src/image_to_map_node.cpp:32[m[K:
[5.275s] [01m[K/opt/ros/foxy/include/nav_msgs/msg/detail/occupancy_grid__struct.hpp:146:7:[m[K [01;36m[Knote: [m[K‘[01m[Knav_msgs::msg::OccupancyGrid[m[K’ declared here
[5.275s]   146 | using [01;36m[KOccupancyGrid[m[K =
[5.276s]       |       [01;36m[K^~~~~~~~~~~~~[m[K
[5.276s] [01m[K/home/jcbynum2/dev-workspace/src/corobot/map_to_jpeg/src/image_to_map_node.cpp:78:5:[m[K [01;31m[Kerror: [m[K‘[01m[KROS_INFO[m[K’ was not declared in this scope
[5.277s]    78 |     [01;31m[KROS_INFO[m[K("Image to Map node started.");
[5.277s]       |     [01;31m[K^~~~~~~~[m[K
[5.278s] [01m[K/home/jcbynum2/dev-workspace/src/corobot/map_to_jpeg/src/image_to_map_node.cpp:[m[K In member function ‘[01m[Kvoid MapAsImageProvider::mapCallback(const int&)[m[K’:
[5.279s] [01m[K/home/jcbynum2/dev-workspace/src/corobot/map_to_jpeg/src/image_to_map_node.cpp:91:15:[m[K [01;31m[Kerror: [m[K‘[01m[KOccupancyGrid[m[K’ is not a member of ‘[01m[Knav_msgs[m[K’; did you mean ‘[01m[Knav_msgs::msg::OccupancyGrid[m[K’?
[5.279s]    91 |     nav_msgs::[01;31m[KOccupancyGrid[m[K map;
[5.280s]       |               [01;31m[K^~~~~~~~~~~~~[m[K
[5.280s] In file included from [01m[K/opt/ros/foxy/include/nav_msgs/srv/detail/get_map__struct.hpp:126[m[K,
[5.281s]                  from [01m[K/opt/ros/foxy/include/nav_msgs/srv/get_map.hpp:7[m[K,
[5.281s]                  from [01m[K/home/jcbynum2/dev-workspace/src/corobot/map_to_jpeg/src/image_to_map_node.cpp:32[m[K:
[5.282s] [01m[K/opt/ros/foxy/include/nav_msgs/msg/detail/occupancy_grid__struct.hpp:146:7:[m[K [01;36m[Knote: [m[K‘[01m[Knav_msgs::msg::OccupancyGrid[m[K’ declared here
[5.282s]   146 | using [01;36m[KOccupancyGrid[m[K =
[5.283s]       |       [01;36m[K^~~~~~~~~~~~~[m[K
[5.283s] [01m[K/home/jcbynum2/dev-workspace/src/corobot/map_to_jpeg/src/image_to_map_node.cpp:93:8:[m[K [01;31m[Kerror: [m[Kmissing template arguments before ‘[01m[K.[m[K’ token
[5.283s]    93 |     map[01;31m[K.[m[Kheader.stamp = image->header.stamp;
[5.284s]       |        [01;31m[K^[m[K
[5.284s] [01m[K/home/jcbynum2/dev-workspace/src/corobot/map_to_jpeg/src/image_to_map_node.cpp:93:29:[m[K [01;31m[Kerror: [m[Kbase operand of ‘[01m[K->[m[K’ is not a pointer
[5.285s]    93 |     map.header.stamp = image[01;31m[K->[m[Kheader.stamp;
[5.285s]       |                             [01;31m[K^~[m[K
[5.285s] [01m[K/home/jcbynum2/dev-workspace/src/corobot/map_to_jpeg/src/image_to_map_node.cpp:94:8:[m[K [01;31m[Kerror: [m[Kmissing template arguments before ‘[01m[K.[m[K’ token
[5.286s]    94 |     map[01;31m[K.[m[Kheader.frame_id = "map";
[5.286s]       |        [01;31m[K^[m[K
[5.287s] [01m[K/home/jcbynum2/dev-workspace/src/corobot/map_to_jpeg/src/image_to_map_node.cpp:95:8:[m[K [01;31m[Kerror: [m[Kmissing template arguments before ‘[01m[K.[m[K’ token
[5.287s]    95 |     map[01;31m[K.[m[Kinfo.width = image->width;
[5.287s]       |        [01;31m[K^[m[K
[5.288s] [01m[K/home/jcbynum2/dev-workspace/src/corobot/map_to_jpeg/src/image_to_map_node.cpp:95:27:[m[K [01;31m[Kerror: [m[Kbase operand of ‘[01m[K->[m[K’ is not a pointer
[5.288s]    95 |     map.info.width = image[01;31m[K->[m[Kwidth;
[5.289s]       |                           [01;31m[K^~[m[K
[5.289s] [01m[K/home/jcbynum2/dev-workspace/src/corobot/map_to_jpeg/src/image_to_map_node.cpp:96:8:[m[K [01;31m[Kerror: [m[Kmissing template arguments before ‘[01m[K.[m[K’ token
[5.289s]    96 |     map[01;31m[K.[m[Kinfo.height = image->height;
[5.290s]       |        [01;31m[K^[m[K
[5.290s] [01m[K/home/jcbynum2/dev-workspace/src/corobot/map_to_jpeg/src/image_to_map_node.cpp:96:28:[m[K [01;31m[Kerror: [m[Kbase operand of ‘[01m[K->[m[K’ is not a pointer
[5.291s]    96 |     map.info.height = image[01;31m[K->[m[Kheight;
[5.291s]       |                            [01;31m[K^~[m[K
[5.291s] [01m[K/home/jcbynum2/dev-workspace/src/corobot/map_to_jpeg/src/image_to_map_node.cpp:97:8:[m[K [01;31m[Kerror: [m[Kmissing template arguments before ‘[01m[K.[m[K’ token
[5.292s]    97 |     map[01;31m[K.[m[Kinfo.origin.orientation.w = 1;
[5.292s]       |        [01;31m[K^[m[K
[5.292s] [01m[K/home/jcbynum2/dev-workspace/src/corobot/map_to_jpeg/src/image_to_map_node.cpp:98:8:[m[K [01;31m[Kerror: [m[Kmissing template arguments before ‘[01m[K.[m[K’ token
[5.293s]    98 |     map[01;31m[K.[m[Kinfo.resolution = resolution;
[5.293s]       |        [01;31m[K^[m[K
[5.294s] [01m[K/home/jcbynum2/dev-workspace/src/corobot/map_to_jpeg/src/image_to_map_node.cpp:99:8:[m[K [01;31m[Kerror: [m[Kmissing template arguments before ‘[01m[K.[m[K’ token
[5.294s]    99 |     map[01;31m[K.[m[Kinfo.origin.position.x = -((image->width + 1) * map.info.resolution * 0.5f);
[5.294s]       |        [01;31m[K^[m[K
[5.295s] [01m[K/home/jcbynum2/dev-workspace/src/corobot/map_to_jpeg/src/image_to_map_node.cpp:99:42:[m[K [01;31m[Kerror: [m[Kbase operand of ‘[01m[K->[m[K’ is not a pointer
[5.295s]    99 |     map.info.origin.position.x = -((image[01;31m[K->[m[Kwidth + 1) * map.info.resolution * 0.5f);
[5.296s]       |                                          [01;31m[K^~[m[K
[5.296s] [01m[K/home/jcbynum2/dev-workspace/src/corobot/map_to_jpeg/src/image_to_map_node.cpp:99:60:[m[K [01;31m[Kerror: [m[Kmissing template arguments before ‘[01m[K.[m[K’ token
[5.296s]    99 |     map.info.origin.position.x = -((image->width + 1) * map[01;31m[K.[m[Kinfo.resolution * 0.5f);
[5.297s]       |                                                            [01;31m[K^[m[K
[5.297s] [01m[K/home/jcbynum2/dev-workspace/src/corobot/map_to_jpeg/src/image_to_map_node.cpp:100:8:[m[K [01;31m[Kerror: [m[Kmissing template arguments before ‘[01m[K.[m[K’ token
[5.298s]   100 |     map[01;31m[K.[m[Kinfo.origin.position.y = -((image->height + 1) * map.info.resolution * 0.5f);
[5.298s]       |        [01;31m[K^[m[K
[5.299s] [01m[K/home/jcbynum2/dev-workspace/src/corobot/map_to_jpeg/src/image_to_map_node.cpp:100:42:[m[K [01;31m[Kerror: [m[Kbase operand of ‘[01m[K->[m[K’ is not a pointer
[5.299s]   100 |     map.info.origin.position.y = -((image[01;31m[K->[m[Kheight + 1) * map.info.resolution * 0.5f);
[5.300s]       |                                          [01;31m[K^~[m[K
[5.300s] [01m[K/home/jcbynum2/dev-workspace/src/corobot/map_to_jpeg/src/image_to_map_node.cpp:100:61:[m[K [01;31m[Kerror: [m[Kmissing template arguments before ‘[01m[K.[m[K’ token
[5.300s]   100 |     map.info.origin.position.y = -((image->height + 1) * map[01;31m[K.[m[Kinfo.resolution * 0.5f);
[5.301s]       |                                                             [01;31m[K^[m[K
[5.301s] [01m[K/home/jcbynum2/dev-workspace/src/corobot/map_to_jpeg/src/image_to_map_node.cpp:104:20:[m[K [01;31m[Kerror: [m[Kbase operand of ‘[01m[K->[m[K’ is not a pointer
[5.302s]   104 |     for(int i=image[01;31m[K->[m[Kheight -1; i>=0; i--)
[5.302s]       |                    [01;31m[K^~[m[K
[5.302s] [01m[K/home/jcbynum2/dev-workspace/src/corobot/map_to_jpeg/src/image_to_map_node.cpp:106:32:[m[K [01;31m[Kerror: [m[Kbase operand of ‘[01m[K->[m[K’ is not a pointer
[5.303s]   106 |  for (unsigned int j=0; j<image[01;31m[K->[m[Kwidth;j++)
[5.303s]       |                                [01;31m[K^~[m[K
[5.304s] [01m[K/home/jcbynum2/dev-workspace/src/corobot/map_to_jpeg/src/image_to_map_node.cpp:108:18:[m[K [01;31m[Kerror: [m[Kbase operand of ‘[01m[K->[m[K’ is not a pointer
[5.304s]   108 |      data = image[01;31m[K->[m[Kdata[i*image->width + j];
[5.304s]       |                  [01;31m[K^~[m[K
[5.305s] [01m[K/home/jcbynum2/dev-workspace/src/corobot/map_to_jpeg/src/image_to_map_node.cpp:108:32:[m[K [01;31m[Kerror: [m[Kbase operand of ‘[01m[K->[m[K’ is not a pointer
[5.305s]   108 |      data = image->data[i*image[01;31m[K->[m[Kwidth + j];
[5.305s]       |                                [01;31m[K^~[m[K
[5.306s] [01m[K/home/jcbynum2/dev-workspace/src/corobot/map_to_jpeg/src/image_to_map_node.cpp:110:10:[m[K [01;31m[Kerror: [m[Kmissing template arguments before ‘[01m[K.[m[K’ token
[5.306s]   110 |       map[01;31m[K.[m[Kdata.push_back(-1);
[5.307s]       |          [01;31m[K^[m[K
[5.307s] [01m[K/home/jcbynum2/dev-workspace/src/corobot/map_to_jpeg/src/image_to_map_node.cpp:113:6:[m[K [01;31m[Kerror: [m[Kmissing template arguments before ‘[01m[K.[m[K’ token
[5.307s]   113 |   map[01;31m[K.[m[Kdata.push_back(0);
[5.308s]       |      [01;31m[K^[m[K
[5.308s] [01m[K/home/jcbynum2/dev-workspace/src/corobot/map_to_jpeg/src/image_to_map_node.cpp:116:6:[m[K [01;31m[Kerror: [m[Kmissing template arguments before ‘[01m[K.[m[K’ token
[5.308s]   116 |   map[01;31m[K.[m[Kdata.push_back(100);
[5.309s]       |      [01;31m[K^[m[K
[5.309s] [01m[K/home/jcbynum2/dev-workspace/src/corobot/map_to_jpeg/src/image_to_map_node.cpp:120:5:[m[K [01;31m[Kerror: [m[K‘[01m[Kmap_publisher[m[K’ was not declared in this scope; did you mean ‘[01m[Krcl_publish[m[K’?
[5.310s]   120 |     [01;31m[Kmap_publisher[m[K.publish(map);
[5.310s]       |     [01;31m[K^~~~~~~~~~~~~[m[K
[5.311s]       |     [32m[Krcl_publish[m[K
[5.311s] [01m[K/home/jcbynum2/dev-workspace/src/corobot/map_to_jpeg/src/image_to_map_node.cpp:120:30:[m[K [01;31m[Kerror: [m[Kmissing template arguments before ‘[01m[K)[m[K’ token
[5.311s]   120 |     map_publisher.publish(map[01;31m[K)[m[K;
[5.312s]       |                              [01;31m[K^[m[K
[5.312s] [01m[K/home/jcbynum2/dev-workspace/src/corobot/map_to_jpeg/src/image_to_map_node.cpp:[m[K In function ‘[01m[Kint main(int, char**)[m[K’:
[5.312s] [01m[K/home/jcbynum2/dev-workspace/src/corobot/map_to_jpeg/src/image_to_map_node.cpp:127:28:[m[K [01;31m[Kerror: [m[Kinvalid initialization of reference of type ‘[01m[Kconst rclcpp::InitOptions&[m[K’ from expression of type ‘[01m[Kconst char [18][m[K’
[5.313s]   127 |   rclcpp::init(argc, argv, [01;31m[K"image_to_map_node"[m[K);
[5.313s]       |                            [01;31m[K^~~~~~~~~~~~~~~~~~~[m[K
[5.314s] In file included from [01m[K/opt/ros/foxy/include/rclcpp/client.hpp:36[m[K,
[5.314s]                  from [01m[K/opt/ros/foxy/include/rclcpp/callback_group.hpp:23[m[K,
[5.314s]                  from [01m[K/opt/ros/foxy/include/rclcpp/any_executable.hpp:20[m[K,
[5.315s]                  from [01m[K/opt/ros/foxy/include/rclcpp/memory_strategy.hpp:24[m[K,
[5.315s]                  from [01m[K/opt/ros/foxy/include/rclcpp/memory_strategies.hpp:18[m[K,
[5.316s]                  from [01m[K/opt/ros/foxy/include/rclcpp/executor_options.hpp:20[m[K,
[5.316s]                  from [01m[K/opt/ros/foxy/include/rclcpp/executor.hpp:33[m[K,
[5.316s]                  from [01m[K/opt/ros/foxy/include/rclcpp/executors/multi_threaded_executor.hpp:26[m[K,
[5.317s]                  from [01m[K/opt/ros/foxy/include/rclcpp/executors.hpp:21[m[K,
[5.317s]                  from [01m[K/opt/ros/foxy/include/rclcpp/rclcpp.hpp:146[m[K,
[5.318s]                  from [01m[K/home/jcbynum2/dev-workspace/src/corobot/map_to_jpeg/src/image_to_map_node.cpp:30[m[K:
[5.318s] [01m[K/opt/ros/foxy/include/rclcpp/utilities.hpp:56:63:[m[K [01;36m[Knote: [m[Kin passing argument 3 of ‘[01m[Kvoid rclcpp::init(int, const char* const*, const rclcpp::InitOptions&)[m[K’
[5.318s]    56 | init(int argc, char const * const argv[], [01;36m[Kconst InitOptions & init_options = InitOptions()[m[K);
[5.319s]       |                                           [01;36m[K~~~~~~~~~~~~~~~~~~~~^~~~~~~~~~~~~~~~~~~~~~~~~~~~[m[K
[5.319s] [01m[K/home/jcbynum2/dev-workspace/src/corobot/map_to_jpeg/src/image_to_map_node.cpp:129:11:[m[K [01;31m[Kerror: [m[K‘[01m[KNodeHandle[m[K’ is not a member of ‘[01m[Krclcpp[m[K’
[5.319s]   129 |   rclcpp::[01;31m[KNodeHandle[m[K nh("~");
[5.320s]       |           [01;31m[K^~~~~~~~~~[m[K
[5.320s] [01m[K/home/jcbynum2/dev-workspace/src/corobot/map_to_jpeg/src/image_to_map_node.cpp:130:3:[m[K [01;31m[Kerror: [m[K‘[01m[Knh[m[K’ was not declared in this scope
[5.321s]   130 |   [01;31m[Knh[m[K.param("resolution", resolution, 0.05);
[5.321s]       |   [01;31m[K^~[m[K
[5.321s] [01m[K/home/jcbynum2/dev-workspace/src/corobot/map_to_jpeg/src/image_to_map_node.cpp:135:16:[m[K [01;31m[Kerror: [m[Kno matching function for call to ‘[01m[Kspin()[m[K’
[5.322s]   135 |   rclcpp::spin([01;31m[K)[m[K;
[5.322s]       |                [01;31m[K^[m[K
[5.323s] In file included from [01m[K/opt/ros/foxy/include/rclcpp/rclcpp.hpp:146[m[K,
[5.323s]                  from [01m[K/home/jcbynum2/dev-workspace/src/corobot/map_to_jpeg/src/image_to_map_node.cpp:30[m[K:
[5.323s] [01m[K/opt/ros/foxy/include/rclcpp/executors.hpp:45:1:[m[K [01;36m[Knote: [m[Kcandidate: ‘[01m[Kvoid rclcpp::spin(rclcpp::node_interfaces::NodeBaseInterface::SharedPtr)[m[K’
[5.324s]    45 | [01;36m[Kspin[m[K(rclcpp::node_interfaces::NodeBaseInterface::SharedPtr node_ptr);
[5.324s]       | [01;36m[K^~~~[m[K
[5.325s] [01m[K/opt/ros/foxy/include/rclcpp/executors.hpp:45:1:[m[K [01;36m[Knote: [m[K  candidate expects 1 argument, 0 provided
[5.325s] [01m[K/opt/ros/foxy/include/rclcpp/executors.hpp:49:1:[m[K [01;36m[Knote: [m[Kcandidate: ‘[01m[Kvoid rclcpp::spin(rclcpp::Node::SharedPtr)[m[K’
[5.325s]    49 | [01;36m[Kspin[m[K(rclcpp::Node::SharedPtr node_ptr);
[5.326s]       | [01;36m[K^~~~[m[K
[5.326s] [01m[K/opt/ros/foxy/include/rclcpp/executors.hpp:49:1:[m[K [01;36m[Knote: [m[K  candidate expects 1 argument, 0 provided
[5.681s] In file included from [01m[K/home/jcbynum2/dev-workspace/src/corobot/map_to_jpeg/src/map_to_image_node.cpp:42[m[K:
[5.682s] [01m[K/home/jcbynum2/dev-workspace/src/corobot/map_to_jpeg/include/HectorMapTools.h:50:33:[m[K [01;31m[Kerror: [m[K‘[01m[Knav_msgs[m[K’ does not name a type
[5.682s]    50 |     CoordinateTransformer(const [01;31m[Knav_msgs[m[K::msg::OccupancyGrid* map)
[5.682s]       |                                 [01;31m[K^~~~~~~~[m[K
[5.683s] [01m[K/home/jcbynum2/dev-workspace/src/corobot/map_to_jpeg/include/HectorMapTools.h:50:46:[m[K [01;31m[Kerror: [m[Kexpected unqualified-id before ‘[01m[K::[m[K’ token
[5.683s]    50 |     CoordinateTransformer(const nav_msgs::msg[01;31m[K::[m[KOccupancyGrid* map)
[5.683s]       |                                              [01;31m[K^~[m[K
[5.683s] [01m[K/home/jcbynum2/dev-workspace/src/corobot/map_to_jpeg/include/HectorMapTools.h:50:46:[m[K [01;31m[Kerror: [m[Kexpected ‘[01m[K)[m[K’ before ‘[01m[K::[m[K’ token
[5.683s]    50 |     CoordinateTransformer[34m[K([m[Kconst nav_msgs::msg[01;31m[K:[m[K[32m[K:[m[KOccupancyGrid* map)
[5.684s]       |                          [34m[K~[m[K                   [01;31m[K^[m[K[32m[K~[m[K
[5.684s]       |                                              [32m[K)[m[K
[5.684s] [01m[K/home/jcbynum2/dev-workspace/src/corobot/map_to_jpeg/include/HectorMapTools.h:50:43:[m[K [01;31m[Kerror: [m[Kexpected ‘[01m[K;[m[K’ at end of member declaration
[5.684s]    50 |     CoordinateTransformer(const nav_msgs::[01;31m[Kmsg[m[K::OccupancyGrid* map)
[5.685s]       |                                           [01;31m[K^~~[m[K
[5.685s]       |                                              [32m[K;[m[K
[5.685s] [01m[K/home/jcbynum2/dev-workspace/src/corobot/map_to_jpeg/include/HectorMapTools.h:50:48:[m[K [01;31m[Kerror: [m[K‘[01m[KOccupancyGrid[m[K’ in namespace ‘[01m[K::[m[K’ does not name a type
[5.685s]    50 |     CoordinateTransformer(const nav_msgs::msg::[01;31m[KOccupancyGrid[m[K* map)
[5.686s]       |                                                [01;31m[K^~~~~~~~~~~~~[m[K
[5.690s] [01m[K/home/jcbynum2/dev-workspace/src/corobot/map_to_jpeg/include/HectorMapTools.h:56:30:[m[K [01;31m[Kerror: [m[K‘[01m[Knav_msgs[m[K’ does not name a type
[5.690s]    56 |     void setTransforms(const [01;31m[Knav_msgs[m[K::msg::OccupancyGrid& map)
[5.691s]       |                              [01;31m[K^~~~~~~~[m[K
[5.691s] [01m[K/home/jcbynum2/dev-workspace/src/corobot/map_to_jpeg/include/HectorMapTools.h:56:43:[m[K [01;31m[Kerror: [m[Kexpected unqualified-id before ‘[01m[K::[m[K’ token
[5.692s]    56 |     void setTransforms(const nav_msgs::msg[01;31m[K::[m[KOccupancyGrid& map)
[5.692s]       |                                           [01;31m[K^~[m[K
[5.692s] [01m[K/home/jcbynum2/dev-workspace/src/corobot/map_to_jpeg/include/HectorMapTools.h:56:43:[m[K [01;31m[Kerror: [m[Kexpected ‘[01m[K)[m[K’ before ‘[01m[K::[m[K’ token
[5.693s]    56 |     void setTransforms[34m[K([m[Kconst nav_msgs::msg[01;31m[K:[m[K[32m[K:[m[KOccupancyGrid& map)
[5.693s]       |                       [34m[K~[m[K                   [01;31m[K^[m[K[32m[K~[m[K
[5.694s]       |                                           [32m[K)[m[K
[5.694s] [01m[K/home/jcbynum2/dev-workspace/src/corobot/map_to_jpeg/include/HectorMapTools.h:56:40:[m[K [01;31m[Kerror: [m[Kexpected ‘[01m[K;[m[K’ at end of member declaration
[5.695s]    56 |     void setTransforms(const nav_msgs::[01;31m[Kmsg[m[K::OccupancyGrid& map)
[5.695s]       |                                        [01;31m[K^~~[m[K
[5.695s]       |                                           [32m[K;[m[K
[5.696s] [01m[K/home/jcbynum2/dev-workspace/src/corobot/map_to_jpeg/include/HectorMapTools.h:56:45:[m[K [01;31m[Kerror: [m[K‘[01m[KOccupancyGrid[m[K’ in namespace ‘[01m[K::[m[K’ does not name a type
[5.696s]    56 |     void setTransforms(const nav_msgs::msg::[01;31m[KOccupancyGrid[m[K& map)
[5.697s]       |                                             [01;31m[K^~~~~~~~~~~~~[m[K
[5.699s] [01m[K/home/jcbynum2/dev-workspace/src/corobot/map_to_jpeg/include/HectorMapTools.h:61:30:[m[K [01;31m[Kerror: [m[K‘[01m[Knav_msgs[m[K’ does not name a type
[5.699s]    61 |     void setTransforms(const [01;31m[Knav_msgs[m[K::msg::MapMetaData& meta)
[5.700s]       |                              [01;31m[K^~~~~~~~[m[K
[5.700s] [01m[K/home/jcbynum2/dev-workspace/src/corobot/map_to_jpeg/include/HectorMapTools.h:61:43:[m[K [01;31m[Kerror: [m[Kexpected unqualified-id before ‘[01m[K::[m[K’ token
[5.700s]    61 |     void setTransforms(const nav_msgs::msg[01;31m[K::[m[KMapMetaData& meta)
[5.702s]       |                                           [01;31m[K^~[m[K
[5.702s] [01m[K/home/jcbynum2/dev-workspace/src/corobot/map_to_jpeg/include/HectorMapTools.h:61:43:[m[K [01;31m[Kerror: [m[Kexpected ‘[01m[K)[m[K’ before ‘[01m[K::[m[K’ token
[5.703s]    61 |     void setTransforms[34m[K([m[Kconst nav_msgs::msg[01;31m[K:[m[K[32m[K:[m[KMapMetaData& meta)
[5.703s]       |                       [34m[K~[m[K                   [01;31m[K^[m[K[32m[K~[m[K
[5.703s]       |                                           [32m[K)[m[K
[5.704s] [01m[K/home/jcbynum2/dev-workspace/src/corobot/map_to_jpeg/include/HectorMapTools.h:61:40:[m[K [01;31m[Kerror: [m[Kexpected ‘[01m[K;[m[K’ at end of member declaration
[5.704s]    61 |     void setTransforms(const nav_msgs::[01;31m[Kmsg[m[K::MapMetaData& meta)
[5.705s]       |                                        [01;31m[K^~~[m[K
[5.705s]       |                                           [32m[K;[m[K
[5.706s] [01m[K/home/jcbynum2/dev-workspace/src/corobot/map_to_jpeg/include/HectorMapTools.h:61:10:[m[K [01;31m[Kerror: [m[K‘[01m[Kvoid HectorMapTools::CoordinateTransformer<ConcreteScalar>::setTransforms(...)[m[K’ cannot be overloaded with ‘[01m[Kvoid HectorMapTools::CoordinateTransformer<ConcreteScalar>::setTransforms(...)[m[K’
[5.706s]    61 |     void [01;31m[KsetTransforms[m[K(const nav_msgs::msg::MapMetaData& meta)
[5.706s]       |          [01;31m[K^~~~~~~~~~~~~[m[K
[5.707s] [01m[K/home/jcbynum2/dev-workspace/src/corobot/map_to_jpeg/include/HectorMapTools.h:56:10:[m[K [01;36m[Knote: [m[Kprevious declaration ‘[01m[Kvoid HectorMapTools::CoordinateTransformer<ConcreteScalar>::setTransforms(...)[m[K’
[5.707s]    56 |     void [01;36m[KsetTransforms[m[K(const nav_msgs::msg::OccupancyGrid& map)
[5.707s]       |          [01;36m[K^~~~~~~~~~~~~[m[K
[5.708s] [01m[K/home/jcbynum2/dev-workspace/src/corobot/map_to_jpeg/include/HectorMapTools.h:61:45:[m[K [01;31m[Kerror: [m[K‘[01m[KMapMetaData[m[K’ in namespace ‘[01m[K::[m[K’ does not name a type
[5.708s]    61 |     void setTransforms(const nav_msgs::msg::[01;31m[KMapMetaData[m[K& meta)
[5.708s]       |                                             [01;31m[K^~~~~~~~~~~[m[K
[5.709s] In file included from [01m[K/home/jcbynum2/dev-workspace/src/corobot/map_to_jpeg/src/map_to_image_node.cpp:42[m[K:
[5.709s] [01m[K/home/jcbynum2/dev-workspace/src/corobot/map_to_jpeg/include/HectorMapTools.h:127:17:[m[K [01;31m[Kerror: [m[K‘[01m[Knav_msgs[m[K’ has not been declared
[5.710s]   127 |     void setMap([01;31m[Knav_msgs[m[K::msg::OccupancyGrid* map)
[5.710s]       |                 [01;31m[K^~~~~~~~[m[K
[5.711s] [01m[K/home/jcbynum2/dev-workspace/src/corobot/map_to_jpeg/include/HectorMapTools.h:127:45:[m[K [01;31m[Kerror: [m[Kexpected ‘[01m[K,[m[K’ or ‘[01m[K...[m[K’ before ‘[01m[K*[m[K’ token
[5.711s]   127 |     void setMap(nav_msgs::msg::OccupancyGrid[01;31m[K*[m[K map)
[5.711s]       |                                             [01;31m[K^[m[K
[5.760s] [01m[K/home/jcbynum2/dev-workspace/src/corobot/map_to_jpeg/include/HectorMapTools.h:237:5:[m[K [01;31m[Kerror: [m[K‘[01m[Knav_msgs[m[K’ does not name a type
[5.761s]   237 |     [01;31m[Knav_msgs[m[K::msg::OccupancyGrid* map_ptr_;
[5.761s]       |     [01;31m[K^~~~~~~~[m[K
[5.766s] [01m[K/home/jcbynum2/dev-workspace/src/corobot/map_to_jpeg/include/HectorMapTools.h:242:35:[m[K [01;31m[Kerror: [m[K‘[01m[Knav_msgs[m[K’ does not name a type
[5.766s]   242 |   static bool getMapExtends(const [01;31m[Knav_msgs[m[K::msg::OccupancyGrid& map, Eigen::Vector2i& topLeft, Eigen::Vector2i& bottomRight)
[5.766s]       |                                   [01;31m[K^~~~~~~~[m[K
[5.767s] [01m[K/home/jcbynum2/dev-workspace/src/corobot/map_to_jpeg/include/HectorMapTools.h:242:48:[m[K [01;31m[Kerror: [m[Kexpected unqualified-id before ‘[01m[K::[m[K’ token
[5.767s]   242 |   static bool getMapExtends(const nav_msgs::msg[01;31m[K::[m[KOccupancyGrid& map, Eigen::Vector2i& topLeft, Eigen::Vector2i& bottomRight)
[5.767s]       |                                                [01;31m[K^~[m[K
[5.768s] [01m[K/home/jcbynum2/dev-workspace/src/corobot/map_to_jpeg/include/HectorMapTools.h:242:48:[m[K [01;31m[Kerror: [m[Kexpected ‘[01m[K)[m[K’ before ‘[01m[K::[m[K’ token
[5.768s]   242 |   static bool getMapExtends[34m[K([m[Kconst nav_msgs::msg[01;31m[K:[m[K[32m[K:[m[KOccupancyGrid& map, Eigen::Vector2i& topLeft, Eigen::Vector2i& bottomRight)
[5.769s]       |                            [34m[K~[m[K                   [01;31m[K^[m[K[32m[K~[m[K
[5.769s]       |                                                [32m[K)[m[K
[5.770s] [01m[K/home/jcbynum2/dev-workspace/src/corobot/map_to_jpeg/include/HectorMapTools.h:242:45:[m[K [01;31m[Kerror: [m[Kexpected ‘[01m[K;[m[K’ at end of member declaration
[5.770s]   242 |   static bool getMapExtends(const nav_msgs::[01;31m[Kmsg[m[K::OccupancyGrid& map, Eigen::Vector2i& topLeft, Eigen::Vector2i& bottomRight)
[5.771s]       |                                             [01;31m[K^~~[m[K
[5.772s]       |                                                [32m[K;[m[K
[5.772s] [01m[K/home/jcbynum2/dev-workspace/src/corobot/map_to_jpeg/include/HectorMapTools.h:242:50:[m[K [01;31m[Kerror: [m[K‘[01m[KOccupancyGrid[m[K’ in namespace ‘[01m[K::[m[K’ does not name a type
[5.773s]   242 |   static bool getMapExtends(const nav_msgs::msg::[01;31m[KOccupancyGrid[m[K& map, Eigen::Vector2i& topLeft, Eigen::Vector2i& bottomRight)
[5.773s]       |                                                  [01;31m[K^~~~~~~~~~~~~[m[K
[5.774s] [01m[K/home/jcbynum2/dev-workspace/src/corobot/map_to_jpeg/include/HectorMapTools.h:[m[K In constructor ‘[01m[KHectorMapTools::DistanceMeasurementProvider::DistanceMeasurementProvider()[m[K’:
[5.774s] [01m[K/home/jcbynum2/dev-workspace/src/corobot/map_to_jpeg/include/HectorMapTools.h:123:5:[m[K [01;31m[Kerror: [m[Kcall of overloaded ‘[01m[KCoordinateTransformer()[m[K’ is ambiguous
[5.774s]   123 |     [01;31m[K{[m[K
[5.775s]       |     [01;31m[K^[m[K
[5.775s] In file included from [01m[K/home/jcbynum2/dev-workspace/src/corobot/map_to_jpeg/src/map_to_image_node.cpp:42[m[K:
[5.776s] [01m[K/home/jcbynum2/dev-workspace/src/corobot/map_to_jpeg/include/HectorMapTools.h:50:5:[m[K [01;36m[Knote: [m[Kcandidate: ‘[01m[KHectorMapTools::CoordinateTransformer<ConcreteScalar>::CoordinateTransformer(...) [with ConcreteScalar = float][m[K’
[5.776s]    50 |     [01;36m[KCoordinateTransformer[m[K(const nav_msgs::msg::OccupancyGrid* map)
[5.776s]       |     [01;36m[K^~~~~~~~~~~~~~~~~~~~~[m[K
[5.777s] [01m[K/home/jcbynum2/dev-workspace/src/corobot/map_to_jpeg/include/HectorMapTools.h:45:5:[m[K [01;36m[Knote: [m[Kcandidate: ‘[01m[KHectorMapTools::CoordinateTransformer<ConcreteScalar>::CoordinateTransformer() [with ConcreteScalar = float][m[K’
[5.777s]    45 |     [01;36m[KCoordinateTransformer[m[K()
[5.778s]       |     [01;36m[K^~~~~~~~~~~~~~~~~~~~~[m[K
[5.779s] In file included from [01m[K/home/jcbynum2/dev-workspace/src/corobot/map_to_jpeg/src/map_to_image_node.cpp:42[m[K:
[5.780s] [01m[K/home/jcbynum2/dev-workspace/src/corobot/map_to_jpeg/include/HectorMapTools.h:[m[K In member function ‘[01m[Kvoid HectorMapTools::DistanceMeasurementProvider::setMap(int)[m[K’:
[5.781s] [01m[K/home/jcbynum2/dev-workspace/src/corobot/map_to_jpeg/include/HectorMapTools.h:129:7:[m[K [01;31m[Kerror: [m[K‘[01m[Kmap_ptr_[m[K’ was not declared in this scope
[5.781s]   129 |       [01;31m[Kmap_ptr_[m[K = map;
[5.782s]       |       [01;31m[K^~~~~~~~[m[K
[5.782s] [01m[K/home/jcbynum2/dev-workspace/src/corobot/map_to_jpeg/include/HectorMapTools.h:129:18:[m[K [01;31m[Kerror: [m[K‘[01m[Kmap[m[K’ was not declared in this scope; did you mean ‘[01m[Kstd::map[m[K’?
[5.783s]   129 |       map_ptr_ = [01;31m[Kmap[m[K;
[5.783s]       |                  [01;31m[K^~~[m[K
[5.784s]       |                  [32m[Kstd::map[m[K
[5.784s] In file included from [01m[K/usr/include/c++/9/map:61[m[K,
[5.784s]                  from [01m[K/opt/ros/foxy/include/rclcpp/client.hpp:20[m[K,
[5.785s]                  from [01m[K/opt/ros/foxy/include/rclcpp/callback_group.hpp:23[m[K,
[5.785s]                  from [01m[K/opt/ros/foxy/include/rclcpp/any_executable.hpp:20[m[K,
[5.786s]                  from [01m[K/opt/ros/foxy/include/rclcpp/memory_strategy.hpp:24[m[K,
[5.786s]                  from [01m[K/opt/ros/foxy/include/rclcpp/memory_strategies.hpp:18[m[K,
[5.787s]                  from [01m[K/opt/ros/foxy/include/rclcpp/executor_options.hpp:20[m[K,
[5.787s]                  from [01m[K/opt/ros/foxy/include/rclcpp/executor.hpp:33[m[K,
[5.787s]                  from [01m[K/opt/ros/foxy/include/rclcpp/executors/multi_threaded_executor.hpp:26[m[K,
[5.788s]                  from [01m[K/opt/ros/foxy/include/rclcpp/executors.hpp:21[m[K,
[5.788s]                  from [01m[K/opt/ros/foxy/include/rclcpp/rclcpp.hpp:146[m[K,
[5.789s]                  from [01m[K/home/jcbynum2/dev-workspace/src/corobot/map_to_jpeg/src/map_to_image_node.cpp:29[m[K:
[5.789s] [01m[K/usr/include/c++/9/bits/stl_map.h:100:11:[m[K [01;36m[Knote: [m[K‘[01m[Kstd::map[m[K’ declared here
[5.790s]   100 |     class [01;36m[Kmap[m[K
[5.790s]       |           [01;36m[K^~~[m[K
[5.851s] In file included from [01m[K/home/jcbynum2/dev-workspace/src/corobot/map_to_jpeg/src/map_to_image_node.cpp:42[m[K:
[5.851s] [01m[K/home/jcbynum2/dev-workspace/src/corobot/map_to_jpeg/include/HectorMapTools.h:[m[K In member function ‘[01m[Kfloat HectorMapTools::DistanceMeasurementProvider::checkOccupancyBresenhami(const Vector2i&, const Vector2i&, Eigen::Vector2i*, unsigned int)[m[K’:
[5.851s] [01m[K/home/jcbynum2/dev-workspace/src/corobot/map_to_jpeg/include/HectorMapTools.h:154:19:[m[K [01;31m[Kerror: [m[K‘[01m[Kmap_ptr_[m[K’ was not declared in this scope
[5.852s]   154 |       int sizeX = [01;31m[Kmap_ptr_[m[K->info.width;
[5.852s]       |                   [01;31m[K^~~~~~~~[m[K
[5.894s] [01m[K/home/jcbynum2/dev-workspace/src/corobot/map_to_jpeg/include/HectorMapTools.h:[m[K In member function ‘[01m[Kint HectorMapTools::DistanceMeasurementProvider::bresenham2D(unsigned int, unsigned int, int, int, int, unsigned int, unsigned int)[m[K’:
[5.895s] [01m[K/home/jcbynum2/dev-workspace/src/corobot/map_to_jpeg/include/HectorMapTools.h:217:41:[m[K [01;31m[Kerror: [m[K‘[01m[Kmap_ptr_[m[K’ was not declared in this scope
[5.895s]   217 |       const std::vector<int8_t>& data = [01;31m[Kmap_ptr_[m[K->data;
[5.896s]       |                                         [01;31m[K^~~~~~~~[m[K
[5.909s] [01m[K/home/jcbynum2/dev-workspace/src/corobot/map_to_jpeg/src/map_to_image_node.cpp:[m[K At global scope:
[5.909s] [01m[K/home/jcbynum2/dev-workspace/src/corobot/map_to_jpeg/src/map_to_image_node.cpp:95:42:[m[K [01;31m[Kerror: [m[K‘[01m[KPoseStampedConstPtr[m[K’ in namespace ‘[01m[Kgeometry_msgs[m[K’ does not name a type
[5.910s]    95 |   void poseCallback(const geometry_msgs::[01;31m[KPoseStampedConstPtr[m[K& pose)
[5.910s]       |                                          [01;31m[K^~~~~~~~~~~~~~~~~~~[m[K
[5.914s] [01m[K/home/jcbynum2/dev-workspace/src/corobot/map_to_jpeg/src/map_to_image_node.cpp:101:26:[m[K [01;31m[Kerror: [m[K‘[01m[Knav_msgs[m[K’ does not name a type
[5.915s]   101 |   void mapCallback(const [01;31m[Knav_msgs[m[K::OccupancyGridConstPtr& map)
[5.916s]       |                          [01;31m[K^~~~~~~~[m[K
[5.916s] [01m[K/home/jcbynum2/dev-workspace/src/corobot/map_to_jpeg/src/map_to_image_node.cpp:101:57:[m[K [01;31m[Kerror: [m[Kexpected unqualified-id before ‘[01m[K&[m[K’ token
[5.917s]   101 |   void mapCallback(const nav_msgs::OccupancyGridConstPtr[01;31m[K&[m[K map)
[5.917s]       |                                                         [01;31m[K^[m[K
[5.918s] [01m[K/home/jcbynum2/dev-workspace/src/corobot/map_to_jpeg/src/map_to_image_node.cpp:101:57:[m[K [01;31m[Kerror: [m[Kexpected ‘[01m[K)[m[K’ before ‘[01m[K&[m[K’ token
[5.918s]   101 |   void mapCallback[34m[K([m[Kconst nav_msgs::OccupancyGridConstPtr[01;31m[K&[m[K map)
[5.919s]       |                   [34m[K~[m[K                                     [01;31m[K^[m[K
[5.919s]       |                                                         [32m[K)[m[K
[5.920s] [01m[K/home/jcbynum2/dev-workspace/src/corobot/map_to_jpeg/src/map_to_image_node.cpp:101:57:[m[K [01;31m[Kerror: [m[Kexpected ‘[01m[K;[m[K’ at end of member declaration
[5.920s]   101 |   void mapCallback(const nav_msgs::OccupancyGridConstPtr[01;31m[K&[m[K map)
[5.920s]       |                                                         [01;31m[K^[m[K
[5.921s]       |                                                          [32m[K;[m[K
[5.921s] [01m[K/home/jcbynum2/dev-workspace/src/corobot/map_to_jpeg/src/map_to_image_node.cpp:101:59:[m[K [01;31m[Kerror: [m[Kinvalid use of template-name ‘[01m[Kstd::map[m[K’ without an argument list
[5.922s]   101 |   void mapCallback(const nav_msgs::OccupancyGridConstPtr& [01;31m[Kmap[m[K)
[5.922s]       |                                                           [01;31m[K^~~[m[K
[5.922s] [01m[K/home/jcbynum2/dev-workspace/src/corobot/map_to_jpeg/src/map_to_image_node.cpp:101:59:[m[K [01;36m[Knote: [m[Kclass template argument deduction is only available with ‘[01m[K-std=c++17[m[K’ or ‘[01m[K-std=gnu++17[m[K’
[5.923s] In file included from [01m[K/usr/include/c++/9/map:61[m[K,
[5.923s]                  from [01m[K/opt/ros/foxy/include/rclcpp/client.hpp:20[m[K,
[5.924s]                  from [01m[K/opt/ros/foxy/include/rclcpp/callback_group.hpp:23[m[K,
[5.924s]                  from [01m[K/opt/ros/foxy/include/rclcpp/any_executable.hpp:20[m[K,
[5.924s]                  from [01m[K/opt/ros/foxy/include/rclcpp/memory_strategy.hpp:24[m[K,
[5.925s]                  from [01m[K/opt/ros/foxy/include/rclcpp/memory_strategies.hpp:18[m[K,
[5.925s]                  from [01m[K/opt/ros/foxy/include/rclcpp/executor_options.hpp:20[m[K,
[5.926s]                  from [01m[K/opt/ros/foxy/include/rclcpp/executor.hpp:33[m[K,
[5.926s]                  from [01m[K/opt/ros/foxy/include/rclcpp/executors/multi_threaded_executor.hpp:26[m[K,
[5.926s]                  from [01m[K/opt/ros/foxy/include/rclcpp/executors.hpp:21[m[K,
[5.927s]                  from [01m[K/opt/ros/foxy/include/rclcpp/rclcpp.hpp:146[m[K,
[5.927s]                  from [01m[K/home/jcbynum2/dev-workspace/src/corobot/map_to_jpeg/src/map_to_image_node.cpp:29[m[K:
[5.927s] [01m[K/usr/include/c++/9/bits/stl_map.h:100:11:[m[K [01;36m[Knote: [m[K‘[01m[Ktemplate<class _Key, class _Tp, class _Compare, class _Alloc> class std::map[m[K’ declared here
[5.928s]   100 |     class [01;36m[Kmap[m[K
[5.928s]       |           [01;36m[K^~~[m[K
[5.929s] [01m[K/home/jcbynum2/dev-workspace/src/corobot/map_to_jpeg/src/map_to_image_node.cpp:282:11:[m[K [01;31m[Kerror: [m[K‘[01m[KSubscriber[m[K’ in namespace ‘[01m[Krclcpp[m[K’ does not name a type
[5.929s]   282 |   rclcpp::[01;31m[KSubscriber[m[K map_sub_;
[5.929s]       |           [01;31m[K^~~~~~~~~~[m[K
[5.930s] [01m[K/home/jcbynum2/dev-workspace/src/corobot/map_to_jpeg/src/map_to_image_node.cpp:283:11:[m[K [01;31m[Kerror: [m[K‘[01m[KSubscriber[m[K’ in namespace ‘[01m[Krclcpp[m[K’ does not name a type
[5.930s]   283 |   rclcpp::[01;31m[KSubscriber[m[K pose_sub_;
[5.931s]       |           [01;31m[K^~~~~~~~~~[m[K
[5.931s] [01m[K/home/jcbynum2/dev-workspace/src/corobot/map_to_jpeg/src/map_to_image_node.cpp:291:18:[m[K [01;31m[Kerror: [m[K‘[01m[KPoseStampedConstPtr[m[K’ in namespace ‘[01m[Kgeometry_msgs[m[K’ does not name a type
[5.931s]   291 |   geometry_msgs::[01;31m[KPoseStampedConstPtr[m[K pose_ptr_;
[5.932s]       |                  [01;31m[K^~~~~~~~~~~~~~~~~~~[m[K
[5.932s] [01m[K/home/jcbynum2/dev-workspace/src/corobot/map_to_jpeg/src/map_to_image_node.cpp:297:11:[m[K [01;31m[Kerror: [m[K‘[01m[KNodeHandle[m[K’ in namespace ‘[01m[Krclcpp[m[K’ does not name a type
[5.933s]   297 |   rclcpp::[01;31m[KNodeHandle[m[K n_;
[5.933s]       |           [01;31m[K^~~~~~~~~~[m[K
[5.934s] [01m[K/home/jcbynum2/dev-workspace/src/corobot/map_to_jpeg/src/map_to_image_node.cpp:298:11:[m[K [01;31m[Kerror: [m[K‘[01m[KNodeHandle[m[K’ in namespace ‘[01m[Krclcpp[m[K’ does not name a type
[5.934s]   298 |   rclcpp::[01;31m[KNodeHandle[m[K pn_;
[5.934s]       |           [01;31m[K^~~~~~~~~~[m[K
[5.935s] [01m[K/home/jcbynum2/dev-workspace/src/corobot/map_to_jpeg/src/map_to_image_node.cpp:[m[K In constructor ‘[01m[KMapAsImageProvider::MapAsImageProvider()[m[K’:
[5.935s] [01m[K/home/jcbynum2/dev-workspace/src/corobot/map_to_jpeg/src/map_to_image_node.cpp:61:7:[m[K [01;31m[Kerror: [m[Kclass ‘[01m[KMapAsImageProvider[m[K’ does not have any field named ‘[01m[Kpn_[m[K’
[5.935s]    61 |     : [01;31m[Kpn_[m[K("~")
[5.936s]       |       [01;31m[K^~~[m[K
[5.936s] [01m[K/home/jcbynum2/dev-workspace/src/corobot/map_to_jpeg/src/map_to_image_node.cpp:61:14:[m[K [01;31m[Kerror: [m[Kcall of overloaded ‘[01m[KCoordinateTransformer()[m[K’ is ambiguous
[5.936s]    61 |     : pn_("~"[01;31m[K)[m[K
[5.937s]       |              [01;31m[K^[m[K
[5.937s] In file included from [01m[K/home/jcbynum2/dev-workspace/src/corobot/map_to_jpeg/src/map_to_image_node.cpp:42[m[K:
[5.938s] [01m[K/home/jcbynum2/dev-workspace/src/corobot/map_to_jpeg/include/HectorMapTools.h:50:5:[m[K [01;36m[Knote: [m[Kcandidate: ‘[01m[KHectorMapTools::CoordinateTransformer<ConcreteScalar>::CoordinateTransformer(...) [with ConcreteScalar = float][m[K’
[5.938s]    50 |     [01;36m[KCoordinateTransformer[m[K(const nav_msgs::msg::OccupancyGrid* map)
[5.939s]       |     [01;36m[K^~~~~~~~~~~~~~~~~~~~~[m[K
[5.939s] [01m[K/home/jcbynum2/dev-workspace/src/corobot/map_to_jpeg/include/HectorMapTools.h:45:5:[m[K [01;36m[Knote: [m[Kcandidate: ‘[01m[KHectorMapTools::CoordinateTransformer<ConcreteScalar>::CoordinateTransformer() [with ConcreteScalar = float][m[K’
[5.940s]    45 |     [01;36m[KCoordinateTransformer[m[K()
[5.940s]       |     [01;36m[K^~~~~~~~~~~~~~~~~~~~~[m[K
[5.940s] [01m[K/home/jcbynum2/dev-workspace/src/corobot/map_to_jpeg/src/map_to_image_node.cpp:64:60:[m[K [01;31m[Kerror: [m[K‘[01m[Kn_[m[K’ was not declared in this scope
[5.941s]    64 |     image_transport_ = new image_transport::ImageTransport([01;31m[Kn_[m[K);
[5.941s]       |                                                            [01;31m[K^~[m[K
[5.942s] [01m[K/home/jcbynum2/dev-workspace/src/corobot/map_to_jpeg/src/map_to_image_node.cpp:69:5:[m[K [01;31m[Kerror: [m[K‘[01m[Kpose_sub_[m[K’ was not declared in this scope
[5.942s]    69 |     [01;31m[Kpose_sub_[m[K = n_.subscribe("pose", 1, &MapAsImageProvider::poseCallback, this);
[5.942s]       |     [01;31m[K^~~~~~~~~[m[K
[5.943s] [01m[K/home/jcbynum2/dev-workspace/src/corobot/map_to_jpeg/src/map_to_image_node.cpp:70:5:[m[K [01;31m[Kerror: [m[K‘[01m[Kmap_sub_[m[K’ was not declared in this scope
[5.943s]    70 |     [01;31m[Kmap_sub_[m[K = n_.subscribe("map", 1, &MapAsImageProvider::mapCallback, this);
[5.943s]       |     [01;31m[K^~~~~~~~[m[K
[5.945s] [01m[K/home/jcbynum2/dev-workspace/src/corobot/map_to_jpeg/src/map_to_image_node.cpp:86:5:[m[K [01;31m[Kerror: [m[K‘[01m[KROS_INFO[m[K’ was not declared in this scope
[5.946s]    86 |     [01;31m[KROS_INFO[m[K("Map to Image node started.");
[5.946s]       |     [01;31m[K^~~~~~~~[m[K
[5.954s] [01m[K/home/jcbynum2/dev-workspace/src/corobot/map_to_jpeg/src/map_to_image_node.cpp:[m[K In member function ‘[01m[Kvoid MapAsImageProvider::poseCallback(const int&)[m[K’:
[5.955s] [01m[K/home/jcbynum2/dev-workspace/src/corobot/map_to_jpeg/src/map_to_image_node.cpp:97:5:[m[K [01;31m[Kerror: [m[K‘[01m[Kpose_ptr_[m[K’ was not declared in this scope
[5.955s]    97 |     [01;31m[Kpose_ptr_[m[K = pose;
[5.956s]       |     [01;31m[K^~~~~~~~~[m[K
[5.956s] [01m[K/home/jcbynum2/dev-workspace/src/corobot/map_to_jpeg/src/map_to_image_node.cpp:[m[K In function ‘[01m[Kint main(int, char**)[m[K’:
[5.956s] [01m[K/home/jcbynum2/dev-workspace/src/corobot/map_to_jpeg/src/map_to_image_node.cpp:309:28:[m[K [01;31m[Kerror: [m[Kinvalid initialization of reference of type ‘[01m[Kconst rclcpp::InitOptions&[m[K’ from expression of type ‘[01m[Kconst char [18][m[K’
[5.957s]   309 |   rclcpp::init(argc, argv, [01;31m[K"map_to_image_node"[m[K);
[5.957s]       |                            [01;31m[K^~~~~~~~~~~~~~~~~~~[m[K
[5.958s] In file included from [01m[K/opt/ros/foxy/include/rclcpp/client.hpp:36[m[K,
[5.958s]                  from [01m[K/opt/ros/foxy/include/rclcpp/callback_group.hpp:23[m[K,
[5.958s]                  from [01m[K/opt/ros/foxy/include/rclcpp/any_executable.hpp:20[m[K,
[5.959s]                  from [01m[K/opt/ros/foxy/include/rclcpp/memory_strategy.hpp:24[m[K,
[5.959s]                  from [01m[K/opt/ros/foxy/include/rclcpp/memory_strategies.hpp:18[m[K,
[5.959s]                  from [01m[K/opt/ros/foxy/include/rclcpp/executor_options.hpp:20[m[K,
[5.960s]                  from [01m[K/opt/ros/foxy/include/rclcpp/executor.hpp:33[m[K,
[5.960s]                  from [01m[K/opt/ros/foxy/include/rclcpp/executors/multi_threaded_executor.hpp:26[m[K,
[5.961s]                  from [01m[K/opt/ros/foxy/include/rclcpp/executors.hpp:21[m[K,
[5.961s]                  from [01m[K/opt/ros/foxy/include/rclcpp/rclcpp.hpp:146[m[K,
[5.962s]                  from [01m[K/home/jcbynum2/dev-workspace/src/corobot/map_to_jpeg/src/map_to_image_node.cpp:29[m[K:
[5.962s] [01m[K/opt/ros/foxy/include/rclcpp/utilities.hpp:56:63:[m[K [01;36m[Knote: [m[Kin passing argument 3 of ‘[01m[Kvoid rclcpp::init(int, const char* const*, const rclcpp::InitOptions&)[m[K’
[5.962s]    56 | init(int argc, char const * const argv[], [01;36m[Kconst InitOptions & init_options = InitOptions()[m[K);
[5.963s]       |                                           [01;36m[K~~~~~~~~~~~~~~~~~~~~^~~~~~~~~~~~~~~~~~~~~~~~~~~~[m[K
[5.963s] [01m[K/home/jcbynum2/dev-workspace/src/corobot/map_to_jpeg/src/map_to_image_node.cpp:313:16:[m[K [01;31m[Kerror: [m[Kno matching function for call to ‘[01m[Kspin()[m[K’
[5.964s]   313 |   rclcpp::spin([01;31m[K)[m[K;
[5.964s]       |                [01;31m[K^[m[K
[5.964s] In file included from [01m[K/opt/ros/foxy/include/rclcpp/rclcpp.hpp:146[m[K,
[5.965s]                  from [01m[K/home/jcbynum2/dev-workspace/src/corobot/map_to_jpeg/src/map_to_image_node.cpp:29[m[K:
[5.965s] [01m[K/opt/ros/foxy/include/rclcpp/executors.hpp:45:1:[m[K [01;36m[Knote: [m[Kcandidate: ‘[01m[Kvoid rclcpp::spin(rclcpp::node_interfaces::NodeBaseInterface::SharedPtr)[m[K’
[5.966s]    45 | [01;36m[Kspin[m[K(rclcpp::node_interfaces::NodeBaseInterface::SharedPtr node_ptr);
[5.967s]       | [01;36m[K^~~~[m[K
[5.967s] [01m[K/opt/ros/foxy/include/rclcpp/executors.hpp:45:1:[m[K [01;36m[Knote: [m[K  candidate expects 1 argument, 0 provided
[5.968s] [01m[K/opt/ros/foxy/include/rclcpp/executors.hpp:49:1:[m[K [01;36m[Knote: [m[Kcandidate: ‘[01m[Kvoid rclcpp::spin(rclcpp::Node::SharedPtr)[m[K’
[5.968s]    49 | [01;36m[Kspin[m[K(rclcpp::Node::SharedPtr node_ptr);
[5.968s]       | [01;36m[K^~~~[m[K
[5.969s] [01m[K/opt/ros/foxy/include/rclcpp/executors.hpp:49:1:[m[K [01;36m[Knote: [m[K  candidate expects 1 argument, 0 provided
[6.417s] make[2]: *** [CMakeFiles/image_to_map_node.dir/build.make:63: CMakeFiles/image_to_map_node.dir/src/image_to_map_node.cpp.o] Error 1
[6.418s] make[1]: *** [CMakeFiles/Makefile2:80: CMakeFiles/image_to_map_node.dir/all] Error 2
[6.418s] make[1]: *** Waiting for unfinished jobs....
[7.203s] make[2]: *** [CMakeFiles/map_to_image_node.dir/build.make:63: CMakeFiles/map_to_image_node.dir/src/map_to_image_node.cpp.o] Error 1
[7.205s] make[1]: *** [CMakeFiles/Makefile2:107: CMakeFiles/map_to_image_node.dir/all] Error 2
[7.205s] make: *** [Makefile:95: all] Error 2
[7.212s] Invoked command in '/home/jcbynum2/dev-workspace/src/corobot/map_to_jpeg/build/map_to_jpeg' returned '2': /usr/bin/cmake --build /home/jcbynum2/dev-workspace/src/corobot/map_to_jpeg/build/map_to_jpeg -- -j4 -l4
