[ 25%] [32mBuilding CXX object CMakeFiles/image_to_map_node.dir/src/image_to_map_node.cpp.o[0m
[ 50%] [32mBuilding CXX object CMakeFiles/map_to_image_node.dir/src/map_to_image_node.cpp.o[0m
In file included from [01m[K/home/jcbynum2/dev-workspace/src/corobot/map_to_jpeg/src/map_to_image_node.cpp:39[m[K:
[01m[K/opt/ros/foxy/include/image_transport/image_transport.h:41:89:[m[K [01;36m[Knote: [m[K#pragma message: Warning: This header is deprecated. Use 'image_transport.hpp' instead
   41 | #pragma message ("Warning: This header is deprecated. Use 'image_transport.hpp' instead"[01;36m[K)[m[K
      |                                                                                         [01;36m[K^[m[K
In file included from [01m[K/home/jcbynum2/dev-workspace/src/corobot/map_to_jpeg/src/image_to_map_node.cpp:38[m[K:
[01m[K/home/jcbynum2/dev-workspace/src/corobot/map_to_jpeg/include/HectorMapTools.h:49:43:[m[K [01;31m[Kerror: [m[K‘[01m[KOccupancyGridConstPtr[m[K’ in namespace ‘[01m[Knav_msgs[m[K’ does not name a type
   49 |     CoordinateTransformer(const nav_msgs::[01;31m[KOccupancyGridConstPtr[m[K map)
      |                                           [01;31m[K^~~~~~~~~~~~~~~~~~~~~[m[K
[01m[K/home/jcbynum2/dev-workspace/src/corobot/map_to_jpeg/include/HectorMapTools.h:55:40:[m[K [01;31m[Kerror: [m[K‘[01m[KOccupancyGrid[m[K’ in namespace ‘[01m[Knav_msgs[m[K’ does not name a type
   55 |     void setTransforms(const nav_msgs::[01;31m[KOccupancyGrid[m[K& map)
      |                                        [01;31m[K^~~~~~~~~~~~~[m[K
[01m[K/home/jcbynum2/dev-workspace/src/corobot/map_to_jpeg/include/HectorMapTools.h:60:40:[m[K [01;31m[Kerror: [m[K‘[01m[KMapMetaData[m[K’ in namespace ‘[01m[Knav_msgs[m[K’ does not name a type
   60 |     void setTransforms(const nav_msgs::[01;31m[KMapMetaData[m[K& meta)
      |                                        [01;31m[K^~~~~~~~~~~[m[K
[01m[K/home/jcbynum2/dev-workspace/src/corobot/map_to_jpeg/include/HectorMapTools.h:60:10:[m[K [01;31m[Kerror: [m[K‘[01m[Kvoid HectorMapTools::CoordinateTransformer<ConcreteScalar>::setTransforms(const int&)[m[K’ cannot be overloaded with ‘[01m[Kvoid HectorMapTools::CoordinateTransformer<ConcreteScalar>::setTransforms(const int&)[m[K’
   60 |     void [01;31m[KsetTransforms[m[K(const nav_msgs::MapMetaData& meta)
      |          [01;31m[K^~~~~~~~~~~~~[m[K
[01m[K/home/jcbynum2/dev-workspace/src/corobot/map_to_jpeg/include/HectorMapTools.h:55:10:[m[K [01;36m[Knote: [m[Kprevious declaration ‘[01m[Kvoid HectorMapTools::CoordinateTransformer<ConcreteScalar>::setTransforms(const int&)[m[K’
   55 |     void [01;36m[KsetTransforms[m[K(const nav_msgs::OccupancyGrid& map)
      |          [01;36m[K^~~~~~~~~~~~~[m[K
In file included from [01m[K/home/jcbynum2/dev-workspace/src/corobot/map_to_jpeg/src/image_to_map_node.cpp:38[m[K:
[01m[K/home/jcbynum2/dev-workspace/src/corobot/map_to_jpeg/include/HectorMapTools.h:126:33:[m[K [01;31m[Kerror: [m[K‘[01m[KOccupancyGridConstPtr[m[K’ in namespace ‘[01m[Knav_msgs[m[K’ does not name a type
  126 |     void setMap(const nav_msgs::[01;31m[KOccupancyGridConstPtr[m[K map)
      |                                 [01;31m[K^~~~~~~~~~~~~~~~~~~~~[m[K
[01m[K/home/jcbynum2/dev-workspace/src/corobot/map_to_jpeg/include/HectorMapTools.h:236:15:[m[K [01;31m[Kerror: [m[K‘[01m[KOccupancyGridConstPtr[m[K’ in namespace ‘[01m[Knav_msgs[m[K’ does not name a type
  236 |     nav_msgs::[01;31m[KOccupancyGridConstPtr[m[K map_ptr_;
      |               [01;31m[K^~~~~~~~~~~~~~~~~~~~~[m[K
[01m[K/home/jcbynum2/dev-workspace/src/corobot/map_to_jpeg/include/HectorMapTools.h:241:45:[m[K [01;31m[Kerror: [m[K‘[01m[KOccupancyGrid[m[K’ in namespace ‘[01m[Knav_msgs[m[K’ does not name a type
  241 |   static bool getMapExtends(const nav_msgs::[01;31m[KOccupancyGrid[m[K& map, Eigen::Vector2i& topLeft, Eigen::Vector2i& bottomRight)
      |                                             [01;31m[K^~~~~~~~~~~~~[m[K
In file included from [01m[K/home/jcbynum2/dev-workspace/src/corobot/map_to_jpeg/src/image_to_map_node.cpp:38[m[K:
[01m[K/home/jcbynum2/dev-workspace/src/corobot/map_to_jpeg/include/HectorMapTools.h:[m[K In constructor ‘[01m[KHectorMapTools::CoordinateTransformer<ConcreteScalar>::CoordinateTransformer(int)[m[K’:
[01m[K/home/jcbynum2/dev-workspace/src/corobot/map_to_jpeg/include/HectorMapTools.h:51:28:[m[K [01;31m[Kerror: [m[Kinvalid type argument of unary ‘[01m[K*[m[K’ (have ‘[01m[Kint[m[K’)
   51 |       this->setTransforms(*[01;31m[Kmap[m[K);
      |                            [01;31m[K^~~[m[K
[01m[K/home/jcbynum2/dev-workspace/src/corobot/map_to_jpeg/include/HectorMapTools.h:[m[K In member function ‘[01m[Kvoid HectorMapTools::CoordinateTransformer<ConcreteScalar>::setTransforms(const int&)[m[K’:
[01m[K/home/jcbynum2/dev-workspace/src/corobot/map_to_jpeg/include/HectorMapTools.h:57:31:[m[K [01;31m[Kerror: [m[Krequest for member ‘[01m[Kinfo[m[K’ in ‘[01m[Kmap[m[K’, which is of non-class type ‘[01m[Kconst int[m[K’
   57 |       this->setTransforms(map.[01;31m[Kinfo[m[K);
      |                               [01;31m[K^~~~[m[K
[01m[K/home/jcbynum2/dev-workspace/src/corobot/map_to_jpeg/include/HectorMapTools.h:[m[K In member function ‘[01m[Kvoid HectorMapTools::CoordinateTransformer<ConcreteScalar>::setTransforms(const int&)[m[K’:
[01m[K/home/jcbynum2/dev-workspace/src/corobot/map_to_jpeg/include/HectorMapTools.h:62:86:[m[K [01;31m[Kerror: [m[Krequest for member ‘[01m[Korigin[m[K’ in ‘[01m[Kmeta[m[K’, which is of non-class type ‘[01m[Kconst int[m[K’
   62 |       origo_ = (Eigen::Matrix<ConcreteScalar, 2, 1>(static_cast<ConcreteScalar>(meta.[01;31m[Korigin[m[K.position.x),static_cast<ConcreteScalar>(meta.origin.position.y)));
      |                                                                                      [01;31m[K^~~~~~[m[K
In file included from [01m[K/home/jcbynum2/dev-workspace/src/corobot/map_to_jpeg/src/image_to_map_node.cpp:38[m[K:
[01m[K/home/jcbynum2/dev-workspace/src/corobot/map_to_jpeg/include/HectorMapTools.h:62:138:[m[K [01;31m[Kerror: [m[Krequest for member ‘[01m[Korigin[m[K’ in ‘[01m[Kmeta[m[K’, which is of non-class type ‘[01m[Kconst int[m[K’
   62 |       origo_ = (Eigen::Matrix<ConcreteScalar, 2, 1>(static_cast<ConcreteScalar>(meta.origin.position.x),static_cast<ConcreteScalar>(meta.[01;31m[Korigin[m[K.position.y)));
      |                                                                                                                                          [01;31m[K^~~~~~[m[K
[01m[K/home/jcbynum2/dev-workspace/src/corobot/map_to_jpeg/include/HectorMapTools.h:63:50:[m[K [01;31m[Kerror: [m[Krequest for member ‘[01m[Kresolution[m[K’ in ‘[01m[Kmeta[m[K’, which is of non-class type ‘[01m[Kconst int[m[K’
   63 |       scale_ = (static_cast<ConcreteScalar>(meta.[01;31m[Kresolution[m[K));
      |                                                  [01;31m[K^~~~~~~~~~[m[K
[01m[K/home/jcbynum2/dev-workspace/src/corobot/map_to_jpeg/include/HectorMapTools.h:64:61:[m[K [01;31m[Kerror: [m[Krequest for member ‘[01m[Kresolution[m[K’ in ‘[01m[Kmeta[m[K’, which is of non-class type ‘[01m[Kconst int[m[K’
   64 |       inv_scale_ = (static_cast<ConcreteScalar>(1.0f / meta.[01;31m[Kresolution[m[K));
      |                                                             [01;31m[K^~~~~~~~~~[m[K
[01m[K/home/jcbynum2/dev-workspace/src/corobot/map_to_jpeg/include/HectorMapTools.h:[m[K In member function ‘[01m[Kvoid HectorMapTools::DistanceMeasurementProvider::setMap(int)[m[K’:
[01m[K/home/jcbynum2/dev-workspace/src/corobot/map_to_jpeg/include/HectorMapTools.h:128:7:[m[K [01;31m[Kerror: [m[K‘[01m[Kmap_ptr_[m[K’ was not declared in this scope
  128 |       [01;31m[Kmap_ptr_[m[K = map;
      |       [01;31m[K^~~~~~~~[m[K
[01m[K/home/jcbynum2/dev-workspace/src/corobot/map_to_jpeg/include/HectorMapTools.h:[m[K In member function ‘[01m[Kfloat HectorMapTools::DistanceMeasurementProvider::checkOccupancyBresenhami(const Vector2i&, const Vector2i&, Eigen::Vector2i*, unsigned int)[m[K’:
[01m[K/home/jcbynum2/dev-workspace/src/corobot/map_to_jpeg/include/HectorMapTools.h:153:19:[m[K [01;31m[Kerror: [m[K‘[01m[Kmap_ptr_[m[K’ was not declared in this scope
  153 |       int sizeX = [01;31m[Kmap_ptr_[m[K->info.width;
      |                   [01;31m[K^~~~~~~~[m[K
[01m[K/home/jcbynum2/dev-workspace/src/corobot/map_to_jpeg/include/HectorMapTools.h:[m[K In member function ‘[01m[Kint HectorMapTools::DistanceMeasurementProvider::bresenham2D(unsigned int, unsigned int, int, int, int, unsigned int, unsigned int)[m[K’:
[01m[K/home/jcbynum2/dev-workspace/src/corobot/map_to_jpeg/include/HectorMapTools.h:216:41:[m[K [01;31m[Kerror: [m[K‘[01m[Kmap_ptr_[m[K’ was not declared in this scope
  216 |       const std::vector<int8_t>& data = [01;31m[Kmap_ptr_[m[K->data;
      |                                         [01;31m[K^~~~~~~~[m[K
[01m[K/home/jcbynum2/dev-workspace/src/corobot/map_to_jpeg/include/HectorMapTools.h:[m[K In static member function ‘[01m[Kstatic bool HectorMapTools::getMapExtends(const int&, Eigen::Vector2i&, Eigen::Vector2i&)[m[K’:
[01m[K/home/jcbynum2/dev-workspace/src/corobot/map_to_jpeg/include/HectorMapTools.h:251:21:[m[K [01;31m[Kerror: [m[Krequest for member ‘[01m[Kinfo[m[K’ in ‘[01m[Kmap[m[K’, which is of non-class type ‘[01m[Kconst int[m[K’
  251 |     int width = map.[01;31m[Kinfo[m[K.width;
      |                     [01;31m[K^~~~[m[K
[01m[K/home/jcbynum2/dev-workspace/src/corobot/map_to_jpeg/include/HectorMapTools.h:252:22:[m[K [01;31m[Kerror: [m[Krequest for member ‘[01m[Kinfo[m[K’ in ‘[01m[Kmap[m[K’, which is of non-class type ‘[01m[Kconst int[m[K’
  252 |     int height = map.[01;31m[Kinfo[m[K.height;
      |                      [01;31m[K^~~~[m[K
[01m[K/home/jcbynum2/dev-workspace/src/corobot/map_to_jpeg/include/HectorMapTools.h:257:18:[m[K [01;31m[Kerror: [m[Krequest for member ‘[01m[Kdata[m[K’ in ‘[01m[Kmap[m[K’, which is of non-class type ‘[01m[Kconst int[m[K’
  257 |         if ( map.[01;31m[Kdata[m[K[x+y*width] != -1){
      |                  [01;31m[K^~~~[m[K
[01m[K/home/jcbynum2/dev-workspace/src/corobot/map_to_jpeg/src/image_to_map_node.cpp:[m[K At global scope:
[01m[K/home/jcbynum2/dev-workspace/src/corobot/map_to_jpeg/src/image_to_map_node.cpp:56:3:[m[K [01;31m[Kerror: [m[K‘[01m[Kros[m[K’ does not name a type; did you mean ‘[01m[Kcos[m[K’?
   56 |   [01;31m[Kros[m[K::Publisher map_publisher;
      |   [01;31m[K^~~[m[K
      |   [32m[Kcos[m[K
[01m[K/home/jcbynum2/dev-workspace/src/corobot/map_to_jpeg/src/image_to_map_node.cpp:63:3:[m[K [01;31m[Kerror: [m[K‘[01m[Kros[m[K’ does not name a type; did you mean ‘[01m[Kcos[m[K’?
   63 |   [01;31m[Kros[m[K::NodeHandle n_;
      |   [01;31m[K^~~[m[K
      |   [32m[Kcos[m[K
[01m[K/home/jcbynum2/dev-workspace/src/corobot/map_to_jpeg/src/image_to_map_node.cpp:64:3:[m[K [01;31m[Kerror: [m[K‘[01m[Kros[m[K’ does not name a type; did you mean ‘[01m[Kcos[m[K’?
   64 |   [01;31m[Kros[m[K::NodeHandle pn_;
      |   [01;31m[K^~~[m[K
      |   [32m[Kcos[m[K
[01m[K/home/jcbynum2/dev-workspace/src/corobot/map_to_jpeg/src/image_to_map_node.cpp:88:39:[m[K [01;31m[Kerror: [m[K‘[01m[KImageConstPtr[m[K’ in namespace ‘[01m[Ksensor_msgs[m[K’ does not name a type
   88 |   void mapCallback(const sensor_msgs::[01;31m[KImageConstPtr[m[K& image)
      |                                       [01;31m[K^~~~~~~~~~~~~[m[K
[01m[K/home/jcbynum2/dev-workspace/src/corobot/map_to_jpeg/src/image_to_map_node.cpp:[m[K In constructor ‘[01m[KMapAsImageProvider::MapAsImageProvider()[m[K’:
[01m[K/home/jcbynum2/dev-workspace/src/corobot/map_to_jpeg/src/image_to_map_node.cpp:68:7:[m[K [01;31m[Kerror: [m[Kclass ‘[01m[KMapAsImageProvider[m[K’ does not have any field named ‘[01m[Kpn_[m[K’
   68 |     : [01;31m[Kpn_[m[K("~")
      |       [01;31m[K^~~[m[K
[01m[K/home/jcbynum2/dev-workspace/src/corobot/map_to_jpeg/src/image_to_map_node.cpp:71:60:[m[K [01;31m[Kerror: [m[K‘[01m[Kn_[m[K’ was not declared in this scope
   71 |     image_transport_ = new image_transport::ImageTransport([01;31m[Kn_[m[K);
      |                                                            [01;31m[K^~[m[K
[01m[K/home/jcbynum2/dev-workspace/src/corobot/map_to_jpeg/src/image_to_map_node.cpp:73:123:[m[K [01;31m[Kerror: [m[Kno matching function for call to ‘[01m[Kimage_transport::ImageTransport::subscribe(const char [14], int, void (MapAsImageProvider::*)(const int&), MapAsImageProvider*)[m[K’
   73 |     image_transport_subscriber_map = image_transport_->subscribe("map_image_raw", 1, &MapAsImageProvider::mapCallback,this[01;31m[K)[m[K;
      |                                                                                                                           [01;31m[K^[m[K
In file included from [01m[K/home/jcbynum2/dev-workspace/src/corobot/map_to_jpeg/src/image_to_map_node.cpp:36[m[K:
[01m[K/opt/ros/foxy/include/image_transport/image_transport.hpp:141:14:[m[K [01;36m[Knote: [m[Kcandidate: ‘[01m[Kimage_transport::Subscriber image_transport::ImageTransport::subscribe(const string&, uint32_t, const Callback&, const VoidPtr&, const image_transport::TransportHints*)[m[K’
  141 |   Subscriber [01;36m[Ksubscribe[m[K(
      |              [01;36m[K^~~~~~~~~[m[K
[01m[K/opt/ros/foxy/include/image_transport/image_transport.hpp:143:34:[m[K [01;36m[Knote: [m[K  no known conversion for argument 3 from ‘[01m[Kvoid (MapAsImageProvider::*)(const int&)[m[K’ to ‘[01m[Kconst Callback&[m[K’ {aka ‘[01m[Kconst std::function<void(const std::shared_ptr<const sensor_msgs::msg::Image_<std::allocator<void> > >&)>&[m[K’}
  143 |     [01;36m[Kconst Subscriber::Callback & callback[m[K,
      |     [01;36m[K~~~~~~~~~~~~~~~~~~~~~~~~~~~~~^~~~~~~~[m[K
[01m[K/opt/ros/foxy/include/image_transport/image_transport.hpp:151:14:[m[K [01;36m[Knote: [m[Kcandidate: ‘[01m[Kimage_transport::Subscriber image_transport::ImageTransport::subscribe(const string&, uint32_t, void (*)(const ImageConstPtr&), const image_transport::TransportHints*)[m[K’
  151 |   Subscriber [01;36m[Ksubscribe[m[K(
      |              [01;36m[K^~~~~~~~~[m[K
[01m[K/opt/ros/foxy/include/image_transport/image_transport.hpp:153:12:[m[K [01;36m[Knote: [m[K  no known conversion for argument 3 from ‘[01m[Kvoid (MapAsImageProvider::*)(const int&)[m[K’ to ‘[01m[Kvoid (*)(const ImageConstPtr&)[m[K’ {aka ‘[01m[Kvoid (*)(const std::shared_ptr<const sensor_msgs::msg::Image_<std::allocator<void> > >&)[m[K’}
  153 |     [01;36m[Kvoid (*fp)(const ImageConstPtr &)[m[K,
      |     [01;36m[K~~~~~~~^~~~~~~~~~~~~~~~~~~~~~~~~~[m[K
[01m[K/opt/ros/foxy/include/image_transport/image_transport.hpp:165:14:[m[K [01;36m[Knote: [m[Kcandidate: ‘[01m[Ktemplate<class T> image_transport::Subscriber image_transport::ImageTransport::subscribe(const string&, uint32_t, void (T::*)(const ImageConstPtr&), T*, const image_transport::TransportHints*)[m[K’
  165 |   Subscriber [01;36m[Ksubscribe[m[K(
      |              [01;36m[K^~~~~~~~~[m[K
[01m[K/opt/ros/foxy/include/image_transport/image_transport.hpp:165:14:[m[K [01;36m[Knote: [m[K  template argument deduction/substitution failed:
[01m[K/home/jcbynum2/dev-workspace/src/corobot/map_to_jpeg/src/image_to_map_node.cpp:73:123:[m[K [01;36m[Knote: [m[K  mismatched types ‘[01m[Kconst ImageConstPtr[m[K’ {aka ‘[01m[Kconst std::shared_ptr<const sensor_msgs::msg::Image_<std::allocator<void> > >[m[K’} and ‘[01m[Kconst int[m[K’
   73 |     image_transport_subscriber_map = image_transport_->subscribe("map_image_raw", 1, &MapAsImageProvider::mapCallback,this[01;36m[K)[m[K;
      |                                                                                                                           [01;36m[K^[m[K
In file included from [01m[K/home/jcbynum2/dev-workspace/src/corobot/map_to_jpeg/src/image_to_map_node.cpp:36[m[K:
[01m[K/opt/ros/foxy/include/image_transport/image_transport.hpp:178:14:[m[K [01;36m[Knote: [m[Kcandidate: ‘[01m[Ktemplate<class T> image_transport::Subscriber image_transport::ImageTransport::subscribe(const string&, uint32_t, void (T::*)(const ImageConstPtr&), const std::shared_ptr<_Tp>&, const image_transport::TransportHints*)[m[K’
  178 |   Subscriber [01;36m[Ksubscribe[m[K(
      |              [01;36m[K^~~~~~~~~[m[K
[01m[K/opt/ros/foxy/include/image_transport/image_transport.hpp:178:14:[m[K [01;36m[Knote: [m[K  template argument deduction/substitution failed:
[01m[K/home/jcbynum2/dev-workspace/src/corobot/map_to_jpeg/src/image_to_map_node.cpp:73:123:[m[K [01;36m[Knote: [m[K  mismatched types ‘[01m[Kconst ImageConstPtr[m[K’ {aka ‘[01m[Kconst std::shared_ptr<const sensor_msgs::msg::Image_<std::allocator<void> > >[m[K’} and ‘[01m[Kconst int[m[K’
   73 |     image_transport_subscriber_map = image_transport_->subscribe("map_image_raw", 1, &MapAsImageProvider::mapCallback,this[01;36m[K)[m[K;
      |                                                                                                                           [01;36m[K^[m[K
[01m[K/home/jcbynum2/dev-workspace/src/corobot/map_to_jpeg/src/image_to_map_node.cpp:75:5:[m[K [01;31m[Kerror: [m[K‘[01m[Kmap_publisher[m[K’ was not declared in this scope; did you mean ‘[01m[Krcl_publish[m[K’?
   75 |     [01;31m[Kmap_publisher[m[K = n_.advertise<nav_msgs::OccupancyGrid>("/map_from_jpeg", 50);
      |     [01;31m[K^~~~~~~~~~~~~[m[K
      |     [32m[Krcl_publish[m[K
[01m[K/home/jcbynum2/dev-workspace/src/corobot/map_to_jpeg/src/image_to_map_node.cpp:75:44:[m[K [01;31m[Kerror: [m[K‘[01m[KOccupancyGrid[m[K’ is not a member of ‘[01m[Knav_msgs[m[K’; did you mean ‘[01m[Knav_msgs::msg::OccupancyGrid[m[K’?
   75 |     map_publisher = n_.advertise<nav_msgs::[01;31m[KOccupancyGrid[m[K>("/map_from_jpeg", 50);
      |                                            [01;31m[K^~~~~~~~~~~~~[m[K
In file included from [01m[K/opt/ros/foxy/include/nav_msgs/srv/detail/get_map__struct.hpp:126[m[K,
                 from [01m[K/opt/ros/foxy/include/nav_msgs/srv/get_map.hpp:7[m[K,
                 from [01m[K/home/jcbynum2/dev-workspace/src/corobot/map_to_jpeg/src/image_to_map_node.cpp:32[m[K:
[01m[K/opt/ros/foxy/include/nav_msgs/msg/detail/occupancy_grid__struct.hpp:146:7:[m[K [01;36m[Knote: [m[K‘[01m[Knav_msgs::msg::OccupancyGrid[m[K’ declared here
  146 | using [01;36m[KOccupancyGrid[m[K =
      |       [01;36m[K^~~~~~~~~~~~~[m[K
[01m[K/home/jcbynum2/dev-workspace/src/corobot/map_to_jpeg/src/image_to_map_node.cpp:78:5:[m[K [01;31m[Kerror: [m[K‘[01m[KROS_INFO[m[K’ was not declared in this scope
   78 |     [01;31m[KROS_INFO[m[K("Image to Map node started.");
      |     [01;31m[K^~~~~~~~[m[K
[01m[K/home/jcbynum2/dev-workspace/src/corobot/map_to_jpeg/src/image_to_map_node.cpp:[m[K In member function ‘[01m[Kvoid MapAsImageProvider::mapCallback(const int&)[m[K’:
[01m[K/home/jcbynum2/dev-workspace/src/corobot/map_to_jpeg/src/image_to_map_node.cpp:91:15:[m[K [01;31m[Kerror: [m[K‘[01m[KOccupancyGrid[m[K’ is not a member of ‘[01m[Knav_msgs[m[K’; did you mean ‘[01m[Knav_msgs::msg::OccupancyGrid[m[K’?
   91 |     nav_msgs::[01;31m[KOccupancyGrid[m[K map;
      |               [01;31m[K^~~~~~~~~~~~~[m[K
In file included from [01m[K/opt/ros/foxy/include/nav_msgs/srv/detail/get_map__struct.hpp:126[m[K,
                 from [01m[K/opt/ros/foxy/include/nav_msgs/srv/get_map.hpp:7[m[K,
                 from [01m[K/home/jcbynum2/dev-workspace/src/corobot/map_to_jpeg/src/image_to_map_node.cpp:32[m[K:
[01m[K/opt/ros/foxy/include/nav_msgs/msg/detail/occupancy_grid__struct.hpp:146:7:[m[K [01;36m[Knote: [m[K‘[01m[Knav_msgs::msg::OccupancyGrid[m[K’ declared here
  146 | using [01;36m[KOccupancyGrid[m[K =
      |       [01;36m[K^~~~~~~~~~~~~[m[K
[01m[K/home/jcbynum2/dev-workspace/src/corobot/map_to_jpeg/src/image_to_map_node.cpp:93:8:[m[K [01;31m[Kerror: [m[Kmissing template arguments before ‘[01m[K.[m[K’ token
   93 |     map[01;31m[K.[m[Kheader.stamp = image->header.stamp;
      |        [01;31m[K^[m[K
[01m[K/home/jcbynum2/dev-workspace/src/corobot/map_to_jpeg/src/image_to_map_node.cpp:93:29:[m[K [01;31m[Kerror: [m[Kbase operand of ‘[01m[K->[m[K’ is not a pointer
   93 |     map.header.stamp = image[01;31m[K->[m[Kheader.stamp;
      |                             [01;31m[K^~[m[K
[01m[K/home/jcbynum2/dev-workspace/src/corobot/map_to_jpeg/src/image_to_map_node.cpp:94:8:[m[K [01;31m[Kerror: [m[Kmissing template arguments before ‘[01m[K.[m[K’ token
   94 |     map[01;31m[K.[m[Kheader.frame_id = "map";
      |        [01;31m[K^[m[K
[01m[K/home/jcbynum2/dev-workspace/src/corobot/map_to_jpeg/src/image_to_map_node.cpp:95:8:[m[K [01;31m[Kerror: [m[Kmissing template arguments before ‘[01m[K.[m[K’ token
   95 |     map[01;31m[K.[m[Kinfo.width = image->width;
      |        [01;31m[K^[m[K
[01m[K/home/jcbynum2/dev-workspace/src/corobot/map_to_jpeg/src/image_to_map_node.cpp:95:27:[m[K [01;31m[Kerror: [m[Kbase operand of ‘[01m[K->[m[K’ is not a pointer
   95 |     map.info.width = image[01;31m[K->[m[Kwidth;
      |                           [01;31m[K^~[m[K
[01m[K/home/jcbynum2/dev-workspace/src/corobot/map_to_jpeg/src/image_to_map_node.cpp:96:8:[m[K [01;31m[Kerror: [m[Kmissing template arguments before ‘[01m[K.[m[K’ token
   96 |     map[01;31m[K.[m[Kinfo.height = image->height;
      |        [01;31m[K^[m[K
[01m[K/home/jcbynum2/dev-workspace/src/corobot/map_to_jpeg/src/image_to_map_node.cpp:96:28:[m[K [01;31m[Kerror: [m[Kbase operand of ‘[01m[K->[m[K’ is not a pointer
   96 |     map.info.height = image[01;31m[K->[m[Kheight;
      |                            [01;31m[K^~[m[K
[01m[K/home/jcbynum2/dev-workspace/src/corobot/map_to_jpeg/src/image_to_map_node.cpp:97:8:[m[K [01;31m[Kerror: [m[Kmissing template arguments before ‘[01m[K.[m[K’ token
   97 |     map[01;31m[K.[m[Kinfo.origin.orientation.w = 1;
      |        [01;31m[K^[m[K
[01m[K/home/jcbynum2/dev-workspace/src/corobot/map_to_jpeg/src/image_to_map_node.cpp:98:8:[m[K [01;31m[Kerror: [m[Kmissing template arguments before ‘[01m[K.[m[K’ token
   98 |     map[01;31m[K.[m[Kinfo.resolution = resolution;
      |        [01;31m[K^[m[K
[01m[K/home/jcbynum2/dev-workspace/src/corobot/map_to_jpeg/src/image_to_map_node.cpp:99:8:[m[K [01;31m[Kerror: [m[Kmissing template arguments before ‘[01m[K.[m[K’ token
   99 |     map[01;31m[K.[m[Kinfo.origin.position.x = -((image->width + 1) * map.info.resolution * 0.5f);
      |        [01;31m[K^[m[K
[01m[K/home/jcbynum2/dev-workspace/src/corobot/map_to_jpeg/src/image_to_map_node.cpp:99:42:[m[K [01;31m[Kerror: [m[Kbase operand of ‘[01m[K->[m[K’ is not a pointer
   99 |     map.info.origin.position.x = -((image[01;31m[K->[m[Kwidth + 1) * map.info.resolution * 0.5f);
      |                                          [01;31m[K^~[m[K
[01m[K/home/jcbynum2/dev-workspace/src/corobot/map_to_jpeg/src/image_to_map_node.cpp:99:60:[m[K [01;31m[Kerror: [m[Kmissing template arguments before ‘[01m[K.[m[K’ token
   99 |     map.info.origin.position.x = -((image->width + 1) * map[01;31m[K.[m[Kinfo.resolution * 0.5f);
      |                                                            [01;31m[K^[m[K
[01m[K/home/jcbynum2/dev-workspace/src/corobot/map_to_jpeg/src/image_to_map_node.cpp:100:8:[m[K [01;31m[Kerror: [m[Kmissing template arguments before ‘[01m[K.[m[K’ token
  100 |     map[01;31m[K.[m[Kinfo.origin.position.y = -((image->height + 1) * map.info.resolution * 0.5f);
      |        [01;31m[K^[m[K
[01m[K/home/jcbynum2/dev-workspace/src/corobot/map_to_jpeg/src/image_to_map_node.cpp:100:42:[m[K [01;31m[Kerror: [m[Kbase operand of ‘[01m[K->[m[K’ is not a pointer
  100 |     map.info.origin.position.y = -((image[01;31m[K->[m[Kheight + 1) * map.info.resolution * 0.5f);
      |                                          [01;31m[K^~[m[K
[01m[K/home/jcbynum2/dev-workspace/src/corobot/map_to_jpeg/src/image_to_map_node.cpp:100:61:[m[K [01;31m[Kerror: [m[Kmissing template arguments before ‘[01m[K.[m[K’ token
  100 |     map.info.origin.position.y = -((image->height + 1) * map[01;31m[K.[m[Kinfo.resolution * 0.5f);
      |                                                             [01;31m[K^[m[K
[01m[K/home/jcbynum2/dev-workspace/src/corobot/map_to_jpeg/src/image_to_map_node.cpp:104:20:[m[K [01;31m[Kerror: [m[Kbase operand of ‘[01m[K->[m[K’ is not a pointer
  104 |     for(int i=image[01;31m[K->[m[Kheight -1; i>=0; i--)
      |                    [01;31m[K^~[m[K
[01m[K/home/jcbynum2/dev-workspace/src/corobot/map_to_jpeg/src/image_to_map_node.cpp:106:32:[m[K [01;31m[Kerror: [m[Kbase operand of ‘[01m[K->[m[K’ is not a pointer
  106 |  for (unsigned int j=0; j<image[01;31m[K->[m[Kwidth;j++)
      |                                [01;31m[K^~[m[K
[01m[K/home/jcbynum2/dev-workspace/src/corobot/map_to_jpeg/src/image_to_map_node.cpp:108:18:[m[K [01;31m[Kerror: [m[Kbase operand of ‘[01m[K->[m[K’ is not a pointer
  108 |      data = image[01;31m[K->[m[Kdata[i*image->width + j];
      |                  [01;31m[K^~[m[K
[01m[K/home/jcbynum2/dev-workspace/src/corobot/map_to_jpeg/src/image_to_map_node.cpp:108:32:[m[K [01;31m[Kerror: [m[Kbase operand of ‘[01m[K->[m[K’ is not a pointer
  108 |      data = image->data[i*image[01;31m[K->[m[Kwidth + j];
      |                                [01;31m[K^~[m[K
[01m[K/home/jcbynum2/dev-workspace/src/corobot/map_to_jpeg/src/image_to_map_node.cpp:110:10:[m[K [01;31m[Kerror: [m[Kmissing template arguments before ‘[01m[K.[m[K’ token
  110 |       map[01;31m[K.[m[Kdata.push_back(-1);
      |          [01;31m[K^[m[K
[01m[K/home/jcbynum2/dev-workspace/src/corobot/map_to_jpeg/src/image_to_map_node.cpp:113:6:[m[K [01;31m[Kerror: [m[Kmissing template arguments before ‘[01m[K.[m[K’ token
  113 |   map[01;31m[K.[m[Kdata.push_back(0);
      |      [01;31m[K^[m[K
[01m[K/home/jcbynum2/dev-workspace/src/corobot/map_to_jpeg/src/image_to_map_node.cpp:116:6:[m[K [01;31m[Kerror: [m[Kmissing template arguments before ‘[01m[K.[m[K’ token
  116 |   map[01;31m[K.[m[Kdata.push_back(100);
      |      [01;31m[K^[m[K
[01m[K/home/jcbynum2/dev-workspace/src/corobot/map_to_jpeg/src/image_to_map_node.cpp:120:5:[m[K [01;31m[Kerror: [m[K‘[01m[Kmap_publisher[m[K’ was not declared in this scope; did you mean ‘[01m[Krcl_publish[m[K’?
  120 |     [01;31m[Kmap_publisher[m[K.publish(map);
      |     [01;31m[K^~~~~~~~~~~~~[m[K
      |     [32m[Krcl_publish[m[K
[01m[K/home/jcbynum2/dev-workspace/src/corobot/map_to_jpeg/src/image_to_map_node.cpp:120:30:[m[K [01;31m[Kerror: [m[Kmissing template arguments before ‘[01m[K)[m[K’ token
  120 |     map_publisher.publish(map[01;31m[K)[m[K;
      |                              [01;31m[K^[m[K
[01m[K/home/jcbynum2/dev-workspace/src/corobot/map_to_jpeg/src/image_to_map_node.cpp:[m[K In function ‘[01m[Kint main(int, char**)[m[K’:
[01m[K/home/jcbynum2/dev-workspace/src/corobot/map_to_jpeg/src/image_to_map_node.cpp:127:3:[m[K [01;31m[Kerror: [m[K‘[01m[Kros[m[K’ has not been declared
  127 |   [01;31m[Kros[m[K::init(argc, argv, "image_to_map_node");
      |   [01;31m[K^~~[m[K
[01m[K/home/jcbynum2/dev-workspace/src/corobot/map_to_jpeg/src/image_to_map_node.cpp:129:3:[m[K [01;31m[Kerror: [m[K‘[01m[Kros[m[K’ has not been declared
  129 |   [01;31m[Kros[m[K::NodeHandle nh("~");
      |   [01;31m[K^~~[m[K
[01m[K/home/jcbynum2/dev-workspace/src/corobot/map_to_jpeg/src/image_to_map_node.cpp:130:3:[m[K [01;31m[Kerror: [m[K‘[01m[Knh[m[K’ was not declared in this scope
  130 |   [01;31m[Knh[m[K.param("resolution", resolution, 0.05);
      |   [01;31m[K^~[m[K
[01m[K/home/jcbynum2/dev-workspace/src/corobot/map_to_jpeg/src/image_to_map_node.cpp:135:3:[m[K [01;31m[Kerror: [m[K‘[01m[Kros[m[K’ has not been declared
  135 |   [01;31m[Kros[m[K::spin();
      |   [01;31m[K^~~[m[K
In file included from [01m[K/home/jcbynum2/dev-workspace/src/corobot/map_to_jpeg/src/map_to_image_node.cpp:42[m[K:
[01m[K/home/jcbynum2/dev-workspace/src/corobot/map_to_jpeg/include/HectorMapTools.h:49:33:[m[K [01;31m[Kerror: [m[K‘[01m[Knav_msgs[m[K’ does not name a type
   49 |     CoordinateTransformer(const [01;31m[Knav_msgs[m[K::OccupancyGridConstPtr map)
      |                                 [01;31m[K^~~~~~~~[m[K
[01m[K/home/jcbynum2/dev-workspace/src/corobot/map_to_jpeg/include/HectorMapTools.h:49:65:[m[K [01;31m[Kerror: [m[Kexpected unqualified-id before ‘[01m[Kmap[m[K’
   49 |     CoordinateTransformer(const nav_msgs::OccupancyGridConstPtr [01;31m[Kmap[m[K)
      |                                                                 [01;31m[K^~~[m[K
[01m[K/home/jcbynum2/dev-workspace/src/corobot/map_to_jpeg/include/HectorMapTools.h:49:64:[m[K [01;31m[Kerror: [m[Kexpected ‘[01m[K)[m[K’ before ‘[01m[Kmap[m[K’
   49 |     CoordinateTransformer[34m[K([m[Kconst nav_msgs::OccupancyGridConstPtr[01;31m[K [m[K[32m[Kmap[m[K)
      |                          [34m[K~[m[K                                     [01;31m[K^[m[K[32m[K~~~[m[K
      |                                                                [32m[K)[m[K
[01m[K/home/jcbynum2/dev-workspace/src/corobot/map_to_jpeg/include/HectorMapTools.h:49:43:[m[K [01;31m[Kerror: [m[Kexpected ‘[01m[K;[m[K’ at end of member declaration
   49 |     CoordinateTransformer(const nav_msgs::[01;31m[KOccupancyGridConstPtr[m[K map)
      |                                           [01;31m[K^~~~~~~~~~~~~~~~~~~~~[m[K
      |                                                                [32m[K;[m[K
[01m[K/home/jcbynum2/dev-workspace/src/corobot/map_to_jpeg/include/HectorMapTools.h:49:65:[m[K [01;31m[Kerror: [m[K‘[01m[Kmap[m[K’ does not name a type
   49 |     CoordinateTransformer(const nav_msgs::OccupancyGridConstPtr [01;31m[Kmap[m[K)
      |                                                                 [01;31m[K^~~[m[K
[01m[K/home/jcbynum2/dev-workspace/src/corobot/map_to_jpeg/include/HectorMapTools.h:55:30:[m[K [01;31m[Kerror: [m[K‘[01m[Knav_msgs[m[K’ does not name a type
   55 |     void setTransforms(const [01;31m[Knav_msgs[m[K::OccupancyGrid& map)
      |                              [01;31m[K^~~~~~~~[m[K
[01m[K/home/jcbynum2/dev-workspace/src/corobot/map_to_jpeg/include/HectorMapTools.h:55:53:[m[K [01;31m[Kerror: [m[Kexpected unqualified-id before ‘[01m[K&[m[K’ token
   55 |     void setTransforms(const nav_msgs::OccupancyGrid[01;31m[K&[m[K map)
      |                                                     [01;31m[K^[m[K
[01m[K/home/jcbynum2/dev-workspace/src/corobot/map_to_jpeg/include/HectorMapTools.h:55:53:[m[K [01;31m[Kerror: [m[Kexpected ‘[01m[K)[m[K’ before ‘[01m[K&[m[K’ token
   55 |     void setTransforms[34m[K([m[Kconst nav_msgs::OccupancyGrid[01;31m[K&[m[K map)
      |                       [34m[K~[m[K                             [01;31m[K^[m[K
      |                                                     [32m[K)[m[K
[01m[K/home/jcbynum2/dev-workspace/src/corobot/map_to_jpeg/include/HectorMapTools.h:55:53:[m[K [01;31m[Kerror: [m[Kexpected ‘[01m[K;[m[K’ at end of member declaration
   55 |     void setTransforms(const nav_msgs::OccupancyGrid[01;31m[K&[m[K map)
      |                                                     [01;31m[K^[m[K
      |                                                      [32m[K;[m[K
[01m[K/home/jcbynum2/dev-workspace/src/corobot/map_to_jpeg/include/HectorMapTools.h:55:55:[m[K [01;31m[Kerror: [m[K‘[01m[Kmap[m[K’ does not name a type
   55 |     void setTransforms(const nav_msgs::OccupancyGrid& [01;31m[Kmap[m[K)
      |                                                       [01;31m[K^~~[m[K
[01m[K/home/jcbynum2/dev-workspace/src/corobot/map_to_jpeg/include/HectorMapTools.h:60:30:[m[K [01;31m[Kerror: [m[K‘[01m[Knav_msgs[m[K’ does not name a type
   60 |     void setTransforms(const [01;31m[Knav_msgs[m[K::MapMetaData& meta)
      |                              [01;31m[K^~~~~~~~[m[K
[01m[K/home/jcbynum2/dev-workspace/src/corobot/map_to_jpeg/include/HectorMapTools.h:60:51:[m[K [01;31m[Kerror: [m[Kexpected unqualified-id before ‘[01m[K&[m[K’ token
   60 |     void setTransforms(const nav_msgs::MapMetaData[01;31m[K&[m[K meta)
      |                                                   [01;31m[K^[m[K
[01m[K/home/jcbynum2/dev-workspace/src/corobot/map_to_jpeg/include/HectorMapTools.h:60:51:[m[K [01;31m[Kerror: [m[Kexpected ‘[01m[K)[m[K’ before ‘[01m[K&[m[K’ token
   60 |     void setTransforms[34m[K([m[Kconst nav_msgs::MapMetaData[01;31m[K&[m[K meta)
      |                       [34m[K~[m[K                           [01;31m[K^[m[K
      |                                                   [32m[K)[m[K
[01m[K/home/jcbynum2/dev-workspace/src/corobot/map_to_jpeg/include/HectorMapTools.h:60:51:[m[K [01;31m[Kerror: [m[Kexpected ‘[01m[K;[m[K’ at end of member declaration
   60 |     void setTransforms(const nav_msgs::MapMetaData[01;31m[K&[m[K meta)
      |                                                   [01;31m[K^[m[K
      |                                                    [32m[K;[m[K
[01m[K/home/jcbynum2/dev-workspace/src/corobot/map_to_jpeg/include/HectorMapTools.h:60:10:[m[K [01;31m[Kerror: [m[K‘[01m[Kvoid HectorMapTools::CoordinateTransformer<ConcreteScalar>::setTransforms(...) &[m[K’ cannot be overloaded with ‘[01m[Kvoid HectorMapTools::CoordinateTransformer<ConcreteScalar>::setTransforms(...) &[m[K’
   60 |     void [01;31m[KsetTransforms[m[K(const nav_msgs::MapMetaData& meta)
      |          [01;31m[K^~~~~~~~~~~~~[m[K
[01m[K/home/jcbynum2/dev-workspace/src/corobot/map_to_jpeg/include/HectorMapTools.h:55:10:[m[K [01;36m[Knote: [m[Kprevious declaration ‘[01m[Kvoid HectorMapTools::CoordinateTransformer<ConcreteScalar>::setTransforms(...) &[m[K’
   55 |     void [01;36m[KsetTransforms[m[K(const nav_msgs::OccupancyGrid& map)
      |          [01;36m[K^~~~~~~~~~~~~[m[K
[01m[K/home/jcbynum2/dev-workspace/src/corobot/map_to_jpeg/include/HectorMapTools.h:60:53:[m[K [01;31m[Kerror: [m[K‘[01m[Kmeta[m[K’ does not name a type
   60 |     void setTransforms(const nav_msgs::MapMetaData& [01;31m[Kmeta[m[K)
      |                                                     [01;31m[K^~~~[m[K
In file included from [01m[K/home/jcbynum2/dev-workspace/src/corobot/map_to_jpeg/src/map_to_image_node.cpp:42[m[K:
[01m[K/home/jcbynum2/dev-workspace/src/corobot/map_to_jpeg/include/HectorMapTools.h:126:23:[m[K [01;31m[Kerror: [m[K‘[01m[Knav_msgs[m[K’ does not name a type
  126 |     void setMap(const [01;31m[Knav_msgs[m[K::OccupancyGridConstPtr map)
      |                       [01;31m[K^~~~~~~~[m[K
[01m[K/home/jcbynum2/dev-workspace/src/corobot/map_to_jpeg/include/HectorMapTools.h:126:55:[m[K [01;31m[Kerror: [m[Kexpected unqualified-id before ‘[01m[Kmap[m[K’
  126 |     void setMap(const nav_msgs::OccupancyGridConstPtr [01;31m[Kmap[m[K)
      |                                                       [01;31m[K^~~[m[K
[01m[K/home/jcbynum2/dev-workspace/src/corobot/map_to_jpeg/include/HectorMapTools.h:126:54:[m[K [01;31m[Kerror: [m[Kexpected ‘[01m[K)[m[K’ before ‘[01m[Kmap[m[K’
  126 |     void setMap[34m[K([m[Kconst nav_msgs::OccupancyGridConstPtr[01;31m[K [m[K[32m[Kmap[m[K)
      |                [34m[K~[m[K                                     [01;31m[K^[m[K[32m[K~~~[m[K
      |                                                      [32m[K)[m[K
[01m[K/home/jcbynum2/dev-workspace/src/corobot/map_to_jpeg/include/HectorMapTools.h:126:33:[m[K [01;31m[Kerror: [m[Kexpected ‘[01m[K;[m[K’ at end of member declaration
  126 |     void setMap(const nav_msgs::[01;31m[KOccupancyGridConstPtr[m[K map)
      |                                 [01;31m[K^~~~~~~~~~~~~~~~~~~~~[m[K
      |                                                      [32m[K;[m[K
[01m[K/home/jcbynum2/dev-workspace/src/corobot/map_to_jpeg/include/HectorMapTools.h:126:55:[m[K [01;31m[Kerror: [m[K‘[01m[Kmap[m[K’ does not name a type
  126 |     void setMap(const nav_msgs::OccupancyGridConstPtr [01;31m[Kmap[m[K)
      |                                                       [01;31m[K^~~[m[K
[01m[K/home/jcbynum2/dev-workspace/src/corobot/map_to_jpeg/include/HectorMapTools.h:236:5:[m[K [01;31m[Kerror: [m[K‘[01m[Knav_msgs[m[K’ does not name a type
  236 |     [01;31m[Knav_msgs[m[K::OccupancyGridConstPtr map_ptr_;
      |     [01;31m[K^~~~~~~~[m[K
[01m[K/home/jcbynum2/dev-workspace/src/corobot/map_to_jpeg/include/HectorMapTools.h:241:35:[m[K [01;31m[Kerror: [m[K‘[01m[Knav_msgs[m[K’ does not name a type
  241 |   static bool getMapExtends(const [01;31m[Knav_msgs[m[K::OccupancyGrid& map, Eigen::Vector2i& topLeft, Eigen::Vector2i& bottomRight)
      |                                   [01;31m[K^~~~~~~~[m[K
[01m[K/home/jcbynum2/dev-workspace/src/corobot/map_to_jpeg/include/HectorMapTools.h:241:58:[m[K [01;31m[Kerror: [m[Kexpected unqualified-id before ‘[01m[K&[m[K’ token
  241 |   static bool getMapExtends(const nav_msgs::OccupancyGrid[01;31m[K&[m[K map, Eigen::Vector2i& topLeft, Eigen::Vector2i& bottomRight)
      |                                                          [01;31m[K^[m[K
[01m[K/home/jcbynum2/dev-workspace/src/corobot/map_to_jpeg/include/HectorMapTools.h:241:58:[m[K [01;31m[Kerror: [m[Kexpected ‘[01m[K)[m[K’ before ‘[01m[K&[m[K’ token
  241 |   static bool getMapExtends[34m[K([m[Kconst nav_msgs::OccupancyGrid[01;31m[K&[m[K map, Eigen::Vector2i& topLeft, Eigen::Vector2i& bottomRight)
      |                            [34m[K~[m[K                             [01;31m[K^[m[K
      |                                                          [32m[K)[m[K
[01m[K/home/jcbynum2/dev-workspace/src/corobot/map_to_jpeg/include/HectorMapTools.h:241:58:[m[K [01;31m[Kerror: [m[Kstatic member function ‘[01m[Kstatic bool HectorMapTools::getMapExtends(...)[m[K’ cannot have ref-qualifier
[01m[K/home/jcbynum2/dev-workspace/src/corobot/map_to_jpeg/include/HectorMapTools.h:241:58:[m[K [01;31m[Kerror: [m[Kexpected ‘[01m[K;[m[K’ at end of member declaration
  241 |   static bool getMapExtends(const nav_msgs::OccupancyGrid[01;31m[K&[m[K map, Eigen::Vector2i& topLeft, Eigen::Vector2i& bottomRight)
      |                                                          [01;31m[K^[m[K
      |                                                           [32m[K;[m[K
[01m[K/home/jcbynum2/dev-workspace/src/corobot/map_to_jpeg/include/HectorMapTools.h:241:60:[m[K [01;31m[Kerror: [m[K‘[01m[Kmap[m[K’ does not name a type
  241 |   static bool getMapExtends(const nav_msgs::OccupancyGrid& [01;31m[Kmap[m[K, Eigen::Vector2i& topLeft, Eigen::Vector2i& bottomRight)
      |                                                            [01;31m[K^~~[m[K
[01m[K/home/jcbynum2/dev-workspace/src/corobot/map_to_jpeg/include/HectorMapTools.h:[m[K In constructor ‘[01m[KHectorMapTools::DistanceMeasurementProvider::DistanceMeasurementProvider()[m[K’:
[01m[K/home/jcbynum2/dev-workspace/src/corobot/map_to_jpeg/include/HectorMapTools.h:122:5:[m[K [01;31m[Kerror: [m[Kcall of overloaded ‘[01m[KCoordinateTransformer()[m[K’ is ambiguous
  122 |     [01;31m[K{[m[K
      |     [01;31m[K^[m[K
In file included from [01m[K/home/jcbynum2/dev-workspace/src/corobot/map_to_jpeg/src/map_to_image_node.cpp:42[m[K:
[01m[K/home/jcbynum2/dev-workspace/src/corobot/map_to_jpeg/include/HectorMapTools.h:49:5:[m[K [01;36m[Knote: [m[Kcandidate: ‘[01m[KHectorMapTools::CoordinateTransformer<ConcreteScalar>::CoordinateTransformer(...) [with ConcreteScalar = float][m[K’
   49 |     [01;36m[KCoordinateTransformer[m[K(const nav_msgs::OccupancyGridConstPtr map)
      |     [01;36m[K^~~~~~~~~~~~~~~~~~~~~[m[K
[01m[K/home/jcbynum2/dev-workspace/src/corobot/map_to_jpeg/include/HectorMapTools.h:44:5:[m[K [01;36m[Knote: [m[Kcandidate: ‘[01m[KHectorMapTools::CoordinateTransformer<ConcreteScalar>::CoordinateTransformer() [with ConcreteScalar = float][m[K’
   44 |     [01;36m[KCoordinateTransformer[m[K()
      |     [01;36m[K^~~~~~~~~~~~~~~~~~~~~[m[K
In file included from [01m[K/home/jcbynum2/dev-workspace/src/corobot/map_to_jpeg/src/map_to_image_node.cpp:42[m[K:
[01m[K/home/jcbynum2/dev-workspace/src/corobot/map_to_jpeg/include/HectorMapTools.h:[m[K In member function ‘[01m[Kfloat HectorMapTools::DistanceMeasurementProvider::checkOccupancyBresenhami(const Vector2i&, const Vector2i&, Eigen::Vector2i*, unsigned int)[m[K’:
[01m[K/home/jcbynum2/dev-workspace/src/corobot/map_to_jpeg/include/HectorMapTools.h:153:19:[m[K [01;31m[Kerror: [m[K‘[01m[Kmap_ptr_[m[K’ was not declared in this scope
  153 |       int sizeX = [01;31m[Kmap_ptr_[m[K->info.width;
      |                   [01;31m[K^~~~~~~~[m[K
[01m[K/home/jcbynum2/dev-workspace/src/corobot/map_to_jpeg/include/HectorMapTools.h:[m[K In member function ‘[01m[Kint HectorMapTools::DistanceMeasurementProvider::bresenham2D(unsigned int, unsigned int, int, int, int, unsigned int, unsigned int)[m[K’:
[01m[K/home/jcbynum2/dev-workspace/src/corobot/map_to_jpeg/include/HectorMapTools.h:216:41:[m[K [01;31m[Kerror: [m[K‘[01m[Kmap_ptr_[m[K’ was not declared in this scope
  216 |       const std::vector<int8_t>& data = [01;31m[Kmap_ptr_[m[K->data;
      |                                         [01;31m[K^~~~~~~~[m[K
[01m[K/home/jcbynum2/dev-workspace/src/corobot/map_to_jpeg/src/map_to_image_node.cpp:[m[K At global scope:
[01m[K/home/jcbynum2/dev-workspace/src/corobot/map_to_jpeg/src/map_to_image_node.cpp:95:42:[m[K [01;31m[Kerror: [m[K‘[01m[KPoseStampedConstPtr[m[K’ in namespace ‘[01m[Kgeometry_msgs[m[K’ does not name a type
   95 |   void poseCallback(const geometry_msgs::[01;31m[KPoseStampedConstPtr[m[K& pose)
      |                                          [01;31m[K^~~~~~~~~~~~~~~~~~~[m[K
[01m[K/home/jcbynum2/dev-workspace/src/corobot/map_to_jpeg/src/map_to_image_node.cpp:101:26:[m[K [01;31m[Kerror: [m[K‘[01m[Knav_msgs[m[K’ does not name a type
  101 |   void mapCallback(const [01;31m[Knav_msgs[m[K::OccupancyGridConstPtr& map)
      |                          [01;31m[K^~~~~~~~[m[K
[01m[K/home/jcbynum2/dev-workspace/src/corobot/map_to_jpeg/src/map_to_image_node.cpp:101:57:[m[K [01;31m[Kerror: [m[Kexpected unqualified-id before ‘[01m[K&[m[K’ token
  101 |   void mapCallback(const nav_msgs::OccupancyGridConstPtr[01;31m[K&[m[K map)
      |                                                         [01;31m[K^[m[K
[01m[K/home/jcbynum2/dev-workspace/src/corobot/map_to_jpeg/src/map_to_image_node.cpp:101:57:[m[K [01;31m[Kerror: [m[Kexpected ‘[01m[K)[m[K’ before ‘[01m[K&[m[K’ token
  101 |   void mapCallback[34m[K([m[Kconst nav_msgs::OccupancyGridConstPtr[01;31m[K&[m[K map)
      |                   [34m[K~[m[K                                     [01;31m[K^[m[K
      |                                                         [32m[K)[m[K
[01m[K/home/jcbynum2/dev-workspace/src/corobot/map_to_jpeg/src/map_to_image_node.cpp:101:57:[m[K [01;31m[Kerror: [m[Kexpected ‘[01m[K;[m[K’ at end of member declaration
  101 |   void mapCallback(const nav_msgs::OccupancyGridConstPtr[01;31m[K&[m[K map)
      |                                                         [01;31m[K^[m[K
      |                                                          [32m[K;[m[K
[01m[K/home/jcbynum2/dev-workspace/src/corobot/map_to_jpeg/src/map_to_image_node.cpp:101:59:[m[K [01;31m[Kerror: [m[Kinvalid use of template-name ‘[01m[Kstd::map[m[K’ without an argument list
  101 |   void mapCallback(const nav_msgs::OccupancyGridConstPtr& [01;31m[Kmap[m[K)
      |                                                           [01;31m[K^~~[m[K
[01m[K/home/jcbynum2/dev-workspace/src/corobot/map_to_jpeg/src/map_to_image_node.cpp:101:59:[m[K [01;36m[Knote: [m[Kclass template argument deduction is only available with ‘[01m[K-std=c++17[m[K’ or ‘[01m[K-std=gnu++17[m[K’
In file included from [01m[K/usr/include/c++/9/map:61[m[K,
                 from [01m[K/opt/ros/foxy/include/rclcpp/client.hpp:20[m[K,
                 from [01m[K/opt/ros/foxy/include/rclcpp/callback_group.hpp:23[m[K,
                 from [01m[K/opt/ros/foxy/include/rclcpp/any_executable.hpp:20[m[K,
                 from [01m[K/opt/ros/foxy/include/rclcpp/memory_strategy.hpp:24[m[K,
                 from [01m[K/opt/ros/foxy/include/rclcpp/memory_strategies.hpp:18[m[K,
                 from [01m[K/opt/ros/foxy/include/rclcpp/executor_options.hpp:20[m[K,
                 from [01m[K/opt/ros/foxy/include/rclcpp/executor.hpp:33[m[K,
                 from [01m[K/opt/ros/foxy/include/rclcpp/executors/multi_threaded_executor.hpp:26[m[K,
                 from [01m[K/opt/ros/foxy/include/rclcpp/executors.hpp:21[m[K,
                 from [01m[K/opt/ros/foxy/include/rclcpp/rclcpp.hpp:146[m[K,
                 from [01m[K/home/jcbynum2/dev-workspace/src/corobot/map_to_jpeg/src/map_to_image_node.cpp:29[m[K:
[01m[K/usr/include/c++/9/bits/stl_map.h:100:11:[m[K [01;36m[Knote: [m[K‘[01m[Ktemplate<class _Key, class _Tp, class _Compare, class _Alloc> class std::map[m[K’ declared here
  100 |     class [01;36m[Kmap[m[K
      |           [01;36m[K^~~[m[K
[01m[K/home/jcbynum2/dev-workspace/src/corobot/map_to_jpeg/src/map_to_image_node.cpp:282:3:[m[K [01;31m[Kerror: [m[K‘[01m[Kros[m[K’ does not name a type; did you mean ‘[01m[Kcos[m[K’?
  282 |   [01;31m[Kros[m[K::Subscriber map_sub_;
      |   [01;31m[K^~~[m[K
      |   [32m[Kcos[m[K
[01m[K/home/jcbynum2/dev-workspace/src/corobot/map_to_jpeg/src/map_to_image_node.cpp:283:3:[m[K [01;31m[Kerror: [m[K‘[01m[Kros[m[K’ does not name a type; did you mean ‘[01m[Kcos[m[K’?
  283 |   [01;31m[Kros[m[K::Subscriber pose_sub_;
      |   [01;31m[K^~~[m[K
      |   [32m[Kcos[m[K
[01m[K/home/jcbynum2/dev-workspace/src/corobot/map_to_jpeg/src/map_to_image_node.cpp:291:18:[m[K [01;31m[Kerror: [m[K‘[01m[KPoseStampedConstPtr[m[K’ in namespace ‘[01m[Kgeometry_msgs[m[K’ does not name a type
  291 |   geometry_msgs::[01;31m[KPoseStampedConstPtr[m[K pose_ptr_;
      |                  [01;31m[K^~~~~~~~~~~~~~~~~~~[m[K
[01m[K/home/jcbynum2/dev-workspace/src/corobot/map_to_jpeg/src/map_to_image_node.cpp:297:3:[m[K [01;31m[Kerror: [m[K‘[01m[Kros[m[K’ does not name a type; did you mean ‘[01m[Kcos[m[K’?
  297 |   [01;31m[Kros[m[K::NodeHandle n_;
      |   [01;31m[K^~~[m[K
      |   [32m[Kcos[m[K
[01m[K/home/jcbynum2/dev-workspace/src/corobot/map_to_jpeg/src/map_to_image_node.cpp:298:3:[m[K [01;31m[Kerror: [m[K‘[01m[Kros[m[K’ does not name a type; did you mean ‘[01m[Kcos[m[K’?
  298 |   [01;31m[Kros[m[K::NodeHandle pn_;
      |   [01;31m[K^~~[m[K
      |   [32m[Kcos[m[K
[01m[K/home/jcbynum2/dev-workspace/src/corobot/map_to_jpeg/src/map_to_image_node.cpp:[m[K In constructor ‘[01m[KMapAsImageProvider::MapAsImageProvider()[m[K’:
[01m[K/home/jcbynum2/dev-workspace/src/corobot/map_to_jpeg/src/map_to_image_node.cpp:61:7:[m[K [01;31m[Kerror: [m[Kclass ‘[01m[KMapAsImageProvider[m[K’ does not have any field named ‘[01m[Kpn_[m[K’
   61 |     : [01;31m[Kpn_[m[K("~")
      |       [01;31m[K^~~[m[K
[01m[K/home/jcbynum2/dev-workspace/src/corobot/map_to_jpeg/src/map_to_image_node.cpp:61:14:[m[K [01;31m[Kerror: [m[Kcall of overloaded ‘[01m[KCoordinateTransformer()[m[K’ is ambiguous
   61 |     : pn_("~"[01;31m[K)[m[K
      |              [01;31m[K^[m[K
In file included from [01m[K/home/jcbynum2/dev-workspace/src/corobot/map_to_jpeg/src/map_to_image_node.cpp:42[m[K:
[01m[K/home/jcbynum2/dev-workspace/src/corobot/map_to_jpeg/include/HectorMapTools.h:49:5:[m[K [01;36m[Knote: [m[Kcandidate: ‘[01m[KHectorMapTools::CoordinateTransformer<ConcreteScalar>::CoordinateTransformer(...) [with ConcreteScalar = float][m[K’
   49 |     [01;36m[KCoordinateTransformer[m[K(const nav_msgs::OccupancyGridConstPtr map)
      |     [01;36m[K^~~~~~~~~~~~~~~~~~~~~[m[K
[01m[K/home/jcbynum2/dev-workspace/src/corobot/map_to_jpeg/include/HectorMapTools.h:44:5:[m[K [01;36m[Knote: [m[Kcandidate: ‘[01m[KHectorMapTools::CoordinateTransformer<ConcreteScalar>::CoordinateTransformer() [with ConcreteScalar = float][m[K’
   44 |     [01;36m[KCoordinateTransformer[m[K()
      |     [01;36m[K^~~~~~~~~~~~~~~~~~~~~[m[K
[01m[K/home/jcbynum2/dev-workspace/src/corobot/map_to_jpeg/src/map_to_image_node.cpp:64:60:[m[K [01;31m[Kerror: [m[K‘[01m[Kn_[m[K’ was not declared in this scope
   64 |     image_transport_ = new image_transport::ImageTransport([01;31m[Kn_[m[K);
      |                                                            [01;31m[K^~[m[K
[01m[K/home/jcbynum2/dev-workspace/src/corobot/map_to_jpeg/src/map_to_image_node.cpp:69:5:[m[K [01;31m[Kerror: [m[K‘[01m[Kpose_sub_[m[K’ was not declared in this scope
   69 |     [01;31m[Kpose_sub_[m[K = n_.subscribe("pose", 1, &MapAsImageProvider::poseCallback, this);
      |     [01;31m[K^~~~~~~~~[m[K
[01m[K/home/jcbynum2/dev-workspace/src/corobot/map_to_jpeg/src/map_to_image_node.cpp:70:5:[m[K [01;31m[Kerror: [m[K‘[01m[Kmap_sub_[m[K’ was not declared in this scope
   70 |     [01;31m[Kmap_sub_[m[K = n_.subscribe("map", 1, &MapAsImageProvider::mapCallback, this);
      |     [01;31m[K^~~~~~~~[m[K
[01m[K/home/jcbynum2/dev-workspace/src/corobot/map_to_jpeg/src/map_to_image_node.cpp:86:5:[m[K [01;31m[Kerror: [m[K‘[01m[KROS_INFO[m[K’ was not declared in this scope
   86 |     [01;31m[KROS_INFO[m[K("Map to Image node started.");
      |     [01;31m[K^~~~~~~~[m[K
[01m[K/home/jcbynum2/dev-workspace/src/corobot/map_to_jpeg/src/map_to_image_node.cpp:[m[K In member function ‘[01m[Kvoid MapAsImageProvider::poseCallback(const int&)[m[K’:
[01m[K/home/jcbynum2/dev-workspace/src/corobot/map_to_jpeg/src/map_to_image_node.cpp:97:5:[m[K [01;31m[Kerror: [m[K‘[01m[Kpose_ptr_[m[K’ was not declared in this scope
   97 |     [01;31m[Kpose_ptr_[m[K = pose;
      |     [01;31m[K^~~~~~~~~[m[K
[01m[K/home/jcbynum2/dev-workspace/src/corobot/map_to_jpeg/src/map_to_image_node.cpp:[m[K In function ‘[01m[Kint main(int, char**)[m[K’:
[01m[K/home/jcbynum2/dev-workspace/src/corobot/map_to_jpeg/src/map_to_image_node.cpp:309:3:[m[K [01;31m[Kerror: [m[K‘[01m[Kros[m[K’ has not been declared
  309 |   [01;31m[Kros[m[K::init(argc, argv, "map_to_image_node");
      |   [01;31m[K^~~[m[K
[01m[K/home/jcbynum2/dev-workspace/src/corobot/map_to_jpeg/src/map_to_image_node.cpp:313:3:[m[K [01;31m[Kerror: [m[K‘[01m[Kros[m[K’ has not been declared
  313 |   [01;31m[Kros[m[K::spin();
      |   [01;31m[K^~~[m[K
make[2]: *** [CMakeFiles/image_to_map_node.dir/build.make:63: CMakeFiles/image_to_map_node.dir/src/image_to_map_node.cpp.o] Error 1
make[1]: *** [CMakeFiles/Makefile2:80: CMakeFiles/image_to_map_node.dir/all] Error 2
make[1]: *** Waiting for unfinished jobs....
make[2]: *** [CMakeFiles/map_to_image_node.dir/build.make:63: CMakeFiles/map_to_image_node.dir/src/map_to_image_node.cpp.o] Error 1
make[1]: *** [CMakeFiles/Makefile2:107: CMakeFiles/map_to_image_node.dir/all] Error 2
make: *** [Makefile:95: all] Error 2
