[0.046s] Invoking command in '/home/jcbynum2/dev-workspace/src/corobot/map_to_jpeg/build/map_to_jpeg': /usr/bin/cmake --build /home/jcbynum2/dev-workspace/src/corobot/map_to_jpeg/build/map_to_jpeg -- -j4 -l4
[0.270s] [35m[1mScanning dependencies of target image_to_map_node[0m
[0.284s] [35m[1mScanning dependencies of target map_to_image_node[0m
[0.417s] [ 25%] [32mBuilding CXX object CMakeFiles/image_to_map_node.dir/src/image_to_map_node.cpp.o[0m
[0.667s] [ 50%] [32mBuilding CXX object CMakeFiles/map_to_image_node.dir/src/map_to_image_node.cpp.o[0m
[0.978s] In file included from [01m[K/home/jcbynum2/dev-workspace/src/corobot/map_to_jpeg/src/image_to_map_node.cpp:38[m[K:
[0.979s] [01m[K/home/jcbynum2/dev-workspace/src/corobot/map_to_jpeg/include/HectorMapTools.h:37:9:[m[K [01;35m[Kwarning: [m[KISO C++11 requires whitespace after the macro name
[0.979s]    37 | #define [01;35m[Knav_msgs[m[K::OccupancyGridConstrPtr nav_msgs::msg::OccupancyGrid*
[0.979s]       |         [01;35m[K^~~~~~~~[m[K
[1.153s] In file included from [01m[K/home/jcbynum2/dev-workspace/src/corobot/map_to_jpeg/src/map_to_image_node.cpp:42[m[K:
[1.153s] [01m[K/home/jcbynum2/dev-workspace/src/corobot/map_to_jpeg/include/HectorMapTools.h:37:9:[m[K [01;35m[Kwarning: [m[KISO C++11 requires whitespace after the macro name
[1.154s]    37 | #define [01;35m[Knav_msgs[m[K::OccupancyGridConstrPtr nav_msgs::msg::OccupancyGrid*
[1.154s]       |         [01;35m[K^~~~~~~~[m[K
[4.364s] In file included from [01m[K/home/jcbynum2/dev-workspace/src/corobot/map_to_jpeg/src/map_to_image_node.cpp:39[m[K:
[4.364s] [01m[K/opt/ros/foxy/include/image_transport/image_transport.h:41:89:[m[K [01;36m[Knote: [m[K#pragma message: Warning: This header is deprecated. Use 'image_transport.hpp' instead
[4.365s]    41 | #pragma message ("Warning: This header is deprecated. Use 'image_transport.hpp' instead"[01;36m[K)[m[K
[4.365s]       |                                                                                         [01;36m[K^[m[K
[4.720s] [01m[K/home/jcbynum2/dev-workspace/src/corobot/map_to_jpeg/include/HectorMapTools.h:37:19:[m[K [01;31m[Kerror: [m[K‘[01m[KOccupancyGridConstrPtr[m[K’ in namespace ‘[01m[K::[m[K’ does not name a type
[4.720s]    37 | #define nav_msgs::[01;31m[KOccupancyGridConstrPtr[m[K nav_msgs::msg::OccupancyGrid*
[4.721s]       |                   [01;31m[K^~~~~~~~~~~~~~~~~~~~~~[m[K
[4.721s] [01m[K/home/jcbynum2/dev-workspace/src/corobot/map_to_jpeg/include/HectorMapTools.h:51:33:[m[K [01;36m[Knote: [m[Kin expansion of macro ‘[01m[Knav_msgs[m[K’
[4.721s]    51 |     CoordinateTransformer(const [01;36m[Knav_msgs[m[K::OccupancyGridConstPtr map)
[4.721s]       |                                 [01;36m[K^~~~~~~~[m[K
[4.721s] [01m[K/home/jcbynum2/dev-workspace/src/corobot/map_to_jpeg/include/HectorMapTools.h:37:70:[m[K [01;31m[Kerror: [m[Kexpected unqualified-id before ‘[01m[K*[m[K’ token
[4.721s]    37 | #define nav_msgs::OccupancyGridConstrPtr nav_msgs::msg::OccupancyGrid[01;31m[K*[m[K
[4.722s]       |                                                                      [01;31m[K^[m[K
[4.722s] [01m[K/home/jcbynum2/dev-workspace/src/corobot/map_to_jpeg/include/HectorMapTools.h:51:33:[m[K [01;36m[Knote: [m[Kin expansion of macro ‘[01m[Knav_msgs[m[K’
[4.722s]    51 |     CoordinateTransformer(const [01;36m[Knav_msgs[m[K::OccupancyGridConstPtr map)
[4.722s]       |                                 [01;36m[K^~~~~~~~[m[K
[4.723s] [01m[K/home/jcbynum2/dev-workspace/src/corobot/map_to_jpeg/include/HectorMapTools.h:37:70:[m[K [01;31m[Kerror: [m[Kexpected ‘[01m[K)[m[K’ before ‘[01m[K*[m[K’ token
[4.723s]    37 | #define nav_msgs::OccupancyGridConstrPtr nav_msgs::msg::OccupancyGrid[01;31m[K*[m[K
[4.723s]       |                                                                      [01;31m[K^[m[K
[4.723s] [01m[K/home/jcbynum2/dev-workspace/src/corobot/map_to_jpeg/include/HectorMapTools.h:51:33:[m[K [01;36m[Knote: [m[Kin expansion of macro ‘[01m[Knav_msgs[m[K’
[4.723s]    51 |     CoordinateTransformer(const [01;36m[Knav_msgs[m[K::OccupancyGridConstPtr map)
[4.724s]       |                                 [01;36m[K^~~~~~~~[m[K
[4.724s] [01m[K/home/jcbynum2/dev-workspace/src/corobot/map_to_jpeg/include/HectorMapTools.h:51:26:[m[K [01;36m[Knote: [m[Kto match this ‘[01m[K([m[K’
[4.724s]    51 |     CoordinateTransformer[01;36m[K([m[Kconst nav_msgs::OccupancyGridConstPtr map)
[4.724s]       |                          [01;36m[K^[m[K
[4.724s] [01m[K/home/jcbynum2/dev-workspace/src/corobot/map_to_jpeg/include/HectorMapTools.h:37:57:[m[K [01;31m[Kerror: [m[Kexpected ‘[01m[K;[m[K’ at end of member declaration
[4.724s]    37 | #define nav_msgs::OccupancyGridConstrPtr nav_msgs::msg::[01;31m[KOccupancyGrid[m[K*
[4.725s]       |                                                         [01;31m[K^~~~~~~~~~~~~[m[K
[4.725s] [01m[K/home/jcbynum2/dev-workspace/src/corobot/map_to_jpeg/include/HectorMapTools.h:51:33:[m[K [01;36m[Knote: [m[Kin expansion of macro ‘[01m[Knav_msgs[m[K’
[4.725s]    51 |     CoordinateTransformer(const [01;36m[Knav_msgs[m[K::OccupancyGridConstPtr map)
[4.725s]       |                                 [01;36m[K^~~~~~~~[m[K
[4.727s] [01m[K/home/jcbynum2/dev-workspace/src/corobot/map_to_jpeg/include/HectorMapTools.h:51:43:[m[K [01;31m[Kerror: [m[KISO C++ forbids declaration of ‘[01m[KOccupancyGridConstPtr[m[K’ with no type [[01;31m[K-fpermissive[m[K]
[4.727s]    51 |     CoordinateTransformer(const nav_msgs::[01;31m[KOccupancyGridConstPtr[m[K map)
[4.727s]       |                                           [01;31m[K^~~~~~~~~~~~~~~~~~~~~[m[K
[4.728s] [01m[K/home/jcbynum2/dev-workspace/src/corobot/map_to_jpeg/include/HectorMapTools.h:51:43:[m[K [01;31m[Kerror: [m[Kinvalid use of ‘[01m[K::[m[K’
[4.728s] [01m[K/home/jcbynum2/dev-workspace/src/corobot/map_to_jpeg/include/HectorMapTools.h:51:43:[m[K [01;31m[Kerror: [m[Kexpected ‘[01m[K;[m[K’ at end of member declaration
[4.728s]    51 |     CoordinateTransformer(const nav_msgs::[01;31m[KOccupancyGridConstPtr[m[K map)
[4.729s]       |                                           [01;31m[K^~~~~~~~~~~~~~~~~~~~~[m[K
[4.734s]       |                                                                [32m[K;[m[K
[4.734s] [01m[K/home/jcbynum2/dev-workspace/src/corobot/map_to_jpeg/include/HectorMapTools.h:51:65:[m[K [01;31m[Kerror: [m[K‘[01m[Kmap[m[K’ does not name a type
[4.735s]    51 |     CoordinateTransformer(const nav_msgs::OccupancyGridConstPtr [01;31m[Kmap[m[K)
[4.735s]       |                                                                 [01;31m[K^~~[m[K
[4.735s] [01m[K/home/jcbynum2/dev-workspace/src/corobot/map_to_jpeg/include/HectorMapTools.h:37:19:[m[K [01;31m[Kerror: [m[K‘[01m[KOccupancyGridConstrPtr[m[K’ in namespace ‘[01m[K::[m[K’ does not name a type
[4.736s]    37 | #define nav_msgs::[01;31m[KOccupancyGridConstrPtr[m[K nav_msgs::msg::OccupancyGrid*
[4.736s]       |                   [01;31m[K^~~~~~~~~~~~~~~~~~~~~~[m[K
[4.736s] [01m[K/home/jcbynum2/dev-workspace/src/corobot/map_to_jpeg/include/HectorMapTools.h:57:30:[m[K [01;36m[Knote: [m[Kin expansion of macro ‘[01m[Knav_msgs[m[K’
[4.737s]    57 |     void setTransforms(const [01;36m[Knav_msgs[m[K::OccupancyGrid& map)
[4.737s]       |                              [01;36m[K^~~~~~~~[m[K
[4.738s] [01m[K/home/jcbynum2/dev-workspace/src/corobot/map_to_jpeg/include/HectorMapTools.h:37:70:[m[K [01;31m[Kerror: [m[Kexpected unqualified-id before ‘[01m[K*[m[K’ token
[4.738s]    37 | #define nav_msgs::OccupancyGridConstrPtr nav_msgs::msg::OccupancyGrid[01;31m[K*[m[K
[4.739s]       |                                                                      [01;31m[K^[m[K
[4.739s] [01m[K/home/jcbynum2/dev-workspace/src/corobot/map_to_jpeg/include/HectorMapTools.h:57:30:[m[K [01;36m[Knote: [m[Kin expansion of macro ‘[01m[Knav_msgs[m[K’
[4.739s]    57 |     void setTransforms(const [01;36m[Knav_msgs[m[K::OccupancyGrid& map)
[4.740s]       |                              [01;36m[K^~~~~~~~[m[K
[4.740s] [01m[K/home/jcbynum2/dev-workspace/src/corobot/map_to_jpeg/include/HectorMapTools.h:37:70:[m[K [01;31m[Kerror: [m[Kexpected ‘[01m[K)[m[K’ before ‘[01m[K*[m[K’ token
[4.741s]    37 | #define nav_msgs::OccupancyGridConstrPtr nav_msgs::msg::OccupancyGrid[01;31m[K*[m[K
[4.741s]       |                                                                      [01;31m[K^[m[K
[4.741s] [01m[K/home/jcbynum2/dev-workspace/src/corobot/map_to_jpeg/include/HectorMapTools.h:57:30:[m[K [01;36m[Knote: [m[Kin expansion of macro ‘[01m[Knav_msgs[m[K’
[4.742s]    57 |     void setTransforms(const [01;36m[Knav_msgs[m[K::OccupancyGrid& map)
[4.742s]       |                              [01;36m[K^~~~~~~~[m[K
[4.742s] [01m[K/home/jcbynum2/dev-workspace/src/corobot/map_to_jpeg/include/HectorMapTools.h:57:23:[m[K [01;36m[Knote: [m[Kto match this ‘[01m[K([m[K’
[4.743s]    57 |     void setTransforms[01;36m[K([m[Kconst nav_msgs::OccupancyGrid& map)
[4.743s]       |                       [01;36m[K^[m[K
[4.743s] [01m[K/home/jcbynum2/dev-workspace/src/corobot/map_to_jpeg/include/HectorMapTools.h:37:57:[m[K [01;31m[Kerror: [m[Kexpected ‘[01m[K;[m[K’ at end of member declaration
[4.744s]    37 | #define nav_msgs::OccupancyGridConstrPtr nav_msgs::msg::[01;31m[KOccupancyGrid[m[K*
[4.744s]       |                                                         [01;31m[K^~~~~~~~~~~~~[m[K
[4.745s] [01m[K/home/jcbynum2/dev-workspace/src/corobot/map_to_jpeg/include/HectorMapTools.h:57:30:[m[K [01;36m[Knote: [m[Kin expansion of macro ‘[01m[Knav_msgs[m[K’
[4.745s]    57 |     void setTransforms(const [01;36m[Knav_msgs[m[K::OccupancyGrid& map)
[4.745s]       |                              [01;36m[K^~~~~~~~[m[K
[4.746s] [01m[K/home/jcbynum2/dev-workspace/src/corobot/map_to_jpeg/include/HectorMapTools.h:57:40:[m[K [01;31m[Kerror: [m[KISO C++ forbids declaration of ‘[01m[KOccupancyGrid[m[K’ with no type [[01;31m[K-fpermissive[m[K]
[4.746s]    57 |     void setTransforms(const nav_msgs::[01;31m[KOccupancyGrid[m[K& map)
[4.746s]       |                                        [01;31m[K^~~~~~~~~~~~~[m[K
[4.747s] [01m[K/home/jcbynum2/dev-workspace/src/corobot/map_to_jpeg/include/HectorMapTools.h:57:40:[m[K [01;31m[Kerror: [m[Kinvalid use of ‘[01m[K::[m[K’
[4.747s] [01m[K/home/jcbynum2/dev-workspace/src/corobot/map_to_jpeg/include/HectorMapTools.h:57:40:[m[K [01;31m[Kerror: [m[Kexpected ‘[01m[K;[m[K’ at end of member declaration
[4.747s]    57 |     void setTransforms(const nav_msgs::[01;31m[KOccupancyGrid[m[K& map)
[4.748s]       |                                        [01;31m[K^~~~~~~~~~~~~[m[K
[4.748s]       |                                                     [32m[K;[m[K
[4.748s] [01m[K/home/jcbynum2/dev-workspace/src/corobot/map_to_jpeg/include/HectorMapTools.h:57:55:[m[K [01;31m[Kerror: [m[KISO C++ forbids declaration of ‘[01m[Kmap[m[K’ with no type [[01;31m[K-fpermissive[m[K]
[4.749s]    57 |     void setTransforms(const nav_msgs::OccupancyGrid& [01;31m[Kmap[m[K)
[4.749s]       |                                                       [01;31m[K^~~[m[K
[4.750s] [01m[K/home/jcbynum2/dev-workspace/src/corobot/map_to_jpeg/include/HectorMapTools.h:57:55:[m[K [01;31m[Kerror: [m[Kexpected ‘[01m[K;[m[K’ at end of member declaration
[4.750s]    57 |     void setTransforms(const nav_msgs::OccupancyGrid& [01;31m[Kmap[m[K)
[4.750s]       |                                                       [01;31m[K^~~[m[K
[4.751s]       |                                                          [32m[K;[m[K
[4.751s] [01m[K/home/jcbynum2/dev-workspace/src/corobot/map_to_jpeg/include/HectorMapTools.h:57:58:[m[K [01;31m[Kerror: [m[Kexpected unqualified-id before ‘[01m[K)[m[K’ token
[4.751s]    57 |     void setTransforms(const nav_msgs::OccupancyGrid& map[01;31m[K)[m[K
[4.752s]       |                                                          [01;31m[K^[m[K
[4.752s] [01m[K/home/jcbynum2/dev-workspace/src/corobot/map_to_jpeg/include/HectorMapTools.h:37:19:[m[K [01;31m[Kerror: [m[K‘[01m[KOccupancyGridConstrPtr[m[K’ in namespace ‘[01m[K::[m[K’ does not name a type
[4.752s]    37 | #define nav_msgs::[01;31m[KOccupancyGridConstrPtr[m[K nav_msgs::msg::OccupancyGrid*
[4.753s]       |                   [01;31m[K^~~~~~~~~~~~~~~~~~~~~~[m[K
[4.753s] [01m[K/home/jcbynum2/dev-workspace/src/corobot/map_to_jpeg/include/HectorMapTools.h:62:30:[m[K [01;36m[Knote: [m[Kin expansion of macro ‘[01m[Knav_msgs[m[K’
[4.753s]    62 |     void setTransforms(const [01;36m[Knav_msgs[m[K::MapMetaData& meta)
[4.754s]       |                              [01;36m[K^~~~~~~~[m[K
[4.754s] [01m[K/home/jcbynum2/dev-workspace/src/corobot/map_to_jpeg/include/HectorMapTools.h:37:70:[m[K [01;31m[Kerror: [m[Kexpected unqualified-id before ‘[01m[K*[m[K’ token
[4.755s]    37 | #define nav_msgs::OccupancyGridConstrPtr nav_msgs::msg::OccupancyGrid[01;31m[K*[m[K
[4.759s]       |                                                                      [01;31m[K^[m[K
[4.759s] [01m[K/home/jcbynum2/dev-workspace/src/corobot/map_to_jpeg/include/HectorMapTools.h:62:30:[m[K [01;36m[Knote: [m[Kin expansion of macro ‘[01m[Knav_msgs[m[K’
[4.760s]    62 |     void setTransforms(const [01;36m[Knav_msgs[m[K::MapMetaData& meta)
[4.760s]       |                              [01;36m[K^~~~~~~~[m[K
[4.761s] [01m[K/home/jcbynum2/dev-workspace/src/corobot/map_to_jpeg/include/HectorMapTools.h:37:70:[m[K [01;31m[Kerror: [m[Kexpected ‘[01m[K)[m[K’ before ‘[01m[K*[m[K’ token
[4.762s]    37 | #define nav_msgs::OccupancyGridConstrPtr nav_msgs::msg::OccupancyGrid[01;31m[K*[m[K
[4.763s]       |                                                                      [01;31m[K^[m[K
[4.763s] [01m[K/home/jcbynum2/dev-workspace/src/corobot/map_to_jpeg/include/HectorMapTools.h:62:30:[m[K [01;36m[Knote: [m[Kin expansion of macro ‘[01m[Knav_msgs[m[K’
[4.763s]    62 |     void setTransforms(const [01;36m[Knav_msgs[m[K::MapMetaData& meta)
[4.764s]       |                              [01;36m[K^~~~~~~~[m[K
[4.764s] [01m[K/home/jcbynum2/dev-workspace/src/corobot/map_to_jpeg/include/HectorMapTools.h:62:23:[m[K [01;36m[Knote: [m[Kto match this ‘[01m[K([m[K’
[4.767s]    62 |     void setTransforms[01;36m[K([m[Kconst nav_msgs::MapMetaData& meta)
[4.767s]       |                       [01;36m[K^[m[K
[4.768s] [01m[K/home/jcbynum2/dev-workspace/src/corobot/map_to_jpeg/include/HectorMapTools.h:37:57:[m[K [01;31m[Kerror: [m[Kexpected ‘[01m[K;[m[K’ at end of member declaration
[4.768s]    37 | #define nav_msgs::OccupancyGridConstrPtr nav_msgs::msg::[01;31m[KOccupancyGrid[m[K*
[4.769s]       |                                                         [01;31m[K^~~~~~~~~~~~~[m[K
[4.769s] [01m[K/home/jcbynum2/dev-workspace/src/corobot/map_to_jpeg/include/HectorMapTools.h:62:30:[m[K [01;36m[Knote: [m[Kin expansion of macro ‘[01m[Knav_msgs[m[K’
[4.769s]    62 |     void setTransforms(const [01;36m[Knav_msgs[m[K::MapMetaData& meta)
[4.770s]       |                              [01;36m[K^~~~~~~~[m[K
[4.770s] [01m[K/home/jcbynum2/dev-workspace/src/corobot/map_to_jpeg/include/HectorMapTools.h:62:10:[m[K [01;31m[Kerror: [m[K‘[01m[Kvoid HectorMapTools::CoordinateTransformer<ConcreteScalar>::setTransforms(...)[m[K’ cannot be overloaded with ‘[01m[Kvoid HectorMapTools::CoordinateTransformer<ConcreteScalar>::setTransforms(...)[m[K’
[4.770s]    62 |     void [01;31m[KsetTransforms[m[K(const nav_msgs::MapMetaData& meta)
[4.771s]       |          [01;31m[K^~~~~~~~~~~~~[m[K
[4.771s] [01m[K/home/jcbynum2/dev-workspace/src/corobot/map_to_jpeg/include/HectorMapTools.h:57:10:[m[K [01;36m[Knote: [m[Kprevious declaration ‘[01m[Kvoid HectorMapTools::CoordinateTransformer<ConcreteScalar>::setTransforms(...)[m[K’
[4.772s]    57 |     void [01;36m[KsetTransforms[m[K(const nav_msgs::OccupancyGrid& map)
[4.772s]       |          [01;36m[K^~~~~~~~~~~~~[m[K
[4.772s] [01m[K/home/jcbynum2/dev-workspace/src/corobot/map_to_jpeg/include/HectorMapTools.h:62:40:[m[K [01;31m[Kerror: [m[KISO C++ forbids declaration of ‘[01m[KMapMetaData[m[K’ with no type [[01;31m[K-fpermissive[m[K]
[4.773s]    62 |     void setTransforms(const nav_msgs::[01;31m[KMapMetaData[m[K& meta)
[4.773s]       |                                        [01;31m[K^~~~~~~~~~~[m[K
[4.773s] [01m[K/home/jcbynum2/dev-workspace/src/corobot/map_to_jpeg/include/HectorMapTools.h:62:40:[m[K [01;31m[Kerror: [m[Kinvalid use of ‘[01m[K::[m[K’
[4.774s] [01m[K/home/jcbynum2/dev-workspace/src/corobot/map_to_jpeg/include/HectorMapTools.h:62:40:[m[K [01;31m[Kerror: [m[Kexpected ‘[01m[K;[m[K’ at end of member declaration
[4.775s]    62 |     void setTransforms(const nav_msgs::[01;31m[KMapMetaData[m[K& meta)
[4.776s]       |                                        [01;31m[K^~~~~~~~~~~[m[K
[4.776s]       |                                                   [32m[K;[m[K
[4.777s] [01m[K/home/jcbynum2/dev-workspace/src/corobot/map_to_jpeg/include/HectorMapTools.h:62:53:[m[K [01;31m[Kerror: [m[KISO C++ forbids declaration of ‘[01m[Kmeta[m[K’ with no type [[01;31m[K-fpermissive[m[K]
[4.777s]    62 |     void setTransforms(const nav_msgs::MapMetaData& [01;31m[Kmeta[m[K)
[4.777s]       |                                                     [01;31m[K^~~~[m[K
[4.778s] [01m[K/home/jcbynum2/dev-workspace/src/corobot/map_to_jpeg/include/HectorMapTools.h:62:53:[m[K [01;31m[Kerror: [m[Kexpected ‘[01m[K;[m[K’ at end of member declaration
[4.778s]    62 |     void setTransforms(const nav_msgs::MapMetaData& [01;31m[Kmeta[m[K)
[4.779s]       |                                                     [01;31m[K^~~~[m[K
[4.779s]       |                                                         [32m[K;[m[K
[4.779s] [01m[K/home/jcbynum2/dev-workspace/src/corobot/map_to_jpeg/include/HectorMapTools.h:62:57:[m[K [01;31m[Kerror: [m[Kexpected unqualified-id before ‘[01m[K)[m[K’ token
[4.780s]    62 |     void setTransforms(const nav_msgs::MapMetaData& meta[01;31m[K)[m[K
[4.780s]       |                                                         [01;31m[K^[m[K
[4.780s] [01m[K/home/jcbynum2/dev-workspace/src/corobot/map_to_jpeg/include/HectorMapTools.h:37:19:[m[K [01;31m[Kerror: [m[K‘[01m[KOccupancyGridConstrPtr[m[K’ in namespace ‘[01m[K::[m[K’ does not name a type
[4.781s]    37 | #define nav_msgs::[01;31m[KOccupancyGridConstrPtr[m[K nav_msgs::msg::OccupancyGrid*
[4.781s]       |                   [01;31m[K^~~~~~~~~~~~~~~~~~~~~~[m[K
[4.781s] [01m[K/home/jcbynum2/dev-workspace/src/corobot/map_to_jpeg/include/HectorMapTools.h:128:23:[m[K [01;36m[Knote: [m[Kin expansion of macro ‘[01m[Knav_msgs[m[K’
[4.782s]   128 |     void setMap(const [01;36m[Knav_msgs[m[K::OccupancyGridConstPtr map)
[4.782s]       |                       [01;36m[K^~~~~~~~[m[K
[4.782s] [01m[K/home/jcbynum2/dev-workspace/src/corobot/map_to_jpeg/include/HectorMapTools.h:37:70:[m[K [01;31m[Kerror: [m[Kexpected unqualified-id before ‘[01m[K*[m[K’ token
[4.783s]    37 | #define nav_msgs::OccupancyGridConstrPtr nav_msgs::msg::OccupancyGrid[01;31m[K*[m[K
[4.783s]       |                                                                      [01;31m[K^[m[K
[4.788s] [01m[K/home/jcbynum2/dev-workspace/src/corobot/map_to_jpeg/include/HectorMapTools.h:128:23:[m[K [01;36m[Knote: [m[Kin expansion of macro ‘[01m[Knav_msgs[m[K’
[4.788s]   128 |     void setMap(const [01;36m[Knav_msgs[m[K::OccupancyGridConstPtr map)
[4.788s]       |                       [01;36m[K^~~~~~~~[m[K
[4.789s] [01m[K/home/jcbynum2/dev-workspace/src/corobot/map_to_jpeg/include/HectorMapTools.h:37:70:[m[K [01;31m[Kerror: [m[Kexpected ‘[01m[K)[m[K’ before ‘[01m[K*[m[K’ token
[4.789s]    37 | #define nav_msgs::OccupancyGridConstrPtr nav_msgs::msg::OccupancyGrid[01;31m[K*[m[K
[4.790s]       |                                                                      [01;31m[K^[m[K
[4.790s] [01m[K/home/jcbynum2/dev-workspace/src/corobot/map_to_jpeg/include/HectorMapTools.h:128:23:[m[K [01;36m[Knote: [m[Kin expansion of macro ‘[01m[Knav_msgs[m[K’
[4.791s]   128 |     void setMap(const [01;36m[Knav_msgs[m[K::OccupancyGridConstPtr map)
[4.791s]       |                       [01;36m[K^~~~~~~~[m[K
[4.791s] In file included from [01m[K/home/jcbynum2/dev-workspace/src/corobot/map_to_jpeg/src/image_to_map_node.cpp:38[m[K:
[4.792s] [01m[K/home/jcbynum2/dev-workspace/src/corobot/map_to_jpeg/include/HectorMapTools.h:128:16:[m[K [01;36m[Knote: [m[Kto match this ‘[01m[K([m[K’
[4.792s]   128 |     void setMap[01;36m[K([m[Kconst nav_msgs::OccupancyGridConstPtr map)
[4.792s]       |                [01;36m[K^[m[K
[4.793s] In file included from [01m[K/home/jcbynum2/dev-workspace/src/corobot/map_to_jpeg/src/image_to_map_node.cpp:38[m[K:
[4.793s] [01m[K/home/jcbynum2/dev-workspace/src/corobot/map_to_jpeg/include/HectorMapTools.h:37:57:[m[K [01;31m[Kerror: [m[Kexpected ‘[01m[K;[m[K’ at end of member declaration
[4.793s]    37 | #define nav_msgs::OccupancyGridConstrPtr nav_msgs::msg::[01;31m[KOccupancyGrid[m[K*
[4.794s]       |                                                         [01;31m[K^~~~~~~~~~~~~[m[K
[4.794s] [01m[K/home/jcbynum2/dev-workspace/src/corobot/map_to_jpeg/include/HectorMapTools.h:128:23:[m[K [01;36m[Knote: [m[Kin expansion of macro ‘[01m[Knav_msgs[m[K’
[4.795s]   128 |     void setMap(const [01;36m[Knav_msgs[m[K::OccupancyGridConstPtr map)
[4.795s]       |                       [01;36m[K^~~~~~~~[m[K
[4.795s] In file included from [01m[K/home/jcbynum2/dev-workspace/src/corobot/map_to_jpeg/src/image_to_map_node.cpp:38[m[K:
[4.796s] [01m[K/home/jcbynum2/dev-workspace/src/corobot/map_to_jpeg/include/HectorMapTools.h:128:33:[m[K [01;31m[Kerror: [m[KISO C++ forbids declaration of ‘[01m[KOccupancyGridConstPtr[m[K’ with no type [[01;31m[K-fpermissive[m[K]
[4.796s]   128 |     void setMap(const nav_msgs::[01;31m[KOccupancyGridConstPtr[m[K map)
[4.796s]       |                                 [01;31m[K^~~~~~~~~~~~~~~~~~~~~[m[K
[4.797s] [01m[K/home/jcbynum2/dev-workspace/src/corobot/map_to_jpeg/include/HectorMapTools.h:128:33:[m[K [01;31m[Kerror: [m[Kinvalid use of ‘[01m[K::[m[K’
[4.797s] [01m[K/home/jcbynum2/dev-workspace/src/corobot/map_to_jpeg/include/HectorMapTools.h:128:33:[m[K [01;31m[Kerror: [m[Kexpected ‘[01m[K;[m[K’ at end of member declaration
[4.797s]   128 |     void setMap(const nav_msgs::[01;31m[KOccupancyGridConstPtr[m[K map)
[4.798s]       |                                 [01;31m[K^~~~~~~~~~~~~~~~~~~~~[m[K
[4.798s]       |                                                      [32m[K;[m[K
[4.798s] [01m[K/home/jcbynum2/dev-workspace/src/corobot/map_to_jpeg/include/HectorMapTools.h:128:55:[m[K [01;31m[Kerror: [m[K‘[01m[Kmap[m[K’ does not name a type
[4.799s]   128 |     void setMap(const nav_msgs::OccupancyGridConstPtr [01;31m[Kmap[m[K)
[4.799s]       |                                                       [01;31m[K^~~[m[K
[4.800s] In file included from [01m[K/home/jcbynum2/dev-workspace/src/corobot/map_to_jpeg/src/image_to_map_node.cpp:38[m[K:
[4.800s] [01m[K/home/jcbynum2/dev-workspace/src/corobot/map_to_jpeg/include/HectorMapTools.h:37:19:[m[K [01;31m[Kerror: [m[K‘[01m[KOccupancyGridConstrPtr[m[K’ in namespace ‘[01m[K::[m[K’ does not name a type
[4.800s]    37 | #define nav_msgs::[01;31m[KOccupancyGridConstrPtr[m[K nav_msgs::msg::OccupancyGrid*
[4.801s]       |                   [01;31m[K^~~~~~~~~~~~~~~~~~~~~~[m[K
[4.802s] [01m[K/home/jcbynum2/dev-workspace/src/corobot/map_to_jpeg/include/HectorMapTools.h:238:5:[m[K [01;36m[Knote: [m[Kin expansion of macro ‘[01m[Knav_msgs[m[K’
[4.806s]   238 |     [01;36m[Knav_msgs[m[K::OccupancyGridConstPtr map_ptr_;
[4.808s]       |     [01;36m[K^~~~~~~~[m[K
[4.808s] [01m[K/home/jcbynum2/dev-workspace/src/corobot/map_to_jpeg/include/HectorMapTools.h:37:19:[m[K [01;31m[Kerror: [m[K‘[01m[KOccupancyGridConstrPtr[m[K’ in namespace ‘[01m[K::[m[K’ does not name a type
[4.813s]    37 | #define nav_msgs::[01;31m[KOccupancyGridConstrPtr[m[K nav_msgs::msg::OccupancyGrid*
[4.814s]       |                   [01;31m[K^~~~~~~~~~~~~~~~~~~~~~[m[K
[4.814s] [01m[K/home/jcbynum2/dev-workspace/src/corobot/map_to_jpeg/include/HectorMapTools.h:243:35:[m[K [01;36m[Knote: [m[Kin expansion of macro ‘[01m[Knav_msgs[m[K’
[4.815s]   243 |   static bool getMapExtends(const [01;36m[Knav_msgs[m[K::OccupancyGrid& map, Eigen::Vector2i& topLeft, Eigen::Vector2i& bottomRight)
[4.815s]       |                                   [01;36m[K^~~~~~~~[m[K
[4.816s] [01m[K/home/jcbynum2/dev-workspace/src/corobot/map_to_jpeg/include/HectorMapTools.h:37:70:[m[K [01;31m[Kerror: [m[Kexpected unqualified-id before ‘[01m[K*[m[K’ token
[4.816s]    37 | #define nav_msgs::OccupancyGridConstrPtr nav_msgs::msg::OccupancyGrid[01;31m[K*[m[K
[4.817s]       |                                                                      [01;31m[K^[m[K
[4.817s] [01m[K/home/jcbynum2/dev-workspace/src/corobot/map_to_jpeg/include/HectorMapTools.h:243:35:[m[K [01;36m[Knote: [m[Kin expansion of macro ‘[01m[Knav_msgs[m[K’
[4.818s]   243 |   static bool getMapExtends(const [01;36m[Knav_msgs[m[K::OccupancyGrid& map, Eigen::Vector2i& topLeft, Eigen::Vector2i& bottomRight)
[4.818s]       |                                   [01;36m[K^~~~~~~~[m[K
[4.818s] [01m[K/home/jcbynum2/dev-workspace/src/corobot/map_to_jpeg/include/HectorMapTools.h:37:70:[m[K [01;31m[Kerror: [m[Kexpected ‘[01m[K)[m[K’ before ‘[01m[K*[m[K’ token
[4.821s]    37 | #define nav_msgs::OccupancyGridConstrPtr nav_msgs::msg::OccupancyGrid[01;31m[K*[m[K
[4.821s]       |                                                                      [01;31m[K^[m[K
[4.825s] [01m[K/home/jcbynum2/dev-workspace/src/corobot/map_to_jpeg/include/HectorMapTools.h:243:35:[m[K [01;36m[Knote: [m[Kin expansion of macro ‘[01m[Knav_msgs[m[K’
[4.825s]   243 |   static bool getMapExtends(const [01;36m[Knav_msgs[m[K::OccupancyGrid& map, Eigen::Vector2i& topLeft, Eigen::Vector2i& bottomRight)
[4.825s]       |                                   [01;36m[K^~~~~~~~[m[K
[4.826s] In file included from [01m[K/home/jcbynum2/dev-workspace/src/corobot/map_to_jpeg/src/image_to_map_node.cpp:38[m[K:
[4.826s] [01m[K/home/jcbynum2/dev-workspace/src/corobot/map_to_jpeg/include/HectorMapTools.h:243:28:[m[K [01;36m[Knote: [m[Kto match this ‘[01m[K([m[K’
[4.826s]   243 |   static bool getMapExtends[01;36m[K([m[Kconst nav_msgs::OccupancyGrid& map, Eigen::Vector2i& topLeft, Eigen::Vector2i& bottomRight)
[4.827s]       |                            [01;36m[K^[m[K
[4.827s] In file included from [01m[K/home/jcbynum2/dev-workspace/src/corobot/map_to_jpeg/src/image_to_map_node.cpp:38[m[K:
[4.827s] [01m[K/home/jcbynum2/dev-workspace/src/corobot/map_to_jpeg/include/HectorMapTools.h:37:57:[m[K [01;31m[Kerror: [m[Kexpected ‘[01m[K;[m[K’ at end of member declaration
[4.828s]    37 | #define nav_msgs::OccupancyGridConstrPtr nav_msgs::msg::[01;31m[KOccupancyGrid[m[K*
[4.828s]       |                                                         [01;31m[K^~~~~~~~~~~~~[m[K
[4.829s] [01m[K/home/jcbynum2/dev-workspace/src/corobot/map_to_jpeg/include/HectorMapTools.h:243:35:[m[K [01;36m[Knote: [m[Kin expansion of macro ‘[01m[Knav_msgs[m[K’
[4.829s]   243 |   static bool getMapExtends(const [01;36m[Knav_msgs[m[K::OccupancyGrid& map, Eigen::Vector2i& topLeft, Eigen::Vector2i& bottomRight)
[4.829s]       |                                   [01;36m[K^~~~~~~~[m[K
[4.830s] In file included from [01m[K/home/jcbynum2/dev-workspace/src/corobot/map_to_jpeg/src/image_to_map_node.cpp:38[m[K:
[4.830s] [01m[K/home/jcbynum2/dev-workspace/src/corobot/map_to_jpeg/include/HectorMapTools.h:243:45:[m[K [01;31m[Kerror: [m[KISO C++ forbids declaration of ‘[01m[KOccupancyGrid[m[K’ with no type [[01;31m[K-fpermissive[m[K]
[4.830s]   243 |   static bool getMapExtends(const nav_msgs::[01;31m[KOccupancyGrid[m[K& map, Eigen::Vector2i& topLeft, Eigen::Vector2i& bottomRight)
[4.831s]       |                                             [01;31m[K^~~~~~~~~~~~~[m[K
[4.831s] [01m[K/home/jcbynum2/dev-workspace/src/corobot/map_to_jpeg/include/HectorMapTools.h:243:45:[m[K [01;31m[Kerror: [m[Kinvalid use of ‘[01m[K::[m[K’
[4.832s] [01m[K/home/jcbynum2/dev-workspace/src/corobot/map_to_jpeg/include/HectorMapTools.h:243:45:[m[K [01;31m[Kerror: [m[Kexpected ‘[01m[K;[m[K’ at end of member declaration
[4.833s]   243 |   static bool getMapExtends(const nav_msgs::[01;31m[KOccupancyGrid[m[K& map, Eigen::Vector2i& topLeft, Eigen::Vector2i& bottomRight)
[4.833s]       |                                             [01;31m[K^~~~~~~~~~~~~[m[K
[4.834s]       |                                                          [32m[K;[m[K
[4.835s] [01m[K/home/jcbynum2/dev-workspace/src/corobot/map_to_jpeg/include/HectorMapTools.h:243:60:[m[K [01;31m[Kerror: [m[KISO C++ forbids declaration of ‘[01m[Kmap[m[K’ with no type [[01;31m[K-fpermissive[m[K]
[4.835s]   243 |   static bool getMapExtends(const nav_msgs::OccupancyGrid& [01;31m[Kmap[m[K, Eigen::Vector2i& topLeft, Eigen::Vector2i& bottomRight)
[4.836s]       |                                                            [01;31m[K^~~[m[K
[4.836s] [01m[K/home/jcbynum2/dev-workspace/src/corobot/map_to_jpeg/include/HectorMapTools.h:243:72:[m[K [01;31m[Kerror: [m[KISO C++ forbids declaration of ‘[01m[KVector2i[m[K’ with no type [[01;31m[K-fpermissive[m[K]
[4.837s]   243 |   static bool getMapExtends(const nav_msgs::OccupancyGrid& map, Eigen::[01;31m[KVector2i[m[K& topLeft, Eigen::Vector2i& bottomRight)
[4.837s]       |                                                                        [01;31m[K^~~~~~~~[m[K
[4.837s] [01m[K/home/jcbynum2/dev-workspace/src/corobot/map_to_jpeg/include/HectorMapTools.h:243:72:[m[K [01;31m[Kerror: [m[Kinvalid use of ‘[01m[K::[m[K’
[4.838s] [01m[K/home/jcbynum2/dev-workspace/src/corobot/map_to_jpeg/include/HectorMapTools.h:243:72:[m[K [01;31m[Kerror: [m[Kexpected ‘[01m[K;[m[K’ at end of member declaration
[4.838s]   243 |   static bool getMapExtends(const nav_msgs::OccupancyGrid& map, Eigen::[01;31m[KVector2i[m[K& topLeft, Eigen::Vector2i& bottomRight)
[4.839s]       |                                                                        [01;31m[K^~~~~~~~[m[K
[4.839s]       |                                                                                [32m[K;[m[K
[4.840s] [01m[K/home/jcbynum2/dev-workspace/src/corobot/map_to_jpeg/include/HectorMapTools.h:243:82:[m[K [01;31m[Kerror: [m[KISO C++ forbids declaration of ‘[01m[KtopLeft[m[K’ with no type [[01;31m[K-fpermissive[m[K]
[4.840s]   243 |   static bool getMapExtends(const nav_msgs::OccupancyGrid& map, Eigen::Vector2i& [01;31m[KtopLeft[m[K, Eigen::Vector2i& bottomRight)
[4.840s]       |                                                                                  [01;31m[K^~~~~~~[m[K
[4.841s] [01m[K/home/jcbynum2/dev-workspace/src/corobot/map_to_jpeg/include/HectorMapTools.h:243:98:[m[K [01;31m[Kerror: [m[KISO C++ forbids declaration of ‘[01m[KVector2i[m[K’ with no type [[01;31m[K-fpermissive[m[K]
[4.841s]   243 |   static bool getMapExtends(const nav_msgs::OccupancyGrid& map, Eigen::Vector2i& topLeft, Eigen::[01;31m[KVector2i[m[K& bottomRight)
[4.841s]       |                                                                                                  [01;31m[K^~~~~~~~[m[K
[4.842s] [01m[K/home/jcbynum2/dev-workspace/src/corobot/map_to_jpeg/include/HectorMapTools.h:243:98:[m[K [01;31m[Kerror: [m[Kinvalid use of ‘[01m[K::[m[K’
[4.842s] [01m[K/home/jcbynum2/dev-workspace/src/corobot/map_to_jpeg/include/HectorMapTools.h:243:98:[m[K [01;31m[Kerror: [m[Kexpected ‘[01m[K;[m[K’ at end of member declaration
[4.843s]   243 |   static bool getMapExtends(const nav_msgs::OccupancyGrid& map, Eigen::Vector2i& topLeft, Eigen::[01;31m[KVector2i[m[K& bottomRight)
[4.843s]       |                                                                                                  [01;31m[K^~~~~~~~[m[K
[4.843s]       |                                                                                                          [32m[K;[m[K
[4.844s] [01m[K/home/jcbynum2/dev-workspace/src/corobot/map_to_jpeg/include/HectorMapTools.h:243:108:[m[K [01;31m[Kerror: [m[KISO C++ forbids declaration of ‘[01m[KbottomRight[m[K’ with no type [[01;31m[K-fpermissive[m[K]
[4.844s]   243 |   static bool getMapExtends(const nav_msgs::OccupancyGrid& map, Eigen::Vector2i& topLeft, Eigen::Vector2i& [01;31m[KbottomRight[m[K)
[4.844s]       |                                                                                                            [01;31m[K^~~~~~~~~~~[m[K
[4.845s] [01m[K/home/jcbynum2/dev-workspace/src/corobot/map_to_jpeg/include/HectorMapTools.h:243:108:[m[K [01;31m[Kerror: [m[Kexpected ‘[01m[K;[m[K’ at end of member declaration
[4.849s]   243 |   static bool getMapExtends(const nav_msgs::OccupancyGrid& map, Eigen::Vector2i& topLeft, Eigen::Vector2i& [01;31m[KbottomRight[m[K)
[4.849s]       |                                                                                                            [01;31m[K^~~~~~~~~~~[m[K
[4.850s]       |                                                                                                                       [32m[K;[m[K
[4.850s] [01m[K/home/jcbynum2/dev-workspace/src/corobot/map_to_jpeg/include/HectorMapTools.h:243:119:[m[K [01;31m[Kerror: [m[Kexpected unqualified-id before ‘[01m[K)[m[K’ token
[4.850s]   243 |   static bool getMapExtends(const nav_msgs::OccupancyGrid& map, Eigen::Vector2i& topLeft, Eigen::Vector2i& bottomRight[01;31m[K)[m[K
[4.851s]       |                                                                                                                       [01;31m[K^[m[K
[4.851s] [01m[K/home/jcbynum2/dev-workspace/src/corobot/map_to_jpeg/include/HectorMapTools.h:[m[K In constructor ‘[01m[KHectorMapTools::DistanceMeasurementProvider::DistanceMeasurementProvider()[m[K’:
[4.852s] [01m[K/home/jcbynum2/dev-workspace/src/corobot/map_to_jpeg/include/HectorMapTools.h:124:5:[m[K [01;31m[Kerror: [m[Kcall of overloaded ‘[01m[KCoordinateTransformer()[m[K’ is ambiguous
[4.852s]   124 |     [01;31m[K{[m[K
[4.852s]       |     [01;31m[K^[m[K
[4.853s] In file included from [01m[K/home/jcbynum2/dev-workspace/src/corobot/map_to_jpeg/src/image_to_map_node.cpp:38[m[K:
[4.853s] [01m[K/home/jcbynum2/dev-workspace/src/corobot/map_to_jpeg/include/HectorMapTools.h:51:5:[m[K [01;36m[Knote: [m[Kcandidate: ‘[01m[KHectorMapTools::CoordinateTransformer<ConcreteScalar>::CoordinateTransformer(...) [with ConcreteScalar = float][m[K’
[4.854s]    51 |     [01;36m[KCoordinateTransformer[m[K(const nav_msgs::OccupancyGridConstPtr map)
[4.854s]       |     [01;36m[K^~~~~~~~~~~~~~~~~~~~~[m[K
[4.855s] [01m[K/home/jcbynum2/dev-workspace/src/corobot/map_to_jpeg/include/HectorMapTools.h:46:5:[m[K [01;36m[Knote: [m[Kcandidate: ‘[01m[KHectorMapTools::CoordinateTransformer<ConcreteScalar>::CoordinateTransformer() [with ConcreteScalar = float][m[K’
[4.855s]    46 |     [01;36m[KCoordinateTransformer[m[K()
[4.855s]       |     [01;36m[K^~~~~~~~~~~~~~~~~~~~~[m[K
[4.863s] In file included from [01m[K/home/jcbynum2/dev-workspace/src/corobot/map_to_jpeg/src/image_to_map_node.cpp:38[m[K:
[4.863s] [01m[K/home/jcbynum2/dev-workspace/src/corobot/map_to_jpeg/include/HectorMapTools.h:[m[K In member function ‘[01m[Kfloat HectorMapTools::DistanceMeasurementProvider::checkOccupancyBresenhami(const Vector2i&, const Vector2i&, Eigen::Vector2i*, unsigned int)[m[K’:
[4.864s] [01m[K/home/jcbynum2/dev-workspace/src/corobot/map_to_jpeg/include/HectorMapTools.h:155:19:[m[K [01;31m[Kerror: [m[K‘[01m[Kmap_ptr_[m[K’ was not declared in this scope
[4.864s]   155 |       int sizeX = [01;31m[Kmap_ptr_[m[K->info.width;
[4.866s]       |                   [01;31m[K^~~~~~~~[m[K
[5.347s] [01m[K/home/jcbynum2/dev-workspace/src/corobot/map_to_jpeg/include/HectorMapTools.h:[m[K In member function ‘[01m[Kint HectorMapTools::DistanceMeasurementProvider::bresenham2D(unsigned int, unsigned int, int, int, int, unsigned int, unsigned int)[m[K’:
[5.347s] [01m[K/home/jcbynum2/dev-workspace/src/corobot/map_to_jpeg/include/HectorMapTools.h:218:41:[m[K [01;31m[Kerror: [m[K‘[01m[Kmap_ptr_[m[K’ was not declared in this scope
[5.347s]   218 |       const std::vector<int8_t>& data = [01;31m[Kmap_ptr_[m[K->data;
[5.347s]       |                                         [01;31m[K^~~~~~~~[m[K
[5.358s] [01m[K/home/jcbynum2/dev-workspace/src/corobot/map_to_jpeg/src/image_to_map_node.cpp:[m[K At global scope:
[5.359s] [01m[K/home/jcbynum2/dev-workspace/src/corobot/map_to_jpeg/src/image_to_map_node.cpp:56:3:[m[K [01;31m[Kerror: [m[K‘[01m[Kros[m[K’ does not name a type; did you mean ‘[01m[Kcos[m[K’?
[5.359s]    56 |   [01;31m[Kros[m[K::Publisher map_publisher;
[5.359s]       |   [01;31m[K^~~[m[K
[5.361s]       |   [32m[Kcos[m[K
[5.367s] [01m[K/home/jcbynum2/dev-workspace/src/corobot/map_to_jpeg/src/image_to_map_node.cpp:63:3:[m[K [01;31m[Kerror: [m[K‘[01m[Kros[m[K’ does not name a type; did you mean ‘[01m[Kcos[m[K’?
[5.367s]    63 |   [01;31m[Kros[m[K::NodeHandle n_;
[5.368s]       |   [01;31m[K^~~[m[K
[5.368s]       |   [32m[Kcos[m[K
[5.369s] [01m[K/home/jcbynum2/dev-workspace/src/corobot/map_to_jpeg/src/image_to_map_node.cpp:64:3:[m[K [01;31m[Kerror: [m[K‘[01m[Kros[m[K’ does not name a type; did you mean ‘[01m[Kcos[m[K’?
[5.372s]    64 |   [01;31m[Kros[m[K::NodeHandle pn_;
[5.373s]       |   [01;31m[K^~~[m[K
[5.373s]       |   [32m[Kcos[m[K
[5.373s] [01m[K/home/jcbynum2/dev-workspace/src/corobot/map_to_jpeg/src/image_to_map_node.cpp:88:39:[m[K [01;31m[Kerror: [m[K‘[01m[KImageConstPtr[m[K’ in namespace ‘[01m[Ksensor_msgs[m[K’ does not name a type
[5.374s]    88 |   void mapCallback(const sensor_msgs::[01;31m[KImageConstPtr[m[K& image)
[5.374s]       |                                       [01;31m[K^~~~~~~~~~~~~[m[K
[5.375s] [01m[K/home/jcbynum2/dev-workspace/src/corobot/map_to_jpeg/src/image_to_map_node.cpp:[m[K In constructor ‘[01m[KMapAsImageProvider::MapAsImageProvider()[m[K’:
[5.375s] [01m[K/home/jcbynum2/dev-workspace/src/corobot/map_to_jpeg/src/image_to_map_node.cpp:68:7:[m[K [01;31m[Kerror: [m[Kclass ‘[01m[KMapAsImageProvider[m[K’ does not have any field named ‘[01m[Kpn_[m[K’
[5.376s]    68 |     : [01;31m[Kpn_[m[K("~")
[5.376s]       |       [01;31m[K^~~[m[K
[5.376s] [01m[K/home/jcbynum2/dev-workspace/src/corobot/map_to_jpeg/src/image_to_map_node.cpp:71:60:[m[K [01;31m[Kerror: [m[K‘[01m[Kn_[m[K’ was not declared in this scope
[5.377s]    71 |     image_transport_ = new image_transport::ImageTransport([01;31m[Kn_[m[K);
[5.377s]       |                                                            [01;31m[K^~[m[K
[5.381s] [01m[K/home/jcbynum2/dev-workspace/src/corobot/map_to_jpeg/src/image_to_map_node.cpp:73:123:[m[K [01;31m[Kerror: [m[Kno matching function for call to ‘[01m[Kimage_transport::ImageTransport::subscribe(const char [14], int, void (MapAsImageProvider::*)(const int&), MapAsImageProvider*)[m[K’
[5.382s]    73 |     image_transport_subscriber_map = image_transport_->subscribe("map_image_raw", 1, &MapAsImageProvider::mapCallback,this[01;31m[K)[m[K;
[5.382s]       |                                                                                                                           [01;31m[K^[m[K
[5.383s] In file included from [01m[K/home/jcbynum2/dev-workspace/src/corobot/map_to_jpeg/src/image_to_map_node.cpp:36[m[K:
[5.384s] [01m[K/opt/ros/foxy/include/image_transport/image_transport.hpp:141:14:[m[K [01;36m[Knote: [m[Kcandidate: ‘[01m[Kimage_transport::Subscriber image_transport::ImageTransport::subscribe(const string&, uint32_t, const Callback&, const VoidPtr&, const image_transport::TransportHints*)[m[K’
[5.384s]   141 |   Subscriber [01;36m[Ksubscribe[m[K(
[5.384s]       |              [01;36m[K^~~~~~~~~[m[K
[5.385s] [01m[K/opt/ros/foxy/include/image_transport/image_transport.hpp:143:34:[m[K [01;36m[Knote: [m[K  no known conversion for argument 3 from ‘[01m[Kvoid (MapAsImageProvider::*)(const int&)[m[K’ to ‘[01m[Kconst Callback&[m[K’ {aka ‘[01m[Kconst std::function<void(const std::shared_ptr<const sensor_msgs::msg::Image_<std::allocator<void> > >&)>&[m[K’}
[5.385s]   143 |     [01;36m[Kconst Subscriber::Callback & callback[m[K,
[5.386s]       |     [01;36m[K~~~~~~~~~~~~~~~~~~~~~~~~~~~~~^~~~~~~~[m[K
[5.386s] [01m[K/opt/ros/foxy/include/image_transport/image_transport.hpp:151:14:[m[K [01;36m[Knote: [m[Kcandidate: ‘[01m[Kimage_transport::Subscriber image_transport::ImageTransport::subscribe(const string&, uint32_t, void (*)(const ImageConstPtr&), const image_transport::TransportHints*)[m[K’
[5.387s]   151 |   Subscriber [01;36m[Ksubscribe[m[K(
[5.387s]       |              [01;36m[K^~~~~~~~~[m[K
[5.387s] [01m[K/opt/ros/foxy/include/image_transport/image_transport.hpp:153:12:[m[K [01;36m[Knote: [m[K  no known conversion for argument 3 from ‘[01m[Kvoid (MapAsImageProvider::*)(const int&)[m[K’ to ‘[01m[Kvoid (*)(const ImageConstPtr&)[m[K’ {aka ‘[01m[Kvoid (*)(const std::shared_ptr<const sensor_msgs::msg::Image_<std::allocator<void> > >&)[m[K’}
[5.388s]   153 |     [01;36m[Kvoid (*fp)(const ImageConstPtr &)[m[K,
[5.388s]       |     [01;36m[K~~~~~~~^~~~~~~~~~~~~~~~~~~~~~~~~~[m[K
[5.389s] [01m[K/opt/ros/foxy/include/image_transport/image_transport.hpp:165:14:[m[K [01;36m[Knote: [m[Kcandidate: ‘[01m[Ktemplate<class T> image_transport::Subscriber image_transport::ImageTransport::subscribe(const string&, uint32_t, void (T::*)(const ImageConstPtr&), T*, const image_transport::TransportHints*)[m[K’
[5.389s]   165 |   Subscriber [01;36m[Ksubscribe[m[K(
[5.390s]       |              [01;36m[K^~~~~~~~~[m[K
[5.390s] [01m[K/opt/ros/foxy/include/image_transport/image_transport.hpp:165:14:[m[K [01;36m[Knote: [m[K  template argument deduction/substitution failed:
[5.391s] [01m[K/home/jcbynum2/dev-workspace/src/corobot/map_to_jpeg/src/image_to_map_node.cpp:73:123:[m[K [01;36m[Knote: [m[K  mismatched types ‘[01m[Kconst ImageConstPtr[m[K’ {aka ‘[01m[Kconst std::shared_ptr<const sensor_msgs::msg::Image_<std::allocator<void> > >[m[K’} and ‘[01m[Kconst int[m[K’
[5.391s]    73 |     image_transport_subscriber_map = image_transport_->subscribe("map_image_raw", 1, &MapAsImageProvider::mapCallback,this[01;36m[K)[m[K;
[5.391s]       |                                                                                                                           [01;36m[K^[m[K
[5.392s] In file included from [01m[K/home/jcbynum2/dev-workspace/src/corobot/map_to_jpeg/src/image_to_map_node.cpp:36[m[K:
[5.392s] [01m[K/opt/ros/foxy/include/image_transport/image_transport.hpp:178:14:[m[K [01;36m[Knote: [m[Kcandidate: ‘[01m[Ktemplate<class T> image_transport::Subscriber image_transport::ImageTransport::subscribe(const string&, uint32_t, void (T::*)(const ImageConstPtr&), const std::shared_ptr<_Tp>&, const image_transport::TransportHints*)[m[K’
[5.392s]   178 |   Subscriber [01;36m[Ksubscribe[m[K(
[5.393s]       |              [01;36m[K^~~~~~~~~[m[K
[5.393s] [01m[K/opt/ros/foxy/include/image_transport/image_transport.hpp:178:14:[m[K [01;36m[Knote: [m[K  template argument deduction/substitution failed:
[5.394s] [01m[K/home/jcbynum2/dev-workspace/src/corobot/map_to_jpeg/src/image_to_map_node.cpp:73:123:[m[K [01;36m[Knote: [m[K  mismatched types ‘[01m[Kconst ImageConstPtr[m[K’ {aka ‘[01m[Kconst std::shared_ptr<const sensor_msgs::msg::Image_<std::allocator<void> > >[m[K’} and ‘[01m[Kconst int[m[K’
[5.394s]    73 |     image_transport_subscriber_map = image_transport_->subscribe("map_image_raw", 1, &MapAsImageProvider::mapCallback,this[01;36m[K)[m[K;
[5.395s]       |                                                                                                                           [01;36m[K^[m[K
[5.395s] [01m[K/home/jcbynum2/dev-workspace/src/corobot/map_to_jpeg/src/image_to_map_node.cpp:75:5:[m[K [01;31m[Kerror: [m[K‘[01m[Kmap_publisher[m[K’ was not declared in this scope; did you mean ‘[01m[Krcl_publish[m[K’?
[5.395s]    75 |     [01;31m[Kmap_publisher[m[K = n_.advertise<nav_msgs::OccupancyGrid>("/map_from_jpeg", 50);
[5.396s]       |     [01;31m[K^~~~~~~~~~~~~[m[K
[5.396s]       |     [32m[Krcl_publish[m[K
[5.401s] In file included from [01m[K/home/jcbynum2/dev-workspace/src/corobot/map_to_jpeg/src/image_to_map_node.cpp:38[m[K:
[5.402s] [01m[K/home/jcbynum2/dev-workspace/src/corobot/map_to_jpeg/include/HectorMapTools.h:37:19:[m[K [01;31m[Kerror: [m[K‘[01m[K::OccupancyGridConstrPtr[m[K’ has not been declared
[5.402s]    37 | #define nav_msgs::[01;31m[KOccupancyGridConstrPtr[m[K nav_msgs::msg::OccupancyGrid*
[5.403s]       |                   [01;31m[K^~~~~~~~~~~~~~~~~~~~~~[m[K
[5.403s] [01m[K/home/jcbynum2/dev-workspace/src/corobot/map_to_jpeg/src/image_to_map_node.cpp:75:34:[m[K [01;36m[Knote: [m[Kin expansion of macro ‘[01m[Knav_msgs[m[K’
[5.404s]    75 |     map_publisher = n_.advertise<[01;36m[Knav_msgs[m[K::OccupancyGrid>("/map_from_jpeg", 50);
[5.404s]       |                                  [01;36m[K^~~~~~~~[m[K
[5.410s] [01m[K/home/jcbynum2/dev-workspace/src/corobot/map_to_jpeg/src/image_to_map_node.cpp:78:5:[m[K [01;31m[Kerror: [m[K‘[01m[KROS_INFO[m[K’ was not declared in this scope
[5.411s]    78 |     [01;31m[KROS_INFO[m[K("Image to Map node started.");
[5.411s]       |     [01;31m[K^~~~~~~~[m[K
[5.421s] In file included from [01m[K/home/jcbynum2/dev-workspace/src/corobot/map_to_jpeg/src/image_to_map_node.cpp:38[m[K:
[5.422s] [01m[K/home/jcbynum2/dev-workspace/src/corobot/map_to_jpeg/src/image_to_map_node.cpp:[m[K In member function ‘[01m[Kvoid MapAsImageProvider::mapCallback(const int&)[m[K’:
[5.422s] [01m[K/home/jcbynum2/dev-workspace/src/corobot/map_to_jpeg/include/HectorMapTools.h:37:19:[m[K [01;31m[Kerror: [m[K‘[01m[K::OccupancyGridConstrPtr[m[K’ has not been declared
[5.423s]    37 | #define nav_msgs::[01;31m[KOccupancyGridConstrPtr[m[K nav_msgs::msg::OccupancyGrid*
[5.423s]       |                   [01;31m[K^~~~~~~~~~~~~~~~~~~~~~[m[K
[5.424s] [01m[K/home/jcbynum2/dev-workspace/src/corobot/map_to_jpeg/src/image_to_map_node.cpp:91:5:[m[K [01;36m[Knote: [m[Kin expansion of macro ‘[01m[Knav_msgs[m[K’
[5.424s]    91 |     [01;36m[Knav_msgs[m[K::OccupancyGrid map;
[5.424s]       |     [01;36m[K^~~~~~~~[m[K
[5.425s] [01m[K/home/jcbynum2/dev-workspace/src/corobot/map_to_jpeg/src/image_to_map_node.cpp:93:8:[m[K [01;31m[Kerror: [m[Kmissing template arguments before ‘[01m[K.[m[K’ token
[5.425s]    93 |     map[01;31m[K.[m[Kheader.stamp = image->header.stamp;
[5.426s]       |        [01;31m[K^[m[K
[5.426s] [01m[K/home/jcbynum2/dev-workspace/src/corobot/map_to_jpeg/src/image_to_map_node.cpp:93:29:[m[K [01;31m[Kerror: [m[Kbase operand of ‘[01m[K->[m[K’ is not a pointer
[5.427s]    93 |     map.header.stamp = image[01;31m[K->[m[Kheader.stamp;
[5.428s]       |                             [01;31m[K^~[m[K
[5.428s] [01m[K/home/jcbynum2/dev-workspace/src/corobot/map_to_jpeg/src/image_to_map_node.cpp:94:8:[m[K [01;31m[Kerror: [m[Kmissing template arguments before ‘[01m[K.[m[K’ token
[5.429s]    94 |     map[01;31m[K.[m[Kheader.frame_id = "map";
[5.429s]       |        [01;31m[K^[m[K
[5.430s] [01m[K/home/jcbynum2/dev-workspace/src/corobot/map_to_jpeg/src/image_to_map_node.cpp:95:8:[m[K [01;31m[Kerror: [m[Kmissing template arguments before ‘[01m[K.[m[K’ token
[5.431s]    95 |     map[01;31m[K.[m[Kinfo.width = image->width;
[5.431s]       |        [01;31m[K^[m[K
[5.431s] [01m[K/home/jcbynum2/dev-workspace/src/corobot/map_to_jpeg/src/image_to_map_node.cpp:95:27:[m[K [01;31m[Kerror: [m[Kbase operand of ‘[01m[K->[m[K’ is not a pointer
[5.432s]    95 |     map.info.width = image[01;31m[K->[m[Kwidth;
[5.432s]       |                           [01;31m[K^~[m[K
[5.433s] [01m[K/home/jcbynum2/dev-workspace/src/corobot/map_to_jpeg/src/image_to_map_node.cpp:96:8:[m[K [01;31m[Kerror: [m[Kmissing template arguments before ‘[01m[K.[m[K’ token
[5.433s]    96 |     map[01;31m[K.[m[Kinfo.height = image->height;
[5.434s]       |        [01;31m[K^[m[K
[5.434s] [01m[K/home/jcbynum2/dev-workspace/src/corobot/map_to_jpeg/src/image_to_map_node.cpp:96:28:[m[K [01;31m[Kerror: [m[Kbase operand of ‘[01m[K->[m[K’ is not a pointer
[5.434s]    96 |     map.info.height = image[01;31m[K->[m[Kheight;
[5.435s]       |                            [01;31m[K^~[m[K
[5.438s] [01m[K/home/jcbynum2/dev-workspace/src/corobot/map_to_jpeg/src/image_to_map_node.cpp:97:8:[m[K [01;31m[Kerror: [m[Kmissing template arguments before ‘[01m[K.[m[K’ token
[5.439s]    97 |     map[01;31m[K.[m[Kinfo.origin.orientation.w = 1;
[5.439s]       |        [01;31m[K^[m[K
[5.440s] [01m[K/home/jcbynum2/dev-workspace/src/corobot/map_to_jpeg/src/image_to_map_node.cpp:98:8:[m[K [01;31m[Kerror: [m[Kmissing template arguments before ‘[01m[K.[m[K’ token
[5.440s]    98 |     map[01;31m[K.[m[Kinfo.resolution = resolution;
[5.441s]       |        [01;31m[K^[m[K
[5.441s] [01m[K/home/jcbynum2/dev-workspace/src/corobot/map_to_jpeg/src/image_to_map_node.cpp:99:8:[m[K [01;31m[Kerror: [m[Kmissing template arguments before ‘[01m[K.[m[K’ token
[5.441s]    99 |     map[01;31m[K.[m[Kinfo.origin.position.x = -((image->width + 1) * map.info.resolution * 0.5f);
[5.442s]       |        [01;31m[K^[m[K
[5.442s] [01m[K/home/jcbynum2/dev-workspace/src/corobot/map_to_jpeg/src/image_to_map_node.cpp:99:42:[m[K [01;31m[Kerror: [m[Kbase operand of ‘[01m[K->[m[K’ is not a pointer
[5.443s]    99 |     map.info.origin.position.x = -((image[01;31m[K->[m[Kwidth + 1) * map.info.resolution * 0.5f);
[5.443s]       |                                          [01;31m[K^~[m[K
[5.444s] [01m[K/home/jcbynum2/dev-workspace/src/corobot/map_to_jpeg/src/image_to_map_node.cpp:99:60:[m[K [01;31m[Kerror: [m[Kmissing template arguments before ‘[01m[K.[m[K’ token
[5.444s]    99 |     map.info.origin.position.x = -((image->width + 1) * map[01;31m[K.[m[Kinfo.resolution * 0.5f);
[5.444s]       |                                                            [01;31m[K^[m[K
[5.445s] [01m[K/home/jcbynum2/dev-workspace/src/corobot/map_to_jpeg/src/image_to_map_node.cpp:100:8:[m[K [01;31m[Kerror: [m[Kmissing template arguments before ‘[01m[K.[m[K’ token
[5.445s]   100 |     map[01;31m[K.[m[Kinfo.origin.position.y = -((image->height + 1) * map.info.resolution * 0.5f);
[5.446s]       |        [01;31m[K^[m[K
[5.446s] [01m[K/home/jcbynum2/dev-workspace/src/corobot/map_to_jpeg/src/image_to_map_node.cpp:100:42:[m[K [01;31m[Kerror: [m[Kbase operand of ‘[01m[K->[m[K’ is not a pointer
[5.447s]   100 |     map.info.origin.position.y = -((image[01;31m[K->[m[Kheight + 1) * map.info.resolution * 0.5f);
[5.447s]       |                                          [01;31m[K^~[m[K
[5.448s] [01m[K/home/jcbynum2/dev-workspace/src/corobot/map_to_jpeg/src/image_to_map_node.cpp:100:61:[m[K [01;31m[Kerror: [m[Kmissing template arguments before ‘[01m[K.[m[K’ token
[5.448s]   100 |     map.info.origin.position.y = -((image->height + 1) * map[01;31m[K.[m[Kinfo.resolution * 0.5f);
[5.449s]       |                                                             [01;31m[K^[m[K
[5.449s] [01m[K/home/jcbynum2/dev-workspace/src/corobot/map_to_jpeg/src/image_to_map_node.cpp:104:20:[m[K [01;31m[Kerror: [m[Kbase operand of ‘[01m[K->[m[K’ is not a pointer
[5.450s]   104 |     for(int i=image[01;31m[K->[m[Kheight -1; i>=0; i--)
[5.451s]       |                    [01;31m[K^~[m[K
[5.451s] [01m[K/home/jcbynum2/dev-workspace/src/corobot/map_to_jpeg/src/image_to_map_node.cpp:106:32:[m[K [01;31m[Kerror: [m[Kbase operand of ‘[01m[K->[m[K’ is not a pointer
[5.451s]   106 |  for (unsigned int j=0; j<image[01;31m[K->[m[Kwidth;j++)
[5.452s]       |                                [01;31m[K^~[m[K
[5.452s] [01m[K/home/jcbynum2/dev-workspace/src/corobot/map_to_jpeg/src/image_to_map_node.cpp:108:18:[m[K [01;31m[Kerror: [m[Kbase operand of ‘[01m[K->[m[K’ is not a pointer
[5.453s]   108 |      data = image[01;31m[K->[m[Kdata[i*image->width + j];
[5.453s]       |                  [01;31m[K^~[m[K
[5.453s] [01m[K/home/jcbynum2/dev-workspace/src/corobot/map_to_jpeg/src/image_to_map_node.cpp:108:32:[m[K [01;31m[Kerror: [m[Kbase operand of ‘[01m[K->[m[K’ is not a pointer
[5.454s]   108 |      data = image->data[i*image[01;31m[K->[m[Kwidth + j];
[5.454s]       |                                [01;31m[K^~[m[K
[5.455s] [01m[K/home/jcbynum2/dev-workspace/src/corobot/map_to_jpeg/src/image_to_map_node.cpp:110:10:[m[K [01;31m[Kerror: [m[Kmissing template arguments before ‘[01m[K.[m[K’ token
[5.455s]   110 |       map[01;31m[K.[m[Kdata.push_back(-1);
[5.456s]       |          [01;31m[K^[m[K
[5.456s] [01m[K/home/jcbynum2/dev-workspace/src/corobot/map_to_jpeg/src/image_to_map_node.cpp:113:6:[m[K [01;31m[Kerror: [m[Kmissing template arguments before ‘[01m[K.[m[K’ token
[5.457s]   113 |   map[01;31m[K.[m[Kdata.push_back(0);
[5.458s]       |      [01;31m[K^[m[K
[5.458s] [01m[K/home/jcbynum2/dev-workspace/src/corobot/map_to_jpeg/src/image_to_map_node.cpp:116:6:[m[K [01;31m[Kerror: [m[Kmissing template arguments before ‘[01m[K.[m[K’ token
[5.465s]   116 |   map[01;31m[K.[m[Kdata.push_back(100);
[5.465s]       |      [01;31m[K^[m[K
[5.468s] [01m[K/home/jcbynum2/dev-workspace/src/corobot/map_to_jpeg/src/image_to_map_node.cpp:120:5:[m[K [01;31m[Kerror: [m[K‘[01m[Kmap_publisher[m[K’ was not declared in this scope; did you mean ‘[01m[Krcl_publish[m[K’?
[5.469s]   120 |     [01;31m[Kmap_publisher[m[K.publish(map);
[5.469s]       |     [01;31m[K^~~~~~~~~~~~~[m[K
[5.469s]       |     [32m[Krcl_publish[m[K
[5.470s] [01m[K/home/jcbynum2/dev-workspace/src/corobot/map_to_jpeg/src/image_to_map_node.cpp:120:30:[m[K [01;31m[Kerror: [m[Kmissing template arguments before ‘[01m[K)[m[K’ token
[5.473s]   120 |     map_publisher.publish(map[01;31m[K)[m[K;
[5.474s]       |                              [01;31m[K^[m[K
[5.474s] [01m[K/home/jcbynum2/dev-workspace/src/corobot/map_to_jpeg/src/image_to_map_node.cpp:[m[K In function ‘[01m[Kint main(int, char**)[m[K’:
[5.475s] [01m[K/home/jcbynum2/dev-workspace/src/corobot/map_to_jpeg/src/image_to_map_node.cpp:127:3:[m[K [01;31m[Kerror: [m[K‘[01m[Kros[m[K’ has not been declared
[5.475s]   127 |   [01;31m[Kros[m[K::init(argc, argv, "image_to_map_node");
[5.476s]       |   [01;31m[K^~~[m[K
[5.476s] [01m[K/home/jcbynum2/dev-workspace/src/corobot/map_to_jpeg/src/image_to_map_node.cpp:129:3:[m[K [01;31m[Kerror: [m[K‘[01m[Kros[m[K’ has not been declared
[5.477s]   129 |   [01;31m[Kros[m[K::NodeHandle nh("~");
[5.477s]       |   [01;31m[K^~~[m[K
[5.477s] [01m[K/home/jcbynum2/dev-workspace/src/corobot/map_to_jpeg/src/image_to_map_node.cpp:130:3:[m[K [01;31m[Kerror: [m[K‘[01m[Knh[m[K’ was not declared in this scope
[5.478s]   130 |   [01;31m[Knh[m[K.param("resolution", resolution, 0.05);
[5.478s]       |   [01;31m[K^~[m[K
[5.479s] [01m[K/home/jcbynum2/dev-workspace/src/corobot/map_to_jpeg/src/image_to_map_node.cpp:135:3:[m[K [01;31m[Kerror: [m[K‘[01m[Kros[m[K’ has not been declared
[5.479s]   135 |   [01;31m[Kros[m[K::spin();
[5.479s]       |   [01;31m[K^~~[m[K
[5.822s] In file included from [01m[K/home/jcbynum2/dev-workspace/src/corobot/map_to_jpeg/src/map_to_image_node.cpp:42[m[K:
[5.822s] [01m[K/home/jcbynum2/dev-workspace/src/corobot/map_to_jpeg/include/HectorMapTools.h:37:19:[m[K [01;31m[Kerror: [m[K‘[01m[KOccupancyGridConstrPtr[m[K’ in namespace ‘[01m[K::[m[K’ does not name a type
[5.822s]    37 | #define nav_msgs::[01;31m[KOccupancyGridConstrPtr[m[K nav_msgs::msg::OccupancyGrid*
[5.822s]       |                   [01;31m[K^~~~~~~~~~~~~~~~~~~~~~[m[K
[5.822s] [01m[K/home/jcbynum2/dev-workspace/src/corobot/map_to_jpeg/include/HectorMapTools.h:37:19:[m[K [01;36m[Knote: [m[Kin definition of macro ‘[01m[Knav_msgs[m[K’
[5.823s]    37 | #define nav_msgs::[01;36m[KOccupancyGridConstrPtr[m[K nav_msgs::msg::OccupancyGrid*
[5.823s]       |                   [01;36m[K^~~~~~~~~~~~~~~~~~~~~~[m[K
[5.823s] [01m[K/home/jcbynum2/dev-workspace/src/corobot/map_to_jpeg/include/HectorMapTools.h:37:50:[m[K [01;31m[Kerror: [m[Kexpected ‘[01m[K,[m[K’ or ‘[01m[K...[m[K’ before ‘[01m[K::[m[K’ token
[5.823s]    37 | #define nav_msgs::OccupancyGridConstrPtr nav_msgs[01;31m[K::[m[Kmsg::OccupancyGrid*
[5.823s]       |                                                  [01;31m[K^~[m[K
[5.824s] [01m[K/home/jcbynum2/dev-workspace/src/corobot/map_to_jpeg/include/HectorMapTools.h:37:50:[m[K [01;36m[Knote: [m[Kin definition of macro ‘[01m[Knav_msgs[m[K’
[5.824s]    37 | #define nav_msgs::OccupancyGridConstrPtr nav_msgs[01;36m[K::[m[Kmsg::OccupancyGrid*
[5.824s]       |                                                  [01;36m[K^~[m[K
[5.826s] [01m[K/home/jcbynum2/dev-workspace/src/corobot/map_to_jpeg/include/HectorMapTools.h:37:19:[m[K [01;31m[Kerror: [m[K‘[01m[KOccupancyGridConstrPtr[m[K’ in namespace ‘[01m[K::[m[K’ does not name a type
[5.826s]    37 | #define nav_msgs::[01;31m[KOccupancyGridConstrPtr[m[K nav_msgs::msg::OccupancyGrid*
[5.826s]       |                   [01;31m[K^~~~~~~~~~~~~~~~~~~~~~[m[K
[5.827s] [01m[K/home/jcbynum2/dev-workspace/src/corobot/map_to_jpeg/include/HectorMapTools.h:37:19:[m[K [01;36m[Knote: [m[Kin definition of macro ‘[01m[Knav_msgs[m[K’
[5.827s]    37 | #define nav_msgs::[01;36m[KOccupancyGridConstrPtr[m[K nav_msgs::msg::OccupancyGrid*
[5.827s]       |                   [01;36m[K^~~~~~~~~~~~~~~~~~~~~~[m[K
[5.827s] [01m[K/home/jcbynum2/dev-workspace/src/corobot/map_to_jpeg/include/HectorMapTools.h:37:50:[m[K [01;31m[Kerror: [m[Kexpected ‘[01m[K,[m[K’ or ‘[01m[K...[m[K’ before ‘[01m[K::[m[K’ token
[5.827s]    37 | #define nav_msgs::OccupancyGridConstrPtr nav_msgs[01;31m[K::[m[Kmsg::OccupancyGrid*
[5.828s]       |                                                  [01;31m[K^~[m[K
[5.828s] [01m[K/home/jcbynum2/dev-workspace/src/corobot/map_to_jpeg/include/HectorMapTools.h:37:50:[m[K [01;36m[Knote: [m[Kin definition of macro ‘[01m[Knav_msgs[m[K’
[5.828s]    37 | #define nav_msgs::OccupancyGridConstrPtr nav_msgs[01;36m[K::[m[Kmsg::OccupancyGrid*
[5.828s]       |                                                  [01;36m[K^~[m[K
[5.831s] [01m[K/home/jcbynum2/dev-workspace/src/corobot/map_to_jpeg/include/HectorMapTools.h:37:19:[m[K [01;31m[Kerror: [m[K‘[01m[KOccupancyGridConstrPtr[m[K’ in namespace ‘[01m[K::[m[K’ does not name a type
[5.831s]    37 | #define nav_msgs::[01;31m[KOccupancyGridConstrPtr[m[K nav_msgs::msg::OccupancyGrid*
[5.832s]       |                   [01;31m[K^~~~~~~~~~~~~~~~~~~~~~[m[K
[5.832s] [01m[K/home/jcbynum2/dev-workspace/src/corobot/map_to_jpeg/include/HectorMapTools.h:37:19:[m[K [01;36m[Knote: [m[Kin definition of macro ‘[01m[Knav_msgs[m[K’
[5.833s]    37 | #define nav_msgs::[01;36m[KOccupancyGridConstrPtr[m[K nav_msgs::msg::OccupancyGrid*
[5.833s]       |                   [01;36m[K^~~~~~~~~~~~~~~~~~~~~~[m[K
[5.834s] [01m[K/home/jcbynum2/dev-workspace/src/corobot/map_to_jpeg/include/HectorMapTools.h:37:50:[m[K [01;31m[Kerror: [m[Kexpected ‘[01m[K,[m[K’ or ‘[01m[K...[m[K’ before ‘[01m[K::[m[K’ token
[5.834s]    37 | #define nav_msgs::OccupancyGridConstrPtr nav_msgs[01;31m[K::[m[Kmsg::OccupancyGrid*
[5.835s]       |                                                  [01;31m[K^~[m[K
[5.838s] [01m[K/home/jcbynum2/dev-workspace/src/corobot/map_to_jpeg/include/HectorMapTools.h:37:50:[m[K [01;36m[Knote: [m[Kin definition of macro ‘[01m[Knav_msgs[m[K’
[5.838s]    37 | #define nav_msgs::OccupancyGridConstrPtr nav_msgs[01;36m[K::[m[Kmsg::OccupancyGrid*
[5.839s]       |                                                  [01;36m[K^~[m[K
[5.839s] [01m[K/home/jcbynum2/dev-workspace/src/corobot/map_to_jpeg/include/HectorMapTools.h:62:10:[m[K [01;31m[Kerror: [m[K‘[01m[Kvoid HectorMapTools::CoordinateTransformer<ConcreteScalar>::setTransforms(int)[m[K’ cannot be overloaded with ‘[01m[Kvoid HectorMapTools::CoordinateTransformer<ConcreteScalar>::setTransforms(int)[m[K’
[5.840s]    62 |     void [01;31m[KsetTransforms[m[K(const nav_msgs::MapMetaData& meta)
[5.841s]       |          [01;31m[K^~~~~~~~~~~~~[m[K
[5.841s] [01m[K/home/jcbynum2/dev-workspace/src/corobot/map_to_jpeg/include/HectorMapTools.h:57:10:[m[K [01;36m[Knote: [m[Kprevious declaration ‘[01m[Kvoid HectorMapTools::CoordinateTransformer<ConcreteScalar>::setTransforms(int)[m[K’
[5.842s]    57 |     void [01;36m[KsetTransforms[m[K(const nav_msgs::OccupancyGrid& map)
[5.842s]       |          [01;36m[K^~~~~~~~~~~~~[m[K
[5.843s] [01m[K/home/jcbynum2/dev-workspace/src/corobot/map_to_jpeg/include/HectorMapTools.h:37:19:[m[K [01;31m[Kerror: [m[K‘[01m[KOccupancyGridConstrPtr[m[K’ in namespace ‘[01m[K::[m[K’ does not name a type
[5.843s]    37 | #define nav_msgs::[01;31m[KOccupancyGridConstrPtr[m[K nav_msgs::msg::OccupancyGrid*
[5.844s]       |                   [01;31m[K^~~~~~~~~~~~~~~~~~~~~~[m[K
[5.844s] [01m[K/home/jcbynum2/dev-workspace/src/corobot/map_to_jpeg/include/HectorMapTools.h:37:19:[m[K [01;36m[Knote: [m[Kin definition of macro ‘[01m[Knav_msgs[m[K’
[5.846s]    37 | #define nav_msgs::[01;36m[KOccupancyGridConstrPtr[m[K nav_msgs::msg::OccupancyGrid*
[5.846s]       |                   [01;36m[K^~~~~~~~~~~~~~~~~~~~~~[m[K
[5.847s] [01m[K/home/jcbynum2/dev-workspace/src/corobot/map_to_jpeg/include/HectorMapTools.h:37:50:[m[K [01;31m[Kerror: [m[Kexpected ‘[01m[K,[m[K’ or ‘[01m[K...[m[K’ before ‘[01m[K::[m[K’ token
[5.851s]    37 | #define nav_msgs::OccupancyGridConstrPtr nav_msgs[01;31m[K::[m[Kmsg::OccupancyGrid*
[5.851s]       |                                                  [01;31m[K^~[m[K
[5.852s] [01m[K/home/jcbynum2/dev-workspace/src/corobot/map_to_jpeg/include/HectorMapTools.h:37:50:[m[K [01;36m[Knote: [m[Kin definition of macro ‘[01m[Knav_msgs[m[K’
[5.852s]    37 | #define nav_msgs::OccupancyGridConstrPtr nav_msgs[01;36m[K::[m[Kmsg::OccupancyGrid*
[5.852s]       |                                                  [01;36m[K^~[m[K
[5.894s] [01m[K/home/jcbynum2/dev-workspace/src/corobot/map_to_jpeg/include/HectorMapTools.h:37:19:[m[K [01;31m[Kerror: [m[K‘[01m[KOccupancyGridConstrPtr[m[K’ in namespace ‘[01m[K::[m[K’ does not name a type
[5.894s]    37 | #define nav_msgs::[01;31m[KOccupancyGridConstrPtr[m[K nav_msgs::msg::OccupancyGrid*
[5.895s]       |                   [01;31m[K^~~~~~~~~~~~~~~~~~~~~~[m[K
[5.895s] [01m[K/home/jcbynum2/dev-workspace/src/corobot/map_to_jpeg/include/HectorMapTools.h:37:19:[m[K [01;36m[Knote: [m[Kin definition of macro ‘[01m[Knav_msgs[m[K’
[5.896s]    37 | #define nav_msgs::[01;36m[KOccupancyGridConstrPtr[m[K nav_msgs::msg::OccupancyGrid*
[5.896s]       |                   [01;36m[K^~~~~~~~~~~~~~~~~~~~~~[m[K
[5.898s] [01m[K/home/jcbynum2/dev-workspace/src/corobot/map_to_jpeg/include/HectorMapTools.h:37:19:[m[K [01;31m[Kerror: [m[K‘[01m[KOccupancyGridConstrPtr[m[K’ in namespace ‘[01m[K::[m[K’ does not name a type
[5.899s]    37 | #define nav_msgs::[01;31m[KOccupancyGridConstrPtr[m[K nav_msgs::msg::OccupancyGrid*
[5.899s]       |                   [01;31m[K^~~~~~~~~~~~~~~~~~~~~~[m[K
[5.900s] [01m[K/home/jcbynum2/dev-workspace/src/corobot/map_to_jpeg/include/HectorMapTools.h:37:19:[m[K [01;36m[Knote: [m[Kin definition of macro ‘[01m[Knav_msgs[m[K’
[5.900s]    37 | #define nav_msgs::[01;36m[KOccupancyGridConstrPtr[m[K nav_msgs::msg::OccupancyGrid*
[5.905s]       |                   [01;36m[K^~~~~~~~~~~~~~~~~~~~~~[m[K
[5.911s] [01m[K/home/jcbynum2/dev-workspace/src/corobot/map_to_jpeg/include/HectorMapTools.h:37:50:[m[K [01;31m[Kerror: [m[Kexpected ‘[01m[K,[m[K’ or ‘[01m[K...[m[K’ before ‘[01m[K::[m[K’ token
[5.911s]    37 | #define nav_msgs::OccupancyGridConstrPtr nav_msgs[01;31m[K::[m[Kmsg::OccupancyGrid*
[5.912s]       |                                                  [01;31m[K^~[m[K
[5.912s] [01m[K/home/jcbynum2/dev-workspace/src/corobot/map_to_jpeg/include/HectorMapTools.h:37:50:[m[K [01;36m[Knote: [m[Kin definition of macro ‘[01m[Knav_msgs[m[K’
[5.912s]    37 | #define nav_msgs::OccupancyGridConstrPtr nav_msgs[01;36m[K::[m[Kmsg::OccupancyGrid*
[5.913s]       |                                                  [01;36m[K^~[m[K
[5.913s] [01m[K/home/jcbynum2/dev-workspace/src/corobot/map_to_jpeg/include/HectorMapTools.h:[m[K In constructor ‘[01m[KHectorMapTools::CoordinateTransformer<ConcreteScalar>::CoordinateTransformer(int)[m[K’:
[5.913s] [01m[K/home/jcbynum2/dev-workspace/src/corobot/map_to_jpeg/include/HectorMapTools.h:53:28:[m[K [01;31m[Kerror: [m[K‘[01m[Kmap[m[K’ was not declared in this scope; did you mean ‘[01m[Kstd::map[m[K’?
[5.914s]    53 |       this->setTransforms(*[01;31m[Kmap[m[K);
[5.914s]       |                            [01;31m[K^~~[m[K
[5.915s]       |                            [32m[Kstd::map[m[K
[5.915s] In file included from [01m[K/usr/include/c++/9/map:61[m[K,
[5.915s]                  from [01m[K/opt/ros/foxy/include/rclcpp/client.hpp:20[m[K,
[5.916s]                  from [01m[K/opt/ros/foxy/include/rclcpp/callback_group.hpp:23[m[K,
[5.916s]                  from [01m[K/opt/ros/foxy/include/rclcpp/any_executable.hpp:20[m[K,
[5.917s]                  from [01m[K/opt/ros/foxy/include/rclcpp/memory_strategy.hpp:24[m[K,
[5.917s]                  from [01m[K/opt/ros/foxy/include/rclcpp/memory_strategies.hpp:18[m[K,
[5.917s]                  from [01m[K/opt/ros/foxy/include/rclcpp/executor_options.hpp:20[m[K,
[5.920s]                  from [01m[K/opt/ros/foxy/include/rclcpp/executor.hpp:33[m[K,
[5.920s]                  from [01m[K/opt/ros/foxy/include/rclcpp/executors/multi_threaded_executor.hpp:26[m[K,
[5.921s]                  from [01m[K/opt/ros/foxy/include/rclcpp/executors.hpp:21[m[K,
[5.922s]                  from [01m[K/opt/ros/foxy/include/rclcpp/rclcpp.hpp:146[m[K,
[5.923s]                  from [01m[K/home/jcbynum2/dev-workspace/src/corobot/map_to_jpeg/src/map_to_image_node.cpp:29[m[K:
[5.923s] [01m[K/usr/include/c++/9/bits/stl_map.h:100:11:[m[K [01;36m[Knote: [m[K‘[01m[Kstd::map[m[K’ declared here
[5.924s]   100 |     class [01;36m[Kmap[m[K
[5.924s]       |           [01;36m[K^~~[m[K
[5.925s] In file included from [01m[K/home/jcbynum2/dev-workspace/src/corobot/map_to_jpeg/src/map_to_image_node.cpp:42[m[K:
[5.925s] [01m[K/home/jcbynum2/dev-workspace/src/corobot/map_to_jpeg/include/HectorMapTools.h:[m[K In member function ‘[01m[Kvoid HectorMapTools::CoordinateTransformer<ConcreteScalar>::setTransforms(int)[m[K’:
[5.925s] [01m[K/home/jcbynum2/dev-workspace/src/corobot/map_to_jpeg/include/HectorMapTools.h:59:27:[m[K [01;31m[Kerror: [m[K‘[01m[Kmap[m[K’ was not declared in this scope; did you mean ‘[01m[Kstd::map[m[K’?
[5.926s]    59 |       this->setTransforms([01;31m[Kmap[m[K.info);
[5.926s]       |                           [01;31m[K^~~[m[K
[5.927s]       |                           [32m[Kstd::map[m[K
[5.927s] In file included from [01m[K/usr/include/c++/9/map:61[m[K,
[5.928s]                  from [01m[K/opt/ros/foxy/include/rclcpp/client.hpp:20[m[K,
[5.928s]                  from [01m[K/opt/ros/foxy/include/rclcpp/callback_group.hpp:23[m[K,
[5.928s]                  from [01m[K/opt/ros/foxy/include/rclcpp/any_executable.hpp:20[m[K,
[5.929s]                  from [01m[K/opt/ros/foxy/include/rclcpp/memory_strategy.hpp:24[m[K,
[5.929s]                  from [01m[K/opt/ros/foxy/include/rclcpp/memory_strategies.hpp:18[m[K,
[5.929s]                  from [01m[K/opt/ros/foxy/include/rclcpp/executor_options.hpp:20[m[K,
[5.933s]                  from [01m[K/opt/ros/foxy/include/rclcpp/executor.hpp:33[m[K,
[5.933s]                  from [01m[K/opt/ros/foxy/include/rclcpp/executors/multi_threaded_executor.hpp:26[m[K,
[5.933s]                  from [01m[K/opt/ros/foxy/include/rclcpp/executors.hpp:21[m[K,
[5.934s]                  from [01m[K/opt/ros/foxy/include/rclcpp/rclcpp.hpp:146[m[K,
[5.934s]                  from [01m[K/home/jcbynum2/dev-workspace/src/corobot/map_to_jpeg/src/map_to_image_node.cpp:29[m[K:
[5.935s] [01m[K/usr/include/c++/9/bits/stl_map.h:100:11:[m[K [01;36m[Knote: [m[K‘[01m[Kstd::map[m[K’ declared here
[5.935s]   100 |     class [01;36m[Kmap[m[K
[5.935s]       |           [01;36m[K^~~[m[K
[5.936s] In file included from [01m[K/home/jcbynum2/dev-workspace/src/corobot/map_to_jpeg/src/map_to_image_node.cpp:42[m[K:
[5.936s] [01m[K/home/jcbynum2/dev-workspace/src/corobot/map_to_jpeg/include/HectorMapTools.h:[m[K In member function ‘[01m[Kvoid HectorMapTools::CoordinateTransformer<ConcreteScalar>::setTransforms(int)[m[K’:
[5.936s] [01m[K/home/jcbynum2/dev-workspace/src/corobot/map_to_jpeg/include/HectorMapTools.h:64:81:[m[K [01;31m[Kerror: [m[K‘[01m[Kmeta[m[K’ was not declared in this scope
[5.937s]    64 |       origo_ = (Eigen::Matrix<ConcreteScalar, 2, 1>(static_cast<ConcreteScalar>([01;31m[Kmeta[m[K.origin.position.x),static_cast<ConcreteScalar>(meta.origin.position.y)));
[5.937s]       |                                                                                 [01;31m[K^~~~[m[K
[5.938s] In file included from [01m[K/home/jcbynum2/dev-workspace/src/corobot/map_to_jpeg/src/map_to_image_node.cpp:42[m[K:
[5.938s] [01m[K/home/jcbynum2/dev-workspace/src/corobot/map_to_jpeg/include/HectorMapTools.h:[m[K In member function ‘[01m[Kvoid HectorMapTools::DistanceMeasurementProvider::setMap(int)[m[K’:
[5.939s] [01m[K/home/jcbynum2/dev-workspace/src/corobot/map_to_jpeg/include/HectorMapTools.h:130:7:[m[K [01;31m[Kerror: [m[K‘[01m[Kmap_ptr_[m[K’ was not declared in this scope
[5.939s]   130 |       [01;31m[Kmap_ptr_[m[K = map;
[5.939s]       |       [01;31m[K^~~~~~~~[m[K
[5.940s] [01m[K/home/jcbynum2/dev-workspace/src/corobot/map_to_jpeg/include/HectorMapTools.h:130:18:[m[K [01;31m[Kerror: [m[K‘[01m[Kmap[m[K’ was not declared in this scope; did you mean ‘[01m[Kstd::map[m[K’?
[5.940s]   130 |       map_ptr_ = [01;31m[Kmap[m[K;
[5.941s]       |                  [01;31m[K^~~[m[K
[5.941s]       |                  [32m[Kstd::map[m[K
[5.941s] In file included from [01m[K/usr/include/c++/9/map:61[m[K,
[5.942s]                  from [01m[K/opt/ros/foxy/include/rclcpp/client.hpp:20[m[K,
[5.942s]                  from [01m[K/opt/ros/foxy/include/rclcpp/callback_group.hpp:23[m[K,
[5.943s]                  from [01m[K/opt/ros/foxy/include/rclcpp/any_executable.hpp:20[m[K,
[5.943s]                  from [01m[K/opt/ros/foxy/include/rclcpp/memory_strategy.hpp:24[m[K,
[5.943s]                  from [01m[K/opt/ros/foxy/include/rclcpp/memory_strategies.hpp:18[m[K,
[5.944s]                  from [01m[K/opt/ros/foxy/include/rclcpp/executor_options.hpp:20[m[K,
[5.944s]                  from [01m[K/opt/ros/foxy/include/rclcpp/executor.hpp:33[m[K,
[5.945s]                  from [01m[K/opt/ros/foxy/include/rclcpp/executors/multi_threaded_executor.hpp:26[m[K,
[5.945s]                  from [01m[K/opt/ros/foxy/include/rclcpp/executors.hpp:21[m[K,
[5.945s]                  from [01m[K/opt/ros/foxy/include/rclcpp/rclcpp.hpp:146[m[K,
[5.946s]                  from [01m[K/home/jcbynum2/dev-workspace/src/corobot/map_to_jpeg/src/map_to_image_node.cpp:29[m[K:
[5.946s] [01m[K/usr/include/c++/9/bits/stl_map.h:100:11:[m[K [01;36m[Knote: [m[K‘[01m[Kstd::map[m[K’ declared here
[5.946s]   100 |     class [01;36m[Kmap[m[K
[5.947s]       |           [01;36m[K^~~[m[K
[6.006s] In file included from [01m[K/home/jcbynum2/dev-workspace/src/corobot/map_to_jpeg/src/map_to_image_node.cpp:42[m[K:
[6.006s] [01m[K/home/jcbynum2/dev-workspace/src/corobot/map_to_jpeg/include/HectorMapTools.h:[m[K In member function ‘[01m[Kfloat HectorMapTools::DistanceMeasurementProvider::checkOccupancyBresenhami(const Vector2i&, const Vector2i&, Eigen::Vector2i*, unsigned int)[m[K’:
[6.007s] [01m[K/home/jcbynum2/dev-workspace/src/corobot/map_to_jpeg/include/HectorMapTools.h:155:19:[m[K [01;31m[Kerror: [m[K‘[01m[Kmap_ptr_[m[K’ was not declared in this scope
[6.008s]   155 |       int sizeX = [01;31m[Kmap_ptr_[m[K->info.width;
[6.008s]       |                   [01;31m[K^~~~~~~~[m[K
[6.047s] [01m[K/home/jcbynum2/dev-workspace/src/corobot/map_to_jpeg/include/HectorMapTools.h:[m[K In member function ‘[01m[Kint HectorMapTools::DistanceMeasurementProvider::bresenham2D(unsigned int, unsigned int, int, int, int, unsigned int, unsigned int)[m[K’:
[6.048s] [01m[K/home/jcbynum2/dev-workspace/src/corobot/map_to_jpeg/include/HectorMapTools.h:218:41:[m[K [01;31m[Kerror: [m[K‘[01m[Kmap_ptr_[m[K’ was not declared in this scope
[6.048s]   218 |       const std::vector<int8_t>& data = [01;31m[Kmap_ptr_[m[K->data;
[6.048s]       |                                         [01;31m[K^~~~~~~~[m[K
[6.054s] [01m[K/home/jcbynum2/dev-workspace/src/corobot/map_to_jpeg/include/HectorMapTools.h:[m[K In static member function ‘[01m[Kstatic bool HectorMapTools::getMapExtends(int)[m[K’:
[6.055s] [01m[K/home/jcbynum2/dev-workspace/src/corobot/map_to_jpeg/include/HectorMapTools.h:253:17:[m[K [01;31m[Kerror: [m[K‘[01m[Kmap[m[K’ was not declared in this scope; did you mean ‘[01m[Kstd::map[m[K’?
[6.055s]   253 |     int width = [01;31m[Kmap[m[K.info.width;
[6.055s]       |                 [01;31m[K^~~[m[K
[6.056s]       |                 [32m[Kstd::map[m[K
[6.056s] In file included from [01m[K/usr/include/c++/9/map:61[m[K,
[6.056s]                  from [01m[K/opt/ros/foxy/include/rclcpp/client.hpp:20[m[K,
[6.057s]                  from [01m[K/opt/ros/foxy/include/rclcpp/callback_group.hpp:23[m[K,
[6.057s]                  from [01m[K/opt/ros/foxy/include/rclcpp/any_executable.hpp:20[m[K,
[6.057s]                  from [01m[K/opt/ros/foxy/include/rclcpp/memory_strategy.hpp:24[m[K,
[6.058s]                  from [01m[K/opt/ros/foxy/include/rclcpp/memory_strategies.hpp:18[m[K,
[6.058s]                  from [01m[K/opt/ros/foxy/include/rclcpp/executor_options.hpp:20[m[K,
[6.059s]                  from [01m[K/opt/ros/foxy/include/rclcpp/executor.hpp:33[m[K,
[6.059s]                  from [01m[K/opt/ros/foxy/include/rclcpp/executors/multi_threaded_executor.hpp:26[m[K,
[6.060s]                  from [01m[K/opt/ros/foxy/include/rclcpp/executors.hpp:21[m[K,
[6.060s]                  from [01m[K/opt/ros/foxy/include/rclcpp/rclcpp.hpp:146[m[K,
[6.060s]                  from [01m[K/home/jcbynum2/dev-workspace/src/corobot/map_to_jpeg/src/map_to_image_node.cpp:29[m[K:
[6.061s] [01m[K/usr/include/c++/9/bits/stl_map.h:100:11:[m[K [01;36m[Knote: [m[K‘[01m[Kstd::map[m[K’ declared here
[6.061s]   100 |     class [01;36m[Kmap[m[K
[6.061s]       |           [01;36m[K^~~[m[K
[6.062s] In file included from [01m[K/home/jcbynum2/dev-workspace/src/corobot/map_to_jpeg/src/map_to_image_node.cpp:42[m[K:
[6.062s] [01m[K/home/jcbynum2/dev-workspace/src/corobot/map_to_jpeg/include/HectorMapTools.h:285:7:[m[K [01;31m[Kerror: [m[K‘[01m[KtopLeft[m[K’ was not declared in this scope
[6.062s]   285 |       [01;31m[KtopLeft[m[K = Eigen::Vector2i(xMinTemp,yMinTemp);
[6.063s]       |       [01;31m[K^~~~~~~[m[K
[6.068s] [01m[K/home/jcbynum2/dev-workspace/src/corobot/map_to_jpeg/include/HectorMapTools.h:286:7:[m[K [01;31m[Kerror: [m[K‘[01m[KbottomRight[m[K’ was not declared in this scope
[6.069s]   286 |       [01;31m[KbottomRight[m[K = Eigen::Vector2i(xMaxTemp+1, yMaxTemp+1);
[6.069s]       |       [01;31m[K^~~~~~~~~~~[m[K
[6.076s] [01m[K/home/jcbynum2/dev-workspace/src/corobot/map_to_jpeg/src/map_to_image_node.cpp:[m[K At global scope:
[6.077s] [01m[K/home/jcbynum2/dev-workspace/src/corobot/map_to_jpeg/src/map_to_image_node.cpp:95:42:[m[K [01;31m[Kerror: [m[K‘[01m[KPoseStampedConstPtr[m[K’ in namespace ‘[01m[Kgeometry_msgs[m[K’ does not name a type
[6.077s]    95 |   void poseCallback(const geometry_msgs::[01;31m[KPoseStampedConstPtr[m[K& pose)
[6.078s]       |                                          [01;31m[K^~~~~~~~~~~~~~~~~~~[m[K
[6.090s] In file included from [01m[K/home/jcbynum2/dev-workspace/src/corobot/map_to_jpeg/src/map_to_image_node.cpp:42[m[K:
[6.090s] [01m[K/home/jcbynum2/dev-workspace/src/corobot/map_to_jpeg/include/HectorMapTools.h:37:19:[m[K [01;31m[Kerror: [m[K‘[01m[KOccupancyGridConstrPtr[m[K’ in namespace ‘[01m[K::[m[K’ does not name a type
[6.091s]    37 | #define nav_msgs::[01;31m[KOccupancyGridConstrPtr[m[K nav_msgs::msg::OccupancyGrid*
[6.091s]       |                   [01;31m[K^~~~~~~~~~~~~~~~~~~~~~[m[K
[6.092s] [01m[K/home/jcbynum2/dev-workspace/src/corobot/map_to_jpeg/include/HectorMapTools.h:37:19:[m[K [01;36m[Knote: [m[Kin definition of macro ‘[01m[Knav_msgs[m[K’
[6.092s]    37 | #define nav_msgs::[01;36m[KOccupancyGridConstrPtr[m[K nav_msgs::msg::OccupancyGrid*
[6.093s]       |                   [01;36m[K^~~~~~~~~~~~~~~~~~~~~~[m[K
[6.093s] [01m[K/home/jcbynum2/dev-workspace/src/corobot/map_to_jpeg/include/HectorMapTools.h:37:50:[m[K [01;31m[Kerror: [m[Kexpected ‘[01m[K,[m[K’ or ‘[01m[K...[m[K’ before ‘[01m[K::[m[K’ token
[6.094s]    37 | #define nav_msgs::OccupancyGridConstrPtr nav_msgs[01;31m[K::[m[Kmsg::OccupancyGrid*
[6.094s]       |                                                  [01;31m[K^~[m[K
[6.095s] [01m[K/home/jcbynum2/dev-workspace/src/corobot/map_to_jpeg/include/HectorMapTools.h:37:50:[m[K [01;36m[Knote: [m[Kin definition of macro ‘[01m[Knav_msgs[m[K’
[6.095s]    37 | #define nav_msgs::OccupancyGridConstrPtr nav_msgs[01;36m[K::[m[Kmsg::OccupancyGrid*
[6.095s]       |                                                  [01;36m[K^~[m[K
[6.096s] [01m[K/home/jcbynum2/dev-workspace/src/corobot/map_to_jpeg/src/map_to_image_node.cpp:282:3:[m[K [01;31m[Kerror: [m[K‘[01m[Kros[m[K’ does not name a type; did you mean ‘[01m[Kcos[m[K’?
[6.096s]   282 |   [01;31m[Kros[m[K::Subscriber map_sub_;
[6.096s]       |   [01;31m[K^~~[m[K
[6.097s]       |   [32m[Kcos[m[K
[6.097s] [01m[K/home/jcbynum2/dev-workspace/src/corobot/map_to_jpeg/src/map_to_image_node.cpp:283:3:[m[K [01;31m[Kerror: [m[K‘[01m[Kros[m[K’ does not name a type; did you mean ‘[01m[Kcos[m[K’?
[6.098s]   283 |   [01;31m[Kros[m[K::Subscriber pose_sub_;
[6.098s]       |   [01;31m[K^~~[m[K
[6.099s]       |   [32m[Kcos[m[K
[6.099s] [01m[K/home/jcbynum2/dev-workspace/src/corobot/map_to_jpeg/src/map_to_image_node.cpp:291:18:[m[K [01;31m[Kerror: [m[K‘[01m[KPoseStampedConstPtr[m[K’ in namespace ‘[01m[Kgeometry_msgs[m[K’ does not name a type
[6.100s]   291 |   geometry_msgs::[01;31m[KPoseStampedConstPtr[m[K pose_ptr_;
[6.100s]       |                  [01;31m[K^~~~~~~~~~~~~~~~~~~[m[K
[6.100s] [01m[K/home/jcbynum2/dev-workspace/src/corobot/map_to_jpeg/src/map_to_image_node.cpp:297:3:[m[K [01;31m[Kerror: [m[K‘[01m[Kros[m[K’ does not name a type; did you mean ‘[01m[Kcos[m[K’?
[6.101s]   297 |   [01;31m[Kros[m[K::NodeHandle n_;
[6.101s]       |   [01;31m[K^~~[m[K
[6.101s]       |   [32m[Kcos[m[K
[6.102s] [01m[K/home/jcbynum2/dev-workspace/src/corobot/map_to_jpeg/src/map_to_image_node.cpp:298:3:[m[K [01;31m[Kerror: [m[K‘[01m[Kros[m[K’ does not name a type; did you mean ‘[01m[Kcos[m[K’?
[6.102s]   298 |   [01;31m[Kros[m[K::NodeHandle pn_;
[6.103s]       |   [01;31m[K^~~[m[K
[6.103s]       |   [32m[Kcos[m[K
[6.103s] [01m[K/home/jcbynum2/dev-workspace/src/corobot/map_to_jpeg/src/map_to_image_node.cpp:[m[K In constructor ‘[01m[KMapAsImageProvider::MapAsImageProvider()[m[K’:
[6.104s] [01m[K/home/jcbynum2/dev-workspace/src/corobot/map_to_jpeg/src/map_to_image_node.cpp:61:7:[m[K [01;31m[Kerror: [m[Kclass ‘[01m[KMapAsImageProvider[m[K’ does not have any field named ‘[01m[Kpn_[m[K’
[6.104s]    61 |     : [01;31m[Kpn_[m[K("~")
[6.105s]       |       [01;31m[K^~~[m[K
[6.105s] [01m[K/home/jcbynum2/dev-workspace/src/corobot/map_to_jpeg/src/map_to_image_node.cpp:64:60:[m[K [01;31m[Kerror: [m[K‘[01m[Kn_[m[K’ was not declared in this scope
[6.105s]    64 |     image_transport_ = new image_transport::ImageTransport([01;31m[Kn_[m[K);
[6.106s]       |                                                            [01;31m[K^~[m[K
[6.108s] [01m[K/home/jcbynum2/dev-workspace/src/corobot/map_to_jpeg/src/map_to_image_node.cpp:69:5:[m[K [01;31m[Kerror: [m[K‘[01m[Kpose_sub_[m[K’ was not declared in this scope
[6.109s]    69 |     [01;31m[Kpose_sub_[m[K = n_.subscribe("pose", 1, &MapAsImageProvider::poseCallback, this);
[6.109s]       |     [01;31m[K^~~~~~~~~[m[K
[6.120s] [01m[K/home/jcbynum2/dev-workspace/src/corobot/map_to_jpeg/src/map_to_image_node.cpp:70:5:[m[K [01;31m[Kerror: [m[K‘[01m[Kmap_sub_[m[K’ was not declared in this scope
[6.123s]    70 |     [01;31m[Kmap_sub_[m[K = n_.subscribe("map", 1, &MapAsImageProvider::mapCallback, this);
[6.124s]       |     [01;31m[K^~~~~~~~[m[K
[6.129s] [01m[K/home/jcbynum2/dev-workspace/src/corobot/map_to_jpeg/src/map_to_image_node.cpp:86:5:[m[K [01;31m[Kerror: [m[K‘[01m[KROS_INFO[m[K’ was not declared in this scope
[6.129s]    86 |     [01;31m[KROS_INFO[m[K("Map to Image node started.");
[6.130s]       |     [01;31m[K^~~~~~~~[m[K
[6.138s] [01m[K/home/jcbynum2/dev-workspace/src/corobot/map_to_jpeg/src/map_to_image_node.cpp:[m[K In member function ‘[01m[Kvoid MapAsImageProvider::poseCallback(const int&)[m[K’:
[6.139s] [01m[K/home/jcbynum2/dev-workspace/src/corobot/map_to_jpeg/src/map_to_image_node.cpp:97:5:[m[K [01;31m[Kerror: [m[K‘[01m[Kpose_ptr_[m[K’ was not declared in this scope
[6.139s]    97 |     [01;31m[Kpose_ptr_[m[K = pose;
[6.139s]       |     [01;31m[K^~~~~~~~~[m[K
[6.140s] [01m[K/home/jcbynum2/dev-workspace/src/corobot/map_to_jpeg/src/map_to_image_node.cpp:[m[K In member function ‘[01m[Kvoid MapAsImageProvider::mapCallback(int)[m[K’:
[6.140s] [01m[K/home/jcbynum2/dev-workspace/src/corobot/map_to_jpeg/src/map_to_image_node.cpp:103:21:[m[K [01;31m[Kerror: [m[Kmissing template arguments before ‘[01m[K->[m[K’ token
[6.141s]   103 |     int size_x = map[01;31m[K->[m[Kinfo.width;
[6.141s]       |                     [01;31m[K^~[m[K
[6.142s] [01m[K/home/jcbynum2/dev-workspace/src/corobot/map_to_jpeg/src/map_to_image_node.cpp:104:21:[m[K [01;31m[Kerror: [m[Kmissing template arguments before ‘[01m[K->[m[K’ token
[6.142s]   104 |     int size_y = map[01;31m[K->[m[Kinfo.height;
[6.142s]       |                     [01;31m[K^~[m[K
[6.145s] [01m[K/home/jcbynum2/dev-workspace/src/corobot/map_to_jpeg/src/map_to_image_node.cpp:107:7:[m[K [01;31m[Kerror: [m[K‘[01m[KROS_INFO[m[K’ was not declared in this scope
[6.146s]   107 |       [01;31m[KROS_INFO[m[K("Map size is only x: %d,  y: %d . Not running map to image conversion", size_x, size_y);
[6.146s]       |       [01;31m[K^~~~~~~~[m[K
[6.153s] [01m[K/home/jcbynum2/dev-workspace/src/corobot/map_to_jpeg/src/map_to_image_node.cpp:112:70:[m[K [01;31m[Kerror: [m[K‘[01m[Kpose_ptr_[m[K’ was not declared in this scope
[6.153s]   112 |     if (image_transport_publisher_full_.getNumSubscribers() > 0  && ([01;31m[Kpose_ptr_[m[K)){
[6.153s]       |                                                                      [01;31m[K^~~~~~~~~[m[K
[6.154s] [01m[K/home/jcbynum2/dev-workspace/src/corobot/map_to_jpeg/src/map_to_image_node.cpp:122:47:[m[K [01;31m[Kerror: [m[Kmissing template arguments before ‘[01m[K->[m[K’ token
[6.154s]   122 |       const std::vector<int8_t>& map_data (map[01;31m[K->[m[Kdata);
[6.155s]       |                                               [01;31m[K^~[m[K
[6.167s] [01m[K/home/jcbynum2/dev-workspace/src/corobot/map_to_jpeg/src/map_to_image_node.cpp:168:48:[m[K [01;31m[Kerror: [m[Kmissing template arguments before ‘[01m[K)[m[K’ token
[6.167s]   168 |       world_map_transformer_.setTransforms(*map[01;31m[K)[m[K;
[6.176s]       |                                                [01;31m[K^[m[K
[6.177s] [01m[K/home/jcbynum2/dev-workspace/src/corobot/map_to_jpeg/src/map_to_image_node.cpp:177:15:[m[K [01;31m[Kerror: [m[K‘[01m[Ktf[m[K’ has not been declared
[6.177s]   177 |  double yaw = [01;31m[Ktf[m[K::getYaw(pose_ptr_->pose.orientation);
[6.178s]       |               [01;31m[K^~[m[K
[6.181s] [01m[K/home/jcbynum2/dev-workspace/src/corobot/map_to_jpeg/src/map_to_image_node.cpp:187:71:[m[K [01;31m[Kerror: [m[K‘[01m[Kpose_ptr_[m[K’ was not declared in this scope
[6.182s]   187 |     if ((image_transport_publisher_tile_.getNumSubscribers() > 0) && ([01;31m[Kpose_ptr_[m[K)){
[6.182s]       |                                                                       [01;31m[K^~~~~~~~~[m[K
[6.183s] [01m[K/home/jcbynum2/dev-workspace/src/corobot/map_to_jpeg/src/map_to_image_node.cpp:189:48:[m[K [01;31m[Kerror: [m[Kmissing template arguments before ‘[01m[K)[m[K’ token
[6.183s]   189 |       world_map_transformer_.setTransforms(*map[01;31m[K)[m[K;
[6.184s]       |                                                [01;31m[K^[m[K
[6.214s] [01m[K/home/jcbynum2/dev-workspace/src/corobot/map_to_jpeg/src/map_to_image_node.cpp:246:47:[m[K [01;31m[Kerror: [m[Kmissing template arguments before ‘[01m[K->[m[K’ token
[6.214s]   246 |       const std::vector<int8_t>& map_data (map[01;31m[K->[m[Kdata);
[6.215s]       |                                               [01;31m[K^~[m[K
[6.215s] [01m[K/home/jcbynum2/dev-workspace/src/corobot/map_to_jpeg/src/map_to_image_node.cpp:[m[K In function ‘[01m[Kint main(int, char**)[m[K’:
[6.216s] [01m[K/home/jcbynum2/dev-workspace/src/corobot/map_to_jpeg/src/map_to_image_node.cpp:309:3:[m[K [01;31m[Kerror: [m[K‘[01m[Kros[m[K’ has not been declared
[6.216s]   309 |   [01;31m[Kros[m[K::init(argc, argv, "map_to_image_node");
[6.217s]       |   [01;31m[K^~~[m[K
[6.217s] [01m[K/home/jcbynum2/dev-workspace/src/corobot/map_to_jpeg/src/map_to_image_node.cpp:313:3:[m[K [01;31m[Kerror: [m[K‘[01m[Kros[m[K’ has not been declared
[6.217s]   313 |   [01;31m[Kros[m[K::spin();
[6.218s]       |   [01;31m[K^~~[m[K
[6.798s] make[2]: *** [CMakeFiles/image_to_map_node.dir/build.make:63: CMakeFiles/image_to_map_node.dir/src/image_to_map_node.cpp.o] Error 1
[6.799s] make[1]: *** [CMakeFiles/Makefile2:80: CMakeFiles/image_to_map_node.dir/all] Error 2
[6.799s] make[1]: *** Waiting for unfinished jobs....
[7.683s] make[2]: *** [CMakeFiles/map_to_image_node.dir/build.make:63: CMakeFiles/map_to_image_node.dir/src/map_to_image_node.cpp.o] Error 1
[7.688s] make[1]: *** [CMakeFiles/Makefile2:107: CMakeFiles/map_to_image_node.dir/all] Error 2
[7.690s] make: *** [Makefile:95: all] Error 2
[7.691s] Invoked command in '/home/jcbynum2/dev-workspace/src/corobot/map_to_jpeg/build/map_to_jpeg' returned '2': /usr/bin/cmake --build /home/jcbynum2/dev-workspace/src/corobot/map_to_jpeg/build/map_to_jpeg -- -j4 -l4
