[0.041s] Invoking command in '/home/jcbynum2/dev-workspace/src/corobot/map_to_jpeg/build/map_to_jpeg': /usr/bin/cmake --build /home/jcbynum2/dev-workspace/src/corobot/map_to_jpeg/build/map_to_jpeg -- -j4 -l4
[0.175s] [35m[1mScanning dependencies of target image_to_map_node[0m
[0.175s] [35m[1mScanning dependencies of target map_to_image_node[0m
[0.287s] [ 25%] [32mBuilding CXX object CMakeFiles/map_to_image_node.dir/src/map_to_image_node.cpp.o[0m
[0.290s] [ 50%] [32mBuilding CXX object CMakeFiles/image_to_map_node.dir/src/image_to_map_node.cpp.o[0m
[3.921s] In file included from [01m[K/home/jcbynum2/dev-workspace/src/corobot/map_to_jpeg/src/map_to_image_node.cpp:39[m[K:
[3.921s] [01m[K/opt/ros/foxy/include/image_transport/image_transport.h:41:89:[m[K [01;36m[Knote: [m[K#pragma message: Warning: This header is deprecated. Use 'image_transport.hpp' instead
[3.921s]    41 | #pragma message ("Warning: This header is deprecated. Use 'image_transport.hpp' instead"[01;36m[K)[m[K
[3.922s]       |                                                                                         [01;36m[K^[m[K
[4.268s] In file included from [01m[K/home/jcbynum2/dev-workspace/src/corobot/map_to_jpeg/src/image_to_map_node.cpp:38[m[K:
[4.268s] [01m[K/home/jcbynum2/dev-workspace/src/corobot/map_to_jpeg/include/HectorMapTools.h:[m[K In member function ‘[01m[Kvoid HectorMapTools::DistanceMeasurementProvider::setMap(const OccupancyGrid*)[m[K’:
[4.268s] [01m[K/home/jcbynum2/dev-workspace/src/corobot/map_to_jpeg/include/HectorMapTools.h:129:18:[m[K [01;31m[Kerror: [m[Kinvalid conversion from ‘[01m[Kconst OccupancyGrid*[m[K’ {aka ‘[01m[Kconst nav_msgs::msg::OccupancyGrid_<std::allocator<void> >*[m[K’} to ‘[01m[Knav_msgs::msg::OccupancyGrid*[m[K’ {aka ‘[01m[Knav_msgs::msg::OccupancyGrid_<std::allocator<void> >*[m[K’} [[01;31m[K-fpermissive[m[K]
[4.269s]   129 |       map_ptr_ = [01;31m[Kmap[m[K;
[4.269s]       |                  [01;31m[K^~~[m[K
[4.269s]       |                  [01;31m[K|[m[K
[4.270s]       |                  [01;31m[Kconst OccupancyGrid* {aka const nav_msgs::msg::OccupancyGrid_<std::allocator<void> >*}[m[K
[4.832s] [01m[K/home/jcbynum2/dev-workspace/src/corobot/map_to_jpeg/src/image_to_map_node.cpp:[m[K At global scope:
[4.833s] [01m[K/home/jcbynum2/dev-workspace/src/corobot/map_to_jpeg/src/image_to_map_node.cpp:56:3:[m[K [01;31m[Kerror: [m[Kinvalid use of template-name ‘[01m[Krclcpp::Publisher[m[K’ without an argument list
[4.834s]    56 |   [01;31m[Krclcpp[m[K::Publisher map_publisher;
[4.834s]       |   [01;31m[K^~~~~~[m[K
[4.834s] [01m[K/home/jcbynum2/dev-workspace/src/corobot/map_to_jpeg/src/image_to_map_node.cpp:56:3:[m[K [01;36m[Knote: [m[Kclass template argument deduction is only available with ‘[01m[K-std=c++17[m[K’ or ‘[01m[K-std=gnu++17[m[K’
[4.835s] In file included from [01m[K/opt/ros/foxy/include/rclcpp/topic_statistics/subscription_topic_statistics.hpp:31[m[K,
[4.835s]                  from [01m[K/opt/ros/foxy/include/rclcpp/subscription.hpp:50[m[K,
[4.836s]                  from [01m[K/opt/ros/foxy/include/rclcpp/any_executable.hpp:25[m[K,
[4.836s]                  from [01m[K/opt/ros/foxy/include/rclcpp/memory_strategy.hpp:24[m[K,
[4.836s]                  from [01m[K/opt/ros/foxy/include/rclcpp/memory_strategies.hpp:18[m[K,
[4.837s]                  from [01m[K/opt/ros/foxy/include/rclcpp/executor_options.hpp:20[m[K,
[4.837s]                  from [01m[K/opt/ros/foxy/include/rclcpp/executor.hpp:33[m[K,
[4.837s]                  from [01m[K/opt/ros/foxy/include/rclcpp/executors/multi_threaded_executor.hpp:26[m[K,
[4.837s]                  from [01m[K/opt/ros/foxy/include/rclcpp/executors.hpp:21[m[K,
[4.838s]                  from [01m[K/opt/ros/foxy/include/rclcpp/rclcpp.hpp:146[m[K,
[4.838s]                  from [01m[K/home/jcbynum2/dev-workspace/src/corobot/map_to_jpeg/src/image_to_map_node.cpp:30[m[K:
[4.838s] [01m[K/opt/ros/foxy/include/rclcpp/publisher.hpp:51:7:[m[K [01;36m[Knote: [m[K‘[01m[Ktemplate<class MessageT, class AllocatorT> class rclcpp::Publisher[m[K’ declared here
[4.840s]    51 | class [01;36m[KPublisher[m[K : public PublisherBase
[4.841s]       |       [01;36m[K^~~~~~~~~[m[K
[4.841s] [01m[K/home/jcbynum2/dev-workspace/src/corobot/map_to_jpeg/src/image_to_map_node.cpp:63:11:[m[K [01;31m[Kerror: [m[K‘[01m[KNodeHandle[m[K’ in namespace ‘[01m[Krclcpp[m[K’ does not name a type
[4.842s]    63 |   rclcpp::[01;31m[KNodeHandle[m[K n_;
[4.843s]       |           [01;31m[K^~~~~~~~~~[m[K
[4.843s] [01m[K/home/jcbynum2/dev-workspace/src/corobot/map_to_jpeg/src/image_to_map_node.cpp:64:11:[m[K [01;31m[Kerror: [m[K‘[01m[KNodeHandle[m[K’ in namespace ‘[01m[Krclcpp[m[K’ does not name a type
[4.844s]    64 |   rclcpp::[01;31m[KNodeHandle[m[K pn_;
[4.858s]       |           [01;31m[K^~~~~~~~~~[m[K
[4.858s] [01m[K/home/jcbynum2/dev-workspace/src/corobot/map_to_jpeg/src/image_to_map_node.cpp:88:39:[m[K [01;31m[Kerror: [m[K‘[01m[KImageConstPtr[m[K’ in namespace ‘[01m[Ksensor_msgs[m[K’ does not name a type
[4.859s]    88 |   void mapCallback(const sensor_msgs::[01;31m[KImageConstPtr[m[K& image)
[4.860s]       |                                       [01;31m[K^~~~~~~~~~~~~[m[K
[4.860s] [01m[K/home/jcbynum2/dev-workspace/src/corobot/map_to_jpeg/src/image_to_map_node.cpp:[m[K In constructor ‘[01m[KMapAsImageProvider::MapAsImageProvider()[m[K’:
[4.861s] [01m[K/home/jcbynum2/dev-workspace/src/corobot/map_to_jpeg/src/image_to_map_node.cpp:68:7:[m[K [01;31m[Kerror: [m[Kclass ‘[01m[KMapAsImageProvider[m[K’ does not have any field named ‘[01m[Kpn_[m[K’
[4.863s]    68 |     : [01;31m[Kpn_[m[K("~")
[4.865s]       |       [01;31m[K^~~[m[K
[4.865s] [01m[K/home/jcbynum2/dev-workspace/src/corobot/map_to_jpeg/src/image_to_map_node.cpp:71:60:[m[K [01;31m[Kerror: [m[K‘[01m[Kn_[m[K’ was not declared in this scope
[4.865s]    71 |     image_transport_ = new image_transport::ImageTransport([01;31m[Kn_[m[K);
[4.865s]       |                                                            [01;31m[K^~[m[K
[4.866s] [01m[K/home/jcbynum2/dev-workspace/src/corobot/map_to_jpeg/src/image_to_map_node.cpp:73:123:[m[K [01;31m[Kerror: [m[Kno matching function for call to ‘[01m[Kimage_transport::ImageTransport::subscribe(const char [14], int, void (MapAsImageProvider::*)(const int&), MapAsImageProvider*)[m[K’
[4.866s]    73 |     image_transport_subscriber_map = image_transport_->subscribe("map_image_raw", 1, &MapAsImageProvider::mapCallback,this[01;31m[K)[m[K;
[4.866s]       |                                                                                                                           [01;31m[K^[m[K
[4.866s] In file included from [01m[K/home/jcbynum2/dev-workspace/src/corobot/map_to_jpeg/src/image_to_map_node.cpp:36[m[K:
[4.866s] [01m[K/opt/ros/foxy/include/image_transport/image_transport.hpp:141:14:[m[K [01;36m[Knote: [m[Kcandidate: ‘[01m[Kimage_transport::Subscriber image_transport::ImageTransport::subscribe(const string&, uint32_t, const Callback&, const VoidPtr&, const image_transport::TransportHints*)[m[K’
[4.867s]   141 |   Subscriber [01;36m[Ksubscribe[m[K(
[4.870s]       |              [01;36m[K^~~~~~~~~[m[K
[4.872s] [01m[K/opt/ros/foxy/include/image_transport/image_transport.hpp:143:34:[m[K [01;36m[Knote: [m[K  no known conversion for argument 3 from ‘[01m[Kvoid (MapAsImageProvider::*)(const int&)[m[K’ to ‘[01m[Kconst Callback&[m[K’ {aka ‘[01m[Kconst std::function<void(const std::shared_ptr<const sensor_msgs::msg::Image_<std::allocator<void> > >&)>&[m[K’}
[4.872s]   143 |     [01;36m[Kconst Subscriber::Callback & callback[m[K,
[4.873s]       |     [01;36m[K~~~~~~~~~~~~~~~~~~~~~~~~~~~~~^~~~~~~~[m[K
[4.873s] [01m[K/opt/ros/foxy/include/image_transport/image_transport.hpp:151:14:[m[K [01;36m[Knote: [m[Kcandidate: ‘[01m[Kimage_transport::Subscriber image_transport::ImageTransport::subscribe(const string&, uint32_t, void (*)(const ImageConstPtr&), const image_transport::TransportHints*)[m[K’
[4.873s]   151 |   Subscriber [01;36m[Ksubscribe[m[K(
[4.873s]       |              [01;36m[K^~~~~~~~~[m[K
[4.874s] [01m[K/opt/ros/foxy/include/image_transport/image_transport.hpp:153:12:[m[K [01;36m[Knote: [m[K  no known conversion for argument 3 from ‘[01m[Kvoid (MapAsImageProvider::*)(const int&)[m[K’ to ‘[01m[Kvoid (*)(const ImageConstPtr&)[m[K’ {aka ‘[01m[Kvoid (*)(const std::shared_ptr<const sensor_msgs::msg::Image_<std::allocator<void> > >&)[m[K’}
[4.874s]   153 |     [01;36m[Kvoid (*fp)(const ImageConstPtr &)[m[K,
[4.874s]       |     [01;36m[K~~~~~~~^~~~~~~~~~~~~~~~~~~~~~~~~~[m[K
[4.875s] [01m[K/opt/ros/foxy/include/image_transport/image_transport.hpp:165:14:[m[K [01;36m[Knote: [m[Kcandidate: ‘[01m[Ktemplate<class T> image_transport::Subscriber image_transport::ImageTransport::subscribe(const string&, uint32_t, void (T::*)(const ImageConstPtr&), T*, const image_transport::TransportHints*)[m[K’
[4.875s]   165 |   Subscriber [01;36m[Ksubscribe[m[K(
[4.875s]       |              [01;36m[K^~~~~~~~~[m[K
[4.875s] [01m[K/opt/ros/foxy/include/image_transport/image_transport.hpp:165:14:[m[K [01;36m[Knote: [m[K  template argument deduction/substitution failed:
[4.876s] [01m[K/home/jcbynum2/dev-workspace/src/corobot/map_to_jpeg/src/image_to_map_node.cpp:73:123:[m[K [01;36m[Knote: [m[K  mismatched types ‘[01m[Kconst ImageConstPtr[m[K’ {aka ‘[01m[Kconst std::shared_ptr<const sensor_msgs::msg::Image_<std::allocator<void> > >[m[K’} and ‘[01m[Kconst int[m[K’
[4.876s]    73 |     image_transport_subscriber_map = image_transport_->subscribe("map_image_raw", 1, &MapAsImageProvider::mapCallback,this[01;36m[K)[m[K;
[4.876s]       |                                                                                                                           [01;36m[K^[m[K
[4.876s] In file included from [01m[K/home/jcbynum2/dev-workspace/src/corobot/map_to_jpeg/src/image_to_map_node.cpp:36[m[K:
[4.876s] [01m[K/opt/ros/foxy/include/image_transport/image_transport.hpp:178:14:[m[K [01;36m[Knote: [m[Kcandidate: ‘[01m[Ktemplate<class T> image_transport::Subscriber image_transport::ImageTransport::subscribe(const string&, uint32_t, void (T::*)(const ImageConstPtr&), const std::shared_ptr<_Tp>&, const image_transport::TransportHints*)[m[K’
[4.877s]   178 |   Subscriber [01;36m[Ksubscribe[m[K(
[4.877s]       |              [01;36m[K^~~~~~~~~[m[K
[4.877s] [01m[K/opt/ros/foxy/include/image_transport/image_transport.hpp:178:14:[m[K [01;36m[Knote: [m[K  template argument deduction/substitution failed:
[4.877s] [01m[K/home/jcbynum2/dev-workspace/src/corobot/map_to_jpeg/src/image_to_map_node.cpp:73:123:[m[K [01;36m[Knote: [m[K  mismatched types ‘[01m[Kconst ImageConstPtr[m[K’ {aka ‘[01m[Kconst std::shared_ptr<const sensor_msgs::msg::Image_<std::allocator<void> > >[m[K’} and ‘[01m[Kconst int[m[K’
[4.878s]    73 |     image_transport_subscriber_map = image_transport_->subscribe("map_image_raw", 1, &MapAsImageProvider::mapCallback,this[01;36m[K)[m[K;
[4.878s]       |                                                                                                                           [01;36m[K^[m[K
[4.878s] [01m[K/home/jcbynum2/dev-workspace/src/corobot/map_to_jpeg/src/image_to_map_node.cpp:75:5:[m[K [01;31m[Kerror: [m[K‘[01m[Kmap_publisher[m[K’ was not declared in this scope; did you mean ‘[01m[Krcl_publish[m[K’?
[4.878s]    75 |     [01;31m[Kmap_publisher[m[K = n_.advertise<nav_msgs::OccupancyGrid>("/map_from_jpeg", 50);
[4.878s]       |     [01;31m[K^~~~~~~~~~~~~[m[K
[4.879s]       |     [32m[Krcl_publish[m[K
[4.880s] [01m[K/home/jcbynum2/dev-workspace/src/corobot/map_to_jpeg/src/image_to_map_node.cpp:75:44:[m[K [01;31m[Kerror: [m[K‘[01m[KOccupancyGrid[m[K’ is not a member of ‘[01m[Knav_msgs[m[K’; did you mean ‘[01m[Knav_msgs::msg::OccupancyGrid[m[K’?
[4.880s]    75 |     map_publisher = n_.advertise<nav_msgs::[01;31m[KOccupancyGrid[m[K>("/map_from_jpeg", 50);
[4.880s]       |                                            [01;31m[K^~~~~~~~~~~~~[m[K
[4.880s] In file included from [01m[K/opt/ros/foxy/include/nav_msgs/srv/detail/get_map__struct.hpp:126[m[K,
[4.881s]                  from [01m[K/opt/ros/foxy/include/nav_msgs/srv/get_map.hpp:7[m[K,
[4.881s]                  from [01m[K/home/jcbynum2/dev-workspace/src/corobot/map_to_jpeg/src/image_to_map_node.cpp:32[m[K:
[4.882s] [01m[K/opt/ros/foxy/include/nav_msgs/msg/detail/occupancy_grid__struct.hpp:146:7:[m[K [01;36m[Knote: [m[K‘[01m[Knav_msgs::msg::OccupancyGrid[m[K’ declared here
[4.882s]   146 | using [01;36m[KOccupancyGrid[m[K =
[4.883s]       |       [01;36m[K^~~~~~~~~~~~~[m[K
[4.883s] [01m[K/home/jcbynum2/dev-workspace/src/corobot/map_to_jpeg/src/image_to_map_node.cpp:78:5:[m[K [01;31m[Kerror: [m[K‘[01m[KROS_INFO[m[K’ was not declared in this scope
[4.883s]    78 |     [01;31m[KROS_INFO[m[K("Image to Map node started.");
[4.883s]       |     [01;31m[K^~~~~~~~[m[K
[4.884s] [01m[K/home/jcbynum2/dev-workspace/src/corobot/map_to_jpeg/src/image_to_map_node.cpp:[m[K In member function ‘[01m[Kvoid MapAsImageProvider::mapCallback(const int&)[m[K’:
[4.884s] [01m[K/home/jcbynum2/dev-workspace/src/corobot/map_to_jpeg/src/image_to_map_node.cpp:91:15:[m[K [01;31m[Kerror: [m[K‘[01m[KOccupancyGrid[m[K’ is not a member of ‘[01m[Knav_msgs[m[K’; did you mean ‘[01m[Knav_msgs::msg::OccupancyGrid[m[K’?
[4.885s]    91 |     nav_msgs::[01;31m[KOccupancyGrid[m[K map;
[4.885s]       |               [01;31m[K^~~~~~~~~~~~~[m[K
[4.885s] In file included from [01m[K/opt/ros/foxy/include/nav_msgs/srv/detail/get_map__struct.hpp:126[m[K,
[4.885s]                  from [01m[K/opt/ros/foxy/include/nav_msgs/srv/get_map.hpp:7[m[K,
[4.886s]                  from [01m[K/home/jcbynum2/dev-workspace/src/corobot/map_to_jpeg/src/image_to_map_node.cpp:32[m[K:
[4.886s] [01m[K/opt/ros/foxy/include/nav_msgs/msg/detail/occupancy_grid__struct.hpp:146:7:[m[K [01;36m[Knote: [m[K‘[01m[Knav_msgs::msg::OccupancyGrid[m[K’ declared here
[4.886s]   146 | using [01;36m[KOccupancyGrid[m[K =
[4.886s]       |       [01;36m[K^~~~~~~~~~~~~[m[K
[4.887s] [01m[K/home/jcbynum2/dev-workspace/src/corobot/map_to_jpeg/src/image_to_map_node.cpp:93:8:[m[K [01;31m[Kerror: [m[Kmissing template arguments before ‘[01m[K.[m[K’ token
[4.887s]    93 |     map[01;31m[K.[m[Kheader.stamp = image->header.stamp;
[4.887s]       |        [01;31m[K^[m[K
[4.887s] [01m[K/home/jcbynum2/dev-workspace/src/corobot/map_to_jpeg/src/image_to_map_node.cpp:93:29:[m[K [01;31m[Kerror: [m[Kbase operand of ‘[01m[K->[m[K’ is not a pointer
[4.887s]    93 |     map.header.stamp = image[01;31m[K->[m[Kheader.stamp;
[4.888s]       |                             [01;31m[K^~[m[K
[4.888s] [01m[K/home/jcbynum2/dev-workspace/src/corobot/map_to_jpeg/src/image_to_map_node.cpp:94:8:[m[K [01;31m[Kerror: [m[Kmissing template arguments before ‘[01m[K.[m[K’ token
[4.888s]    94 |     map[01;31m[K.[m[Kheader.frame_id = "map";
[4.888s]       |        [01;31m[K^[m[K
[4.888s] [01m[K/home/jcbynum2/dev-workspace/src/corobot/map_to_jpeg/src/image_to_map_node.cpp:95:8:[m[K [01;31m[Kerror: [m[Kmissing template arguments before ‘[01m[K.[m[K’ token
[4.889s]    95 |     map[01;31m[K.[m[Kinfo.width = image->width;
[4.889s]       |        [01;31m[K^[m[K
[4.889s] [01m[K/home/jcbynum2/dev-workspace/src/corobot/map_to_jpeg/src/image_to_map_node.cpp:95:27:[m[K [01;31m[Kerror: [m[Kbase operand of ‘[01m[K->[m[K’ is not a pointer
[4.890s]    95 |     map.info.width = image[01;31m[K->[m[Kwidth;
[4.890s]       |                           [01;31m[K^~[m[K
[4.890s] [01m[K/home/jcbynum2/dev-workspace/src/corobot/map_to_jpeg/src/image_to_map_node.cpp:96:8:[m[K [01;31m[Kerror: [m[Kmissing template arguments before ‘[01m[K.[m[K’ token
[4.891s]    96 |     map[01;31m[K.[m[Kinfo.height = image->height;
[4.891s]       |        [01;31m[K^[m[K
[4.891s] [01m[K/home/jcbynum2/dev-workspace/src/corobot/map_to_jpeg/src/image_to_map_node.cpp:96:28:[m[K [01;31m[Kerror: [m[Kbase operand of ‘[01m[K->[m[K’ is not a pointer
[4.891s]    96 |     map.info.height = image[01;31m[K->[m[Kheight;
[4.891s]       |                            [01;31m[K^~[m[K
[4.892s] [01m[K/home/jcbynum2/dev-workspace/src/corobot/map_to_jpeg/src/image_to_map_node.cpp:97:8:[m[K [01;31m[Kerror: [m[Kmissing template arguments before ‘[01m[K.[m[K’ token
[4.892s]    97 |     map[01;31m[K.[m[Kinfo.origin.orientation.w = 1;
[4.892s]       |        [01;31m[K^[m[K
[4.892s] [01m[K/home/jcbynum2/dev-workspace/src/corobot/map_to_jpeg/src/image_to_map_node.cpp:98:8:[m[K [01;31m[Kerror: [m[Kmissing template arguments before ‘[01m[K.[m[K’ token
[4.893s]    98 |     map[01;31m[K.[m[Kinfo.resolution = resolution;
[4.893s]       |        [01;31m[K^[m[K
[4.894s] [01m[K/home/jcbynum2/dev-workspace/src/corobot/map_to_jpeg/src/image_to_map_node.cpp:99:8:[m[K [01;31m[Kerror: [m[Kmissing template arguments before ‘[01m[K.[m[K’ token
[4.895s]    99 |     map[01;31m[K.[m[Kinfo.origin.position.x = -((image->width + 1) * map.info.resolution * 0.5f);
[4.895s]       |        [01;31m[K^[m[K
[4.895s] [01m[K/home/jcbynum2/dev-workspace/src/corobot/map_to_jpeg/src/image_to_map_node.cpp:99:42:[m[K [01;31m[Kerror: [m[Kbase operand of ‘[01m[K->[m[K’ is not a pointer
[4.895s]    99 |     map.info.origin.position.x = -((image[01;31m[K->[m[Kwidth + 1) * map.info.resolution * 0.5f);
[4.896s]       |                                          [01;31m[K^~[m[K
[4.896s] [01m[K/home/jcbynum2/dev-workspace/src/corobot/map_to_jpeg/src/image_to_map_node.cpp:99:60:[m[K [01;31m[Kerror: [m[Kmissing template arguments before ‘[01m[K.[m[K’ token
[4.896s]    99 |     map.info.origin.position.x = -((image->width + 1) * map[01;31m[K.[m[Kinfo.resolution * 0.5f);
[4.896s]       |                                                            [01;31m[K^[m[K
[4.896s] [01m[K/home/jcbynum2/dev-workspace/src/corobot/map_to_jpeg/src/image_to_map_node.cpp:100:8:[m[K [01;31m[Kerror: [m[Kmissing template arguments before ‘[01m[K.[m[K’ token
[4.897s]   100 |     map[01;31m[K.[m[Kinfo.origin.position.y = -((image->height + 1) * map.info.resolution * 0.5f);
[4.897s]       |        [01;31m[K^[m[K
[4.897s] [01m[K/home/jcbynum2/dev-workspace/src/corobot/map_to_jpeg/src/image_to_map_node.cpp:100:42:[m[K [01;31m[Kerror: [m[Kbase operand of ‘[01m[K->[m[K’ is not a pointer
[4.897s]   100 |     map.info.origin.position.y = -((image[01;31m[K->[m[Kheight + 1) * map.info.resolution * 0.5f);
[4.897s]       |                                          [01;31m[K^~[m[K
[4.898s] [01m[K/home/jcbynum2/dev-workspace/src/corobot/map_to_jpeg/src/image_to_map_node.cpp:100:61:[m[K [01;31m[Kerror: [m[Kmissing template arguments before ‘[01m[K.[m[K’ token
[4.899s]   100 |     map.info.origin.position.y = -((image->height + 1) * map[01;31m[K.[m[Kinfo.resolution * 0.5f);
[4.901s]       |                                                             [01;31m[K^[m[K
[4.902s] [01m[K/home/jcbynum2/dev-workspace/src/corobot/map_to_jpeg/src/image_to_map_node.cpp:104:20:[m[K [01;31m[Kerror: [m[Kbase operand of ‘[01m[K->[m[K’ is not a pointer
[4.902s]   104 |     for(int i=image[01;31m[K->[m[Kheight -1; i>=0; i--)
[4.903s]       |                    [01;31m[K^~[m[K
[4.904s] [01m[K/home/jcbynum2/dev-workspace/src/corobot/map_to_jpeg/src/image_to_map_node.cpp:106:32:[m[K [01;31m[Kerror: [m[Kbase operand of ‘[01m[K->[m[K’ is not a pointer
[4.904s]   106 |  for (unsigned int j=0; j<image[01;31m[K->[m[Kwidth;j++)
[4.905s]       |                                [01;31m[K^~[m[K
[4.905s] [01m[K/home/jcbynum2/dev-workspace/src/corobot/map_to_jpeg/src/image_to_map_node.cpp:108:18:[m[K [01;31m[Kerror: [m[Kbase operand of ‘[01m[K->[m[K’ is not a pointer
[4.906s]   108 |      data = image[01;31m[K->[m[Kdata[i*image->width + j];
[4.907s]       |                  [01;31m[K^~[m[K
[4.908s] [01m[K/home/jcbynum2/dev-workspace/src/corobot/map_to_jpeg/src/image_to_map_node.cpp:108:32:[m[K [01;31m[Kerror: [m[Kbase operand of ‘[01m[K->[m[K’ is not a pointer
[4.908s]   108 |      data = image->data[i*image[01;31m[K->[m[Kwidth + j];
[4.909s]       |                                [01;31m[K^~[m[K
[4.909s] [01m[K/home/jcbynum2/dev-workspace/src/corobot/map_to_jpeg/src/image_to_map_node.cpp:110:10:[m[K [01;31m[Kerror: [m[Kmissing template arguments before ‘[01m[K.[m[K’ token
[4.910s]   110 |       map[01;31m[K.[m[Kdata.push_back(-1);
[4.910s]       |          [01;31m[K^[m[K
[4.911s] [01m[K/home/jcbynum2/dev-workspace/src/corobot/map_to_jpeg/src/image_to_map_node.cpp:113:6:[m[K [01;31m[Kerror: [m[Kmissing template arguments before ‘[01m[K.[m[K’ token
[4.912s]   113 |   map[01;31m[K.[m[Kdata.push_back(0);
[4.912s]       |      [01;31m[K^[m[K
[4.913s] [01m[K/home/jcbynum2/dev-workspace/src/corobot/map_to_jpeg/src/image_to_map_node.cpp:116:6:[m[K [01;31m[Kerror: [m[Kmissing template arguments before ‘[01m[K.[m[K’ token
[4.914s]   116 |   map[01;31m[K.[m[Kdata.push_back(100);
[4.914s]       |      [01;31m[K^[m[K
[4.915s] [01m[K/home/jcbynum2/dev-workspace/src/corobot/map_to_jpeg/src/image_to_map_node.cpp:120:5:[m[K [01;31m[Kerror: [m[K‘[01m[Kmap_publisher[m[K’ was not declared in this scope; did you mean ‘[01m[Krcl_publish[m[K’?
[4.915s]   120 |     [01;31m[Kmap_publisher[m[K.publish(map);
[4.916s]       |     [01;31m[K^~~~~~~~~~~~~[m[K
[4.916s]       |     [32m[Krcl_publish[m[K
[4.917s] [01m[K/home/jcbynum2/dev-workspace/src/corobot/map_to_jpeg/src/image_to_map_node.cpp:120:30:[m[K [01;31m[Kerror: [m[Kmissing template arguments before ‘[01m[K)[m[K’ token
[4.917s]   120 |     map_publisher.publish(map[01;31m[K)[m[K;
[4.917s]       |                              [01;31m[K^[m[K
[4.918s] [01m[K/home/jcbynum2/dev-workspace/src/corobot/map_to_jpeg/src/image_to_map_node.cpp:[m[K In function ‘[01m[Kint main(int, char**)[m[K’:
[4.918s] [01m[K/home/jcbynum2/dev-workspace/src/corobot/map_to_jpeg/src/image_to_map_node.cpp:127:28:[m[K [01;31m[Kerror: [m[Kinvalid initialization of reference of type ‘[01m[Kconst rclcpp::InitOptions&[m[K’ from expression of type ‘[01m[Kconst char [18][m[K’
[4.919s]   127 |   rclcpp::init(argc, argv, [01;31m[K"image_to_map_node"[m[K);
[4.919s]       |                            [01;31m[K^~~~~~~~~~~~~~~~~~~[m[K
[4.920s] In file included from [01m[K/opt/ros/foxy/include/rclcpp/client.hpp:36[m[K,
[4.921s]                  from [01m[K/opt/ros/foxy/include/rclcpp/callback_group.hpp:23[m[K,
[4.921s]                  from [01m[K/opt/ros/foxy/include/rclcpp/any_executable.hpp:20[m[K,
[4.922s]                  from [01m[K/opt/ros/foxy/include/rclcpp/memory_strategy.hpp:24[m[K,
[4.922s]                  from [01m[K/opt/ros/foxy/include/rclcpp/memory_strategies.hpp:18[m[K,
[4.922s]                  from [01m[K/opt/ros/foxy/include/rclcpp/executor_options.hpp:20[m[K,
[4.923s]                  from [01m[K/opt/ros/foxy/include/rclcpp/executor.hpp:33[m[K,
[4.923s]                  from [01m[K/opt/ros/foxy/include/rclcpp/executors/multi_threaded_executor.hpp:26[m[K,
[4.924s]                  from [01m[K/opt/ros/foxy/include/rclcpp/executors.hpp:21[m[K,
[4.924s]                  from [01m[K/opt/ros/foxy/include/rclcpp/rclcpp.hpp:146[m[K,
[4.925s]                  from [01m[K/home/jcbynum2/dev-workspace/src/corobot/map_to_jpeg/src/image_to_map_node.cpp:30[m[K:
[4.925s] [01m[K/opt/ros/foxy/include/rclcpp/utilities.hpp:56:63:[m[K [01;36m[Knote: [m[Kin passing argument 3 of ‘[01m[Kvoid rclcpp::init(int, const char* const*, const rclcpp::InitOptions&)[m[K’
[4.926s]    56 | init(int argc, char const * const argv[], [01;36m[Kconst InitOptions & init_options = InitOptions()[m[K);
[4.926s]       |                                           [01;36m[K~~~~~~~~~~~~~~~~~~~~^~~~~~~~~~~~~~~~~~~~~~~~~~~~[m[K
[4.927s] [01m[K/home/jcbynum2/dev-workspace/src/corobot/map_to_jpeg/src/image_to_map_node.cpp:129:11:[m[K [01;31m[Kerror: [m[K‘[01m[KNodeHandle[m[K’ is not a member of ‘[01m[Krclcpp[m[K’
[4.927s]   129 |   rclcpp::[01;31m[KNodeHandle[m[K nh("~");
[4.927s]       |           [01;31m[K^~~~~~~~~~[m[K
[4.928s] [01m[K/home/jcbynum2/dev-workspace/src/corobot/map_to_jpeg/src/image_to_map_node.cpp:130:3:[m[K [01;31m[Kerror: [m[K‘[01m[Knh[m[K’ was not declared in this scope
[4.928s]   130 |   [01;31m[Knh[m[K.param("resolution", resolution, 0.05);
[4.929s]       |   [01;31m[K^~[m[K
[4.929s] [01m[K/home/jcbynum2/dev-workspace/src/corobot/map_to_jpeg/src/image_to_map_node.cpp:135:16:[m[K [01;31m[Kerror: [m[Kno matching function for call to ‘[01m[Kspin()[m[K’
[4.930s]   135 |   rclcpp::spin([01;31m[K)[m[K;
[4.930s]       |                [01;31m[K^[m[K
[4.931s] In file included from [01m[K/opt/ros/foxy/include/rclcpp/rclcpp.hpp:146[m[K,
[4.931s]                  from [01m[K/home/jcbynum2/dev-workspace/src/corobot/map_to_jpeg/src/image_to_map_node.cpp:30[m[K:
[4.931s] [01m[K/opt/ros/foxy/include/rclcpp/executors.hpp:45:1:[m[K [01;36m[Knote: [m[Kcandidate: ‘[01m[Kvoid rclcpp::spin(rclcpp::node_interfaces::NodeBaseInterface::SharedPtr)[m[K’
[4.937s]    45 | [01;36m[Kspin[m[K(rclcpp::node_interfaces::NodeBaseInterface::SharedPtr node_ptr);
[4.938s]       | [01;36m[K^~~~[m[K
[4.941s] [01m[K/opt/ros/foxy/include/rclcpp/executors.hpp:45:1:[m[K [01;36m[Knote: [m[K  candidate expects 1 argument, 0 provided
[4.941s] [01m[K/opt/ros/foxy/include/rclcpp/executors.hpp:49:1:[m[K [01;36m[Knote: [m[Kcandidate: ‘[01m[Kvoid rclcpp::spin(rclcpp::Node::SharedPtr)[m[K’
[4.942s]    49 | [01;36m[Kspin[m[K(rclcpp::Node::SharedPtr node_ptr);
[4.942s]       | [01;36m[K^~~~[m[K
[4.946s] [01m[K/opt/ros/foxy/include/rclcpp/executors.hpp:49:1:[m[K [01;36m[Knote: [m[K  candidate expects 1 argument, 0 provided
[5.428s] In file included from [01m[K/home/jcbynum2/dev-workspace/src/corobot/map_to_jpeg/src/map_to_image_node.cpp:42[m[K:
[5.428s] [01m[K/home/jcbynum2/dev-workspace/src/corobot/map_to_jpeg/include/HectorMapTools.h:50:33:[m[K [01;31m[Kerror: [m[K‘[01m[Knav_msgs[m[K’ does not name a type
[5.428s]    50 |     CoordinateTransformer(const [01;31m[Knav_msgs[m[K::msg::OccupancyGrid* map)
[5.429s]       |                                 [01;31m[K^~~~~~~~[m[K
[5.429s] [01m[K/home/jcbynum2/dev-workspace/src/corobot/map_to_jpeg/include/HectorMapTools.h:50:46:[m[K [01;31m[Kerror: [m[Kexpected unqualified-id before ‘[01m[K::[m[K’ token
[5.429s]    50 |     CoordinateTransformer(const nav_msgs::msg[01;31m[K::[m[KOccupancyGrid* map)
[5.429s]       |                                              [01;31m[K^~[m[K
[5.430s] [01m[K/home/jcbynum2/dev-workspace/src/corobot/map_to_jpeg/include/HectorMapTools.h:50:46:[m[K [01;31m[Kerror: [m[Kexpected ‘[01m[K)[m[K’ before ‘[01m[K::[m[K’ token
[5.430s]    50 |     CoordinateTransformer[34m[K([m[Kconst nav_msgs::msg[01;31m[K:[m[K[32m[K:[m[KOccupancyGrid* map)
[5.430s]       |                          [34m[K~[m[K                   [01;31m[K^[m[K[32m[K~[m[K
[5.430s]       |                                              [32m[K)[m[K
[5.430s] [01m[K/home/jcbynum2/dev-workspace/src/corobot/map_to_jpeg/include/HectorMapTools.h:50:43:[m[K [01;31m[Kerror: [m[Kexpected ‘[01m[K;[m[K’ at end of member declaration
[5.431s]    50 |     CoordinateTransformer(const nav_msgs::[01;31m[Kmsg[m[K::OccupancyGrid* map)
[5.431s]       |                                           [01;31m[K^~~[m[K
[5.431s]       |                                              [32m[K;[m[K
[5.434s] [01m[K/home/jcbynum2/dev-workspace/src/corobot/map_to_jpeg/include/HectorMapTools.h:50:48:[m[K [01;31m[Kerror: [m[K‘[01m[KOccupancyGrid[m[K’ in namespace ‘[01m[K::[m[K’ does not name a type
[5.434s]    50 |     CoordinateTransformer(const nav_msgs::msg::[01;31m[KOccupancyGrid[m[K* map)
[5.434s]       |                                                [01;31m[K^~~~~~~~~~~~~[m[K
[5.439s] [01m[K/home/jcbynum2/dev-workspace/src/corobot/map_to_jpeg/include/HectorMapTools.h:56:30:[m[K [01;31m[Kerror: [m[K‘[01m[Knav_msgs[m[K’ does not name a type
[5.440s]    56 |     void setTransforms(const [01;31m[Knav_msgs[m[K::msg::OccupancyGrid& map)
[5.440s]       |                              [01;31m[K^~~~~~~~[m[K
[5.440s] [01m[K/home/jcbynum2/dev-workspace/src/corobot/map_to_jpeg/include/HectorMapTools.h:56:43:[m[K [01;31m[Kerror: [m[Kexpected unqualified-id before ‘[01m[K::[m[K’ token
[5.440s]    56 |     void setTransforms(const nav_msgs::msg[01;31m[K::[m[KOccupancyGrid& map)
[5.441s]       |                                           [01;31m[K^~[m[K
[5.441s] [01m[K/home/jcbynum2/dev-workspace/src/corobot/map_to_jpeg/include/HectorMapTools.h:56:43:[m[K [01;31m[Kerror: [m[Kexpected ‘[01m[K)[m[K’ before ‘[01m[K::[m[K’ token
[5.441s]    56 |     void setTransforms[34m[K([m[Kconst nav_msgs::msg[01;31m[K:[m[K[32m[K:[m[KOccupancyGrid& map)
[5.441s]       |                       [34m[K~[m[K                   [01;31m[K^[m[K[32m[K~[m[K
[5.441s]       |                                           [32m[K)[m[K
[5.442s] [01m[K/home/jcbynum2/dev-workspace/src/corobot/map_to_jpeg/include/HectorMapTools.h:56:40:[m[K [01;31m[Kerror: [m[Kexpected ‘[01m[K;[m[K’ at end of member declaration
[5.442s]    56 |     void setTransforms(const nav_msgs::[01;31m[Kmsg[m[K::OccupancyGrid& map)
[5.442s]       |                                        [01;31m[K^~~[m[K
[5.442s]       |                                           [32m[K;[m[K
[5.445s] [01m[K/home/jcbynum2/dev-workspace/src/corobot/map_to_jpeg/include/HectorMapTools.h:56:45:[m[K [01;31m[Kerror: [m[K‘[01m[KOccupancyGrid[m[K’ in namespace ‘[01m[K::[m[K’ does not name a type
[5.445s]    56 |     void setTransforms(const nav_msgs::msg::[01;31m[KOccupancyGrid[m[K& map)
[5.446s]       |                                             [01;31m[K^~~~~~~~~~~~~[m[K
[5.450s] [01m[K/home/jcbynum2/dev-workspace/src/corobot/map_to_jpeg/include/HectorMapTools.h:61:30:[m[K [01;31m[Kerror: [m[K‘[01m[Knav_msgs[m[K’ does not name a type
[5.451s]    61 |     void setTransforms(const [01;31m[Knav_msgs[m[K::msg::MapMetaData& meta)
[5.451s]       |                              [01;31m[K^~~~~~~~[m[K
[5.451s] [01m[K/home/jcbynum2/dev-workspace/src/corobot/map_to_jpeg/include/HectorMapTools.h:61:43:[m[K [01;31m[Kerror: [m[Kexpected unqualified-id before ‘[01m[K::[m[K’ token
[5.451s]    61 |     void setTransforms(const nav_msgs::msg[01;31m[K::[m[KMapMetaData& meta)
[5.452s]       |                                           [01;31m[K^~[m[K
[5.452s] [01m[K/home/jcbynum2/dev-workspace/src/corobot/map_to_jpeg/include/HectorMapTools.h:61:43:[m[K [01;31m[Kerror: [m[Kexpected ‘[01m[K)[m[K’ before ‘[01m[K::[m[K’ token
[5.452s]    61 |     void setTransforms[34m[K([m[Kconst nav_msgs::msg[01;31m[K:[m[K[32m[K:[m[KMapMetaData& meta)
[5.452s]       |                       [34m[K~[m[K                   [01;31m[K^[m[K[32m[K~[m[K
[5.452s]       |                                           [32m[K)[m[K
[5.452s] [01m[K/home/jcbynum2/dev-workspace/src/corobot/map_to_jpeg/include/HectorMapTools.h:61:40:[m[K [01;31m[Kerror: [m[Kexpected ‘[01m[K;[m[K’ at end of member declaration
[5.453s]    61 |     void setTransforms(const nav_msgs::[01;31m[Kmsg[m[K::MapMetaData& meta)
[5.453s]       |                                        [01;31m[K^~~[m[K
[5.453s]       |                                           [32m[K;[m[K
[5.453s] [01m[K/home/jcbynum2/dev-workspace/src/corobot/map_to_jpeg/include/HectorMapTools.h:61:10:[m[K [01;31m[Kerror: [m[K‘[01m[Kvoid HectorMapTools::CoordinateTransformer<ConcreteScalar>::setTransforms(...)[m[K’ cannot be overloaded with ‘[01m[Kvoid HectorMapTools::CoordinateTransformer<ConcreteScalar>::setTransforms(...)[m[K’
[5.454s]    61 |     void [01;31m[KsetTransforms[m[K(const nav_msgs::msg::MapMetaData& meta)
[5.454s]       |          [01;31m[K^~~~~~~~~~~~~[m[K
[5.454s] [01m[K/home/jcbynum2/dev-workspace/src/corobot/map_to_jpeg/include/HectorMapTools.h:56:10:[m[K [01;36m[Knote: [m[Kprevious declaration ‘[01m[Kvoid HectorMapTools::CoordinateTransformer<ConcreteScalar>::setTransforms(...)[m[K’
[5.454s]    56 |     void [01;36m[KsetTransforms[m[K(const nav_msgs::msg::OccupancyGrid& map)
[5.454s]       |          [01;36m[K^~~~~~~~~~~~~[m[K
[5.456s] [01m[K/home/jcbynum2/dev-workspace/src/corobot/map_to_jpeg/include/HectorMapTools.h:61:45:[m[K [01;31m[Kerror: [m[K‘[01m[KMapMetaData[m[K’ in namespace ‘[01m[K::[m[K’ does not name a type
[5.457s]    61 |     void setTransforms(const nav_msgs::msg::[01;31m[KMapMetaData[m[K& meta)
[5.457s]       |                                             [01;31m[K^~~~~~~~~~~[m[K
[5.464s] In file included from [01m[K/home/jcbynum2/dev-workspace/src/corobot/map_to_jpeg/src/map_to_image_node.cpp:42[m[K:
[5.464s] [01m[K/home/jcbynum2/dev-workspace/src/corobot/map_to_jpeg/include/HectorMapTools.h:127:23:[m[K [01;31m[Kerror: [m[K‘[01m[Knav_msgs[m[K’ does not name a type
[5.465s]   127 |     void setMap(const [01;31m[Knav_msgs[m[K::msg::OccupancyGrid* map)
[5.465s]       |                       [01;31m[K^~~~~~~~[m[K
[5.465s] [01m[K/home/jcbynum2/dev-workspace/src/corobot/map_to_jpeg/include/HectorMapTools.h:127:36:[m[K [01;31m[Kerror: [m[Kexpected unqualified-id before ‘[01m[K::[m[K’ token
[5.466s]   127 |     void setMap(const nav_msgs::msg[01;31m[K::[m[KOccupancyGrid* map)
[5.466s]       |                                    [01;31m[K^~[m[K
[5.466s] [01m[K/home/jcbynum2/dev-workspace/src/corobot/map_to_jpeg/include/HectorMapTools.h:127:36:[m[K [01;31m[Kerror: [m[Kexpected ‘[01m[K)[m[K’ before ‘[01m[K::[m[K’ token
[5.466s]   127 |     void setMap[34m[K([m[Kconst nav_msgs::msg[01;31m[K:[m[K[32m[K:[m[KOccupancyGrid* map)
[5.467s]       |                [34m[K~[m[K                   [01;31m[K^[m[K[32m[K~[m[K
[5.467s]       |                                    [32m[K)[m[K
[5.467s] [01m[K/home/jcbynum2/dev-workspace/src/corobot/map_to_jpeg/include/HectorMapTools.h:127:33:[m[K [01;31m[Kerror: [m[Kexpected ‘[01m[K;[m[K’ at end of member declaration
[5.469s]   127 |     void setMap(const nav_msgs::[01;31m[Kmsg[m[K::OccupancyGrid* map)
[5.481s]       |                                 [01;31m[K^~~[m[K
[5.481s]       |                                    [32m[K;[m[K
[5.481s] [01m[K/home/jcbynum2/dev-workspace/src/corobot/map_to_jpeg/include/HectorMapTools.h:127:38:[m[K [01;31m[Kerror: [m[K‘[01m[KOccupancyGrid[m[K’ in namespace ‘[01m[K::[m[K’ does not name a type
[5.482s]   127 |     void setMap(const nav_msgs::msg::[01;31m[KOccupancyGrid[m[K* map)
[5.482s]       |                                      [01;31m[K^~~~~~~~~~~~~[m[K
[5.542s] [01m[K/home/jcbynum2/dev-workspace/src/corobot/map_to_jpeg/include/HectorMapTools.h:237:5:[m[K [01;31m[Kerror: [m[K‘[01m[Knav_msgs[m[K’ does not name a type
[5.542s]   237 |     [01;31m[Knav_msgs[m[K::msg::OccupancyGrid* map_ptr_;
[5.543s]       |     [01;31m[K^~~~~~~~[m[K
[5.547s] [01m[K/home/jcbynum2/dev-workspace/src/corobot/map_to_jpeg/include/HectorMapTools.h:242:35:[m[K [01;31m[Kerror: [m[K‘[01m[Knav_msgs[m[K’ does not name a type
[5.547s]   242 |   static bool getMapExtends(const [01;31m[Knav_msgs[m[K::msg::OccupancyGrid& map, Eigen::Vector2i& topLeft, Eigen::Vector2i& bottomRight)
[5.548s]       |                                   [01;31m[K^~~~~~~~[m[K
[5.548s] [01m[K/home/jcbynum2/dev-workspace/src/corobot/map_to_jpeg/include/HectorMapTools.h:242:48:[m[K [01;31m[Kerror: [m[Kexpected unqualified-id before ‘[01m[K::[m[K’ token
[5.548s]   242 |   static bool getMapExtends(const nav_msgs::msg[01;31m[K::[m[KOccupancyGrid& map, Eigen::Vector2i& topLeft, Eigen::Vector2i& bottomRight)
[5.548s]       |                                                [01;31m[K^~[m[K
[5.548s] [01m[K/home/jcbynum2/dev-workspace/src/corobot/map_to_jpeg/include/HectorMapTools.h:242:48:[m[K [01;31m[Kerror: [m[Kexpected ‘[01m[K)[m[K’ before ‘[01m[K::[m[K’ token
[5.549s]   242 |   static bool getMapExtends[34m[K([m[Kconst nav_msgs::msg[01;31m[K:[m[K[32m[K:[m[KOccupancyGrid& map, Eigen::Vector2i& topLeft, Eigen::Vector2i& bottomRight)
[5.549s]       |                            [34m[K~[m[K                   [01;31m[K^[m[K[32m[K~[m[K
[5.549s]       |                                                [32m[K)[m[K
[5.549s] [01m[K/home/jcbynum2/dev-workspace/src/corobot/map_to_jpeg/include/HectorMapTools.h:242:45:[m[K [01;31m[Kerror: [m[Kexpected ‘[01m[K;[m[K’ at end of member declaration
[5.549s]   242 |   static bool getMapExtends(const nav_msgs::[01;31m[Kmsg[m[K::OccupancyGrid& map, Eigen::Vector2i& topLeft, Eigen::Vector2i& bottomRight)
[5.550s]       |                                             [01;31m[K^~~[m[K
[5.550s]       |                                                [32m[K;[m[K
[5.552s] [01m[K/home/jcbynum2/dev-workspace/src/corobot/map_to_jpeg/include/HectorMapTools.h:242:50:[m[K [01;31m[Kerror: [m[K‘[01m[KOccupancyGrid[m[K’ in namespace ‘[01m[K::[m[K’ does not name a type
[5.553s]   242 |   static bool getMapExtends(const nav_msgs::msg::[01;31m[KOccupancyGrid[m[K& map, Eigen::Vector2i& topLeft, Eigen::Vector2i& bottomRight)
[5.553s]       |                                                  [01;31m[K^~~~~~~~~~~~~[m[K
[5.555s] [01m[K/home/jcbynum2/dev-workspace/src/corobot/map_to_jpeg/include/HectorMapTools.h:[m[K In constructor ‘[01m[KHectorMapTools::DistanceMeasurementProvider::DistanceMeasurementProvider()[m[K’:
[5.555s] [01m[K/home/jcbynum2/dev-workspace/src/corobot/map_to_jpeg/include/HectorMapTools.h:123:5:[m[K [01;31m[Kerror: [m[Kcall of overloaded ‘[01m[KCoordinateTransformer()[m[K’ is ambiguous
[5.555s]   123 |     [01;31m[K{[m[K
[5.555s]       |     [01;31m[K^[m[K
[5.555s] In file included from [01m[K/home/jcbynum2/dev-workspace/src/corobot/map_to_jpeg/src/map_to_image_node.cpp:42[m[K:
[5.556s] [01m[K/home/jcbynum2/dev-workspace/src/corobot/map_to_jpeg/include/HectorMapTools.h:50:5:[m[K [01;36m[Knote: [m[Kcandidate: ‘[01m[KHectorMapTools::CoordinateTransformer<ConcreteScalar>::CoordinateTransformer(...) [with ConcreteScalar = float][m[K’
[5.556s]    50 |     [01;36m[KCoordinateTransformer[m[K(const nav_msgs::msg::OccupancyGrid* map)
[5.556s]       |     [01;36m[K^~~~~~~~~~~~~~~~~~~~~[m[K
[5.556s] [01m[K/home/jcbynum2/dev-workspace/src/corobot/map_to_jpeg/include/HectorMapTools.h:45:5:[m[K [01;36m[Knote: [m[Kcandidate: ‘[01m[KHectorMapTools::CoordinateTransformer<ConcreteScalar>::CoordinateTransformer() [with ConcreteScalar = float][m[K’
[5.556s]    45 |     [01;36m[KCoordinateTransformer[m[K()
[5.557s]       |     [01;36m[K^~~~~~~~~~~~~~~~~~~~~[m[K
[5.629s] In file included from [01m[K/home/jcbynum2/dev-workspace/src/corobot/map_to_jpeg/src/map_to_image_node.cpp:42[m[K:
[5.629s] [01m[K/home/jcbynum2/dev-workspace/src/corobot/map_to_jpeg/include/HectorMapTools.h:[m[K In member function ‘[01m[Kfloat HectorMapTools::DistanceMeasurementProvider::checkOccupancyBresenhami(const Vector2i&, const Vector2i&, Eigen::Vector2i*, unsigned int)[m[K’:
[5.629s] [01m[K/home/jcbynum2/dev-workspace/src/corobot/map_to_jpeg/include/HectorMapTools.h:154:19:[m[K [01;31m[Kerror: [m[K‘[01m[Kmap_ptr_[m[K’ was not declared in this scope
[5.630s]   154 |       int sizeX = [01;31m[Kmap_ptr_[m[K->info.width;
[5.630s]       |                   [01;31m[K^~~~~~~~[m[K
[5.688s] [01m[K/home/jcbynum2/dev-workspace/src/corobot/map_to_jpeg/include/HectorMapTools.h:[m[K In member function ‘[01m[Kint HectorMapTools::DistanceMeasurementProvider::bresenham2D(unsigned int, unsigned int, int, int, int, unsigned int, unsigned int)[m[K’:
[5.688s] [01m[K/home/jcbynum2/dev-workspace/src/corobot/map_to_jpeg/include/HectorMapTools.h:217:41:[m[K [01;31m[Kerror: [m[K‘[01m[Kmap_ptr_[m[K’ was not declared in this scope
[5.689s]   217 |       const std::vector<int8_t>& data = [01;31m[Kmap_ptr_[m[K->data;
[5.689s]       |                                         [01;31m[K^~~~~~~~[m[K
[5.695s] [01m[K/home/jcbynum2/dev-workspace/src/corobot/map_to_jpeg/src/map_to_image_node.cpp:[m[K At global scope:
[5.696s] [01m[K/home/jcbynum2/dev-workspace/src/corobot/map_to_jpeg/src/map_to_image_node.cpp:95:42:[m[K [01;31m[Kerror: [m[K‘[01m[KPoseStampedConstPtr[m[K’ in namespace ‘[01m[Kgeometry_msgs[m[K’ does not name a type
[5.697s]    95 |   void poseCallback(const geometry_msgs::[01;31m[KPoseStampedConstPtr[m[K& pose)
[5.697s]       |                                          [01;31m[K^~~~~~~~~~~~~~~~~~~[m[K
[5.701s] [01m[K/home/jcbynum2/dev-workspace/src/corobot/map_to_jpeg/src/map_to_image_node.cpp:101:26:[m[K [01;31m[Kerror: [m[K‘[01m[Knav_msgs[m[K’ does not name a type
[5.702s]   101 |   void mapCallback(const [01;31m[Knav_msgs[m[K::OccupancyGridConstPtr& map)
[5.702s]       |                          [01;31m[K^~~~~~~~[m[K
[5.703s] [01m[K/home/jcbynum2/dev-workspace/src/corobot/map_to_jpeg/src/map_to_image_node.cpp:101:57:[m[K [01;31m[Kerror: [m[Kexpected unqualified-id before ‘[01m[K&[m[K’ token
[5.703s]   101 |   void mapCallback(const nav_msgs::OccupancyGridConstPtr[01;31m[K&[m[K map)
[5.704s]       |                                                         [01;31m[K^[m[K
[5.704s] [01m[K/home/jcbynum2/dev-workspace/src/corobot/map_to_jpeg/src/map_to_image_node.cpp:101:57:[m[K [01;31m[Kerror: [m[Kexpected ‘[01m[K)[m[K’ before ‘[01m[K&[m[K’ token
[5.705s]   101 |   void mapCallback[34m[K([m[Kconst nav_msgs::OccupancyGridConstPtr[01;31m[K&[m[K map)
[5.705s]       |                   [34m[K~[m[K                                     [01;31m[K^[m[K
[5.706s]       |                                                         [32m[K)[m[K
[5.706s] [01m[K/home/jcbynum2/dev-workspace/src/corobot/map_to_jpeg/src/map_to_image_node.cpp:101:57:[m[K [01;31m[Kerror: [m[Kexpected ‘[01m[K;[m[K’ at end of member declaration
[5.707s]   101 |   void mapCallback(const nav_msgs::OccupancyGridConstPtr[01;31m[K&[m[K map)
[5.707s]       |                                                         [01;31m[K^[m[K
[5.707s]       |                                                          [32m[K;[m[K
[5.708s] [01m[K/home/jcbynum2/dev-workspace/src/corobot/map_to_jpeg/src/map_to_image_node.cpp:101:59:[m[K [01;31m[Kerror: [m[Kinvalid use of template-name ‘[01m[Kstd::map[m[K’ without an argument list
[5.711s]   101 |   void mapCallback(const nav_msgs::OccupancyGridConstPtr& [01;31m[Kmap[m[K)
[5.712s]       |                                                           [01;31m[K^~~[m[K
[5.713s] [01m[K/home/jcbynum2/dev-workspace/src/corobot/map_to_jpeg/src/map_to_image_node.cpp:101:59:[m[K [01;36m[Knote: [m[Kclass template argument deduction is only available with ‘[01m[K-std=c++17[m[K’ or ‘[01m[K-std=gnu++17[m[K’
[5.714s] In file included from [01m[K/usr/include/c++/9/map:61[m[K,
[5.715s]                  from [01m[K/opt/ros/foxy/include/rclcpp/client.hpp:20[m[K,
[5.715s]                  from [01m[K/opt/ros/foxy/include/rclcpp/callback_group.hpp:23[m[K,
[5.716s]                  from [01m[K/opt/ros/foxy/include/rclcpp/any_executable.hpp:20[m[K,
[5.717s]                  from [01m[K/opt/ros/foxy/include/rclcpp/memory_strategy.hpp:24[m[K,
[5.717s]                  from [01m[K/opt/ros/foxy/include/rclcpp/memory_strategies.hpp:18[m[K,
[5.718s]                  from [01m[K/opt/ros/foxy/include/rclcpp/executor_options.hpp:20[m[K,
[5.719s]                  from [01m[K/opt/ros/foxy/include/rclcpp/executor.hpp:33[m[K,
[5.719s]                  from [01m[K/opt/ros/foxy/include/rclcpp/executors/multi_threaded_executor.hpp:26[m[K,
[5.720s]                  from [01m[K/opt/ros/foxy/include/rclcpp/executors.hpp:21[m[K,
[5.721s]                  from [01m[K/opt/ros/foxy/include/rclcpp/rclcpp.hpp:146[m[K,
[5.721s]                  from [01m[K/home/jcbynum2/dev-workspace/src/corobot/map_to_jpeg/src/map_to_image_node.cpp:29[m[K:
[5.722s] [01m[K/usr/include/c++/9/bits/stl_map.h:100:11:[m[K [01;36m[Knote: [m[K‘[01m[Ktemplate<class _Key, class _Tp, class _Compare, class _Alloc> class std::map[m[K’ declared here
[5.722s]   100 |     class [01;36m[Kmap[m[K
[5.723s]       |           [01;36m[K^~~[m[K
[5.724s] [01m[K/home/jcbynum2/dev-workspace/src/corobot/map_to_jpeg/src/map_to_image_node.cpp:282:11:[m[K [01;31m[Kerror: [m[K‘[01m[KSubscriber[m[K’ in namespace ‘[01m[Krclcpp[m[K’ does not name a type
[5.724s]   282 |   rclcpp::[01;31m[KSubscriber[m[K map_sub_;
[5.725s]       |           [01;31m[K^~~~~~~~~~[m[K
[5.725s] [01m[K/home/jcbynum2/dev-workspace/src/corobot/map_to_jpeg/src/map_to_image_node.cpp:283:11:[m[K [01;31m[Kerror: [m[K‘[01m[KSubscriber[m[K’ in namespace ‘[01m[Krclcpp[m[K’ does not name a type
[5.726s]   283 |   rclcpp::[01;31m[KSubscriber[m[K pose_sub_;
[5.726s]       |           [01;31m[K^~~~~~~~~~[m[K
[5.727s] [01m[K/home/jcbynum2/dev-workspace/src/corobot/map_to_jpeg/src/map_to_image_node.cpp:291:18:[m[K [01;31m[Kerror: [m[K‘[01m[KPoseStampedConstPtr[m[K’ in namespace ‘[01m[Kgeometry_msgs[m[K’ does not name a type
[5.727s]   291 |   geometry_msgs::[01;31m[KPoseStampedConstPtr[m[K pose_ptr_;
[5.728s]       |                  [01;31m[K^~~~~~~~~~~~~~~~~~~[m[K
[5.728s] [01m[K/home/jcbynum2/dev-workspace/src/corobot/map_to_jpeg/src/map_to_image_node.cpp:297:11:[m[K [01;31m[Kerror: [m[K‘[01m[KNodeHandle[m[K’ in namespace ‘[01m[Krclcpp[m[K’ does not name a type
[5.733s]   297 |   rclcpp::[01;31m[KNodeHandle[m[K n_;
[5.734s]       |           [01;31m[K^~~~~~~~~~[m[K
[5.734s] [01m[K/home/jcbynum2/dev-workspace/src/corobot/map_to_jpeg/src/map_to_image_node.cpp:298:11:[m[K [01;31m[Kerror: [m[K‘[01m[KNodeHandle[m[K’ in namespace ‘[01m[Krclcpp[m[K’ does not name a type
[5.735s]   298 |   rclcpp::[01;31m[KNodeHandle[m[K pn_;
[5.736s]       |           [01;31m[K^~~~~~~~~~[m[K
[5.736s] [01m[K/home/jcbynum2/dev-workspace/src/corobot/map_to_jpeg/src/map_to_image_node.cpp:[m[K In constructor ‘[01m[KMapAsImageProvider::MapAsImageProvider()[m[K’:
[5.736s] [01m[K/home/jcbynum2/dev-workspace/src/corobot/map_to_jpeg/src/map_to_image_node.cpp:61:7:[m[K [01;31m[Kerror: [m[Kclass ‘[01m[KMapAsImageProvider[m[K’ does not have any field named ‘[01m[Kpn_[m[K’
[5.737s]    61 |     : [01;31m[Kpn_[m[K("~")
[5.737s]       |       [01;31m[K^~~[m[K
[5.738s] [01m[K/home/jcbynum2/dev-workspace/src/corobot/map_to_jpeg/src/map_to_image_node.cpp:61:14:[m[K [01;31m[Kerror: [m[Kcall of overloaded ‘[01m[KCoordinateTransformer()[m[K’ is ambiguous
[5.738s]    61 |     : pn_("~"[01;31m[K)[m[K
[5.739s]       |              [01;31m[K^[m[K
[5.739s] In file included from [01m[K/home/jcbynum2/dev-workspace/src/corobot/map_to_jpeg/src/map_to_image_node.cpp:42[m[K:
[5.740s] [01m[K/home/jcbynum2/dev-workspace/src/corobot/map_to_jpeg/include/HectorMapTools.h:50:5:[m[K [01;36m[Knote: [m[Kcandidate: ‘[01m[KHectorMapTools::CoordinateTransformer<ConcreteScalar>::CoordinateTransformer(...) [with ConcreteScalar = float][m[K’
[5.740s]    50 |     [01;36m[KCoordinateTransformer[m[K(const nav_msgs::msg::OccupancyGrid* map)
[5.742s]       |     [01;36m[K^~~~~~~~~~~~~~~~~~~~~[m[K
[5.743s] [01m[K/home/jcbynum2/dev-workspace/src/corobot/map_to_jpeg/include/HectorMapTools.h:45:5:[m[K [01;36m[Knote: [m[Kcandidate: ‘[01m[KHectorMapTools::CoordinateTransformer<ConcreteScalar>::CoordinateTransformer() [with ConcreteScalar = float][m[K’
[5.744s]    45 |     [01;36m[KCoordinateTransformer[m[K()
[5.744s]       |     [01;36m[K^~~~~~~~~~~~~~~~~~~~~[m[K
[5.745s] [01m[K/home/jcbynum2/dev-workspace/src/corobot/map_to_jpeg/src/map_to_image_node.cpp:64:60:[m[K [01;31m[Kerror: [m[K‘[01m[Kn_[m[K’ was not declared in this scope
[5.746s]    64 |     image_transport_ = new image_transport::ImageTransport([01;31m[Kn_[m[K);
[5.747s]       |                                                            [01;31m[K^~[m[K
[5.747s] [01m[K/home/jcbynum2/dev-workspace/src/corobot/map_to_jpeg/src/map_to_image_node.cpp:69:5:[m[K [01;31m[Kerror: [m[K‘[01m[Kpose_sub_[m[K’ was not declared in this scope
[5.748s]    69 |     [01;31m[Kpose_sub_[m[K = n_.subscribe("pose", 1, &MapAsImageProvider::poseCallback, this);
[5.748s]       |     [01;31m[K^~~~~~~~~[m[K
[5.748s] [01m[K/home/jcbynum2/dev-workspace/src/corobot/map_to_jpeg/src/map_to_image_node.cpp:70:5:[m[K [01;31m[Kerror: [m[K‘[01m[Kmap_sub_[m[K’ was not declared in this scope
[5.749s]    70 |     [01;31m[Kmap_sub_[m[K = n_.subscribe("map", 1, &MapAsImageProvider::mapCallback, this);
[5.749s]       |     [01;31m[K^~~~~~~~[m[K
[5.754s] [01m[K/home/jcbynum2/dev-workspace/src/corobot/map_to_jpeg/src/map_to_image_node.cpp:86:5:[m[K [01;31m[Kerror: [m[K‘[01m[KROS_INFO[m[K’ was not declared in this scope
[5.755s]    86 |     [01;31m[KROS_INFO[m[K("Map to Image node started.");
[5.755s]       |     [01;31m[K^~~~~~~~[m[K
[5.756s] [01m[K/home/jcbynum2/dev-workspace/src/corobot/map_to_jpeg/src/map_to_image_node.cpp:[m[K In member function ‘[01m[Kvoid MapAsImageProvider::poseCallback(const int&)[m[K’:
[5.756s] [01m[K/home/jcbynum2/dev-workspace/src/corobot/map_to_jpeg/src/map_to_image_node.cpp:97:5:[m[K [01;31m[Kerror: [m[K‘[01m[Kpose_ptr_[m[K’ was not declared in this scope
[5.756s]    97 |     [01;31m[Kpose_ptr_[m[K = pose;
[5.757s]       |     [01;31m[K^~~~~~~~~[m[K
[5.757s] [01m[K/home/jcbynum2/dev-workspace/src/corobot/map_to_jpeg/src/map_to_image_node.cpp:[m[K In function ‘[01m[Kint main(int, char**)[m[K’:
[5.758s] [01m[K/home/jcbynum2/dev-workspace/src/corobot/map_to_jpeg/src/map_to_image_node.cpp:309:28:[m[K [01;31m[Kerror: [m[Kinvalid initialization of reference of type ‘[01m[Kconst rclcpp::InitOptions&[m[K’ from expression of type ‘[01m[Kconst char [18][m[K’
[5.758s]   309 |   rclcpp::init(argc, argv, [01;31m[K"map_to_image_node"[m[K);
[5.758s]       |                            [01;31m[K^~~~~~~~~~~~~~~~~~~[m[K
[5.759s] In file included from [01m[K/opt/ros/foxy/include/rclcpp/client.hpp:36[m[K,
[5.759s]                  from [01m[K/opt/ros/foxy/include/rclcpp/callback_group.hpp:23[m[K,
[5.760s]                  from [01m[K/opt/ros/foxy/include/rclcpp/any_executable.hpp:20[m[K,
[5.760s]                  from [01m[K/opt/ros/foxy/include/rclcpp/memory_strategy.hpp:24[m[K,
[5.760s]                  from [01m[K/opt/ros/foxy/include/rclcpp/memory_strategies.hpp:18[m[K,
[5.761s]                  from [01m[K/opt/ros/foxy/include/rclcpp/executor_options.hpp:20[m[K,
[5.761s]                  from [01m[K/opt/ros/foxy/include/rclcpp/executor.hpp:33[m[K,
[5.761s]                  from [01m[K/opt/ros/foxy/include/rclcpp/executors/multi_threaded_executor.hpp:26[m[K,
[5.762s]                  from [01m[K/opt/ros/foxy/include/rclcpp/executors.hpp:21[m[K,
[5.762s]                  from [01m[K/opt/ros/foxy/include/rclcpp/rclcpp.hpp:146[m[K,
[5.763s]                  from [01m[K/home/jcbynum2/dev-workspace/src/corobot/map_to_jpeg/src/map_to_image_node.cpp:29[m[K:
[5.763s] [01m[K/opt/ros/foxy/include/rclcpp/utilities.hpp:56:63:[m[K [01;36m[Knote: [m[Kin passing argument 3 of ‘[01m[Kvoid rclcpp::init(int, const char* const*, const rclcpp::InitOptions&)[m[K’
[5.764s]    56 | init(int argc, char const * const argv[], [01;36m[Kconst InitOptions & init_options = InitOptions()[m[K);
[5.764s]       |                                           [01;36m[K~~~~~~~~~~~~~~~~~~~~^~~~~~~~~~~~~~~~~~~~~~~~~~~~[m[K
[5.764s] [01m[K/home/jcbynum2/dev-workspace/src/corobot/map_to_jpeg/src/map_to_image_node.cpp:313:16:[m[K [01;31m[Kerror: [m[Kno matching function for call to ‘[01m[Kspin()[m[K’
[5.765s]   313 |   rclcpp::spin([01;31m[K)[m[K;
[5.765s]       |                [01;31m[K^[m[K
[5.766s] In file included from [01m[K/opt/ros/foxy/include/rclcpp/rclcpp.hpp:146[m[K,
[5.766s]                  from [01m[K/home/jcbynum2/dev-workspace/src/corobot/map_to_jpeg/src/map_to_image_node.cpp:29[m[K:
[5.766s] [01m[K/opt/ros/foxy/include/rclcpp/executors.hpp:45:1:[m[K [01;36m[Knote: [m[Kcandidate: ‘[01m[Kvoid rclcpp::spin(rclcpp::node_interfaces::NodeBaseInterface::SharedPtr)[m[K’
[5.767s]    45 | [01;36m[Kspin[m[K(rclcpp::node_interfaces::NodeBaseInterface::SharedPtr node_ptr);
[5.767s]       | [01;36m[K^~~~[m[K
[5.768s] [01m[K/opt/ros/foxy/include/rclcpp/executors.hpp:45:1:[m[K [01;36m[Knote: [m[K  candidate expects 1 argument, 0 provided
[5.768s] [01m[K/opt/ros/foxy/include/rclcpp/executors.hpp:49:1:[m[K [01;36m[Knote: [m[Kcandidate: ‘[01m[Kvoid rclcpp::spin(rclcpp::Node::SharedPtr)[m[K’
[5.768s]    49 | [01;36m[Kspin[m[K(rclcpp::Node::SharedPtr node_ptr);
[5.769s]       | [01;36m[K^~~~[m[K
[5.769s] [01m[K/opt/ros/foxy/include/rclcpp/executors.hpp:49:1:[m[K [01;36m[Knote: [m[K  candidate expects 1 argument, 0 provided
[6.095s] make[2]: *** [CMakeFiles/image_to_map_node.dir/build.make:63: CMakeFiles/image_to_map_node.dir/src/image_to_map_node.cpp.o] Error 1
[6.095s] make[1]: *** [CMakeFiles/Makefile2:80: CMakeFiles/image_to_map_node.dir/all] Error 2
[6.095s] make[1]: *** Waiting for unfinished jobs....
[7.059s] make[2]: *** [CMakeFiles/map_to_image_node.dir/build.make:63: CMakeFiles/map_to_image_node.dir/src/map_to_image_node.cpp.o] Error 1
[7.059s] make[1]: *** [CMakeFiles/Makefile2:107: CMakeFiles/map_to_image_node.dir/all] Error 2
[7.059s] make: *** [Makefile:95: all] Error 2
[7.066s] Invoked command in '/home/jcbynum2/dev-workspace/src/corobot/map_to_jpeg/build/map_to_jpeg' returned '2': /usr/bin/cmake --build /home/jcbynum2/dev-workspace/src/corobot/map_to_jpeg/build/map_to_jpeg -- -j4 -l4
