[0.407s] DEBUG:colcon:Command line arguments: ['/usr/bin/colcon', 'build', '--packages-select', 'map_to_jpeg']
[0.407s] DEBUG:colcon:Parsed command line arguments: Namespace(allow_overriding=[], ament_cmake_args=None, base_paths=['.'], build_base='build', catkin_cmake_args=None, catkin_skip_building_tests=False, cmake_args=None, cmake_clean_cache=False, cmake_clean_first=False, cmake_force_configure=False, cmake_target=None, cmake_target_skip_unavailable=False, continue_on_error=False, event_handlers=None, executor='parallel', ignore_user_meta=False, install_base='install', log_base=None, log_level=None, main=<bound method BuildVerb.main of <colcon_core.verb.build.BuildVerb object at 0x7ff1973a8c70>>, merge_install=False, metas=['./colcon.meta'], packages_above=None, packages_above_and_dependencies=None, packages_above_depth=None, packages_end=None, packages_ignore=None, packages_ignore_regex=None, packages_select=['map_to_jpeg'], packages_select_build_failed=False, packages_select_by_dep=None, packages_select_regex=None, packages_select_test_failures=False, packages_skip=None, packages_skip_build_finished=False, packages_skip_by_dep=None, packages_skip_regex=None, packages_skip_test_passed=False, packages_skip_up_to=None, packages_start=None, packages_up_to=None, packages_up_to_regex=None, parallel_workers=4, paths=None, symlink_install=False, test_result_base=None, verb_extension=<colcon_core.verb.build.BuildVerb object at 0x7ff1973a8c70>, verb_name='build', verb_parser=<colcon_defaults.argument_parser.defaults.DefaultArgumentsDecorator object at 0x7ff197337220>)
[0.468s] Level 1:colcon.colcon_core.package_discovery:discover_packages(colcon_meta) check parameters
[0.468s] Level 1:colcon.colcon_core.package_discovery:discover_packages(recursive) check parameters
[0.468s] Level 1:colcon.colcon_core.package_discovery:discover_packages(ignore) check parameters
[0.468s] Level 1:colcon.colcon_core.package_discovery:discover_packages(path) check parameters
[0.468s] Level 1:colcon.colcon_core.package_discovery:discover_packages(colcon_meta) discover
[0.468s] Level 1:colcon.colcon_core.package_discovery:discover_packages(recursive) discover
[0.468s] INFO:colcon.colcon_core.package_discovery:Crawling recursively for packages in '/home/jcbynum2/dev-workspace/src/corobot/map_to_jpeg'
[0.469s] Level 1:colcon.colcon_core.package_identification:_identify(.) by extensions ['ignore', 'ignore_ament_install']
[0.469s] Level 1:colcon.colcon_core.package_identification:_identify(.) by extension 'ignore'
[0.470s] Level 1:colcon.colcon_core.package_identification:_identify(.) by extension 'ignore_ament_install'
[0.470s] Level 1:colcon.colcon_core.package_identification:_identify(.) by extensions ['colcon_pkg']
[0.470s] Level 1:colcon.colcon_core.package_identification:_identify(.) by extension 'colcon_pkg'
[0.471s] Level 1:colcon.colcon_core.package_identification:_identify(.) by extensions ['colcon_meta']
[0.471s] Level 1:colcon.colcon_core.package_identification:_identify(.) by extension 'colcon_meta'
[0.471s] Level 1:colcon.colcon_core.package_identification:_identify(.) by extensions ['ros']
[0.471s] Level 1:colcon.colcon_core.package_identification:_identify(.) by extension 'ros'
[0.509s] DEBUG:colcon.colcon_core.package_identification:Package '.' with type 'ros.catkin' and name 'map_to_jpeg'
[0.509s] Level 1:colcon.colcon_core.package_discovery:discover_packages(recursive) using defaults
[0.509s] Level 1:colcon.colcon_core.package_discovery:discover_packages(ignore) discover
[0.509s] Level 1:colcon.colcon_core.package_discovery:discover_packages(ignore) using defaults
[0.509s] Level 1:colcon.colcon_core.package_discovery:discover_packages(path) discover
[0.509s] Level 1:colcon.colcon_core.package_discovery:discover_packages(path) using defaults
[0.619s] Level 1:colcon.colcon_core.package_discovery:discover_packages(prefix_path) check parameters
[0.619s] Level 1:colcon.colcon_core.package_discovery:discover_packages(prefix_path) discover
[0.628s] DEBUG:colcon.colcon_installed_package_information.package_discovery:Found 299 installed packages in /opt/ros/foxy
[0.633s] Level 1:colcon.colcon_core.package_discovery:discover_packages(prefix_path) using defaults
[0.823s] Level 5:colcon.colcon_core.verb:set package 'map_to_jpeg' build argument 'cmake_args' from command line to 'None'
[0.823s] Level 5:colcon.colcon_core.verb:set package 'map_to_jpeg' build argument 'cmake_target' from command line to 'None'
[0.823s] Level 5:colcon.colcon_core.verb:set package 'map_to_jpeg' build argument 'cmake_target_skip_unavailable' from command line to 'False'
[0.823s] Level 5:colcon.colcon_core.verb:set package 'map_to_jpeg' build argument 'cmake_clean_cache' from command line to 'False'
[0.824s] Level 5:colcon.colcon_core.verb:set package 'map_to_jpeg' build argument 'cmake_clean_first' from command line to 'False'
[0.824s] Level 5:colcon.colcon_core.verb:set package 'map_to_jpeg' build argument 'cmake_force_configure' from command line to 'False'
[0.824s] Level 5:colcon.colcon_core.verb:set package 'map_to_jpeg' build argument 'ament_cmake_args' from command line to 'None'
[0.824s] Level 5:colcon.colcon_core.verb:set package 'map_to_jpeg' build argument 'catkin_cmake_args' from command line to 'None'
[0.824s] Level 5:colcon.colcon_core.verb:set package 'map_to_jpeg' build argument 'catkin_skip_building_tests' from command line to 'False'
[0.824s] DEBUG:colcon.colcon_core.verb:Building package 'map_to_jpeg' with the following arguments: {'ament_cmake_args': None, 'build_base': '/home/jcbynum2/dev-workspace/src/corobot/map_to_jpeg/build/map_to_jpeg', 'catkin_cmake_args': None, 'catkin_skip_building_tests': False, 'cmake_args': None, 'cmake_clean_cache': False, 'cmake_clean_first': False, 'cmake_force_configure': False, 'cmake_target': None, 'cmake_target_skip_unavailable': False, 'install_base': '/home/jcbynum2/dev-workspace/src/corobot/map_to_jpeg/install/map_to_jpeg', 'merge_install': False, 'path': '/home/jcbynum2/dev-workspace/src/corobot/map_to_jpeg', 'symlink_install': False, 'test_result_base': None}
[0.826s] INFO:colcon.colcon_core.executor:Executing jobs using 'parallel' executor
[0.839s] DEBUG:colcon.colcon_parallel_executor.executor.parallel:run_until_complete
[0.839s] INFO:colcon.colcon_ros.task.catkin.build:Building ROS package in '/home/jcbynum2/dev-workspace/src/corobot/map_to_jpeg' with build type 'catkin'
[0.840s] INFO:colcon.colcon_cmake.task.cmake.build:Building CMake package in '/home/jcbynum2/dev-workspace/src/corobot/map_to_jpeg'
[0.851s] INFO:colcon.colcon_core.plugin_system:Skipping extension 'colcon_core.shell.bat': Not used on non-Windows systems
[0.851s] INFO:colcon.colcon_core.shell:Skip shell extension 'powershell' for command environment: Not usable outside of PowerShell
[0.851s] DEBUG:colcon.colcon_core.shell:Skip shell extension 'dsv' for command environment
[0.882s] DEBUG:colcon.colcon_core.event_handler.log_command:Invoking command in '/home/jcbynum2/dev-workspace/src/corobot/map_to_jpeg/build/map_to_jpeg': /usr/bin/cmake --build /home/jcbynum2/dev-workspace/src/corobot/map_to_jpeg/build/map_to_jpeg -- -j4 -l4
[1.495s] DEBUG:colcon.colcon_core.event_handler.log_command:Invoked command in '/home/jcbynum2/dev-workspace/src/corobot/map_to_jpeg/build/map_to_jpeg' returned '2': /usr/bin/cmake --build /home/jcbynum2/dev-workspace/src/corobot/map_to_jpeg/build/map_to_jpeg -- -j4 -l4
[1.596s] Level 1:colcon.colcon_core.environment:create_environment_scripts_only(map_to_jpeg)
[1.625s] Level 1:colcon.colcon_core.environment:checking '/home/jcbynum2/dev-workspace/src/corobot/map_to_jpeg/install/map_to_jpeg' for CMake module files
[1.628s] Level 1:colcon.colcon_core.environment:checking '/home/jcbynum2/dev-workspace/src/corobot/map_to_jpeg/install/map_to_jpeg' for CMake config files
[1.630s] Level 1:colcon.colcon_core.environment:checking '/home/jcbynum2/dev-workspace/src/corobot/map_to_jpeg/install/map_to_jpeg/bin'
[1.630s] Level 1:colcon.colcon_core.environment:checking '/home/jcbynum2/dev-workspace/src/corobot/map_to_jpeg/install/map_to_jpeg/lib/pkgconfig/map_to_jpeg.pc'
[1.632s] Level 1:colcon.colcon_core.environment:checking '/home/jcbynum2/dev-workspace/src/corobot/map_to_jpeg/install/map_to_jpeg/lib/python3.8/site-packages'
[1.633s] Level 1:colcon.colcon_core.environment:checking '/home/jcbynum2/dev-workspace/src/corobot/map_to_jpeg/install/map_to_jpeg/bin'
[1.640s] INFO:colcon.colcon_core.shell:Creating package script '/home/jcbynum2/dev-workspace/src/corobot/map_to_jpeg/install/map_to_jpeg/share/map_to_jpeg/package.ps1'
[1.643s] INFO:colcon.colcon_core.shell:Creating package descriptor '/home/jcbynum2/dev-workspace/src/corobot/map_to_jpeg/install/map_to_jpeg/share/map_to_jpeg/package.dsv'
[1.645s] INFO:colcon.colcon_core.shell:Creating package script '/home/jcbynum2/dev-workspace/src/corobot/map_to_jpeg/install/map_to_jpeg/share/map_to_jpeg/package.sh'
[1.648s] INFO:colcon.colcon_core.shell:Creating package script '/home/jcbynum2/dev-workspace/src/corobot/map_to_jpeg/install/map_to_jpeg/share/map_to_jpeg/package.bash'
[1.651s] INFO:colcon.colcon_core.shell:Creating package script '/home/jcbynum2/dev-workspace/src/corobot/map_to_jpeg/install/map_to_jpeg/share/map_to_jpeg/package.zsh'
[1.653s] Level 1:colcon.colcon_core.environment:create_file_with_runtime_dependencies(/home/jcbynum2/dev-workspace/src/corobot/map_to_jpeg/install/map_to_jpeg/share/colcon-core/packages/map_to_jpeg)
[1.665s] DEBUG:colcon.colcon_parallel_executor.executor.parallel:closing loop
[1.666s] DEBUG:colcon.colcon_parallel_executor.executor.parallel:loop closed
[1.666s] DEBUG:colcon.colcon_parallel_executor.executor.parallel:run_until_complete finished with '2'
[1.666s] DEBUG:colcon.colcon_core.event_reactor:joining thread
[1.697s] INFO:colcon.colcon_core.plugin_system:Skipping extension 'colcon_notification.desktop_notification.terminal_notifier': Not used on non-Darwin systems
[1.697s] INFO:colcon.colcon_core.plugin_system:Skipping extension 'colcon_notification.desktop_notification.win32': Not used on non-Windows systems
[1.697s] INFO:colcon.colcon_notification.desktop_notification:Sending desktop notification using 'notify2'
[1.790s] DEBUG:colcon.colcon_core.event_reactor:joined thread
[1.798s] INFO:colcon.colcon_core.shell:Creating prefix script '/home/jcbynum2/dev-workspace/src/corobot/map_to_jpeg/install/local_setup.ps1'
[1.803s] INFO:colcon.colcon_core.shell:Creating prefix util module '/home/jcbynum2/dev-workspace/src/corobot/map_to_jpeg/install/_local_setup_util_ps1.py'
[1.812s] INFO:colcon.colcon_core.shell:Creating prefix chain script '/home/jcbynum2/dev-workspace/src/corobot/map_to_jpeg/install/setup.ps1'
[1.827s] INFO:colcon.colcon_core.shell:Creating prefix script '/home/jcbynum2/dev-workspace/src/corobot/map_to_jpeg/install/local_setup.sh'
[1.830s] INFO:colcon.colcon_core.shell:Creating prefix util module '/home/jcbynum2/dev-workspace/src/corobot/map_to_jpeg/install/_local_setup_util_sh.py'
[1.832s] INFO:colcon.colcon_core.shell:Creating prefix chain script '/home/jcbynum2/dev-workspace/src/corobot/map_to_jpeg/install/setup.sh'
[1.838s] INFO:colcon.colcon_core.shell:Creating prefix script '/home/jcbynum2/dev-workspace/src/corobot/map_to_jpeg/install/local_setup.bash'
[1.841s] INFO:colcon.colcon_core.shell:Creating prefix chain script '/home/jcbynum2/dev-workspace/src/corobot/map_to_jpeg/install/setup.bash'
[1.846s] INFO:colcon.colcon_core.shell:Creating prefix script '/home/jcbynum2/dev-workspace/src/corobot/map_to_jpeg/install/local_setup.zsh'
[1.849s] INFO:colcon.colcon_core.shell:Creating prefix chain script '/home/jcbynum2/dev-workspace/src/corobot/map_to_jpeg/install/setup.zsh'
