[0.562s] Invoking command in '/home/jcbynum2/dev-workspace/src/corobot/map_to_jpeg/build/map_to_jpeg': /usr/bin/cmake --build /home/jcbynum2/dev-workspace/src/corobot/map_to_jpeg/build/map_to_jpeg -- -j4 -l4
[0.724s] [35m[1mScanning dependencies of target image_to_map_node[0m
[0.735s] [35m[1mScanning dependencies of target map_to_image_node[0m
[0.857s] [ 25%] [32mBuilding CXX object CMakeFiles/image_to_map_node.dir/src/image_to_map_node.cpp.o[0m
[0.882s] [ 50%] [32mBuilding CXX object CMakeFiles/map_to_image_node.dir/src/map_to_image_node.cpp.o[0m
[1.271s] In file included from [01m[K/home/jcbynum2/dev-workspace/src/corobot/map_to_jpeg/src/image_to_map_node.cpp:38[m[K:
[1.271s] [01m[K/home/jcbynum2/dev-workspace/src/corobot/map_to_jpeg/include/HectorMapTools.h:37:9:[m[K [01;35m[Kwarning: [m[KISO C++11 requires whitespace after the macro name
[1.271s]    37 | #define [01;35m[Knav_msgs[m[K::OccupancyGridConstrPtr nav_msgs::msg::OccupancyGrid*
[1.272s]       |         [01;35m[K^~~~~~~~[m[K
[1.360s] In file included from [01m[K/home/jcbynum2/dev-workspace/src/corobot/map_to_jpeg/src/map_to_image_node.cpp:42[m[K:
[1.360s] [01m[K/home/jcbynum2/dev-workspace/src/corobot/map_to_jpeg/include/HectorMapTools.h:37:9:[m[K [01;35m[Kwarning: [m[KISO C++11 requires whitespace after the macro name
[1.360s]    37 | #define [01;35m[Knav_msgs[m[K::OccupancyGridConstrPtr nav_msgs::msg::OccupancyGrid*
[1.361s]       |         [01;35m[K^~~~~~~~[m[K
[4.556s] In file included from [01m[K/home/jcbynum2/dev-workspace/src/corobot/map_to_jpeg/src/map_to_image_node.cpp:39[m[K:
[4.557s] [01m[K/opt/ros/foxy/include/image_transport/image_transport.h:41:89:[m[K [01;36m[Knote: [m[K#pragma message: Warning: This header is deprecated. Use 'image_transport.hpp' instead
[4.557s]    41 | #pragma message ("Warning: This header is deprecated. Use 'image_transport.hpp' instead"[01;36m[K)[m[K
[4.557s]       |                                                                                         [01;36m[K^[m[K
[4.924s] [01m[K/home/jcbynum2/dev-workspace/src/corobot/map_to_jpeg/include/HectorMapTools.h:37:19:[m[K [01;31m[Kerror: [m[K‘[01m[KOccupancyGridConstrPtr[m[K’ in namespace ‘[01m[K::[m[K’ does not name a type
[4.925s]    37 | #define nav_msgs::[01;31m[KOccupancyGridConstrPtr[m[K nav_msgs::msg::OccupancyGrid*
[4.925s]       |                   [01;31m[K^~~~~~~~~~~~~~~~~~~~~~[m[K
[4.925s] [01m[K/home/jcbynum2/dev-workspace/src/corobot/map_to_jpeg/include/HectorMapTools.h:51:33:[m[K [01;36m[Knote: [m[Kin expansion of macro ‘[01m[Knav_msgs[m[K’
[4.925s]    51 |     CoordinateTransformer(const [01;36m[Knav_msgs[m[K::OccupancyGridConstPtr map)
[4.926s]       |                                 [01;36m[K^~~~~~~~[m[K
[4.926s] [01m[K/home/jcbynum2/dev-workspace/src/corobot/map_to_jpeg/include/HectorMapTools.h:37:70:[m[K [01;31m[Kerror: [m[Kexpected unqualified-id before ‘[01m[K*[m[K’ token
[4.926s]    37 | #define nav_msgs::OccupancyGridConstrPtr nav_msgs::msg::OccupancyGrid[01;31m[K*[m[K
[4.927s]       |                                                                      [01;31m[K^[m[K
[4.927s] [01m[K/home/jcbynum2/dev-workspace/src/corobot/map_to_jpeg/include/HectorMapTools.h:51:33:[m[K [01;36m[Knote: [m[Kin expansion of macro ‘[01m[Knav_msgs[m[K’
[4.927s]    51 |     CoordinateTransformer(const [01;36m[Knav_msgs[m[K::OccupancyGridConstPtr map)
[4.927s]       |                                 [01;36m[K^~~~~~~~[m[K
[4.927s] [01m[K/home/jcbynum2/dev-workspace/src/corobot/map_to_jpeg/include/HectorMapTools.h:37:70:[m[K [01;31m[Kerror: [m[Kexpected ‘[01m[K)[m[K’ before ‘[01m[K*[m[K’ token
[4.927s]    37 | #define nav_msgs::OccupancyGridConstrPtr nav_msgs::msg::OccupancyGrid[01;31m[K*[m[K
[4.928s]       |                                                                      [01;31m[K^[m[K
[4.928s] [01m[K/home/jcbynum2/dev-workspace/src/corobot/map_to_jpeg/include/HectorMapTools.h:51:33:[m[K [01;36m[Knote: [m[Kin expansion of macro ‘[01m[Knav_msgs[m[K’
[4.929s]    51 |     CoordinateTransformer(const [01;36m[Knav_msgs[m[K::OccupancyGridConstPtr map)
[4.929s]       |                                 [01;36m[K^~~~~~~~[m[K
[4.929s] [01m[K/home/jcbynum2/dev-workspace/src/corobot/map_to_jpeg/include/HectorMapTools.h:51:26:[m[K [01;36m[Knote: [m[Kto match this ‘[01m[K([m[K’
[4.930s]    51 |     CoordinateTransformer[01;36m[K([m[Kconst nav_msgs::OccupancyGridConstPtr map)
[4.930s]       |                          [01;36m[K^[m[K
[4.930s] [01m[K/home/jcbynum2/dev-workspace/src/corobot/map_to_jpeg/include/HectorMapTools.h:37:57:[m[K [01;31m[Kerror: [m[Kexpected ‘[01m[K;[m[K’ at end of member declaration
[4.931s]    37 | #define nav_msgs::OccupancyGridConstrPtr nav_msgs::msg::[01;31m[KOccupancyGrid[m[K*
[4.932s]       |                                                         [01;31m[K^~~~~~~~~~~~~[m[K
[4.933s] [01m[K/home/jcbynum2/dev-workspace/src/corobot/map_to_jpeg/include/HectorMapTools.h:51:33:[m[K [01;36m[Knote: [m[Kin expansion of macro ‘[01m[Knav_msgs[m[K’
[4.933s]    51 |     CoordinateTransformer(const [01;36m[Knav_msgs[m[K::OccupancyGridConstPtr map)
[4.933s]       |                                 [01;36m[K^~~~~~~~[m[K
[4.934s] [01m[K/home/jcbynum2/dev-workspace/src/corobot/map_to_jpeg/include/HectorMapTools.h:51:43:[m[K [01;31m[Kerror: [m[KISO C++ forbids declaration of ‘[01m[KOccupancyGridConstPtr[m[K’ with no type [[01;31m[K-fpermissive[m[K]
[4.934s]    51 |     CoordinateTransformer(const nav_msgs::[01;31m[KOccupancyGridConstPtr[m[K map)
[4.934s]       |                                           [01;31m[K^~~~~~~~~~~~~~~~~~~~~[m[K
[4.935s] [01m[K/home/jcbynum2/dev-workspace/src/corobot/map_to_jpeg/include/HectorMapTools.h:51:43:[m[K [01;31m[Kerror: [m[Kinvalid use of ‘[01m[K::[m[K’
[4.935s] [01m[K/home/jcbynum2/dev-workspace/src/corobot/map_to_jpeg/include/HectorMapTools.h:51:43:[m[K [01;31m[Kerror: [m[Kexpected ‘[01m[K;[m[K’ at end of member declaration
[4.936s]    51 |     CoordinateTransformer(const nav_msgs::[01;31m[KOccupancyGridConstPtr[m[K map)
[4.937s]       |                                           [01;31m[K^~~~~~~~~~~~~~~~~~~~~[m[K
[4.937s]       |                                                                [32m[K;[m[K
[4.938s] [01m[K/home/jcbynum2/dev-workspace/src/corobot/map_to_jpeg/include/HectorMapTools.h:51:65:[m[K [01;31m[Kerror: [m[K‘[01m[Kmap[m[K’ does not name a type
[4.938s]    51 |     CoordinateTransformer(const nav_msgs::OccupancyGridConstPtr [01;31m[Kmap[m[K)
[4.938s]       |                                                                 [01;31m[K^~~[m[K
[4.939s] [01m[K/home/jcbynum2/dev-workspace/src/corobot/map_to_jpeg/include/HectorMapTools.h:37:19:[m[K [01;31m[Kerror: [m[K‘[01m[KOccupancyGridConstrPtr[m[K’ in namespace ‘[01m[K::[m[K’ does not name a type
[4.940s]    37 | #define nav_msgs::[01;31m[KOccupancyGridConstrPtr[m[K nav_msgs::msg::OccupancyGrid*
[4.940s]       |                   [01;31m[K^~~~~~~~~~~~~~~~~~~~~~[m[K
[4.940s] [01m[K/home/jcbynum2/dev-workspace/src/corobot/map_to_jpeg/include/HectorMapTools.h:57:30:[m[K [01;36m[Knote: [m[Kin expansion of macro ‘[01m[Knav_msgs[m[K’
[4.941s]    57 |     void setTransforms(const [01;36m[Knav_msgs[m[K::msg::OccupancyGrid& map)
[4.941s]       |                              [01;36m[K^~~~~~~~[m[K
[4.942s] [01m[K/home/jcbynum2/dev-workspace/src/corobot/map_to_jpeg/include/HectorMapTools.h:37:70:[m[K [01;31m[Kerror: [m[Kexpected unqualified-id before ‘[01m[K*[m[K’ token
[4.943s]    37 | #define nav_msgs::OccupancyGridConstrPtr nav_msgs::msg::OccupancyGrid[01;31m[K*[m[K
[4.943s]       |                                                                      [01;31m[K^[m[K
[4.943s] [01m[K/home/jcbynum2/dev-workspace/src/corobot/map_to_jpeg/include/HectorMapTools.h:57:30:[m[K [01;36m[Knote: [m[Kin expansion of macro ‘[01m[Knav_msgs[m[K’
[4.944s]    57 |     void setTransforms(const [01;36m[Knav_msgs[m[K::msg::OccupancyGrid& map)
[4.944s]       |                              [01;36m[K^~~~~~~~[m[K
[4.945s] [01m[K/home/jcbynum2/dev-workspace/src/corobot/map_to_jpeg/include/HectorMapTools.h:37:70:[m[K [01;31m[Kerror: [m[Kexpected ‘[01m[K)[m[K’ before ‘[01m[K*[m[K’ token
[4.945s]    37 | #define nav_msgs::OccupancyGridConstrPtr nav_msgs::msg::OccupancyGrid[01;31m[K*[m[K
[4.946s]       |                                                                      [01;31m[K^[m[K
[4.946s] [01m[K/home/jcbynum2/dev-workspace/src/corobot/map_to_jpeg/include/HectorMapTools.h:57:30:[m[K [01;36m[Knote: [m[Kin expansion of macro ‘[01m[Knav_msgs[m[K’
[4.946s]    57 |     void setTransforms(const [01;36m[Knav_msgs[m[K::msg::OccupancyGrid& map)
[4.947s]       |                              [01;36m[K^~~~~~~~[m[K
[4.947s] [01m[K/home/jcbynum2/dev-workspace/src/corobot/map_to_jpeg/include/HectorMapTools.h:57:23:[m[K [01;36m[Knote: [m[Kto match this ‘[01m[K([m[K’
[4.947s]    57 |     void setTransforms[01;36m[K([m[Kconst nav_msgs::msg::OccupancyGrid& map)
[4.948s]       |                       [01;36m[K^[m[K
[4.948s] [01m[K/home/jcbynum2/dev-workspace/src/corobot/map_to_jpeg/include/HectorMapTools.h:37:57:[m[K [01;31m[Kerror: [m[Kexpected ‘[01m[K;[m[K’ at end of member declaration
[4.949s]    37 | #define nav_msgs::OccupancyGridConstrPtr nav_msgs::msg::[01;31m[KOccupancyGrid[m[K*
[4.949s]       |                                                         [01;31m[K^~~~~~~~~~~~~[m[K
[4.949s] [01m[K/home/jcbynum2/dev-workspace/src/corobot/map_to_jpeg/include/HectorMapTools.h:57:30:[m[K [01;36m[Knote: [m[Kin expansion of macro ‘[01m[Knav_msgs[m[K’
[4.950s]    57 |     void setTransforms(const [01;36m[Knav_msgs[m[K::msg::OccupancyGrid& map)
[4.950s]       |                              [01;36m[K^~~~~~~~[m[K
[4.950s] [01m[K/home/jcbynum2/dev-workspace/src/corobot/map_to_jpeg/include/HectorMapTools.h:57:40:[m[K [01;31m[Kerror: [m[K‘[01m[K::msg[m[K’ has not been declared
[4.951s]    57 |     void setTransforms(const nav_msgs::[01;31m[Kmsg[m[K::OccupancyGrid& map)
[4.951s]       |                                        [01;31m[K^~~[m[K
[4.951s] [01m[K/home/jcbynum2/dev-workspace/src/corobot/map_to_jpeg/include/HectorMapTools.h:57:45:[m[K [01;31m[Kerror: [m[KISO C++ forbids declaration of ‘[01m[KOccupancyGrid[m[K’ with no type [[01;31m[K-fpermissive[m[K]
[4.952s]    57 |     void setTransforms(const nav_msgs::msg::[01;31m[KOccupancyGrid[m[K& map)
[4.952s]       |                                             [01;31m[K^~~~~~~~~~~~~[m[K
[4.953s] [01m[K/home/jcbynum2/dev-workspace/src/corobot/map_to_jpeg/include/HectorMapTools.h:57:45:[m[K [01;31m[Kerror: [m[Kexpected ‘[01m[K;[m[K’ at end of member declaration
[4.953s]    57 |     void setTransforms(const nav_msgs::msg::[01;31m[KOccupancyGrid[m[K& map)
[4.954s]       |                                             [01;31m[K^~~~~~~~~~~~~[m[K
[4.954s]       |                                                          [32m[K;[m[K
[4.954s] [01m[K/home/jcbynum2/dev-workspace/src/corobot/map_to_jpeg/include/HectorMapTools.h:57:60:[m[K [01;31m[Kerror: [m[KISO C++ forbids declaration of ‘[01m[Kmap[m[K’ with no type [[01;31m[K-fpermissive[m[K]
[4.955s]    57 |     void setTransforms(const nav_msgs::msg::OccupancyGrid& [01;31m[Kmap[m[K)
[4.955s]       |                                                            [01;31m[K^~~[m[K
[4.956s] [01m[K/home/jcbynum2/dev-workspace/src/corobot/map_to_jpeg/include/HectorMapTools.h:57:60:[m[K [01;31m[Kerror: [m[Kexpected ‘[01m[K;[m[K’ at end of member declaration
[4.956s]    57 |     void setTransforms(const nav_msgs::msg::OccupancyGrid& [01;31m[Kmap[m[K)
[4.956s]       |                                                            [01;31m[K^~~[m[K
[4.957s]       |                                                               [32m[K;[m[K
[4.957s] [01m[K/home/jcbynum2/dev-workspace/src/corobot/map_to_jpeg/include/HectorMapTools.h:57:63:[m[K [01;31m[Kerror: [m[Kexpected unqualified-id before ‘[01m[K)[m[K’ token
[4.958s]    57 |     void setTransforms(const nav_msgs::msg::OccupancyGrid& map[01;31m[K)[m[K
[4.958s]       |                                                               [01;31m[K^[m[K
[4.958s] [01m[K/home/jcbynum2/dev-workspace/src/corobot/map_to_jpeg/include/HectorMapTools.h:37:19:[m[K [01;31m[Kerror: [m[K‘[01m[KOccupancyGridConstrPtr[m[K’ in namespace ‘[01m[K::[m[K’ does not name a type
[4.959s]    37 | #define nav_msgs::[01;31m[KOccupancyGridConstrPtr[m[K nav_msgs::msg::OccupancyGrid*
[4.959s]       |                   [01;31m[K^~~~~~~~~~~~~~~~~~~~~~[m[K
[4.959s] [01m[K/home/jcbynum2/dev-workspace/src/corobot/map_to_jpeg/include/HectorMapTools.h:62:30:[m[K [01;36m[Knote: [m[Kin expansion of macro ‘[01m[Knav_msgs[m[K’
[4.960s]    62 |     void setTransforms(const [01;36m[Knav_msgs[m[K::msg::MapMetaData& meta)
[4.960s]       |                              [01;36m[K^~~~~~~~[m[K
[4.960s] [01m[K/home/jcbynum2/dev-workspace/src/corobot/map_to_jpeg/include/HectorMapTools.h:37:70:[m[K [01;31m[Kerror: [m[Kexpected unqualified-id before ‘[01m[K*[m[K’ token
[4.961s]    37 | #define nav_msgs::OccupancyGridConstrPtr nav_msgs::msg::OccupancyGrid[01;31m[K*[m[K
[4.961s]       |                                                                      [01;31m[K^[m[K
[4.962s] [01m[K/home/jcbynum2/dev-workspace/src/corobot/map_to_jpeg/include/HectorMapTools.h:62:30:[m[K [01;36m[Knote: [m[Kin expansion of macro ‘[01m[Knav_msgs[m[K’
[4.962s]    62 |     void setTransforms(const [01;36m[Knav_msgs[m[K::msg::MapMetaData& meta)
[4.962s]       |                              [01;36m[K^~~~~~~~[m[K
[4.963s] [01m[K/home/jcbynum2/dev-workspace/src/corobot/map_to_jpeg/include/HectorMapTools.h:37:70:[m[K [01;31m[Kerror: [m[Kexpected ‘[01m[K)[m[K’ before ‘[01m[K*[m[K’ token
[4.963s]    37 | #define nav_msgs::OccupancyGridConstrPtr nav_msgs::msg::OccupancyGrid[01;31m[K*[m[K
[4.963s]       |                                                                      [01;31m[K^[m[K
[4.964s] [01m[K/home/jcbynum2/dev-workspace/src/corobot/map_to_jpeg/include/HectorMapTools.h:62:30:[m[K [01;36m[Knote: [m[Kin expansion of macro ‘[01m[Knav_msgs[m[K’
[4.964s]    62 |     void setTransforms(const [01;36m[Knav_msgs[m[K::msg::MapMetaData& meta)
[4.964s]       |                              [01;36m[K^~~~~~~~[m[K
[4.965s] [01m[K/home/jcbynum2/dev-workspace/src/corobot/map_to_jpeg/include/HectorMapTools.h:62:23:[m[K [01;36m[Knote: [m[Kto match this ‘[01m[K([m[K’
[4.965s]    62 |     void setTransforms[01;36m[K([m[Kconst nav_msgs::msg::MapMetaData& meta)
[4.966s]       |                       [01;36m[K^[m[K
[4.966s] [01m[K/home/jcbynum2/dev-workspace/src/corobot/map_to_jpeg/include/HectorMapTools.h:37:57:[m[K [01;31m[Kerror: [m[Kexpected ‘[01m[K;[m[K’ at end of member declaration
[4.967s]    37 | #define nav_msgs::OccupancyGridConstrPtr nav_msgs::msg::[01;31m[KOccupancyGrid[m[K*
[4.967s]       |                                                         [01;31m[K^~~~~~~~~~~~~[m[K
[4.967s] [01m[K/home/jcbynum2/dev-workspace/src/corobot/map_to_jpeg/include/HectorMapTools.h:62:30:[m[K [01;36m[Knote: [m[Kin expansion of macro ‘[01m[Knav_msgs[m[K’
[4.968s]    62 |     void setTransforms(const [01;36m[Knav_msgs[m[K::msg::MapMetaData& meta)
[4.968s]       |                              [01;36m[K^~~~~~~~[m[K
[4.968s] [01m[K/home/jcbynum2/dev-workspace/src/corobot/map_to_jpeg/include/HectorMapTools.h:62:10:[m[K [01;31m[Kerror: [m[K‘[01m[Kvoid HectorMapTools::CoordinateTransformer<ConcreteScalar>::setTransforms(...)[m[K’ cannot be overloaded with ‘[01m[Kvoid HectorMapTools::CoordinateTransformer<ConcreteScalar>::setTransforms(...)[m[K’
[4.969s]    62 |     void [01;31m[KsetTransforms[m[K(const nav_msgs::msg::MapMetaData& meta)
[4.969s]       |          [01;31m[K^~~~~~~~~~~~~[m[K
[4.970s] [01m[K/home/jcbynum2/dev-workspace/src/corobot/map_to_jpeg/include/HectorMapTools.h:57:10:[m[K [01;36m[Knote: [m[Kprevious declaration ‘[01m[Kvoid HectorMapTools::CoordinateTransformer<ConcreteScalar>::setTransforms(...)[m[K’
[4.970s]    57 |     void [01;36m[KsetTransforms[m[K(const nav_msgs::msg::OccupancyGrid& map)
[4.971s]       |          [01;36m[K^~~~~~~~~~~~~[m[K
[4.971s] [01m[K/home/jcbynum2/dev-workspace/src/corobot/map_to_jpeg/include/HectorMapTools.h:62:40:[m[K [01;31m[Kerror: [m[K‘[01m[K::msg[m[K’ has not been declared
[4.974s]    62 |     void setTransforms(const nav_msgs::[01;31m[Kmsg[m[K::MapMetaData& meta)
[4.975s]       |                                        [01;31m[K^~~[m[K
[4.978s] [01m[K/home/jcbynum2/dev-workspace/src/corobot/map_to_jpeg/include/HectorMapTools.h:62:45:[m[K [01;31m[Kerror: [m[KISO C++ forbids declaration of ‘[01m[KMapMetaData[m[K’ with no type [[01;31m[K-fpermissive[m[K]
[4.979s]    62 |     void setTransforms(const nav_msgs::msg::[01;31m[KMapMetaData[m[K& meta)
[4.979s]       |                                             [01;31m[K^~~~~~~~~~~[m[K
[4.980s] [01m[K/home/jcbynum2/dev-workspace/src/corobot/map_to_jpeg/include/HectorMapTools.h:62:45:[m[K [01;31m[Kerror: [m[Kexpected ‘[01m[K;[m[K’ at end of member declaration
[4.980s]    62 |     void setTransforms(const nav_msgs::msg::[01;31m[KMapMetaData[m[K& meta)
[4.980s]       |                                             [01;31m[K^~~~~~~~~~~[m[K
[4.983s]       |                                                        [32m[K;[m[K
[4.983s] [01m[K/home/jcbynum2/dev-workspace/src/corobot/map_to_jpeg/include/HectorMapTools.h:62:58:[m[K [01;31m[Kerror: [m[KISO C++ forbids declaration of ‘[01m[Kmeta[m[K’ with no type [[01;31m[K-fpermissive[m[K]
[4.984s]    62 |     void setTransforms(const nav_msgs::msg::MapMetaData& [01;31m[Kmeta[m[K)
[4.984s]       |                                                          [01;31m[K^~~~[m[K
[4.984s] [01m[K/home/jcbynum2/dev-workspace/src/corobot/map_to_jpeg/include/HectorMapTools.h:62:58:[m[K [01;31m[Kerror: [m[Kexpected ‘[01m[K;[m[K’ at end of member declaration
[4.985s]    62 |     void setTransforms(const nav_msgs::msg::MapMetaData& [01;31m[Kmeta[m[K)
[4.985s]       |                                                          [01;31m[K^~~~[m[K
[4.986s]       |                                                              [32m[K;[m[K
[4.986s] [01m[K/home/jcbynum2/dev-workspace/src/corobot/map_to_jpeg/include/HectorMapTools.h:62:62:[m[K [01;31m[Kerror: [m[Kexpected unqualified-id before ‘[01m[K)[m[K’ token
[4.986s]    62 |     void setTransforms(const nav_msgs::msg::MapMetaData& meta[01;31m[K)[m[K
[4.987s]       |                                                              [01;31m[K^[m[K
[4.987s] [01m[K/home/jcbynum2/dev-workspace/src/corobot/map_to_jpeg/include/HectorMapTools.h:37:19:[m[K [01;31m[Kerror: [m[K‘[01m[KOccupancyGridConstrPtr[m[K’ in namespace ‘[01m[K::[m[K’ does not name a type
[4.987s]    37 | #define nav_msgs::[01;31m[KOccupancyGridConstrPtr[m[K nav_msgs::msg::OccupancyGrid*
[4.988s]       |                   [01;31m[K^~~~~~~~~~~~~~~~~~~~~~[m[K
[4.988s] [01m[K/home/jcbynum2/dev-workspace/src/corobot/map_to_jpeg/include/HectorMapTools.h:128:23:[m[K [01;36m[Knote: [m[Kin expansion of macro ‘[01m[Knav_msgs[m[K’
[4.989s]   128 |     void setMap(const [01;36m[Knav_msgs[m[K::OccupancyGridConstPtr map)
[4.989s]       |                       [01;36m[K^~~~~~~~[m[K
[4.989s] [01m[K/home/jcbynum2/dev-workspace/src/corobot/map_to_jpeg/include/HectorMapTools.h:37:70:[m[K [01;31m[Kerror: [m[Kexpected unqualified-id before ‘[01m[K*[m[K’ token
[4.990s]    37 | #define nav_msgs::OccupancyGridConstrPtr nav_msgs::msg::OccupancyGrid[01;31m[K*[m[K
[4.990s]       |                                                                      [01;31m[K^[m[K
[4.991s] [01m[K/home/jcbynum2/dev-workspace/src/corobot/map_to_jpeg/include/HectorMapTools.h:128:23:[m[K [01;36m[Knote: [m[Kin expansion of macro ‘[01m[Knav_msgs[m[K’
[4.991s]   128 |     void setMap(const [01;36m[Knav_msgs[m[K::OccupancyGridConstPtr map)
[4.991s]       |                       [01;36m[K^~~~~~~~[m[K
[4.992s] [01m[K/home/jcbynum2/dev-workspace/src/corobot/map_to_jpeg/include/HectorMapTools.h:37:70:[m[K [01;31m[Kerror: [m[Kexpected ‘[01m[K)[m[K’ before ‘[01m[K*[m[K’ token
[4.992s]    37 | #define nav_msgs::OccupancyGridConstrPtr nav_msgs::msg::OccupancyGrid[01;31m[K*[m[K
[4.992s]       |                                                                      [01;31m[K^[m[K
[4.993s] [01m[K/home/jcbynum2/dev-workspace/src/corobot/map_to_jpeg/include/HectorMapTools.h:128:23:[m[K [01;36m[Knote: [m[Kin expansion of macro ‘[01m[Knav_msgs[m[K’
[4.993s]   128 |     void setMap(const [01;36m[Knav_msgs[m[K::OccupancyGridConstPtr map)
[4.993s]       |                       [01;36m[K^~~~~~~~[m[K
[4.994s] In file included from [01m[K/home/jcbynum2/dev-workspace/src/corobot/map_to_jpeg/src/image_to_map_node.cpp:38[m[K:
[4.994s] [01m[K/home/jcbynum2/dev-workspace/src/corobot/map_to_jpeg/include/HectorMapTools.h:128:16:[m[K [01;36m[Knote: [m[Kto match this ‘[01m[K([m[K’
[4.995s]   128 |     void setMap[01;36m[K([m[Kconst nav_msgs::OccupancyGridConstPtr map)
[4.995s]       |                [01;36m[K^[m[K
[4.995s] In file included from [01m[K/home/jcbynum2/dev-workspace/src/corobot/map_to_jpeg/src/image_to_map_node.cpp:38[m[K:
[4.996s] [01m[K/home/jcbynum2/dev-workspace/src/corobot/map_to_jpeg/include/HectorMapTools.h:37:57:[m[K [01;31m[Kerror: [m[Kexpected ‘[01m[K;[m[K’ at end of member declaration
[4.996s]    37 | #define nav_msgs::OccupancyGridConstrPtr nav_msgs::msg::[01;31m[KOccupancyGrid[m[K*
[4.996s]       |                                                         [01;31m[K^~~~~~~~~~~~~[m[K
[4.997s] [01m[K/home/jcbynum2/dev-workspace/src/corobot/map_to_jpeg/include/HectorMapTools.h:128:23:[m[K [01;36m[Knote: [m[Kin expansion of macro ‘[01m[Knav_msgs[m[K’
[4.997s]   128 |     void setMap(const [01;36m[Knav_msgs[m[K::OccupancyGridConstPtr map)
[4.998s]       |                       [01;36m[K^~~~~~~~[m[K
[4.998s] In file included from [01m[K/home/jcbynum2/dev-workspace/src/corobot/map_to_jpeg/src/image_to_map_node.cpp:38[m[K:
[4.998s] [01m[K/home/jcbynum2/dev-workspace/src/corobot/map_to_jpeg/include/HectorMapTools.h:128:33:[m[K [01;31m[Kerror: [m[KISO C++ forbids declaration of ‘[01m[KOccupancyGridConstPtr[m[K’ with no type [[01;31m[K-fpermissive[m[K]
[4.999s]   128 |     void setMap(const nav_msgs::[01;31m[KOccupancyGridConstPtr[m[K map)
[4.999s]       |                                 [01;31m[K^~~~~~~~~~~~~~~~~~~~~[m[K
[4.999s] [01m[K/home/jcbynum2/dev-workspace/src/corobot/map_to_jpeg/include/HectorMapTools.h:128:33:[m[K [01;31m[Kerror: [m[Kinvalid use of ‘[01m[K::[m[K’
[5.000s] [01m[K/home/jcbynum2/dev-workspace/src/corobot/map_to_jpeg/include/HectorMapTools.h:128:33:[m[K [01;31m[Kerror: [m[Kexpected ‘[01m[K;[m[K’ at end of member declaration
[5.000s]   128 |     void setMap(const nav_msgs::[01;31m[KOccupancyGridConstPtr[m[K map)
[5.000s]       |                                 [01;31m[K^~~~~~~~~~~~~~~~~~~~~[m[K
[5.001s]       |                                                      [32m[K;[m[K
[5.001s] [01m[K/home/jcbynum2/dev-workspace/src/corobot/map_to_jpeg/include/HectorMapTools.h:128:55:[m[K [01;31m[Kerror: [m[K‘[01m[Kmap[m[K’ does not name a type
[5.005s]   128 |     void setMap(const nav_msgs::OccupancyGridConstPtr [01;31m[Kmap[m[K)
[5.005s]       |                                                       [01;31m[K^~~[m[K
[5.006s] In file included from [01m[K/home/jcbynum2/dev-workspace/src/corobot/map_to_jpeg/src/image_to_map_node.cpp:38[m[K:
[5.006s] [01m[K/home/jcbynum2/dev-workspace/src/corobot/map_to_jpeg/include/HectorMapTools.h:37:19:[m[K [01;31m[Kerror: [m[K‘[01m[KOccupancyGridConstrPtr[m[K’ in namespace ‘[01m[K::[m[K’ does not name a type
[5.006s]    37 | #define nav_msgs::[01;31m[KOccupancyGridConstrPtr[m[K nav_msgs::msg::OccupancyGrid*
[5.006s]       |                   [01;31m[K^~~~~~~~~~~~~~~~~~~~~~[m[K
[5.007s] [01m[K/home/jcbynum2/dev-workspace/src/corobot/map_to_jpeg/include/HectorMapTools.h:238:5:[m[K [01;36m[Knote: [m[Kin expansion of macro ‘[01m[Knav_msgs[m[K’
[5.007s]   238 |     [01;36m[Knav_msgs[m[K::OccupancyGridConstPtr map_ptr_;
[5.007s]       |     [01;36m[K^~~~~~~~[m[K
[5.007s] [01m[K/home/jcbynum2/dev-workspace/src/corobot/map_to_jpeg/include/HectorMapTools.h:37:19:[m[K [01;31m[Kerror: [m[K‘[01m[KOccupancyGridConstrPtr[m[K’ in namespace ‘[01m[K::[m[K’ does not name a type
[5.008s]    37 | #define nav_msgs::[01;31m[KOccupancyGridConstrPtr[m[K nav_msgs::msg::OccupancyGrid*
[5.008s]       |                   [01;31m[K^~~~~~~~~~~~~~~~~~~~~~[m[K
[5.008s] [01m[K/home/jcbynum2/dev-workspace/src/corobot/map_to_jpeg/include/HectorMapTools.h:243:35:[m[K [01;36m[Knote: [m[Kin expansion of macro ‘[01m[Knav_msgs[m[K’
[5.008s]   243 |   static bool getMapExtends(const [01;36m[Knav_msgs[m[K::OccupancyGrid& map, Eigen::Vector2i& topLeft, Eigen::Vector2i& bottomRight)
[5.008s]       |                                   [01;36m[K^~~~~~~~[m[K
[5.008s] [01m[K/home/jcbynum2/dev-workspace/src/corobot/map_to_jpeg/include/HectorMapTools.h:37:70:[m[K [01;31m[Kerror: [m[Kexpected unqualified-id before ‘[01m[K*[m[K’ token
[5.009s]    37 | #define nav_msgs::OccupancyGridConstrPtr nav_msgs::msg::OccupancyGrid[01;31m[K*[m[K
[5.009s]       |                                                                      [01;31m[K^[m[K
[5.010s] [01m[K/home/jcbynum2/dev-workspace/src/corobot/map_to_jpeg/include/HectorMapTools.h:243:35:[m[K [01;36m[Knote: [m[Kin expansion of macro ‘[01m[Knav_msgs[m[K’
[5.010s]   243 |   static bool getMapExtends(const [01;36m[Knav_msgs[m[K::OccupancyGrid& map, Eigen::Vector2i& topLeft, Eigen::Vector2i& bottomRight)
[5.010s]       |                                   [01;36m[K^~~~~~~~[m[K
[5.010s] [01m[K/home/jcbynum2/dev-workspace/src/corobot/map_to_jpeg/include/HectorMapTools.h:37:70:[m[K [01;31m[Kerror: [m[Kexpected ‘[01m[K)[m[K’ before ‘[01m[K*[m[K’ token
[5.010s]    37 | #define nav_msgs::OccupancyGridConstrPtr nav_msgs::msg::OccupancyGrid[01;31m[K*[m[K
[5.011s]       |                                                                      [01;31m[K^[m[K
[5.011s] [01m[K/home/jcbynum2/dev-workspace/src/corobot/map_to_jpeg/include/HectorMapTools.h:243:35:[m[K [01;36m[Knote: [m[Kin expansion of macro ‘[01m[Knav_msgs[m[K’
[5.011s]   243 |   static bool getMapExtends(const [01;36m[Knav_msgs[m[K::OccupancyGrid& map, Eigen::Vector2i& topLeft, Eigen::Vector2i& bottomRight)
[5.011s]       |                                   [01;36m[K^~~~~~~~[m[K
[5.011s] In file included from [01m[K/home/jcbynum2/dev-workspace/src/corobot/map_to_jpeg/src/image_to_map_node.cpp:38[m[K:
[5.012s] [01m[K/home/jcbynum2/dev-workspace/src/corobot/map_to_jpeg/include/HectorMapTools.h:243:28:[m[K [01;36m[Knote: [m[Kto match this ‘[01m[K([m[K’
[5.012s]   243 |   static bool getMapExtends[01;36m[K([m[Kconst nav_msgs::OccupancyGrid& map, Eigen::Vector2i& topLeft, Eigen::Vector2i& bottomRight)
[5.012s]       |                            [01;36m[K^[m[K
[5.012s] In file included from [01m[K/home/jcbynum2/dev-workspace/src/corobot/map_to_jpeg/src/image_to_map_node.cpp:38[m[K:
[5.012s] [01m[K/home/jcbynum2/dev-workspace/src/corobot/map_to_jpeg/include/HectorMapTools.h:37:57:[m[K [01;31m[Kerror: [m[Kexpected ‘[01m[K;[m[K’ at end of member declaration
[5.013s]    37 | #define nav_msgs::OccupancyGridConstrPtr nav_msgs::msg::[01;31m[KOccupancyGrid[m[K*
[5.013s]       |                                                         [01;31m[K^~~~~~~~~~~~~[m[K
[5.013s] [01m[K/home/jcbynum2/dev-workspace/src/corobot/map_to_jpeg/include/HectorMapTools.h:243:35:[m[K [01;36m[Knote: [m[Kin expansion of macro ‘[01m[Knav_msgs[m[K’
[5.013s]   243 |   static bool getMapExtends(const [01;36m[Knav_msgs[m[K::OccupancyGrid& map, Eigen::Vector2i& topLeft, Eigen::Vector2i& bottomRight)
[5.013s]       |                                   [01;36m[K^~~~~~~~[m[K
[5.014s] In file included from [01m[K/home/jcbynum2/dev-workspace/src/corobot/map_to_jpeg/src/image_to_map_node.cpp:38[m[K:
[5.014s] [01m[K/home/jcbynum2/dev-workspace/src/corobot/map_to_jpeg/include/HectorMapTools.h:243:45:[m[K [01;31m[Kerror: [m[KISO C++ forbids declaration of ‘[01m[KOccupancyGrid[m[K’ with no type [[01;31m[K-fpermissive[m[K]
[5.014s]   243 |   static bool getMapExtends(const nav_msgs::[01;31m[KOccupancyGrid[m[K& map, Eigen::Vector2i& topLeft, Eigen::Vector2i& bottomRight)
[5.014s]       |                                             [01;31m[K^~~~~~~~~~~~~[m[K
[5.014s] [01m[K/home/jcbynum2/dev-workspace/src/corobot/map_to_jpeg/include/HectorMapTools.h:243:45:[m[K [01;31m[Kerror: [m[Kinvalid use of ‘[01m[K::[m[K’
[5.015s] [01m[K/home/jcbynum2/dev-workspace/src/corobot/map_to_jpeg/include/HectorMapTools.h:243:45:[m[K [01;31m[Kerror: [m[Kexpected ‘[01m[K;[m[K’ at end of member declaration
[5.015s]   243 |   static bool getMapExtends(const nav_msgs::[01;31m[KOccupancyGrid[m[K& map, Eigen::Vector2i& topLeft, Eigen::Vector2i& bottomRight)
[5.015s]       |                                             [01;31m[K^~~~~~~~~~~~~[m[K
[5.015s]       |                                                          [32m[K;[m[K
[5.015s] [01m[K/home/jcbynum2/dev-workspace/src/corobot/map_to_jpeg/include/HectorMapTools.h:243:60:[m[K [01;31m[Kerror: [m[KISO C++ forbids declaration of ‘[01m[Kmap[m[K’ with no type [[01;31m[K-fpermissive[m[K]
[5.015s]   243 |   static bool getMapExtends(const nav_msgs::OccupancyGrid& [01;31m[Kmap[m[K, Eigen::Vector2i& topLeft, Eigen::Vector2i& bottomRight)
[5.016s]       |                                                            [01;31m[K^~~[m[K
[5.016s] [01m[K/home/jcbynum2/dev-workspace/src/corobot/map_to_jpeg/include/HectorMapTools.h:243:72:[m[K [01;31m[Kerror: [m[KISO C++ forbids declaration of ‘[01m[KVector2i[m[K’ with no type [[01;31m[K-fpermissive[m[K]
[5.016s]   243 |   static bool getMapExtends(const nav_msgs::OccupancyGrid& map, Eigen::[01;31m[KVector2i[m[K& topLeft, Eigen::Vector2i& bottomRight)
[5.016s]       |                                                                        [01;31m[K^~~~~~~~[m[K
[5.016s] [01m[K/home/jcbynum2/dev-workspace/src/corobot/map_to_jpeg/include/HectorMapTools.h:243:72:[m[K [01;31m[Kerror: [m[Kinvalid use of ‘[01m[K::[m[K’
[5.017s] [01m[K/home/jcbynum2/dev-workspace/src/corobot/map_to_jpeg/include/HectorMapTools.h:243:72:[m[K [01;31m[Kerror: [m[Kexpected ‘[01m[K;[m[K’ at end of member declaration
[5.017s]   243 |   static bool getMapExtends(const nav_msgs::OccupancyGrid& map, Eigen::[01;31m[KVector2i[m[K& topLeft, Eigen::Vector2i& bottomRight)
[5.017s]       |                                                                        [01;31m[K^~~~~~~~[m[K
[5.017s]       |                                                                                [32m[K;[m[K
[5.017s] [01m[K/home/jcbynum2/dev-workspace/src/corobot/map_to_jpeg/include/HectorMapTools.h:243:82:[m[K [01;31m[Kerror: [m[KISO C++ forbids declaration of ‘[01m[KtopLeft[m[K’ with no type [[01;31m[K-fpermissive[m[K]
[5.018s]   243 |   static bool getMapExtends(const nav_msgs::OccupancyGrid& map, Eigen::Vector2i& [01;31m[KtopLeft[m[K, Eigen::Vector2i& bottomRight)
[5.018s]       |                                                                                  [01;31m[K^~~~~~~[m[K
[5.018s] [01m[K/home/jcbynum2/dev-workspace/src/corobot/map_to_jpeg/include/HectorMapTools.h:243:98:[m[K [01;31m[Kerror: [m[KISO C++ forbids declaration of ‘[01m[KVector2i[m[K’ with no type [[01;31m[K-fpermissive[m[K]
[5.018s]   243 |   static bool getMapExtends(const nav_msgs::OccupancyGrid& map, Eigen::Vector2i& topLeft, Eigen::[01;31m[KVector2i[m[K& bottomRight)
[5.018s]       |                                                                                                  [01;31m[K^~~~~~~~[m[K
[5.019s] [01m[K/home/jcbynum2/dev-workspace/src/corobot/map_to_jpeg/include/HectorMapTools.h:243:98:[m[K [01;31m[Kerror: [m[Kinvalid use of ‘[01m[K::[m[K’
[5.019s] [01m[K/home/jcbynum2/dev-workspace/src/corobot/map_to_jpeg/include/HectorMapTools.h:243:98:[m[K [01;31m[Kerror: [m[Kexpected ‘[01m[K;[m[K’ at end of member declaration
[5.019s]   243 |   static bool getMapExtends(const nav_msgs::OccupancyGrid& map, Eigen::Vector2i& topLeft, Eigen::[01;31m[KVector2i[m[K& bottomRight)
[5.019s]       |                                                                                                  [01;31m[K^~~~~~~~[m[K
[5.019s]       |                                                                                                          [32m[K;[m[K
[5.020s] [01m[K/home/jcbynum2/dev-workspace/src/corobot/map_to_jpeg/include/HectorMapTools.h:243:108:[m[K [01;31m[Kerror: [m[KISO C++ forbids declaration of ‘[01m[KbottomRight[m[K’ with no type [[01;31m[K-fpermissive[m[K]
[5.020s]   243 |   static bool getMapExtends(const nav_msgs::OccupancyGrid& map, Eigen::Vector2i& topLeft, Eigen::Vector2i& [01;31m[KbottomRight[m[K)
[5.020s]       |                                                                                                            [01;31m[K^~~~~~~~~~~[m[K
[5.020s] [01m[K/home/jcbynum2/dev-workspace/src/corobot/map_to_jpeg/include/HectorMapTools.h:243:108:[m[K [01;31m[Kerror: [m[Kexpected ‘[01m[K;[m[K’ at end of member declaration
[5.020s]   243 |   static bool getMapExtends(const nav_msgs::OccupancyGrid& map, Eigen::Vector2i& topLeft, Eigen::Vector2i& [01;31m[KbottomRight[m[K)
[5.021s]       |                                                                                                            [01;31m[K^~~~~~~~~~~[m[K
[5.021s]       |                                                                                                                       [32m[K;[m[K
[5.021s] [01m[K/home/jcbynum2/dev-workspace/src/corobot/map_to_jpeg/include/HectorMapTools.h:243:119:[m[K [01;31m[Kerror: [m[Kexpected unqualified-id before ‘[01m[K)[m[K’ token
[5.021s]   243 |   static bool getMapExtends(const nav_msgs::OccupancyGrid& map, Eigen::Vector2i& topLeft, Eigen::Vector2i& bottomRight[01;31m[K)[m[K
[5.021s]       |                                                                                                                       [01;31m[K^[m[K
[5.022s] [01m[K/home/jcbynum2/dev-workspace/src/corobot/map_to_jpeg/include/HectorMapTools.h:[m[K In constructor ‘[01m[KHectorMapTools::DistanceMeasurementProvider::DistanceMeasurementProvider()[m[K’:
[5.022s] [01m[K/home/jcbynum2/dev-workspace/src/corobot/map_to_jpeg/include/HectorMapTools.h:124:5:[m[K [01;31m[Kerror: [m[Kcall of overloaded ‘[01m[KCoordinateTransformer()[m[K’ is ambiguous
[5.023s]   124 |     [01;31m[K{[m[K
[5.023s]       |     [01;31m[K^[m[K
[5.023s] In file included from [01m[K/home/jcbynum2/dev-workspace/src/corobot/map_to_jpeg/src/image_to_map_node.cpp:38[m[K:
[5.023s] [01m[K/home/jcbynum2/dev-workspace/src/corobot/map_to_jpeg/include/HectorMapTools.h:51:5:[m[K [01;36m[Knote: [m[Kcandidate: ‘[01m[KHectorMapTools::CoordinateTransformer<ConcreteScalar>::CoordinateTransformer(...) [with ConcreteScalar = float][m[K’
[5.023s]    51 |     [01;36m[KCoordinateTransformer[m[K(const nav_msgs::OccupancyGridConstPtr map)
[5.024s]       |     [01;36m[K^~~~~~~~~~~~~~~~~~~~~[m[K
[5.024s] [01m[K/home/jcbynum2/dev-workspace/src/corobot/map_to_jpeg/include/HectorMapTools.h:46:5:[m[K [01;36m[Knote: [m[Kcandidate: ‘[01m[KHectorMapTools::CoordinateTransformer<ConcreteScalar>::CoordinateTransformer() [with ConcreteScalar = float][m[K’
[5.024s]    46 |     [01;36m[KCoordinateTransformer[m[K()
[5.024s]       |     [01;36m[K^~~~~~~~~~~~~~~~~~~~~[m[K
[5.048s] In file included from [01m[K/home/jcbynum2/dev-workspace/src/corobot/map_to_jpeg/src/image_to_map_node.cpp:38[m[K:
[5.049s] [01m[K/home/jcbynum2/dev-workspace/src/corobot/map_to_jpeg/include/HectorMapTools.h:[m[K In member function ‘[01m[Kfloat HectorMapTools::DistanceMeasurementProvider::checkOccupancyBresenhami(const Vector2i&, const Vector2i&, Eigen::Vector2i*, unsigned int)[m[K’:
[5.049s] [01m[K/home/jcbynum2/dev-workspace/src/corobot/map_to_jpeg/include/HectorMapTools.h:155:19:[m[K [01;31m[Kerror: [m[K‘[01m[Kmap_ptr_[m[K’ was not declared in this scope
[5.049s]   155 |       int sizeX = [01;31m[Kmap_ptr_[m[K->info.width;
[5.050s]       |                   [01;31m[K^~~~~~~~[m[K
[5.524s] [01m[K/home/jcbynum2/dev-workspace/src/corobot/map_to_jpeg/include/HectorMapTools.h:[m[K In member function ‘[01m[Kint HectorMapTools::DistanceMeasurementProvider::bresenham2D(unsigned int, unsigned int, int, int, int, unsigned int, unsigned int)[m[K’:
[5.524s] [01m[K/home/jcbynum2/dev-workspace/src/corobot/map_to_jpeg/include/HectorMapTools.h:218:41:[m[K [01;31m[Kerror: [m[K‘[01m[Kmap_ptr_[m[K’ was not declared in this scope
[5.525s]   218 |       const std::vector<int8_t>& data = [01;31m[Kmap_ptr_[m[K->data;
[5.525s]       |                                         [01;31m[K^~~~~~~~[m[K
[5.535s] [01m[K/home/jcbynum2/dev-workspace/src/corobot/map_to_jpeg/src/image_to_map_node.cpp:[m[K At global scope:
[5.536s] [01m[K/home/jcbynum2/dev-workspace/src/corobot/map_to_jpeg/src/image_to_map_node.cpp:56:3:[m[K [01;31m[Kerror: [m[K‘[01m[Kros[m[K’ does not name a type; did you mean ‘[01m[Kcos[m[K’?
[5.536s]    56 |   [01;31m[Kros[m[K::Publisher map_publisher;
[5.536s]       |   [01;31m[K^~~[m[K
[5.536s]       |   [32m[Kcos[m[K
[5.538s] [01m[K/home/jcbynum2/dev-workspace/src/corobot/map_to_jpeg/src/image_to_map_node.cpp:63:3:[m[K [01;31m[Kerror: [m[K‘[01m[Kros[m[K’ does not name a type; did you mean ‘[01m[Kcos[m[K’?
[5.538s]    63 |   [01;31m[Kros[m[K::NodeHandle n_;
[5.538s]       |   [01;31m[K^~~[m[K
[5.539s]       |   [32m[Kcos[m[K
[5.540s] [01m[K/home/jcbynum2/dev-workspace/src/corobot/map_to_jpeg/src/image_to_map_node.cpp:64:3:[m[K [01;31m[Kerror: [m[K‘[01m[Kros[m[K’ does not name a type; did you mean ‘[01m[Kcos[m[K’?
[5.541s]    64 |   [01;31m[Kros[m[K::NodeHandle pn_;
[5.541s]       |   [01;31m[K^~~[m[K
[5.541s]       |   [32m[Kcos[m[K
[5.541s] [01m[K/home/jcbynum2/dev-workspace/src/corobot/map_to_jpeg/src/image_to_map_node.cpp:88:39:[m[K [01;31m[Kerror: [m[K‘[01m[KImageConstPtr[m[K’ in namespace ‘[01m[Ksensor_msgs[m[K’ does not name a type
[5.541s]    88 |   void mapCallback(const sensor_msgs::[01;31m[KImageConstPtr[m[K& image)
[5.542s]       |                                       [01;31m[K^~~~~~~~~~~~~[m[K
[5.542s] [01m[K/home/jcbynum2/dev-workspace/src/corobot/map_to_jpeg/src/image_to_map_node.cpp:[m[K In constructor ‘[01m[KMapAsImageProvider::MapAsImageProvider()[m[K’:
[5.543s] [01m[K/home/jcbynum2/dev-workspace/src/corobot/map_to_jpeg/src/image_to_map_node.cpp:68:7:[m[K [01;31m[Kerror: [m[Kclass ‘[01m[KMapAsImageProvider[m[K’ does not have any field named ‘[01m[Kpn_[m[K’
[5.543s]    68 |     : [01;31m[Kpn_[m[K("~")
[5.543s]       |       [01;31m[K^~~[m[K
[5.548s] [01m[K/home/jcbynum2/dev-workspace/src/corobot/map_to_jpeg/src/image_to_map_node.cpp:71:60:[m[K [01;31m[Kerror: [m[K‘[01m[Kn_[m[K’ was not declared in this scope
[5.549s]    71 |     image_transport_ = new image_transport::ImageTransport([01;31m[Kn_[m[K);
[5.549s]       |                                                            [01;31m[K^~[m[K
[5.553s] [01m[K/home/jcbynum2/dev-workspace/src/corobot/map_to_jpeg/src/image_to_map_node.cpp:73:123:[m[K [01;31m[Kerror: [m[Kno matching function for call to ‘[01m[Kimage_transport::ImageTransport::subscribe(const char [14], int, void (MapAsImageProvider::*)(const int&), MapAsImageProvider*)[m[K’
[5.553s]    73 |     image_transport_subscriber_map = image_transport_->subscribe("map_image_raw", 1, &MapAsImageProvider::mapCallback,this[01;31m[K)[m[K;
[5.553s]       |                                                                                                                           [01;31m[K^[m[K
[5.554s] In file included from [01m[K/home/jcbynum2/dev-workspace/src/corobot/map_to_jpeg/src/image_to_map_node.cpp:36[m[K:
[5.554s] [01m[K/opt/ros/foxy/include/image_transport/image_transport.hpp:141:14:[m[K [01;36m[Knote: [m[Kcandidate: ‘[01m[Kimage_transport::Subscriber image_transport::ImageTransport::subscribe(const string&, uint32_t, const Callback&, const VoidPtr&, const image_transport::TransportHints*)[m[K’
[5.555s]   141 |   Subscriber [01;36m[Ksubscribe[m[K(
[5.555s]       |              [01;36m[K^~~~~~~~~[m[K
[5.555s] [01m[K/opt/ros/foxy/include/image_transport/image_transport.hpp:143:34:[m[K [01;36m[Knote: [m[K  no known conversion for argument 3 from ‘[01m[Kvoid (MapAsImageProvider::*)(const int&)[m[K’ to ‘[01m[Kconst Callback&[m[K’ {aka ‘[01m[Kconst std::function<void(const std::shared_ptr<const sensor_msgs::msg::Image_<std::allocator<void> > >&)>&[m[K’}
[5.555s]   143 |     [01;36m[Kconst Subscriber::Callback & callback[m[K,
[5.555s]       |     [01;36m[K~~~~~~~~~~~~~~~~~~~~~~~~~~~~~^~~~~~~~[m[K
[5.556s] [01m[K/opt/ros/foxy/include/image_transport/image_transport.hpp:151:14:[m[K [01;36m[Knote: [m[Kcandidate: ‘[01m[Kimage_transport::Subscriber image_transport::ImageTransport::subscribe(const string&, uint32_t, void (*)(const ImageConstPtr&), const image_transport::TransportHints*)[m[K’
[5.556s]   151 |   Subscriber [01;36m[Ksubscribe[m[K(
[5.556s]       |              [01;36m[K^~~~~~~~~[m[K
[5.557s] [01m[K/opt/ros/foxy/include/image_transport/image_transport.hpp:153:12:[m[K [01;36m[Knote: [m[K  no known conversion for argument 3 from ‘[01m[Kvoid (MapAsImageProvider::*)(const int&)[m[K’ to ‘[01m[Kvoid (*)(const ImageConstPtr&)[m[K’ {aka ‘[01m[Kvoid (*)(const std::shared_ptr<const sensor_msgs::msg::Image_<std::allocator<void> > >&)[m[K’}
[5.557s]   153 |     [01;36m[Kvoid (*fp)(const ImageConstPtr &)[m[K,
[5.557s]       |     [01;36m[K~~~~~~~^~~~~~~~~~~~~~~~~~~~~~~~~~[m[K
[5.557s] [01m[K/opt/ros/foxy/include/image_transport/image_transport.hpp:165:14:[m[K [01;36m[Knote: [m[Kcandidate: ‘[01m[Ktemplate<class T> image_transport::Subscriber image_transport::ImageTransport::subscribe(const string&, uint32_t, void (T::*)(const ImageConstPtr&), T*, const image_transport::TransportHints*)[m[K’
[5.558s]   165 |   Subscriber [01;36m[Ksubscribe[m[K(
[5.558s]       |              [01;36m[K^~~~~~~~~[m[K
[5.558s] [01m[K/opt/ros/foxy/include/image_transport/image_transport.hpp:165:14:[m[K [01;36m[Knote: [m[K  template argument deduction/substitution failed:
[5.558s] [01m[K/home/jcbynum2/dev-workspace/src/corobot/map_to_jpeg/src/image_to_map_node.cpp:73:123:[m[K [01;36m[Knote: [m[K  mismatched types ‘[01m[Kconst ImageConstPtr[m[K’ {aka ‘[01m[Kconst std::shared_ptr<const sensor_msgs::msg::Image_<std::allocator<void> > >[m[K’} and ‘[01m[Kconst int[m[K’
[5.558s]    73 |     image_transport_subscriber_map = image_transport_->subscribe("map_image_raw", 1, &MapAsImageProvider::mapCallback,this[01;36m[K)[m[K;
[5.559s]       |                                                                                                                           [01;36m[K^[m[K
[5.559s] In file included from [01m[K/home/jcbynum2/dev-workspace/src/corobot/map_to_jpeg/src/image_to_map_node.cpp:36[m[K:
[5.559s] [01m[K/opt/ros/foxy/include/image_transport/image_transport.hpp:178:14:[m[K [01;36m[Knote: [m[Kcandidate: ‘[01m[Ktemplate<class T> image_transport::Subscriber image_transport::ImageTransport::subscribe(const string&, uint32_t, void (T::*)(const ImageConstPtr&), const std::shared_ptr<_Tp>&, const image_transport::TransportHints*)[m[K’
[5.559s]   178 |   Subscriber [01;36m[Ksubscribe[m[K(
[5.559s]       |              [01;36m[K^~~~~~~~~[m[K
[5.560s] [01m[K/opt/ros/foxy/include/image_transport/image_transport.hpp:178:14:[m[K [01;36m[Knote: [m[K  template argument deduction/substitution failed:
[5.560s] [01m[K/home/jcbynum2/dev-workspace/src/corobot/map_to_jpeg/src/image_to_map_node.cpp:73:123:[m[K [01;36m[Knote: [m[K  mismatched types ‘[01m[Kconst ImageConstPtr[m[K’ {aka ‘[01m[Kconst std::shared_ptr<const sensor_msgs::msg::Image_<std::allocator<void> > >[m[K’} and ‘[01m[Kconst int[m[K’
[5.560s]    73 |     image_transport_subscriber_map = image_transport_->subscribe("map_image_raw", 1, &MapAsImageProvider::mapCallback,this[01;36m[K)[m[K;
[5.560s]       |                                                                                                                           [01;36m[K^[m[K
[5.561s] [01m[K/home/jcbynum2/dev-workspace/src/corobot/map_to_jpeg/src/image_to_map_node.cpp:75:5:[m[K [01;31m[Kerror: [m[K‘[01m[Kmap_publisher[m[K’ was not declared in this scope; did you mean ‘[01m[Krcl_publish[m[K’?
[5.561s]    75 |     [01;31m[Kmap_publisher[m[K = n_.advertise<nav_msgs::OccupancyGrid>("/map_from_jpeg", 50);
[5.562s]       |     [01;31m[K^~~~~~~~~~~~~[m[K
[5.562s]       |     [32m[Krcl_publish[m[K
[5.573s] In file included from [01m[K/home/jcbynum2/dev-workspace/src/corobot/map_to_jpeg/src/image_to_map_node.cpp:38[m[K:
[5.573s] [01m[K/home/jcbynum2/dev-workspace/src/corobot/map_to_jpeg/include/HectorMapTools.h:37:19:[m[K [01;31m[Kerror: [m[K‘[01m[K::OccupancyGridConstrPtr[m[K’ has not been declared
[5.574s]    37 | #define nav_msgs::[01;31m[KOccupancyGridConstrPtr[m[K nav_msgs::msg::OccupancyGrid*
[5.574s]       |                   [01;31m[K^~~~~~~~~~~~~~~~~~~~~~[m[K
[5.574s] [01m[K/home/jcbynum2/dev-workspace/src/corobot/map_to_jpeg/src/image_to_map_node.cpp:75:34:[m[K [01;36m[Knote: [m[Kin expansion of macro ‘[01m[Knav_msgs[m[K’
[5.574s]    75 |     map_publisher = n_.advertise<[01;36m[Knav_msgs[m[K::OccupancyGrid>("/map_from_jpeg", 50);
[5.575s]       |                                  [01;36m[K^~~~~~~~[m[K
[5.581s] [01m[K/home/jcbynum2/dev-workspace/src/corobot/map_to_jpeg/src/image_to_map_node.cpp:78:5:[m[K [01;31m[Kerror: [m[K‘[01m[KROS_INFO[m[K’ was not declared in this scope
[5.581s]    78 |     [01;31m[KROS_INFO[m[K("Image to Map node started.");
[5.581s]       |     [01;31m[K^~~~~~~~[m[K
[5.592s] In file included from [01m[K/home/jcbynum2/dev-workspace/src/corobot/map_to_jpeg/src/image_to_map_node.cpp:38[m[K:
[5.593s] [01m[K/home/jcbynum2/dev-workspace/src/corobot/map_to_jpeg/src/image_to_map_node.cpp:[m[K In member function ‘[01m[Kvoid MapAsImageProvider::mapCallback(const int&)[m[K’:
[5.593s] [01m[K/home/jcbynum2/dev-workspace/src/corobot/map_to_jpeg/include/HectorMapTools.h:37:19:[m[K [01;31m[Kerror: [m[K‘[01m[K::OccupancyGridConstrPtr[m[K’ has not been declared
[5.594s]    37 | #define nav_msgs::[01;31m[KOccupancyGridConstrPtr[m[K nav_msgs::msg::OccupancyGrid*
[5.594s]       |                   [01;31m[K^~~~~~~~~~~~~~~~~~~~~~[m[K
[5.594s] [01m[K/home/jcbynum2/dev-workspace/src/corobot/map_to_jpeg/src/image_to_map_node.cpp:91:5:[m[K [01;36m[Knote: [m[Kin expansion of macro ‘[01m[Knav_msgs[m[K’
[5.595s]    91 |     [01;36m[Knav_msgs[m[K::OccupancyGrid map;
[5.595s]       |     [01;36m[K^~~~~~~~[m[K
[5.595s] [01m[K/home/jcbynum2/dev-workspace/src/corobot/map_to_jpeg/src/image_to_map_node.cpp:93:8:[m[K [01;31m[Kerror: [m[Kmissing template arguments before ‘[01m[K.[m[K’ token
[5.595s]    93 |     map[01;31m[K.[m[Kheader.stamp = image->header.stamp;
[5.595s]       |        [01;31m[K^[m[K
[5.596s] [01m[K/home/jcbynum2/dev-workspace/src/corobot/map_to_jpeg/src/image_to_map_node.cpp:93:29:[m[K [01;31m[Kerror: [m[Kbase operand of ‘[01m[K->[m[K’ is not a pointer
[5.596s]    93 |     map.header.stamp = image[01;31m[K->[m[Kheader.stamp;
[5.596s]       |                             [01;31m[K^~[m[K
[5.596s] [01m[K/home/jcbynum2/dev-workspace/src/corobot/map_to_jpeg/src/image_to_map_node.cpp:94:8:[m[K [01;31m[Kerror: [m[Kmissing template arguments before ‘[01m[K.[m[K’ token
[5.597s]    94 |     map[01;31m[K.[m[Kheader.frame_id = "map";
[5.597s]       |        [01;31m[K^[m[K
[5.597s] [01m[K/home/jcbynum2/dev-workspace/src/corobot/map_to_jpeg/src/image_to_map_node.cpp:95:8:[m[K [01;31m[Kerror: [m[Kmissing template arguments before ‘[01m[K.[m[K’ token
[5.597s]    95 |     map[01;31m[K.[m[Kinfo.width = image->width;
[5.597s]       |        [01;31m[K^[m[K
[5.598s] [01m[K/home/jcbynum2/dev-workspace/src/corobot/map_to_jpeg/src/image_to_map_node.cpp:95:27:[m[K [01;31m[Kerror: [m[Kbase operand of ‘[01m[K->[m[K’ is not a pointer
[5.598s]    95 |     map.info.width = image[01;31m[K->[m[Kwidth;
[5.598s]       |                           [01;31m[K^~[m[K
[5.598s] [01m[K/home/jcbynum2/dev-workspace/src/corobot/map_to_jpeg/src/image_to_map_node.cpp:96:8:[m[K [01;31m[Kerror: [m[Kmissing template arguments before ‘[01m[K.[m[K’ token
[5.599s]    96 |     map[01;31m[K.[m[Kinfo.height = image->height;
[5.599s]       |        [01;31m[K^[m[K
[5.599s] [01m[K/home/jcbynum2/dev-workspace/src/corobot/map_to_jpeg/src/image_to_map_node.cpp:96:28:[m[K [01;31m[Kerror: [m[Kbase operand of ‘[01m[K->[m[K’ is not a pointer
[5.599s]    96 |     map.info.height = image[01;31m[K->[m[Kheight;
[5.599s]       |                            [01;31m[K^~[m[K
[5.600s] [01m[K/home/jcbynum2/dev-workspace/src/corobot/map_to_jpeg/src/image_to_map_node.cpp:97:8:[m[K [01;31m[Kerror: [m[Kmissing template arguments before ‘[01m[K.[m[K’ token
[5.600s]    97 |     map[01;31m[K.[m[Kinfo.origin.orientation.w = 1;
[5.600s]       |        [01;31m[K^[m[K
[5.600s] [01m[K/home/jcbynum2/dev-workspace/src/corobot/map_to_jpeg/src/image_to_map_node.cpp:98:8:[m[K [01;31m[Kerror: [m[Kmissing template arguments before ‘[01m[K.[m[K’ token
[5.600s]    98 |     map[01;31m[K.[m[Kinfo.resolution = resolution;
[5.601s]       |        [01;31m[K^[m[K
[5.601s] [01m[K/home/jcbynum2/dev-workspace/src/corobot/map_to_jpeg/src/image_to_map_node.cpp:99:8:[m[K [01;31m[Kerror: [m[Kmissing template arguments before ‘[01m[K.[m[K’ token
[5.601s]    99 |     map[01;31m[K.[m[Kinfo.origin.position.x = -((image->width + 1) * map.info.resolution * 0.5f);
[5.601s]       |        [01;31m[K^[m[K
[5.601s] [01m[K/home/jcbynum2/dev-workspace/src/corobot/map_to_jpeg/src/image_to_map_node.cpp:99:42:[m[K [01;31m[Kerror: [m[Kbase operand of ‘[01m[K->[m[K’ is not a pointer
[5.602s]    99 |     map.info.origin.position.x = -((image[01;31m[K->[m[Kwidth + 1) * map.info.resolution * 0.5f);
[5.602s]       |                                          [01;31m[K^~[m[K
[5.602s] [01m[K/home/jcbynum2/dev-workspace/src/corobot/map_to_jpeg/src/image_to_map_node.cpp:99:60:[m[K [01;31m[Kerror: [m[Kmissing template arguments before ‘[01m[K.[m[K’ token
[5.603s]    99 |     map.info.origin.position.x = -((image->width + 1) * map[01;31m[K.[m[Kinfo.resolution * 0.5f);
[5.603s]       |                                                            [01;31m[K^[m[K
[5.603s] [01m[K/home/jcbynum2/dev-workspace/src/corobot/map_to_jpeg/src/image_to_map_node.cpp:100:8:[m[K [01;31m[Kerror: [m[Kmissing template arguments before ‘[01m[K.[m[K’ token
[5.604s]   100 |     map[01;31m[K.[m[Kinfo.origin.position.y = -((image->height + 1) * map.info.resolution * 0.5f);
[5.604s]       |        [01;31m[K^[m[K
[5.604s] [01m[K/home/jcbynum2/dev-workspace/src/corobot/map_to_jpeg/src/image_to_map_node.cpp:100:42:[m[K [01;31m[Kerror: [m[Kbase operand of ‘[01m[K->[m[K’ is not a pointer
[5.604s]   100 |     map.info.origin.position.y = -((image[01;31m[K->[m[Kheight + 1) * map.info.resolution * 0.5f);
[5.605s]       |                                          [01;31m[K^~[m[K
[5.605s] [01m[K/home/jcbynum2/dev-workspace/src/corobot/map_to_jpeg/src/image_to_map_node.cpp:100:61:[m[K [01;31m[Kerror: [m[Kmissing template arguments before ‘[01m[K.[m[K’ token
[5.605s]   100 |     map.info.origin.position.y = -((image->height + 1) * map[01;31m[K.[m[Kinfo.resolution * 0.5f);
[5.605s]       |                                                             [01;31m[K^[m[K
[5.606s] [01m[K/home/jcbynum2/dev-workspace/src/corobot/map_to_jpeg/src/image_to_map_node.cpp:104:20:[m[K [01;31m[Kerror: [m[Kbase operand of ‘[01m[K->[m[K’ is not a pointer
[5.606s]   104 |     for(int i=image[01;31m[K->[m[Kheight -1; i>=0; i--)
[5.607s]       |                    [01;31m[K^~[m[K
[5.607s] [01m[K/home/jcbynum2/dev-workspace/src/corobot/map_to_jpeg/src/image_to_map_node.cpp:106:32:[m[K [01;31m[Kerror: [m[Kbase operand of ‘[01m[K->[m[K’ is not a pointer
[5.607s]   106 |  for (unsigned int j=0; j<image[01;31m[K->[m[Kwidth;j++)
[5.607s]       |                                [01;31m[K^~[m[K
[5.608s] [01m[K/home/jcbynum2/dev-workspace/src/corobot/map_to_jpeg/src/image_to_map_node.cpp:108:18:[m[K [01;31m[Kerror: [m[Kbase operand of ‘[01m[K->[m[K’ is not a pointer
[5.608s]   108 |      data = image[01;31m[K->[m[Kdata[i*image->width + j];
[5.608s]       |                  [01;31m[K^~[m[K
[5.608s] [01m[K/home/jcbynum2/dev-workspace/src/corobot/map_to_jpeg/src/image_to_map_node.cpp:108:32:[m[K [01;31m[Kerror: [m[Kbase operand of ‘[01m[K->[m[K’ is not a pointer
[5.608s]   108 |      data = image->data[i*image[01;31m[K->[m[Kwidth + j];
[5.609s]       |                                [01;31m[K^~[m[K
[5.609s] [01m[K/home/jcbynum2/dev-workspace/src/corobot/map_to_jpeg/src/image_to_map_node.cpp:110:10:[m[K [01;31m[Kerror: [m[Kmissing template arguments before ‘[01m[K.[m[K’ token
[5.609s]   110 |       map[01;31m[K.[m[Kdata.push_back(-1);
[5.609s]       |          [01;31m[K^[m[K
[5.610s] [01m[K/home/jcbynum2/dev-workspace/src/corobot/map_to_jpeg/src/image_to_map_node.cpp:113:6:[m[K [01;31m[Kerror: [m[Kmissing template arguments before ‘[01m[K.[m[K’ token
[5.610s]   113 |   map[01;31m[K.[m[Kdata.push_back(0);
[5.610s]       |      [01;31m[K^[m[K
[5.610s] [01m[K/home/jcbynum2/dev-workspace/src/corobot/map_to_jpeg/src/image_to_map_node.cpp:116:6:[m[K [01;31m[Kerror: [m[Kmissing template arguments before ‘[01m[K.[m[K’ token
[5.610s]   116 |   map[01;31m[K.[m[Kdata.push_back(100);
[5.611s]       |      [01;31m[K^[m[K
[5.611s] [01m[K/home/jcbynum2/dev-workspace/src/corobot/map_to_jpeg/src/image_to_map_node.cpp:120:5:[m[K [01;31m[Kerror: [m[K‘[01m[Kmap_publisher[m[K’ was not declared in this scope; did you mean ‘[01m[Krcl_publish[m[K’?
[5.611s]   120 |     [01;31m[Kmap_publisher[m[K.publish(map);
[5.611s]       |     [01;31m[K^~~~~~~~~~~~~[m[K
[5.611s]       |     [32m[Krcl_publish[m[K
[5.612s] [01m[K/home/jcbynum2/dev-workspace/src/corobot/map_to_jpeg/src/image_to_map_node.cpp:120:30:[m[K [01;31m[Kerror: [m[Kmissing template arguments before ‘[01m[K)[m[K’ token
[5.612s]   120 |     map_publisher.publish(map[01;31m[K)[m[K;
[5.612s]       |                              [01;31m[K^[m[K
[5.612s] [01m[K/home/jcbynum2/dev-workspace/src/corobot/map_to_jpeg/src/image_to_map_node.cpp:[m[K In function ‘[01m[Kint main(int, char**)[m[K’:
[5.612s] [01m[K/home/jcbynum2/dev-workspace/src/corobot/map_to_jpeg/src/image_to_map_node.cpp:127:3:[m[K [01;31m[Kerror: [m[K‘[01m[Kros[m[K’ has not been declared
[5.613s]   127 |   [01;31m[Kros[m[K::init(argc, argv, "image_to_map_node");
[5.613s]       |   [01;31m[K^~~[m[K
[5.613s] [01m[K/home/jcbynum2/dev-workspace/src/corobot/map_to_jpeg/src/image_to_map_node.cpp:129:3:[m[K [01;31m[Kerror: [m[K‘[01m[Kros[m[K’ has not been declared
[5.613s]   129 |   [01;31m[Kros[m[K::NodeHandle nh("~");
[5.613s]       |   [01;31m[K^~~[m[K
[5.614s] [01m[K/home/jcbynum2/dev-workspace/src/corobot/map_to_jpeg/src/image_to_map_node.cpp:130:3:[m[K [01;31m[Kerror: [m[K‘[01m[Knh[m[K’ was not declared in this scope
[5.614s]   130 |   [01;31m[Knh[m[K.param("resolution", resolution, 0.05);
[5.614s]       |   [01;31m[K^~[m[K
[5.614s] [01m[K/home/jcbynum2/dev-workspace/src/corobot/map_to_jpeg/src/image_to_map_node.cpp:135:3:[m[K [01;31m[Kerror: [m[K‘[01m[Kros[m[K’ has not been declared
[5.614s]   135 |   [01;31m[Kros[m[K::spin();
[5.615s]       |   [01;31m[K^~~[m[K
[5.968s] In file included from [01m[K/home/jcbynum2/dev-workspace/src/corobot/map_to_jpeg/src/map_to_image_node.cpp:42[m[K:
[5.968s] [01m[K/home/jcbynum2/dev-workspace/src/corobot/map_to_jpeg/include/HectorMapTools.h:37:19:[m[K [01;31m[Kerror: [m[K‘[01m[KOccupancyGridConstrPtr[m[K’ in namespace ‘[01m[K::[m[K’ does not name a type
[5.968s]    37 | #define nav_msgs::[01;31m[KOccupancyGridConstrPtr[m[K nav_msgs::msg::OccupancyGrid*
[5.968s]       |                   [01;31m[K^~~~~~~~~~~~~~~~~~~~~~[m[K
[5.969s] [01m[K/home/jcbynum2/dev-workspace/src/corobot/map_to_jpeg/include/HectorMapTools.h:37:19:[m[K [01;36m[Knote: [m[Kin definition of macro ‘[01m[Knav_msgs[m[K’
[5.969s]    37 | #define nav_msgs::[01;36m[KOccupancyGridConstrPtr[m[K nav_msgs::msg::OccupancyGrid*
[5.969s]       |                   [01;36m[K^~~~~~~~~~~~~~~~~~~~~~[m[K
[5.969s] [01m[K/home/jcbynum2/dev-workspace/src/corobot/map_to_jpeg/include/HectorMapTools.h:37:50:[m[K [01;31m[Kerror: [m[Kexpected ‘[01m[K,[m[K’ or ‘[01m[K...[m[K’ before ‘[01m[K::[m[K’ token
[5.970s]    37 | #define nav_msgs::OccupancyGridConstrPtr nav_msgs[01;31m[K::[m[Kmsg::OccupancyGrid*
[5.971s]       |                                                  [01;31m[K^~[m[K
[5.971s] [01m[K/home/jcbynum2/dev-workspace/src/corobot/map_to_jpeg/include/HectorMapTools.h:37:50:[m[K [01;36m[Knote: [m[Kin definition of macro ‘[01m[Knav_msgs[m[K’
[5.971s]    37 | #define nav_msgs::OccupancyGridConstrPtr nav_msgs[01;36m[K::[m[Kmsg::OccupancyGrid*
[5.972s]       |                                                  [01;36m[K^~[m[K
[5.972s] [01m[K/home/jcbynum2/dev-workspace/src/corobot/map_to_jpeg/include/HectorMapTools.h:37:19:[m[K [01;31m[Kerror: [m[K‘[01m[KOccupancyGridConstrPtr[m[K’ in namespace ‘[01m[K::[m[K’ does not name a type
[5.972s]    37 | #define nav_msgs::[01;31m[KOccupancyGridConstrPtr[m[K nav_msgs::msg::OccupancyGrid*
[5.973s]       |                   [01;31m[K^~~~~~~~~~~~~~~~~~~~~~[m[K
[5.973s] [01m[K/home/jcbynum2/dev-workspace/src/corobot/map_to_jpeg/include/HectorMapTools.h:37:19:[m[K [01;36m[Knote: [m[Kin definition of macro ‘[01m[Knav_msgs[m[K’
[5.974s]    37 | #define nav_msgs::[01;36m[KOccupancyGridConstrPtr[m[K nav_msgs::msg::OccupancyGrid*
[5.974s]       |                   [01;36m[K^~~~~~~~~~~~~~~~~~~~~~[m[K
[5.974s] [01m[K/home/jcbynum2/dev-workspace/src/corobot/map_to_jpeg/include/HectorMapTools.h:37:50:[m[K [01;31m[Kerror: [m[Kexpected ‘[01m[K,[m[K’ or ‘[01m[K...[m[K’ before ‘[01m[K::[m[K’ token
[5.974s]    37 | #define nav_msgs::OccupancyGridConstrPtr nav_msgs[01;31m[K::[m[Kmsg::OccupancyGrid*
[5.975s]       |                                                  [01;31m[K^~[m[K
[5.975s] [01m[K/home/jcbynum2/dev-workspace/src/corobot/map_to_jpeg/include/HectorMapTools.h:37:50:[m[K [01;36m[Knote: [m[Kin definition of macro ‘[01m[Knav_msgs[m[K’
[5.975s]    37 | #define nav_msgs::OccupancyGridConstrPtr nav_msgs[01;36m[K::[m[Kmsg::OccupancyGrid*
[5.975s]       |                                                  [01;36m[K^~[m[K
[5.981s] [01m[K/home/jcbynum2/dev-workspace/src/corobot/map_to_jpeg/include/HectorMapTools.h:37:19:[m[K [01;31m[Kerror: [m[K‘[01m[KOccupancyGridConstrPtr[m[K’ in namespace ‘[01m[K::[m[K’ does not name a type
[5.981s]    37 | #define nav_msgs::[01;31m[KOccupancyGridConstrPtr[m[K nav_msgs::msg::OccupancyGrid*
[5.982s]       |                   [01;31m[K^~~~~~~~~~~~~~~~~~~~~~[m[K
[5.982s] [01m[K/home/jcbynum2/dev-workspace/src/corobot/map_to_jpeg/include/HectorMapTools.h:37:19:[m[K [01;36m[Knote: [m[Kin definition of macro ‘[01m[Knav_msgs[m[K’
[5.983s]    37 | #define nav_msgs::[01;36m[KOccupancyGridConstrPtr[m[K nav_msgs::msg::OccupancyGrid*
[5.984s]       |                   [01;36m[K^~~~~~~~~~~~~~~~~~~~~~[m[K
[5.984s] [01m[K/home/jcbynum2/dev-workspace/src/corobot/map_to_jpeg/include/HectorMapTools.h:37:50:[m[K [01;31m[Kerror: [m[Kexpected ‘[01m[K,[m[K’ or ‘[01m[K...[m[K’ before ‘[01m[K::[m[K’ token
[5.984s]    37 | #define nav_msgs::OccupancyGridConstrPtr nav_msgs[01;31m[K::[m[Kmsg::OccupancyGrid*
[5.984s]       |                                                  [01;31m[K^~[m[K
[5.985s] [01m[K/home/jcbynum2/dev-workspace/src/corobot/map_to_jpeg/include/HectorMapTools.h:37:50:[m[K [01;36m[Knote: [m[Kin definition of macro ‘[01m[Knav_msgs[m[K’
[5.985s]    37 | #define nav_msgs::OccupancyGridConstrPtr nav_msgs[01;36m[K::[m[Kmsg::OccupancyGrid*
[5.985s]       |                                                  [01;36m[K^~[m[K
[5.985s] [01m[K/home/jcbynum2/dev-workspace/src/corobot/map_to_jpeg/include/HectorMapTools.h:62:10:[m[K [01;31m[Kerror: [m[K‘[01m[Kvoid HectorMapTools::CoordinateTransformer<ConcreteScalar>::setTransforms(int)[m[K’ cannot be overloaded with ‘[01m[Kvoid HectorMapTools::CoordinateTransformer<ConcreteScalar>::setTransforms(int)[m[K’
[5.986s]    62 |     void [01;31m[KsetTransforms[m[K(const nav_msgs::msg::MapMetaData& meta)
[5.986s]       |          [01;31m[K^~~~~~~~~~~~~[m[K
[5.986s] [01m[K/home/jcbynum2/dev-workspace/src/corobot/map_to_jpeg/include/HectorMapTools.h:57:10:[m[K [01;36m[Knote: [m[Kprevious declaration ‘[01m[Kvoid HectorMapTools::CoordinateTransformer<ConcreteScalar>::setTransforms(int)[m[K’
[5.986s]    57 |     void [01;36m[KsetTransforms[m[K(const nav_msgs::msg::OccupancyGrid& map)
[5.986s]       |          [01;36m[K^~~~~~~~~~~~~[m[K
[5.987s] [01m[K/home/jcbynum2/dev-workspace/src/corobot/map_to_jpeg/include/HectorMapTools.h:37:19:[m[K [01;31m[Kerror: [m[K‘[01m[KOccupancyGridConstrPtr[m[K’ in namespace ‘[01m[K::[m[K’ does not name a type
[5.987s]    37 | #define nav_msgs::[01;31m[KOccupancyGridConstrPtr[m[K nav_msgs::msg::OccupancyGrid*
[5.988s]       |                   [01;31m[K^~~~~~~~~~~~~~~~~~~~~~[m[K
[5.988s] [01m[K/home/jcbynum2/dev-workspace/src/corobot/map_to_jpeg/include/HectorMapTools.h:37:19:[m[K [01;36m[Knote: [m[Kin definition of macro ‘[01m[Knav_msgs[m[K’
[5.988s]    37 | #define nav_msgs::[01;36m[KOccupancyGridConstrPtr[m[K nav_msgs::msg::OccupancyGrid*
[5.988s]       |                   [01;36m[K^~~~~~~~~~~~~~~~~~~~~~[m[K
[5.988s] [01m[K/home/jcbynum2/dev-workspace/src/corobot/map_to_jpeg/include/HectorMapTools.h:37:50:[m[K [01;31m[Kerror: [m[Kexpected ‘[01m[K,[m[K’ or ‘[01m[K...[m[K’ before ‘[01m[K::[m[K’ token
[5.988s]    37 | #define nav_msgs::OccupancyGridConstrPtr nav_msgs[01;31m[K::[m[Kmsg::OccupancyGrid*
[5.989s]       |                                                  [01;31m[K^~[m[K
[5.989s] [01m[K/home/jcbynum2/dev-workspace/src/corobot/map_to_jpeg/include/HectorMapTools.h:37:50:[m[K [01;36m[Knote: [m[Kin definition of macro ‘[01m[Knav_msgs[m[K’
[5.989s]    37 | #define nav_msgs::OccupancyGridConstrPtr nav_msgs[01;36m[K::[m[Kmsg::OccupancyGrid*
[5.989s]       |                                                  [01;36m[K^~[m[K
[6.048s] [01m[K/home/jcbynum2/dev-workspace/src/corobot/map_to_jpeg/include/HectorMapTools.h:37:19:[m[K [01;31m[Kerror: [m[K‘[01m[KOccupancyGridConstrPtr[m[K’ in namespace ‘[01m[K::[m[K’ does not name a type
[6.048s]    37 | #define nav_msgs::[01;31m[KOccupancyGridConstrPtr[m[K nav_msgs::msg::OccupancyGrid*
[6.048s]       |                   [01;31m[K^~~~~~~~~~~~~~~~~~~~~~[m[K
[6.048s] [01m[K/home/jcbynum2/dev-workspace/src/corobot/map_to_jpeg/include/HectorMapTools.h:37:19:[m[K [01;36m[Knote: [m[Kin definition of macro ‘[01m[Knav_msgs[m[K’
[6.049s]    37 | #define nav_msgs::[01;36m[KOccupancyGridConstrPtr[m[K nav_msgs::msg::OccupancyGrid*
[6.049s]       |                   [01;36m[K^~~~~~~~~~~~~~~~~~~~~~[m[K
[6.053s] [01m[K/home/jcbynum2/dev-workspace/src/corobot/map_to_jpeg/include/HectorMapTools.h:37:19:[m[K [01;31m[Kerror: [m[K‘[01m[KOccupancyGridConstrPtr[m[K’ in namespace ‘[01m[K::[m[K’ does not name a type
[6.053s]    37 | #define nav_msgs::[01;31m[KOccupancyGridConstrPtr[m[K nav_msgs::msg::OccupancyGrid*
[6.053s]       |                   [01;31m[K^~~~~~~~~~~~~~~~~~~~~~[m[K
[6.054s] [01m[K/home/jcbynum2/dev-workspace/src/corobot/map_to_jpeg/include/HectorMapTools.h:37:19:[m[K [01;36m[Knote: [m[Kin definition of macro ‘[01m[Knav_msgs[m[K’
[6.054s]    37 | #define nav_msgs::[01;36m[KOccupancyGridConstrPtr[m[K nav_msgs::msg::OccupancyGrid*
[6.054s]       |                   [01;36m[K^~~~~~~~~~~~~~~~~~~~~~[m[K
[6.055s] [01m[K/home/jcbynum2/dev-workspace/src/corobot/map_to_jpeg/include/HectorMapTools.h:37:50:[m[K [01;31m[Kerror: [m[Kexpected ‘[01m[K,[m[K’ or ‘[01m[K...[m[K’ before ‘[01m[K::[m[K’ token
[6.056s]    37 | #define nav_msgs::OccupancyGridConstrPtr nav_msgs[01;31m[K::[m[Kmsg::OccupancyGrid*
[6.056s]       |                                                  [01;31m[K^~[m[K
[6.057s] [01m[K/home/jcbynum2/dev-workspace/src/corobot/map_to_jpeg/include/HectorMapTools.h:37:50:[m[K [01;36m[Knote: [m[Kin definition of macro ‘[01m[Knav_msgs[m[K’
[6.057s]    37 | #define nav_msgs::OccupancyGridConstrPtr nav_msgs[01;36m[K::[m[Kmsg::OccupancyGrid*
[6.057s]       |                                                  [01;36m[K^~[m[K
[6.057s] [01m[K/home/jcbynum2/dev-workspace/src/corobot/map_to_jpeg/include/HectorMapTools.h:[m[K In constructor ‘[01m[KHectorMapTools::CoordinateTransformer<ConcreteScalar>::CoordinateTransformer(int)[m[K’:
[6.058s] [01m[K/home/jcbynum2/dev-workspace/src/corobot/map_to_jpeg/include/HectorMapTools.h:53:28:[m[K [01;31m[Kerror: [m[K‘[01m[Kmap[m[K’ was not declared in this scope; did you mean ‘[01m[Kstd::map[m[K’?
[6.058s]    53 |       this->setTransforms(*[01;31m[Kmap[m[K);
[6.058s]       |                            [01;31m[K^~~[m[K
[6.058s]       |                            [32m[Kstd::map[m[K
[6.058s] In file included from [01m[K/usr/include/c++/9/map:61[m[K,
[6.059s]                  from [01m[K/opt/ros/foxy/include/rclcpp/client.hpp:20[m[K,
[6.059s]                  from [01m[K/opt/ros/foxy/include/rclcpp/callback_group.hpp:23[m[K,
[6.059s]                  from [01m[K/opt/ros/foxy/include/rclcpp/any_executable.hpp:20[m[K,
[6.059s]                  from [01m[K/opt/ros/foxy/include/rclcpp/memory_strategy.hpp:24[m[K,
[6.060s]                  from [01m[K/opt/ros/foxy/include/rclcpp/memory_strategies.hpp:18[m[K,
[6.060s]                  from [01m[K/opt/ros/foxy/include/rclcpp/executor_options.hpp:20[m[K,
[6.060s]                  from [01m[K/opt/ros/foxy/include/rclcpp/executor.hpp:33[m[K,
[6.060s]                  from [01m[K/opt/ros/foxy/include/rclcpp/executors/multi_threaded_executor.hpp:26[m[K,
[6.061s]                  from [01m[K/opt/ros/foxy/include/rclcpp/executors.hpp:21[m[K,
[6.061s]                  from [01m[K/opt/ros/foxy/include/rclcpp/rclcpp.hpp:146[m[K,
[6.061s]                  from [01m[K/home/jcbynum2/dev-workspace/src/corobot/map_to_jpeg/src/map_to_image_node.cpp:29[m[K:
[6.062s] [01m[K/usr/include/c++/9/bits/stl_map.h:100:11:[m[K [01;36m[Knote: [m[K‘[01m[Kstd::map[m[K’ declared here
[6.062s]   100 |     class [01;36m[Kmap[m[K
[6.062s]       |           [01;36m[K^~~[m[K
[6.063s] In file included from [01m[K/home/jcbynum2/dev-workspace/src/corobot/map_to_jpeg/src/map_to_image_node.cpp:42[m[K:
[6.063s] [01m[K/home/jcbynum2/dev-workspace/src/corobot/map_to_jpeg/include/HectorMapTools.h:[m[K In member function ‘[01m[Kvoid HectorMapTools::CoordinateTransformer<ConcreteScalar>::setTransforms(int)[m[K’:
[6.063s] [01m[K/home/jcbynum2/dev-workspace/src/corobot/map_to_jpeg/include/HectorMapTools.h:59:27:[m[K [01;31m[Kerror: [m[K‘[01m[Kmap[m[K’ was not declared in this scope; did you mean ‘[01m[Kstd::map[m[K’?
[6.063s]    59 |       this->setTransforms([01;31m[Kmap[m[K.info);
[6.064s]       |                           [01;31m[K^~~[m[K
[6.064s]       |                           [32m[Kstd::map[m[K
[6.064s] In file included from [01m[K/usr/include/c++/9/map:61[m[K,
[6.065s]                  from [01m[K/opt/ros/foxy/include/rclcpp/client.hpp:20[m[K,
[6.065s]                  from [01m[K/opt/ros/foxy/include/rclcpp/callback_group.hpp:23[m[K,
[6.065s]                  from [01m[K/opt/ros/foxy/include/rclcpp/any_executable.hpp:20[m[K,
[6.066s]                  from [01m[K/opt/ros/foxy/include/rclcpp/memory_strategy.hpp:24[m[K,
[6.066s]                  from [01m[K/opt/ros/foxy/include/rclcpp/memory_strategies.hpp:18[m[K,
[6.066s]                  from [01m[K/opt/ros/foxy/include/rclcpp/executor_options.hpp:20[m[K,
[6.066s]                  from [01m[K/opt/ros/foxy/include/rclcpp/executor.hpp:33[m[K,
[6.067s]                  from [01m[K/opt/ros/foxy/include/rclcpp/executors/multi_threaded_executor.hpp:26[m[K,
[6.067s]                  from [01m[K/opt/ros/foxy/include/rclcpp/executors.hpp:21[m[K,
[6.067s]                  from [01m[K/opt/ros/foxy/include/rclcpp/rclcpp.hpp:146[m[K,
[6.067s]                  from [01m[K/home/jcbynum2/dev-workspace/src/corobot/map_to_jpeg/src/map_to_image_node.cpp:29[m[K:
[6.068s] [01m[K/usr/include/c++/9/bits/stl_map.h:100:11:[m[K [01;36m[Knote: [m[K‘[01m[Kstd::map[m[K’ declared here
[6.068s]   100 |     class [01;36m[Kmap[m[K
[6.068s]       |           [01;36m[K^~~[m[K
[6.068s] In file included from [01m[K/home/jcbynum2/dev-workspace/src/corobot/map_to_jpeg/src/map_to_image_node.cpp:42[m[K:
[6.068s] [01m[K/home/jcbynum2/dev-workspace/src/corobot/map_to_jpeg/include/HectorMapTools.h:[m[K In member function ‘[01m[Kvoid HectorMapTools::CoordinateTransformer<ConcreteScalar>::setTransforms(int)[m[K’:
[6.069s] [01m[K/home/jcbynum2/dev-workspace/src/corobot/map_to_jpeg/include/HectorMapTools.h:64:81:[m[K [01;31m[Kerror: [m[K‘[01m[Kmeta[m[K’ was not declared in this scope
[6.069s]    64 |       origo_ = (Eigen::Matrix<ConcreteScalar, 2, 1>(static_cast<ConcreteScalar>([01;31m[Kmeta[m[K.origin.position.x),static_cast<ConcreteScalar>(meta.origin.position.y)));
[6.069s]       |                                                                                 [01;31m[K^~~~[m[K
[6.074s] In file included from [01m[K/home/jcbynum2/dev-workspace/src/corobot/map_to_jpeg/src/map_to_image_node.cpp:42[m[K:
[6.074s] [01m[K/home/jcbynum2/dev-workspace/src/corobot/map_to_jpeg/include/HectorMapTools.h:[m[K In member function ‘[01m[Kvoid HectorMapTools::DistanceMeasurementProvider::setMap(int)[m[K’:
[6.074s] [01m[K/home/jcbynum2/dev-workspace/src/corobot/map_to_jpeg/include/HectorMapTools.h:130:7:[m[K [01;31m[Kerror: [m[K‘[01m[Kmap_ptr_[m[K’ was not declared in this scope
[6.075s]   130 |       [01;31m[Kmap_ptr_[m[K = map;
[6.075s]       |       [01;31m[K^~~~~~~~[m[K
[6.076s] [01m[K/home/jcbynum2/dev-workspace/src/corobot/map_to_jpeg/include/HectorMapTools.h:130:18:[m[K [01;31m[Kerror: [m[K‘[01m[Kmap[m[K’ was not declared in this scope; did you mean ‘[01m[Kstd::map[m[K’?
[6.076s]   130 |       map_ptr_ = [01;31m[Kmap[m[K;
[6.076s]       |                  [01;31m[K^~~[m[K
[6.076s]       |                  [32m[Kstd::map[m[K
[6.076s] In file included from [01m[K/usr/include/c++/9/map:61[m[K,
[6.076s]                  from [01m[K/opt/ros/foxy/include/rclcpp/client.hpp:20[m[K,
[6.077s]                  from [01m[K/opt/ros/foxy/include/rclcpp/callback_group.hpp:23[m[K,
[6.077s]                  from [01m[K/opt/ros/foxy/include/rclcpp/any_executable.hpp:20[m[K,
[6.077s]                  from [01m[K/opt/ros/foxy/include/rclcpp/memory_strategy.hpp:24[m[K,
[6.077s]                  from [01m[K/opt/ros/foxy/include/rclcpp/memory_strategies.hpp:18[m[K,
[6.078s]                  from [01m[K/opt/ros/foxy/include/rclcpp/executor_options.hpp:20[m[K,
[6.080s]                  from [01m[K/opt/ros/foxy/include/rclcpp/executor.hpp:33[m[K,
[6.080s]                  from [01m[K/opt/ros/foxy/include/rclcpp/executors/multi_threaded_executor.hpp:26[m[K,
[6.080s]                  from [01m[K/opt/ros/foxy/include/rclcpp/executors.hpp:21[m[K,
[6.081s]                  from [01m[K/opt/ros/foxy/include/rclcpp/rclcpp.hpp:146[m[K,
[6.081s]                  from [01m[K/home/jcbynum2/dev-workspace/src/corobot/map_to_jpeg/src/map_to_image_node.cpp:29[m[K:
[6.081s] [01m[K/usr/include/c++/9/bits/stl_map.h:100:11:[m[K [01;36m[Knote: [m[K‘[01m[Kstd::map[m[K’ declared here
[6.081s]   100 |     class [01;36m[Kmap[m[K
[6.081s]       |           [01;36m[K^~~[m[K
[6.161s] In file included from [01m[K/home/jcbynum2/dev-workspace/src/corobot/map_to_jpeg/src/map_to_image_node.cpp:42[m[K:
[6.161s] [01m[K/home/jcbynum2/dev-workspace/src/corobot/map_to_jpeg/include/HectorMapTools.h:[m[K In member function ‘[01m[Kfloat HectorMapTools::DistanceMeasurementProvider::checkOccupancyBresenhami(const Vector2i&, const Vector2i&, Eigen::Vector2i*, unsigned int)[m[K’:
[6.161s] [01m[K/home/jcbynum2/dev-workspace/src/corobot/map_to_jpeg/include/HectorMapTools.h:155:19:[m[K [01;31m[Kerror: [m[K‘[01m[Kmap_ptr_[m[K’ was not declared in this scope
[6.161s]   155 |       int sizeX = [01;31m[Kmap_ptr_[m[K->info.width;
[6.162s]       |                   [01;31m[K^~~~~~~~[m[K
[6.219s] [01m[K/home/jcbynum2/dev-workspace/src/corobot/map_to_jpeg/include/HectorMapTools.h:[m[K In member function ‘[01m[Kint HectorMapTools::DistanceMeasurementProvider::bresenham2D(unsigned int, unsigned int, int, int, int, unsigned int, unsigned int)[m[K’:
[6.220s] [01m[K/home/jcbynum2/dev-workspace/src/corobot/map_to_jpeg/include/HectorMapTools.h:218:41:[m[K [01;31m[Kerror: [m[K‘[01m[Kmap_ptr_[m[K’ was not declared in this scope
[6.220s]   218 |       const std::vector<int8_t>& data = [01;31m[Kmap_ptr_[m[K->data;
[6.220s]       |                                         [01;31m[K^~~~~~~~[m[K
[6.226s] [01m[K/home/jcbynum2/dev-workspace/src/corobot/map_to_jpeg/include/HectorMapTools.h:[m[K In static member function ‘[01m[Kstatic bool HectorMapTools::getMapExtends(int)[m[K’:
[6.226s] [01m[K/home/jcbynum2/dev-workspace/src/corobot/map_to_jpeg/include/HectorMapTools.h:253:17:[m[K [01;31m[Kerror: [m[K‘[01m[Kmap[m[K’ was not declared in this scope; did you mean ‘[01m[Kstd::map[m[K’?
[6.226s]   253 |     int width = [01;31m[Kmap[m[K.info.width;
[6.227s]       |                 [01;31m[K^~~[m[K
[6.227s]       |                 [32m[Kstd::map[m[K
[6.227s] In file included from [01m[K/usr/include/c++/9/map:61[m[K,
[6.227s]                  from [01m[K/opt/ros/foxy/include/rclcpp/client.hpp:20[m[K,
[6.227s]                  from [01m[K/opt/ros/foxy/include/rclcpp/callback_group.hpp:23[m[K,
[6.228s]                  from [01m[K/opt/ros/foxy/include/rclcpp/any_executable.hpp:20[m[K,
[6.228s]                  from [01m[K/opt/ros/foxy/include/rclcpp/memory_strategy.hpp:24[m[K,
[6.228s]                  from [01m[K/opt/ros/foxy/include/rclcpp/memory_strategies.hpp:18[m[K,
[6.228s]                  from [01m[K/opt/ros/foxy/include/rclcpp/executor_options.hpp:20[m[K,
[6.228s]                  from [01m[K/opt/ros/foxy/include/rclcpp/executor.hpp:33[m[K,
[6.229s]                  from [01m[K/opt/ros/foxy/include/rclcpp/executors/multi_threaded_executor.hpp:26[m[K,
[6.229s]                  from [01m[K/opt/ros/foxy/include/rclcpp/executors.hpp:21[m[K,
[6.229s]                  from [01m[K/opt/ros/foxy/include/rclcpp/rclcpp.hpp:146[m[K,
[6.230s]                  from [01m[K/home/jcbynum2/dev-workspace/src/corobot/map_to_jpeg/src/map_to_image_node.cpp:29[m[K:
[6.230s] [01m[K/usr/include/c++/9/bits/stl_map.h:100:11:[m[K [01;36m[Knote: [m[K‘[01m[Kstd::map[m[K’ declared here
[6.230s]   100 |     class [01;36m[Kmap[m[K
[6.230s]       |           [01;36m[K^~~[m[K
[6.232s] In file included from [01m[K/home/jcbynum2/dev-workspace/src/corobot/map_to_jpeg/src/map_to_image_node.cpp:42[m[K:
[6.232s] [01m[K/home/jcbynum2/dev-workspace/src/corobot/map_to_jpeg/include/HectorMapTools.h:285:7:[m[K [01;31m[Kerror: [m[K‘[01m[KtopLeft[m[K’ was not declared in this scope
[6.233s]   285 |       [01;31m[KtopLeft[m[K = Eigen::Vector2i(xMinTemp,yMinTemp);
[6.233s]       |       [01;31m[K^~~~~~~[m[K
[6.241s] [01m[K/home/jcbynum2/dev-workspace/src/corobot/map_to_jpeg/include/HectorMapTools.h:286:7:[m[K [01;31m[Kerror: [m[K‘[01m[KbottomRight[m[K’ was not declared in this scope
[6.242s]   286 |       [01;31m[KbottomRight[m[K = Eigen::Vector2i(xMaxTemp+1, yMaxTemp+1);
[6.242s]       |       [01;31m[K^~~~~~~~~~~[m[K
[6.250s] [01m[K/home/jcbynum2/dev-workspace/src/corobot/map_to_jpeg/src/map_to_image_node.cpp:[m[K At global scope:
[6.250s] [01m[K/home/jcbynum2/dev-workspace/src/corobot/map_to_jpeg/src/map_to_image_node.cpp:95:42:[m[K [01;31m[Kerror: [m[K‘[01m[KPoseStampedConstPtr[m[K’ in namespace ‘[01m[Kgeometry_msgs[m[K’ does not name a type
[6.251s]    95 |   void poseCallback(const geometry_msgs::[01;31m[KPoseStampedConstPtr[m[K& pose)
[6.251s]       |                                          [01;31m[K^~~~~~~~~~~~~~~~~~~[m[K
[6.260s] In file included from [01m[K/home/jcbynum2/dev-workspace/src/corobot/map_to_jpeg/src/map_to_image_node.cpp:42[m[K:
[6.260s] [01m[K/home/jcbynum2/dev-workspace/src/corobot/map_to_jpeg/include/HectorMapTools.h:37:19:[m[K [01;31m[Kerror: [m[K‘[01m[KOccupancyGridConstrPtr[m[K’ in namespace ‘[01m[K::[m[K’ does not name a type
[6.260s]    37 | #define nav_msgs::[01;31m[KOccupancyGridConstrPtr[m[K nav_msgs::msg::OccupancyGrid*
[6.260s]       |                   [01;31m[K^~~~~~~~~~~~~~~~~~~~~~[m[K
[6.260s] [01m[K/home/jcbynum2/dev-workspace/src/corobot/map_to_jpeg/include/HectorMapTools.h:37:19:[m[K [01;36m[Knote: [m[Kin definition of macro ‘[01m[Knav_msgs[m[K’
[6.261s]    37 | #define nav_msgs::[01;36m[KOccupancyGridConstrPtr[m[K nav_msgs::msg::OccupancyGrid*
[6.261s]       |                   [01;36m[K^~~~~~~~~~~~~~~~~~~~~~[m[K
[6.261s] [01m[K/home/jcbynum2/dev-workspace/src/corobot/map_to_jpeg/include/HectorMapTools.h:37:50:[m[K [01;31m[Kerror: [m[Kexpected ‘[01m[K,[m[K’ or ‘[01m[K...[m[K’ before ‘[01m[K::[m[K’ token
[6.261s]    37 | #define nav_msgs::OccupancyGridConstrPtr nav_msgs[01;31m[K::[m[Kmsg::OccupancyGrid*
[6.262s]       |                                                  [01;31m[K^~[m[K
[6.262s] [01m[K/home/jcbynum2/dev-workspace/src/corobot/map_to_jpeg/include/HectorMapTools.h:37:50:[m[K [01;36m[Knote: [m[Kin definition of macro ‘[01m[Knav_msgs[m[K’
[6.262s]    37 | #define nav_msgs::OccupancyGridConstrPtr nav_msgs[01;36m[K::[m[Kmsg::OccupancyGrid*
[6.262s]       |                                                  [01;36m[K^~[m[K
[6.263s] [01m[K/home/jcbynum2/dev-workspace/src/corobot/map_to_jpeg/src/map_to_image_node.cpp:282:3:[m[K [01;31m[Kerror: [m[K‘[01m[Kros[m[K’ does not name a type; did you mean ‘[01m[Kcos[m[K’?
[6.263s]   282 |   [01;31m[Kros[m[K::Subscriber map_sub_;
[6.263s]       |   [01;31m[K^~~[m[K
[6.263s]       |   [32m[Kcos[m[K
[6.265s] [01m[K/home/jcbynum2/dev-workspace/src/corobot/map_to_jpeg/src/map_to_image_node.cpp:283:3:[m[K [01;31m[Kerror: [m[K‘[01m[Kros[m[K’ does not name a type; did you mean ‘[01m[Kcos[m[K’?
[6.266s]   283 |   [01;31m[Kros[m[K::Subscriber pose_sub_;
[6.266s]       |   [01;31m[K^~~[m[K
[6.266s]       |   [32m[Kcos[m[K
[6.267s] [01m[K/home/jcbynum2/dev-workspace/src/corobot/map_to_jpeg/src/map_to_image_node.cpp:291:18:[m[K [01;31m[Kerror: [m[K‘[01m[KPoseStampedConstPtr[m[K’ in namespace ‘[01m[Kgeometry_msgs[m[K’ does not name a type
[6.267s]   291 |   geometry_msgs::[01;31m[KPoseStampedConstPtr[m[K pose_ptr_;
[6.267s]       |                  [01;31m[K^~~~~~~~~~~~~~~~~~~[m[K
[6.268s] [01m[K/home/jcbynum2/dev-workspace/src/corobot/map_to_jpeg/src/map_to_image_node.cpp:297:3:[m[K [01;31m[Kerror: [m[K‘[01m[Kros[m[K’ does not name a type; did you mean ‘[01m[Kcos[m[K’?
[6.268s]   297 |   [01;31m[Kros[m[K::NodeHandle n_;
[6.269s]       |   [01;31m[K^~~[m[K
[6.269s]       |   [32m[Kcos[m[K
[6.272s] [01m[K/home/jcbynum2/dev-workspace/src/corobot/map_to_jpeg/src/map_to_image_node.cpp:298:3:[m[K [01;31m[Kerror: [m[K‘[01m[Kros[m[K’ does not name a type; did you mean ‘[01m[Kcos[m[K’?
[6.272s]   298 |   [01;31m[Kros[m[K::NodeHandle pn_;
[6.273s]       |   [01;31m[K^~~[m[K
[6.273s]       |   [32m[Kcos[m[K
[6.273s] [01m[K/home/jcbynum2/dev-workspace/src/corobot/map_to_jpeg/src/map_to_image_node.cpp:[m[K In constructor ‘[01m[KMapAsImageProvider::MapAsImageProvider()[m[K’:
[6.274s] [01m[K/home/jcbynum2/dev-workspace/src/corobot/map_to_jpeg/src/map_to_image_node.cpp:61:7:[m[K [01;31m[Kerror: [m[Kclass ‘[01m[KMapAsImageProvider[m[K’ does not have any field named ‘[01m[Kpn_[m[K’
[6.274s]    61 |     : [01;31m[Kpn_[m[K("~")
[6.274s]       |       [01;31m[K^~~[m[K
[6.278s] [01m[K/home/jcbynum2/dev-workspace/src/corobot/map_to_jpeg/src/map_to_image_node.cpp:64:60:[m[K [01;31m[Kerror: [m[K‘[01m[Kn_[m[K’ was not declared in this scope
[6.279s]    64 |     image_transport_ = new image_transport::ImageTransport([01;31m[Kn_[m[K);
[6.282s]       |                                                            [01;31m[K^~[m[K
[6.292s] [01m[K/home/jcbynum2/dev-workspace/src/corobot/map_to_jpeg/src/map_to_image_node.cpp:69:5:[m[K [01;31m[Kerror: [m[K‘[01m[Kpose_sub_[m[K’ was not declared in this scope
[6.292s]    69 |     [01;31m[Kpose_sub_[m[K = n_.subscribe("pose", 1, &MapAsImageProvider::poseCallback, this);
[6.292s]       |     [01;31m[K^~~~~~~~~[m[K
[6.299s] [01m[K/home/jcbynum2/dev-workspace/src/corobot/map_to_jpeg/src/map_to_image_node.cpp:70:5:[m[K [01;31m[Kerror: [m[K‘[01m[Kmap_sub_[m[K’ was not declared in this scope
[6.299s]    70 |     [01;31m[Kmap_sub_[m[K = n_.subscribe("map", 1, &MapAsImageProvider::mapCallback, this);
[6.300s]       |     [01;31m[K^~~~~~~~[m[K
[6.309s] [01m[K/home/jcbynum2/dev-workspace/src/corobot/map_to_jpeg/src/map_to_image_node.cpp:86:5:[m[K [01;31m[Kerror: [m[K‘[01m[KROS_INFO[m[K’ was not declared in this scope
[6.309s]    86 |     [01;31m[KROS_INFO[m[K("Map to Image node started.");
[6.310s]       |     [01;31m[K^~~~~~~~[m[K
[6.326s] [01m[K/home/jcbynum2/dev-workspace/src/corobot/map_to_jpeg/src/map_to_image_node.cpp:[m[K In member function ‘[01m[Kvoid MapAsImageProvider::poseCallback(const int&)[m[K’:
[6.326s] [01m[K/home/jcbynum2/dev-workspace/src/corobot/map_to_jpeg/src/map_to_image_node.cpp:97:5:[m[K [01;31m[Kerror: [m[K‘[01m[Kpose_ptr_[m[K’ was not declared in this scope
[6.327s]    97 |     [01;31m[Kpose_ptr_[m[K = pose;
[6.327s]       |     [01;31m[K^~~~~~~~~[m[K
[6.327s] [01m[K/home/jcbynum2/dev-workspace/src/corobot/map_to_jpeg/src/map_to_image_node.cpp:[m[K In member function ‘[01m[Kvoid MapAsImageProvider::mapCallback(int)[m[K’:
[6.328s] [01m[K/home/jcbynum2/dev-workspace/src/corobot/map_to_jpeg/src/map_to_image_node.cpp:103:21:[m[K [01;31m[Kerror: [m[Kmissing template arguments before ‘[01m[K->[m[K’ token
[6.328s]   103 |     int size_x = map[01;31m[K->[m[Kinfo.width;
[6.328s]       |                     [01;31m[K^~[m[K
[6.328s] [01m[K/home/jcbynum2/dev-workspace/src/corobot/map_to_jpeg/src/map_to_image_node.cpp:104:21:[m[K [01;31m[Kerror: [m[Kmissing template arguments before ‘[01m[K->[m[K’ token
[6.329s]   104 |     int size_y = map[01;31m[K->[m[Kinfo.height;
[6.329s]       |                     [01;31m[K^~[m[K
[6.336s] [01m[K/home/jcbynum2/dev-workspace/src/corobot/map_to_jpeg/src/map_to_image_node.cpp:107:7:[m[K [01;31m[Kerror: [m[K‘[01m[KROS_INFO[m[K’ was not declared in this scope
[6.336s]   107 |       [01;31m[KROS_INFO[m[K("Map size is only x: %d,  y: %d . Not running map to image conversion", size_x, size_y);
[6.336s]       |       [01;31m[K^~~~~~~~[m[K
[6.346s] [01m[K/home/jcbynum2/dev-workspace/src/corobot/map_to_jpeg/src/map_to_image_node.cpp:112:70:[m[K [01;31m[Kerror: [m[K‘[01m[Kpose_ptr_[m[K’ was not declared in this scope
[6.347s]   112 |     if (image_transport_publisher_full_.getNumSubscribers() > 0  && ([01;31m[Kpose_ptr_[m[K)){
[6.347s]       |                                                                      [01;31m[K^~~~~~~~~[m[K
[6.347s] [01m[K/home/jcbynum2/dev-workspace/src/corobot/map_to_jpeg/src/map_to_image_node.cpp:122:47:[m[K [01;31m[Kerror: [m[Kmissing template arguments before ‘[01m[K->[m[K’ token
[6.348s]   122 |       const std::vector<int8_t>& map_data (map[01;31m[K->[m[Kdata);
[6.348s]       |                                               [01;31m[K^~[m[K
[6.368s] [01m[K/home/jcbynum2/dev-workspace/src/corobot/map_to_jpeg/src/map_to_image_node.cpp:168:48:[m[K [01;31m[Kerror: [m[Kmissing template arguments before ‘[01m[K)[m[K’ token
[6.368s]   168 |       world_map_transformer_.setTransforms(*map[01;31m[K)[m[K;
[6.369s]       |                                                [01;31m[K^[m[K
[6.369s] [01m[K/home/jcbynum2/dev-workspace/src/corobot/map_to_jpeg/src/map_to_image_node.cpp:177:15:[m[K [01;31m[Kerror: [m[K‘[01m[Ktf[m[K’ has not been declared
[6.369s]   177 |  double yaw = [01;31m[Ktf[m[K::getYaw(pose_ptr_->pose.orientation);
[6.369s]       |               [01;31m[K^~[m[K
[6.379s] [01m[K/home/jcbynum2/dev-workspace/src/corobot/map_to_jpeg/src/map_to_image_node.cpp:187:71:[m[K [01;31m[Kerror: [m[K‘[01m[Kpose_ptr_[m[K’ was not declared in this scope
[6.382s]   187 |     if ((image_transport_publisher_tile_.getNumSubscribers() > 0) && ([01;31m[Kpose_ptr_[m[K)){
[6.382s]       |                                                                       [01;31m[K^~~~~~~~~[m[K
[6.382s] [01m[K/home/jcbynum2/dev-workspace/src/corobot/map_to_jpeg/src/map_to_image_node.cpp:189:48:[m[K [01;31m[Kerror: [m[Kmissing template arguments before ‘[01m[K)[m[K’ token
[6.383s]   189 |       world_map_transformer_.setTransforms(*map[01;31m[K)[m[K;
[6.383s]       |                                                [01;31m[K^[m[K
[6.417s] [01m[K/home/jcbynum2/dev-workspace/src/corobot/map_to_jpeg/src/map_to_image_node.cpp:246:47:[m[K [01;31m[Kerror: [m[Kmissing template arguments before ‘[01m[K->[m[K’ token
[6.417s]   246 |       const std::vector<int8_t>& map_data (map[01;31m[K->[m[Kdata);
[6.417s]       |                                               [01;31m[K^~[m[K
[6.419s] [01m[K/home/jcbynum2/dev-workspace/src/corobot/map_to_jpeg/src/map_to_image_node.cpp:[m[K In function ‘[01m[Kint main(int, char**)[m[K’:
[6.420s] [01m[K/home/jcbynum2/dev-workspace/src/corobot/map_to_jpeg/src/map_to_image_node.cpp:309:3:[m[K [01;31m[Kerror: [m[K‘[01m[Kros[m[K’ has not been declared
[6.420s]   309 |   [01;31m[Kros[m[K::init(argc, argv, "map_to_image_node");
[6.420s]       |   [01;31m[K^~~[m[K
[6.421s] [01m[K/home/jcbynum2/dev-workspace/src/corobot/map_to_jpeg/src/map_to_image_node.cpp:313:3:[m[K [01;31m[Kerror: [m[K‘[01m[Kros[m[K’ has not been declared
[6.421s]   313 |   [01;31m[Kros[m[K::spin();
[6.421s]       |   [01;31m[K^~~[m[K
[6.889s] make[2]: *** [CMakeFiles/image_to_map_node.dir/build.make:63: CMakeFiles/image_to_map_node.dir/src/image_to_map_node.cpp.o] Error 1
[6.890s] make[1]: *** [CMakeFiles/Makefile2:80: CMakeFiles/image_to_map_node.dir/all] Error 2
[6.890s] make[1]: *** Waiting for unfinished jobs....
[7.932s] make[2]: *** [CMakeFiles/map_to_image_node.dir/build.make:63: CMakeFiles/map_to_image_node.dir/src/map_to_image_node.cpp.o] Error 1
[7.933s] make[1]: *** [CMakeFiles/Makefile2:107: CMakeFiles/map_to_image_node.dir/all] Error 2
[7.934s] make: *** [Makefile:95: all] Error 2
[7.939s] Invoked command in '/home/jcbynum2/dev-workspace/src/corobot/map_to_jpeg/build/map_to_jpeg' returned '2': /usr/bin/cmake --build /home/jcbynum2/dev-workspace/src/corobot/map_to_jpeg/build/map_to_jpeg -- -j4 -l4
